#
# There is insufficient memory for the Java Runtime Environment to continue.
# Native memory allocation (mmap) failed to map 68681728 bytes for committing reserved memory.
# Possible reasons:
#   The system is out of physical RAM or swap space
#   The process is running with CompressedOops enabled, and the Java Heap may be blocking the growth of the native heap
# Possible solutions:
#   Reduce memory load on the system
#   Increase physical memory or swap space
#   Check if swap backing store is full
#   Decrease Java heap size (-Xmx/-Xms)
#   Decrease number of Java threads
#   Decrease Java thread stack sizes (-Xss)
#   Set larger code cache with -XX:ReservedCodeCacheSize=
#   JVM is running with Unscaled Compressed Oops mode in which the Java heap is
#     placed in the first 4GB address space. The Java Heap base address is the
#     maximum limit for the native heap growth. Please use -XX:HeapBaseMinAddress
#     to set the Java Heap base and to place the Java Heap above 4GB virtual address.
# This output file may be truncated or incomplete.
#
#  Out of Memory Error (os_linux.cpp:2757), pid=23373, tid=0x00007fdf7f9f9700
#
# JRE version: OpenJDK Runtime Environment (8.0_222-b10) (build 1.8.0_222-8u222-b10-1ubuntu1~18.04.1-b10)
# Java VM: OpenJDK 64-Bit Server VM (25.222-b10 mixed mode linux-amd64 compressed oops)
# Failed to write core dump. Core dumps have been disabled. To enable core dumping, try "ulimit -c unlimited" before starting Java again
#

---------------  T H R E A D  ---------------

Current thread (0x00007fdf98075000):  VMThread [stack: 0x00007fdf7f8fa000,0x00007fdf7f9fa000] [id=23383]

Stack: [0x00007fdf7f8fa000,0x00007fdf7f9fa000],  sp=0x00007fdf7f9f84a0,  free space=1017k
Native frames: (J=compiled Java code, j=interpreted, Vv=VM code, C=native code)
V  [libjvm.so+0xab8992]
V  [libjvm.so+0x4dbfd7]
V  [libjvm.so+0x8f33a0]
V  [libjvm.so+0x8ea46e]
V  [libjvm.so+0x96e106]
V  [libjvm.so+0x96f478]
V  [libjvm.so+0x96ba76]
V  [libjvm.so+0x96be0c]
V  [libjvm.so+0x91a5a8]
V  [libjvm.so+0xaba662]
V  [libjvm.so+0xabf1d6]
V  [libjvm.so+0xabd4d5]
V  [libjvm.so+0xabddad]
V  [libjvm.so+0xabe1b8]
V  [libjvm.so+0x8f0732]

VM_Operation (0x00007fdfa0003720): ParallelGCFailedAllocation, mode: safepoint, requested by thread 0x00007fdf9800b000


---------------  P R O C E S S  ---------------

Java Threads: ( => current thread )
  0x00007fdf980c4800 JavaThread "Service Thread" daemon [_thread_blocked, id=23389, stack(0x00007fdf7e924000,0x00007fdf7ea25000)]
  0x00007fdf980b7800 JavaThread "C1 CompilerThread1" daemon [_thread_blocked, id=23388, stack(0x00007fdf7ea26000,0x00007fdf7eb26000)]
  0x00007fdf980b4800 JavaThread "C2 CompilerThread0" daemon [_thread_blocked, id=23387, stack(0x00007fdf7eb27000,0x00007fdf7ec27000)]
  0x00007fdf980b3000 JavaThread "Signal Dispatcher" daemon [_thread_blocked, id=23386, stack(0x00007fdf7ec27000,0x00007fdf7ed28000)]
  0x00007fdf98081000 JavaThread "Finalizer" daemon [_thread_blocked, id=23385, stack(0x00007fdf7f6f7000,0x00007fdf7f7f8000)]
  0x00007fdf9807e800 JavaThread "Reference Handler" daemon [_thread_blocked, id=23384, stack(0x00007fdf7f7f8000,0x00007fdf7f8f9000)]
  0x00007fdf9800b000 JavaThread "main" [_thread_blocked, id=23379, stack(0x00007fdf9ff05000,0x00007fdfa0005000)]

Other Threads:
=>0x00007fdf98075000 VMThread [stack: 0x00007fdf7f8fa000,0x00007fdf7f9fa000] [id=23383]
  0x00007fdf980c7000 WatcherThread [stack: 0x00007fdf7e824000,0x00007fdf7e924000] [id=23390]

VM state:at safepoint (normal execution)

VM Mutex/Monitor currently owned by a thread:  ([mutex/lock_event])
[0x00007fdf98007bd0] Threads_lock - owner thread: 0x00007fdf98075000
[0x00007fdf980080d0] Heap_lock - owner thread: 0x00007fdf9800b000

heap address: 0x000000008a400000, size: 1884 MB, Compressed Oops mode: 32-bit
Narrow klass base: 0x0000000000000000, Narrow klass shift: 3
Compressed class space size: 1073741824 Address: 0x0000000100000000

Heap:
 PSYoungGen      total 574464K, used 457K [0x00000000d8c00000, 0x00000000fbe80000, 0x0000000100000000)
  eden space 572928K, 0% used [0x00000000d8c00000,0x00000000d8c00000,0x00000000fbb80000)
  from space 1536K, 29% used [0x00000000fbb80000,0x00000000fbbf2648,0x00000000fbd00000)
  to   space 1536K, 0% used [0x00000000fbd00000,0x00000000fbd00000,0x00000000fbe80000)
 ParOldGen       total 80896K, used 1025K [0x000000008a400000, 0x000000008f300000, 0x00000000d8c00000)
  object space 80896K, 1% used [0x000000008a400000,0x000000008a500770,0x000000008f300000)
 Metaspace       used 3290K, capacity 4486K, committed 4864K, reserved 1056768K
  class space    used 362K, capacity 386K, committed 512K, reserved 1048576K

Card table byte_map: [0x00007fdf9c0ed000,0x00007fdf9c49c000] byte_map_base: 0x00007fdf9bc9b000

Marking Bits: (ParMarkBitMap*) 0x00007fdf9f19b360
 Begin Bits: [0x00007fdf850aa000, 0x00007fdf86e1a000)
 End Bits:   [0x00007fdf86e1a000, 0x00007fdf88b8a000)

Polling page: 0x00007fdfa001c000

CodeCache: size=245760Kb used=1167Kb max_used=1179Kb free=244592Kb
 bounds [0x00007fdf89000000, 0x00007fdf89270000, 0x00007fdf98000000]
 total_blobs=296 nmethods=56 adapters=156
 compilation: enabled

Compilation events (10 events):
Event: 2.301 Thread 0x00007fdf980b4800   52       4       java.util.Arrays::copyOfRange (63 bytes)
Event: 2.305 Thread 0x00007fdf980b4800 nmethod 52 0x00007fdf89120d90 code [0x00007fdf89120ee0, 0x00007fdf891210f8]
Event: 2.305 Thread 0x00007fdf980b4800   53       4       java.lang.String::<init> (82 bytes)
Event: 2.323 Thread 0x00007fdf980b4800 nmethod 53 0x00007fdf89125810 code [0x00007fdf89125980, 0x00007fdf89125c98]
Event: 2.517 Thread 0x00007fdf980b4800   54       4       java.lang.StringBuilder::toString (17 bytes)
Event: 2.522 Thread 0x00007fdf980b4800 nmethod 54 0x00007fdf89125e90 code [0x00007fdf89126000, 0x00007fdf89126398]
Event: 2.586 Thread 0x00007fdf980b4800   55       4       java.lang.String::valueOf (14 bytes)
Event: 2.587 Thread 0x00007fdf980b4800 nmethod 55 0x00007fdf89123e10 code [0x00007fdf89123f60, 0x00007fdf89123fd8]
Event: 2.593 Thread 0x00007fdf980b4800   56       4       java.lang.StringBuilder::<init> (18 bytes)
Event: 2.632 Thread 0x00007fdf980b4800 nmethod 56 0x00007fdf89124e90 code [0x00007fdf89125000, 0x00007fdf89125488]

GC Heap History (10 events):
Event: 89.170 GC heap after
Heap after GC invocations=144 (full 0):
 PSYoungGen      total 398848K, used 839K [0x00000000d8c00000, 0x00000000f1300000, 0x0000000100000000)
  eden space 397312K, 0% used [0x00000000d8c00000,0x00000000d8c00000,0x00000000f1000000)
  from space 1536K, 54% used [0x00000000f1180000,0x00000000f1251e00,0x00000000f1300000)
  to   space 1536K, 0% used [0x00000000f1000000,0x00000000f1000000,0x00000000f1180000)
 ParOldGen       total 80896K, used 1025K [0x000000008a400000, 0x000000008f300000, 0x00000000d8c00000)
  object space 80896K, 1% used [0x000000008a400000,0x000000008a500770,0x000000008f300000)
 Metaspace       used 3290K, capacity 4486K, committed 4864K, reserved 1056768K
  class space    used 362K, capacity 386K, committed 512K, reserved 1048576K
}
Event: 96.212 GC heap before
{Heap before GC invocations=145 (full 0):
 PSYoungGen      total 398848K, used 397833K [0x00000000d8c00000, 0x00000000f1300000, 0x0000000100000000)
  eden space 397312K, 99% used [0x00000000d8c00000,0x00000000f0fb0938,0x00000000f1000000)
  from space 1536K, 54% used [0x00000000f1180000,0x00000000f1251e00,0x00000000f1300000)
  to   space 1536K, 0% used [0x00000000f1000000,0x00000000f1000000,0x00000000f1180000)
 ParOldGen       total 80896K, used 1025K [0x000000008a400000, 0x000000008f300000, 0x00000000d8c00000)
  object space 80896K, 1% used [0x000000008a400000,0x000000008a500770,0x000000008f300000)
 Metaspace       used 3290K, capacity 4486K, committed 4864K, reserved 1056768K
  class space    used 362K, capacity 386K, committed 512K, reserved 1048576K
Event: 96.215 GC heap after
Heap after GC invocations=145 (full 0):
 PSYoungGen      total 398848K, used 847K [0x00000000d8c00000, 0x00000000f6100000, 0x0000000100000000)
  eden space 397312K, 0% used [0x00000000d8c00000,0x00000000d8c00000,0x00000000f1000000)
  from space 1536K, 55% used [0x00000000f1000000,0x00000000f10d3c90,0x00000000f1180000)
  to   space 1536K, 0% used [0x00000000f5f80000,0x00000000f5f80000,0x00000000f6100000)
 ParOldGen       total 80896K, used 1025K [0x000000008a400000, 0x000000008f300000, 0x00000000d8c00000)
  object space 80896K, 1% used [0x000000008a400000,0x000000008a500770,0x000000008f300000)
 Metaspace       used 3290K, capacity 4486K, committed 4864K, reserved 1056768K
  class space    used 362K, capacity 386K, committed 512K, reserved 1048576K
}
Event: 97.586 GC heap before
{Heap before GC invocations=146 (full 0):
 PSYoungGen      total 398848K, used 398159K [0x00000000d8c00000, 0x00000000f6100000, 0x0000000100000000)
  eden space 397312K, 100% used [0x00000000d8c00000,0x00000000f1000000,0x00000000f1000000)
  from space 1536K, 55% used [0x00000000f1000000,0x00000000f10d3c90,0x00000000f1180000)
  to   space 1536K, 0% used [0x00000000f5f80000,0x00000000f5f80000,0x00000000f6100000)
 ParOldGen       total 80896K, used 1025K [0x000000008a400000, 0x000000008f300000, 0x00000000d8c00000)
  object space 80896K, 1% used [0x000000008a400000,0x000000008a500770,0x000000008f300000)
 Metaspace       used 3290K, capacity 4486K, committed 4864K, reserved 1056768K
  class space    used 362K, capacity 386K, committed 512K, reserved 1048576K
Event: 97.588 GC heap after
Heap after GC invocations=146 (full 0):
 PSYoungGen      total 478720K, used 443K [0x00000000d8c00000, 0x00000000f6100000, 0x0000000100000000)
  eden space 477184K, 0% used [0x00000000d8c00000,0x00000000d8c00000,0x00000000f5e00000)
  from space 1536K, 28% used [0x00000000f5f80000,0x00000000f5feed60,0x00000000f6100000)
  to   space 1536K, 0% used [0x00000000f5e00000,0x00000000f5e00000,0x00000000f5f80000)
 ParOldGen       total 80896K, used 1025K [0x000000008a400000, 0x000000008f300000, 0x00000000d8c00000)
  object space 80896K, 1% used [0x000000008a400000,0x000000008a500770,0x000000008f300000)
 Metaspace       used 3290K, capacity 4486K, committed 4864K, reserved 1056768K
  class space    used 362K, capacity 386K, committed 512K, reserved 1048576K
}
Event: 100.075 GC heap before
{Heap before GC invocations=147 (full 0):
 PSYoungGen      total 478720K, used 477399K [0x00000000d8c00000, 0x00000000f6100000, 0x0000000100000000)
  eden space 477184K, 99% used [0x00000000d8c00000,0x00000000f5dc71f0,0x00000000f5e00000)
  from space 1536K, 28% used [0x00000000f5f80000,0x00000000f5feed60,0x00000000f6100000)
  to   space 1536K, 0% used [0x00000000f5e00000,0x00000000f5e00000,0x00000000f5f80000)
 ParOldGen       total 80896K, used 1025K [0x000000008a400000, 0x000000008f300000, 0x00000000d8c00000)
  object space 80896K, 1% used [0x000000008a400000,0x000000008a500770,0x000000008f300000)
 Metaspace       used 3290K, capacity 4486K, committed 4864K, reserved 1056768K
  class space    used 362K, capacity 386K, committed 512K, reserved 1048576K
Event: 100.079 GC heap after
Heap after GC invocations=147 (full 0):
 PSYoungGen      total 478720K, used 863K [0x00000000d8c00000, 0x00000000fbe80000, 0x0000000100000000)
  eden space 477184K, 0% used [0x00000000d8c00000,0x00000000d8c00000,0x00000000f5e00000)
  from space 1536K, 56% used [0x00000000f5e00000,0x00000000f5ed7eb0,0x00000000f5f80000)
  to   space 1536K, 0% used [0x00000000fbd00000,0x00000000fbd00000,0x00000000fbe80000)
 ParOldGen       total 80896K, used 1025K [0x000000008a400000, 0x000000008f300000, 0x00000000d8c00000)
  object space 80896K, 1% used [0x000000008a400000,0x000000008a500770,0x000000008f300000)
 Metaspace       used 3290K, capacity 4486K, committed 4864K, reserved 1056768K
  class space    used 362K, capacity 386K, committed 512K, reserved 1048576K
}
Event: 102.383 GC heap before
{Heap before GC invocations=148 (full 0):
 PSYoungGen      total 478720K, used 477797K [0x00000000d8c00000, 0x00000000fbe80000, 0x0000000100000000)
  eden space 477184K, 99% used [0x00000000d8c00000,0x00000000f5dc1928,0x00000000f5e00000)
  from space 1536K, 56% used [0x00000000f5e00000,0x00000000f5ed7eb0,0x00000000f5f80000)
  to   space 1536K, 0% used [0x00000000fbd00000,0x00000000fbd00000,0x00000000fbe80000)
 ParOldGen       total 80896K, used 1025K [0x000000008a400000, 0x000000008f300000, 0x00000000d8c00000)
  object space 80896K, 1% used [0x000000008a400000,0x000000008a500770,0x000000008f300000)
 Metaspace       used 3290K, capacity 4486K, committed 4864K, reserved 1056768K
  class space    used 362K, capacity 386K, committed 512K, reserved 1048576K
Event: 102.385 GC heap after
Heap after GC invocations=148 (full 0):
 PSYoungGen      total 574464K, used 872K [0x00000000d8c00000, 0x00000000fbe80000, 0x0000000100000000)
  eden space 572928K, 0% used [0x00000000d8c00000,0x00000000d8c00000,0x00000000fbb80000)
  from space 1536K, 56% used [0x00000000fbd00000,0x00000000fbdda250,0x00000000fbe80000)
  to   space 1536K, 0% used [0x00000000fbb80000,0x00000000fbb80000,0x00000000fbd00000)
 ParOldGen       total 80896K, used 1025K [0x000000008a400000, 0x000000008f300000, 0x00000000d8c00000)
  object space 80896K, 1% used [0x000000008a400000,0x000000008a500770,0x000000008f300000)
 Metaspace       used 3290K, capacity 4486K, committed 4864K, reserved 1056768K
  class space    used 362K, capacity 386K, committed 512K, reserved 1048576K
}
Event: 118.062 GC heap before
{Heap before GC invocations=149 (full 0):
 PSYoungGen      total 574464K, used 573659K [0x00000000d8c00000, 0x00000000fbe80000, 0x0000000100000000)
  eden space 572928K, 99% used [0x00000000d8c00000,0x00000000fbb5cd80,0x00000000fbb80000)
  from space 1536K, 56% used [0x00000000fbd00000,0x00000000fbdda250,0x00000000fbe80000)
  to   space 1536K, 0% used [0x00000000fbb80000,0x00000000fbb80000,0x00000000fbd00000)
 ParOldGen       total 80896K, used 1025K [0x000000008a400000, 0x000000008f300000, 0x00000000d8c00000)
  object space 80896K, 1% used [0x000000008a400000,0x000000008a500770,0x000000008f300000)
 Metaspace       used 3290K, capacity 4486K, committed 4864K, reserved 1056768K
  class space    used 362K, capacity 386K, committed 512K, reserved 1048576K

Deoptimization events (0 events):
No events

Classes redefined (0 events):
No events

Internal exceptions (10 events):
Event: 0.335 Thread 0x00007fdf9800b000 Exception <a 'java/lang/NoSuchMethodError': Method sun.misc.Unsafe.prefetchRead(Ljava/lang/Object;J)V name or signature does not match> (0x00000000d8c07fa0) thrown at [/build/openjdk-8-OqY7zN/openjdk-8-8u222-b10/src/hotspot/src/share/vm/prims/jni.cpp, lin
Event: 0.884 Thread 0x00007fdf9800b000 Exception <a 'java/util/zip/ZipException'> (0x00000000d8c59a08) thrown at [/build/openjdk-8-OqY7zN/openjdk-8-8u222-b10/src/hotspot/src/share/vm/prims/jni.cpp, line 710]
Event: 0.884 Thread 0x00007fdf9800b000 Exception <a 'java/security/PrivilegedActionException'> (0x00000000d8c59ca8) thrown at [/build/openjdk-8-OqY7zN/openjdk-8-8u222-b10/src/hotspot/src/share/vm/prims/jvm.cpp, line 1502]
Event: 0.884 Thread 0x00007fdf9800b000 Exception <a 'java/security/PrivilegedActionException'> (0x00000000d8c59eb8) thrown at [/build/openjdk-8-OqY7zN/openjdk-8-8u222-b10/src/hotspot/src/share/vm/prims/jvm.cpp, line 1502]
Event: 1.153 Thread 0x00007fdf9800b000 Exception <a 'java/security/PrivilegedActionException'> (0x00000000d8c87678) thrown at [/build/openjdk-8-OqY7zN/openjdk-8-8u222-b10/src/hotspot/src/share/vm/prims/jvm.cpp, line 1502]
Event: 1.153 Thread 0x00007fdf9800b000 Exception <a 'java/security/PrivilegedActionException'> (0x00000000d8c87a70) thrown at [/build/openjdk-8-OqY7zN/openjdk-8-8u222-b10/src/hotspot/src/share/vm/prims/jvm.cpp, line 1502]
Event: 1.159 Thread 0x00007fdf9800b000 Exception <a 'java/security/PrivilegedActionException'> (0x00000000d8c89ce0) thrown at [/build/openjdk-8-OqY7zN/openjdk-8-8u222-b10/src/hotspot/src/share/vm/prims/jvm.cpp, line 1502]
Event: 1.159 Thread 0x00007fdf9800b000 Exception <a 'java/security/PrivilegedActionException'> (0x00000000d8c8a0d8) thrown at [/build/openjdk-8-OqY7zN/openjdk-8-8u222-b10/src/hotspot/src/share/vm/prims/jvm.cpp, line 1502]
Event: 1.159 Thread 0x00007fdf9800b000 Exception <a 'java/security/PrivilegedActionException'> (0x00000000d8c8ad98) thrown at [/build/openjdk-8-OqY7zN/openjdk-8-8u222-b10/src/hotspot/src/share/vm/prims/jvm.cpp, line 1502]
Event: 1.159 Thread 0x00007fdf9800b000 Exception <a 'java/security/PrivilegedActionException'> (0x00000000d8c8b190) thrown at [/build/openjdk-8-OqY7zN/openjdk-8-8u222-b10/src/hotspot/src/share/vm/prims/jvm.cpp, line 1502]

Events (10 events):
Event: 93.506 Executing VM operation: ParallelGCFailedAllocation done
Event: 96.205 Executing VM operation: ParallelGCFailedAllocation
Event: 96.215 Executing VM operation: ParallelGCFailedAllocation done
Event: 97.586 Executing VM operation: ParallelGCFailedAllocation
Event: 97.588 Executing VM operation: ParallelGCFailedAllocation done
Event: 100.075 Executing VM operation: ParallelGCFailedAllocation
Event: 100.079 Executing VM operation: ParallelGCFailedAllocation done
Event: 102.379 Executing VM operation: ParallelGCFailedAllocation
Event: 102.385 Executing VM operation: ParallelGCFailedAllocation done
Event: 114.454 Executing VM operation: ParallelGCFailedAllocation


Dynamic libraries:
8a400000-8f300000 rw-p 00000000 00:00 0 
8f300000-d8c00000 ---p 00000000 00:00 0 
d8c00000-fbe80000 rw-p 00000000 00:00 0 
100000000-100080000 rw-p 00000000 00:00 0 
100080000-140000000 ---p 00000000 00:00 0 
555ff0325000-555ff0326000 r-xp 00000000 b3:02 394207                     /usr/lib/jvm/java-8-openjdk-amd64/jre/bin/java
555ff0525000-555ff0526000 r--p 00000000 b3:02 394207                     /usr/lib/jvm/java-8-openjdk-amd64/jre/bin/java
555ff0526000-555ff0527000 rw-p 00001000 b3:02 394207                     /usr/lib/jvm/java-8-openjdk-amd64/jre/bin/java
555ff062d000-555ff064e000 rw-p 00000000 00:00 0                          [heap]
7fdf54000000-7fdf54021000 rw-p 00000000 00:00 0 
7fdf54021000-7fdf58000000 ---p 00000000 00:00 0 
7fdf5c000000-7fdf5c058000 rw-p 00000000 00:00 0 
7fdf5c058000-7fdf60000000 ---p 00000000 00:00 0 
7fdf60000000-7fdf60021000 rw-p 00000000 00:00 0 
7fdf60021000-7fdf64000000 ---p 00000000 00:00 0 
7fdf64000000-7fdf64021000 rw-p 00000000 00:00 0 
7fdf64021000-7fdf68000000 ---p 00000000 00:00 0 
7fdf68000000-7fdf68092000 rw-p 00000000 00:00 0 
7fdf68092000-7fdf6c000000 ---p 00000000 00:00 0 
7fdf6c000000-7fdf6c021000 rw-p 00000000 00:00 0 
7fdf6c021000-7fdf70000000 ---p 00000000 00:00 0 
7fdf70000000-7fdf70021000 rw-p 00000000 00:00 0 
7fdf70021000-7fdf74000000 ---p 00000000 00:00 0 
7fdf74000000-7fdf74021000 rw-p 00000000 00:00 0 
7fdf74021000-7fdf78000000 ---p 00000000 00:00 0 
7fdf78000000-7fdf78021000 rw-p 00000000 00:00 0 
7fdf78021000-7fdf7c000000 ---p 00000000 00:00 0 
7fdf7e7ed000-7fdf7e808000 r--s 001d6000 b3:02 396003                     /usr/lib/jvm/java-8-openjdk-amd64/jre/lib/ext/nashorn.jar
7fdf7e808000-7fdf7e823000 r--s 00394000 b3:02 395760                     /usr/lib/jvm/java-8-openjdk-amd64/jre/lib/ext/cldrdata.jar
7fdf7e823000-7fdf7e824000 ---p 00000000 00:00 0 
7fdf7e824000-7fdf7e924000 rw-p 00000000 00:00 0 
7fdf7e924000-7fdf7e927000 ---p 00000000 00:00 0 
7fdf7e927000-7fdf7ea25000 rw-p 00000000 00:00 0 
7fdf7ea25000-7fdf7ea26000 ---p 00000000 00:00 0 
7fdf7ea26000-7fdf7ea29000 ---p 00000000 00:00 0 
7fdf7ea29000-7fdf7eb26000 rw-p 00000000 00:00 0 
7fdf7eb26000-7fdf7eb27000 ---p 00000000 00:00 0 
7fdf7eb27000-7fdf7eb2a000 ---p 00000000 00:00 0 
7fdf7eb2a000-7fdf7ec27000 rw-p 00000000 00:00 0 
7fdf7ec27000-7fdf7ec2a000 ---p 00000000 00:00 0 
7fdf7ec2a000-7fdf7ed28000 rw-p 00000000 00:00 0 
7fdf7ed28000-7fdf7f6f7000 r--p 00000000 b3:02 399303                     /usr/lib/locale/locale-archive
7fdf7f6f7000-7fdf7f6fa000 ---p 00000000 00:00 0 
7fdf7f6fa000-7fdf7f7f8000 rw-p 00000000 00:00 0 
7fdf7f7f8000-7fdf7f7fb000 ---p 00000000 00:00 0 
7fdf7f7fb000-7fdf7f8f9000 rw-p 00000000 00:00 0 
7fdf7f8f9000-7fdf7f8fa000 ---p 00000000 00:00 0 
7fdf7f8fa000-7fdf80000000 rw-p 00000000 00:00 0 
7fdf80000000-7fdf80021000 rw-p 00000000 00:00 0 
7fdf80021000-7fdf84000000 ---p 00000000 00:00 0 
7fdf84008000-7fdf8432c000 rw-p 00000000 00:00 0 
7fdf8432c000-7fdf844fc000 r--s 03c5c000 b3:02 397558                     /usr/lib/jvm/java-8-openjdk-amd64/jre/lib/rt.jar
7fdf844fc000-7fdf8493c000 rw-p 00000000 00:00 0 
7fdf8493c000-7fdf84cfc000 ---p 00000000 00:00 0 
7fdf84cfc000-7fdf88b8a000 rw-p 00000000 00:00 0 
7fdf88b8a000-7fdf88b8b000 ---p 00000000 00:00 0 
7fdf88b8b000-7fdf88c8b000 rw-p 00000000 00:00 0 
7fdf88c8b000-7fdf88c8c000 ---p 00000000 00:00 0 
7fdf88c8c000-7fdf88db4000 rw-p 00000000 00:00 0 
7fdf88db4000-7fdf89000000 ---p 00000000 00:00 0 
7fdf89000000-7fdf89270000 rwxp 00000000 00:00 0 
7fdf89270000-7fdf98000000 ---p 00000000 00:00 0 
7fdf98000000-7fdf98156000 rw-p 00000000 00:00 0 
7fdf98156000-7fdf9c000000 ---p 00000000 00:00 0 
7fdf9c008000-7fdf9c115000 rw-p 00000000 00:00 0 
7fdf9c115000-7fdf9c361000 ---p 00000000 00:00 0 
7fdf9c361000-7fdf9c47b000 rw-p 00000000 00:00 0 
7fdf9c47b000-7fdf9c49b000 ---p 00000000 00:00 0 
7fdf9c49b000-7fdf9c4a6000 rw-p 00000000 00:00 0 
7fdf9c4a6000-7fdf9c85c000 ---p 00000000 00:00 0 
7fdf9c85c000-7fdf9c864000 r-xp 00000000 b3:02 395584                     /usr/lib/jvm/java-8-openjdk-amd64/jre/lib/amd64/libzip.so
7fdf9c864000-7fdf9ca63000 ---p 00008000 b3:02 395584                     /usr/lib/jvm/java-8-openjdk-amd64/jre/lib/amd64/libzip.so
7fdf9ca63000-7fdf9ca64000 r--p 00007000 b3:02 395584                     /usr/lib/jvm/java-8-openjdk-amd64/jre/lib/amd64/libzip.so
7fdf9ca64000-7fdf9ca65000 rw-p 00008000 b3:02 395584                     /usr/lib/jvm/java-8-openjdk-amd64/jre/lib/amd64/libzip.so
7fdf9ca65000-7fdf9ca70000 r-xp 00000000 b3:02 1706491                    /lib/x86_64-linux-gnu/libnss_files-2.27.so
7fdf9ca70000-7fdf9cc6f000 ---p 0000b000 b3:02 1706491                    /lib/x86_64-linux-gnu/libnss_files-2.27.so
7fdf9cc6f000-7fdf9cc70000 r--p 0000a000 b3:02 1706491                    /lib/x86_64-linux-gnu/libnss_files-2.27.so
7fdf9cc70000-7fdf9cc71000 rw-p 0000b000 b3:02 1706491                    /lib/x86_64-linux-gnu/libnss_files-2.27.so
7fdf9cc71000-7fdf9cc77000 rw-p 00000000 00:00 0 
7fdf9cc77000-7fdf9cc8e000 r-xp 00000000 b3:02 1706485                    /lib/x86_64-linux-gnu/libnsl-2.27.so
7fdf9cc8e000-7fdf9ce8d000 ---p 00017000 b3:02 1706485                    /lib/x86_64-linux-gnu/libnsl-2.27.so
7fdf9ce8d000-7fdf9ce8e000 r--p 00016000 b3:02 1706485                    /lib/x86_64-linux-gnu/libnsl-2.27.so
7fdf9ce8e000-7fdf9ce8f000 rw-p 00017000 b3:02 1706485                    /lib/x86_64-linux-gnu/libnsl-2.27.so
7fdf9ce8f000-7fdf9ce91000 rw-p 00000000 00:00 0 
7fdf9ce91000-7fdf9ce9c000 r-xp 00000000 b3:02 1706502                    /lib/x86_64-linux-gnu/libnss_nis-2.27.so
7fdf9ce9c000-7fdf9d09b000 ---p 0000b000 b3:02 1706502                    /lib/x86_64-linux-gnu/libnss_nis-2.27.so
7fdf9d09b000-7fdf9d09c000 r--p 0000a000 b3:02 1706502                    /lib/x86_64-linux-gnu/libnss_nis-2.27.so
7fdf9d09c000-7fdf9d09d000 rw-p 0000b000 b3:02 1706502                    /lib/x86_64-linux-gnu/libnss_nis-2.27.so
7fdf9d09d000-7fdf9d0a5000 r-xp 00000000 b3:02 1706487                    /lib/x86_64-linux-gnu/libnss_compat-2.27.so
7fdf9d0a5000-7fdf9d2a5000 ---p 00008000 b3:02 1706487                    /lib/x86_64-linux-gnu/libnss_compat-2.27.so
7fdf9d2a5000-7fdf9d2a6000 r--p 00008000 b3:02 1706487                    /lib/x86_64-linux-gnu/libnss_compat-2.27.so
7fdf9d2a6000-7fdf9d2a7000 rw-p 00009000 b3:02 1706487                    /lib/x86_64-linux-gnu/libnss_compat-2.27.so
7fdf9d2a7000-7fdf9d2d1000 r-xp 00000000 b3:02 395206                     /usr/lib/jvm/java-8-openjdk-amd64/jre/lib/amd64/libjava.so
7fdf9d2d1000-7fdf9d4d0000 ---p 0002a000 b3:02 395206                     /usr/lib/jvm/java-8-openjdk-amd64/jre/lib/amd64/libjava.so
7fdf9d4d0000-7fdf9d4d1000 r--p 00029000 b3:02 395206                     /usr/lib/jvm/java-8-openjdk-amd64/jre/lib/amd64/libjava.so
7fdf9d4d1000-7fdf9d4d3000 rw-p 0002a000 b3:02 395206                     /usr/lib/jvm/java-8-openjdk-amd64/jre/lib/amd64/libjava.so
7fdf9d4d3000-7fdf9d4e3000 r-xp 00000000 b3:02 395550                     /usr/lib/jvm/java-8-openjdk-amd64/jre/lib/amd64/libverify.so
7fdf9d4e3000-7fdf9d6e2000 ---p 00010000 b3:02 395550                     /usr/lib/jvm/java-8-openjdk-amd64/jre/lib/amd64/libverify.so
7fdf9d6e2000-7fdf9d6e4000 r--p 0000f000 b3:02 395550                     /usr/lib/jvm/java-8-openjdk-amd64/jre/lib/amd64/libverify.so
7fdf9d6e4000-7fdf9d6e5000 rw-p 00011000 b3:02 395550                     /usr/lib/jvm/java-8-openjdk-amd64/jre/lib/amd64/libverify.so
7fdf9d6e5000-7fdf9d6ec000 r-xp 00000000 b3:02 1706542                    /lib/x86_64-linux-gnu/librt-2.27.so
7fdf9d6ec000-7fdf9d8eb000 ---p 00007000 b3:02 1706542                    /lib/x86_64-linux-gnu/librt-2.27.so
7fdf9d8eb000-7fdf9d8ec000 r--p 00006000 b3:02 1706542                    /lib/x86_64-linux-gnu/librt-2.27.so
7fdf9d8ec000-7fdf9d8ed000 rw-p 00007000 b3:02 1706542                    /lib/x86_64-linux-gnu/librt-2.27.so
7fdf9d8ed000-7fdf9d904000 r-xp 00000000 b3:02 1701708                    /lib/x86_64-linux-gnu/libgcc_s.so.1
7fdf9d904000-7fdf9db03000 ---p 00017000 b3:02 1701708                    /lib/x86_64-linux-gnu/libgcc_s.so.1
7fdf9db03000-7fdf9db04000 r--p 00016000 b3:02 1701708                    /lib/x86_64-linux-gnu/libgcc_s.so.1
7fdf9db04000-7fdf9db05000 rw-p 00017000 b3:02 1701708                    /lib/x86_64-linux-gnu/libgcc_s.so.1
7fdf9db05000-7fdf9dca2000 r-xp 00000000 b3:02 1706464                    /lib/x86_64-linux-gnu/libm-2.27.so
7fdf9dca2000-7fdf9dea1000 ---p 0019d000 b3:02 1706464                    /lib/x86_64-linux-gnu/libm-2.27.so
7fdf9dea1000-7fdf9dea2000 r--p 0019c000 b3:02 1706464                    /lib/x86_64-linux-gnu/libm-2.27.so
7fdf9dea2000-7fdf9dea3000 rw-p 0019d000 b3:02 1706464                    /lib/x86_64-linux-gnu/libm-2.27.so
7fdf9dea3000-7fdf9e01c000 r-xp 00000000 b3:02 392630                     /usr/lib/x86_64-linux-gnu/libstdc++.so.6.0.25
7fdf9e01c000-7fdf9e21c000 ---p 00179000 b3:02 392630                     /usr/lib/x86_64-linux-gnu/libstdc++.so.6.0.25
7fdf9e21c000-7fdf9e226000 r--p 00179000 b3:02 392630                     /usr/lib/x86_64-linux-gnu/libstdc++.so.6.0.25
7fdf9e226000-7fdf9e228000 rw-p 00183000 b3:02 392630                     /usr/lib/x86_64-linux-gnu/libstdc++.so.6.0.25
7fdf9e228000-7fdf9e22c000 rw-p 00000000 00:00 0 
7fdf9e22c000-7fdf9eecb000 r-xp 00000000 b3:02 395653                     /usr/lib/jvm/java-8-openjdk-amd64/jre/lib/amd64/server/libjvm.so
7fdf9eecb000-7fdf9f0cb000 ---p 00c9f000 b3:02 395653                     /usr/lib/jvm/java-8-openjdk-amd64/jre/lib/amd64/server/libjvm.so
7fdf9f0cb000-7fdf9f15f000 r--p 00c9f000 b3:02 395653                     /usr/lib/jvm/java-8-openjdk-amd64/jre/lib/amd64/server/libjvm.so
7fdf9f15f000-7fdf9f188000 rw-p 00d33000 b3:02 395653                     /usr/lib/jvm/java-8-openjdk-amd64/jre/lib/amd64/server/libjvm.so
7fdf9f188000-7fdf9f1b8000 rw-p 00000000 00:00 0 
7fdf9f1b8000-7fdf9f1d2000 r-xp 00000000 b3:02 1706534                    /lib/x86_64-linux-gnu/libpthread-2.27.so
7fdf9f1d2000-7fdf9f3d1000 ---p 0001a000 b3:02 1706534                    /lib/x86_64-linux-gnu/libpthread-2.27.so
7fdf9f3d1000-7fdf9f3d2000 r--p 00019000 b3:02 1706534                    /lib/x86_64-linux-gnu/libpthread-2.27.so
7fdf9f3d2000-7fdf9f3d3000 rw-p 0001a000 b3:02 1706534                    /lib/x86_64-linux-gnu/libpthread-2.27.so
7fdf9f3d3000-7fdf9f3d7000 rw-p 00000000 00:00 0 
7fdf9f3d7000-7fdf9f3da000 r-xp 00000000 b3:02 1706424                    /lib/x86_64-linux-gnu/libdl-2.27.so
7fdf9f3da000-7fdf9f5d9000 ---p 00003000 b3:02 1706424                    /lib/x86_64-linux-gnu/libdl-2.27.so
7fdf9f5d9000-7fdf9f5da000 r--p 00002000 b3:02 1706424                    /lib/x86_64-linux-gnu/libdl-2.27.so
7fdf9f5da000-7fdf9f5db000 rw-p 00003000 b3:02 1706424                    /lib/x86_64-linux-gnu/libdl-2.27.so
7fdf9f5db000-7fdf9f5f7000 r-xp 00000000 b3:02 1706573                    /lib/x86_64-linux-gnu/libz.so.1.2.11
7fdf9f5f7000-7fdf9f7f6000 ---p 0001c000 b3:02 1706573                    /lib/x86_64-linux-gnu/libz.so.1.2.11
7fdf9f7f6000-7fdf9f7f7000 r--p 0001b000 b3:02 1706573                    /lib/x86_64-linux-gnu/libz.so.1.2.11
7fdf9f7f7000-7fdf9f7f8000 rw-p 0001c000 b3:02 1706573                    /lib/x86_64-linux-gnu/libz.so.1.2.11
7fdf9f7f8000-7fdf9f9df000 r-xp 00000000 b3:02 1706401                    /lib/x86_64-linux-gnu/libc-2.27.so
7fdf9f9df000-7fdf9fbdf000 ---p 001e7000 b3:02 1706401                    /lib/x86_64-linux-gnu/libc-2.27.so
7fdf9fbdf000-7fdf9fbe3000 r--p 001e7000 b3:02 1706401                    /lib/x86_64-linux-gnu/libc-2.27.so
7fdf9fbe3000-7fdf9fbe5000 rw-p 001eb000 b3:02 1706401                    /lib/x86_64-linux-gnu/libc-2.27.so
7fdf9fbe5000-7fdf9fbe9000 rw-p 00000000 00:00 0 
7fdf9fbe9000-7fdf9fbf7000 r-xp 00000000 b3:02 395106                     /usr/lib/jvm/java-8-openjdk-amd64/jre/lib/amd64/jli/libjli.so
7fdf9fbf7000-7fdf9fdf6000 ---p 0000e000 b3:02 395106                     /usr/lib/jvm/java-8-openjdk-amd64/jre/lib/amd64/jli/libjli.so
7fdf9fdf6000-7fdf9fdf7000 r--p 0000d000 b3:02 395106                     /usr/lib/jvm/java-8-openjdk-amd64/jre/lib/amd64/jli/libjli.so
7fdf9fdf7000-7fdf9fdf8000 rw-p 0000e000 b3:02 395106                     /usr/lib/jvm/java-8-openjdk-amd64/jre/lib/amd64/jli/libjli.so
7fdf9fdf8000-7fdf9fe1f000 r-xp 00000000 b3:02 1706373                    /lib/x86_64-linux-gnu/ld-2.27.so
7fdf9fe2b000-7fdf9fe2e000 r--s 0000f000 b3:02 395791                     /usr/lib/jvm/java-8-openjdk-amd64/jre/lib/ext/icedtea-sound.jar
7fdf9fe2e000-7fdf9fe30000 r--s 00007000 b3:02 785030                     /usr/share/java/java-atk-wrapper.jar
7fdf9fe30000-7fdf9fe31000 r--s 00010000 b3:02 396007                     /usr/lib/jvm/java-8-openjdk-amd64/jre/lib/ext/zipfs.jar
7fdf9fe31000-7fdf9fe3b000 r--s 00116000 b3:02 396001                     /usr/lib/jvm/java-8-openjdk-amd64/jre/lib/ext/localedata.jar
7fdf9fe3b000-7fdf9ff04000 rw-p 00000000 00:00 0 
7fdf9ff04000-7fdf9ff05000 ---p 00000000 00:00 0 
7fdf9ff05000-7fdf9ff08000 ---p 00000000 00:00 0 
7fdf9ff08000-7fdfa0007000 rw-p 00000000 00:00 0 
7fdfa0007000-7fdfa000c000 r--s 0003c000 b3:02 396005                     /usr/lib/jvm/java-8-openjdk-amd64/jre/lib/ext/sunjce_provider.jar
7fdfa000c000-7fdfa000d000 r--s 0000d000 b3:02 396004                     /usr/lib/jvm/java-8-openjdk-amd64/jre/lib/ext/sunec.jar
7fdfa000d000-7fdfa0010000 r--s 00039000 b3:02 396006                     /usr/lib/jvm/java-8-openjdk-amd64/jre/lib/ext/sunpkcs11.jar
7fdfa0010000-7fdfa0012000 r--s 00001000 b3:02 395767                     /usr/lib/jvm/java-8-openjdk-amd64/jre/lib/ext/dnsns.jar
7fdfa0012000-7fdfa0013000 r--s 0000a000 b3:02 395796                     /usr/lib/jvm/java-8-openjdk-amd64/jre/lib/ext/jaccess.jar
7fdfa0013000-7fdfa001b000 rw-s 00000000 b3:02 269519                     /tmp/hsperfdata_admin1/23373
7fdfa001b000-7fdfa001c000 rw-p 00000000 00:00 0 
7fdfa001c000-7fdfa001d000 ---p 00000000 00:00 0 
7fdfa001d000-7fdfa001f000 rw-p 00000000 00:00 0 
7fdfa001f000-7fdfa0020000 r--p 00027000 b3:02 1706373                    /lib/x86_64-linux-gnu/ld-2.27.so
7fdfa0020000-7fdfa0021000 rw-p 00028000 b3:02 1706373                    /lib/x86_64-linux-gnu/ld-2.27.so
7fdfa0021000-7fdfa0022000 rw-p 00000000 00:00 0 
7ffe07869000-7ffe0788a000 rw-p 00000000 00:00 0                          [stack]
7ffe0795d000-7ffe07960000 r--p 00000000 00:00 0                          [vvar]
7ffe07960000-7ffe07962000 r-xp 00000000 00:00 0                          [vdso]
ffffffffff600000-ffffffffff601000 r-xp 00000000 00:00 0                  [vsyscall]

VM Arguments:
jvm_args: -Dfile.encoding=UTF-8 
java_command: com.bridgelabz.alg.BinaryFileIo
java_class_path (initial): /home/admin1/Desktop/eclipse-inst-linux64/AlgorithmProblems/bin
Launcher Type: SUN_STANDARD

Environment Variables:
PATH=/usr/local/sbin:/usr/local/bin:/usr/sbin:/usr/bin:/sbin:/bin:/usr/games:/usr/local/games:/snap/bin
USERNAME=admin1
SHELL=/bin/bash
DISPLAY=:0

Signal Handlers:
SIGSEGV: [libjvm.so+0xab92f0], sa_mask[0]=11111111011111111101111111111110, sa_flags=SA_RESTART|SA_SIGINFO
SIGBUS: [libjvm.so+0xab92f0], sa_mask[0]=11111111011111111101111111111110, sa_flags=SA_RESTART|SA_SIGINFO
SIGFPE: [libjvm.so+0x8ee560], sa_mask[0]=11111111011111111101111111111110, sa_flags=SA_RESTART|SA_SIGINFO
SIGPIPE: [libjvm.so+0x8ee560], sa_mask[0]=11111111011111111101111111111110, sa_flags=SA_RESTART|SA_SIGINFO
SIGXFSZ: [libjvm.so+0x8ee560], sa_mask[0]=11111111011111111101111111111110, sa_flags=SA_RESTART|SA_SIGINFO
SIGILL: [libjvm.so+0x8ee560], sa_mask[0]=11111111011111111101111111111110, sa_flags=SA_RESTART|SA_SIGINFO
SIGUSR1: SIG_DFL, sa_mask[0]=00000000000000000000000000000000, sa_flags=none
SIGUSR2: [libjvm.so+0x8ee410], sa_mask[0]=00100000000000000000000000000000, sa_flags=SA_RESTART|SA_SIGINFO
SIGHUP: [libjvm.so+0x8eea80], sa_mask[0]=11111111011111111101111111111110, sa_flags=SA_RESTART|SA_SIGINFO
SIGINT: [libjvm.so+0x8eea80], sa_mask[0]=11111111011111111101111111111110, sa_flags=SA_RESTART|SA_SIGINFO
SIGTERM: [libjvm.so+0x8eea80], sa_mask[0]=11111111011111111101111111111110, sa_flags=SA_RESTART|SA_SIGINFO
SIGQUIT: [libjvm.so+0x8eea80], sa_mask[0]=11111111011111111101111111111110, sa_flags=SA_RESTART|SA_SIGINFO


---------------  S Y S T E M  ---------------

OS:DISTRIB_ID=Ubuntu
DISTRIB_RELEASE=18.04
DISTRIB_CODENAME=bionic
DISTRIB_DESCRIPTION="Ubuntu 18.04.3 LTS"

uname:Linux 4.15.0-66-generic #75-Ubuntu SMP Tue Oct 1 05:24:09 UTC 2019 x86_64
libc:glibc 2.27 NPTL 2.27 
rlimit: STACK 8192k, CORE 0k, NPROC 29831, NOFILE 4096, AS infinity
load average:35.36 21.36 12.73

/proc/meminfo:
MemTotal:        7711852 kB
MemFree:          446308 kB
MemAvailable:     369588 kB
Buffers:            1772 kB
Cached:           161856 kB
SwapCached:         1064 kB
Active:          6022932 kB
Inactive:         992800 kB
Active(anon):    6013604 kB
Inactive(anon):   916568 kB
Active(file):       9328 kB
Inactive(file):    76232 kB
Unevictable:          64 kB
Mlocked:              64 kB
SwapTotal:       1393948 kB
SwapFree:          16852 kB
Dirty:               356 kB
Writeback:           848 kB
AnonPages:       6851784 kB
Mapped:            69048 kB
Shmem:             77816 kB
Slab:             105732 kB
SReclaimable:      42944 kB
SUnreclaim:        62788 kB
KernelStack:       16144 kB
PageTables:        63996 kB
NFS_Unstable:          0 kB
Bounce:                0 kB
WritebackTmp:          0 kB
CommitLimit:     5249872 kB
Committed_AS:   15317300 kB
VmallocTotal:   34359738367 kB
VmallocUsed:           0 kB
VmallocChunk:          0 kB
HardwareCorrupted:     0 kB
AnonHugePages:         0 kB
ShmemHugePages:        0 kB
ShmemPmdMapped:        0 kB
CmaTotal:              0 kB
CmaFree:               0 kB
HugePages_Total:       0
HugePages_Free:        0
HugePages_Rsvd:        0
HugePages_Surp:        0
Hugepagesize:       2048 kB
DirectMap4k:      299412 kB
DirectMap2M:     6580224 kB
DirectMap1G:     3145728 kB

container (cgroup) information:
container_type: cgroupv1
cpu_cpuset_cpus: 0-1
cpu_memory_nodes: 0
active_processor_count: 2
cpu_quota: -1
cpu_period: 100000
cpu_shares: -1
memory_limit_in_bytes: -1
memory_and_swap_limit_in_bytes: -2
memory_soft_limit_in_bytes: -1
memory_usage_in_bytes: 7184773120
memory_max_usage_in_bytes: 0


CPU:total 2 (initial active 2) (2 cores per cpu, 1 threads per core) family 6 model 122 stepping 1, cmov, cx8, fxsr, mmx, sse, sse2, sse3, ssse3, sse4.1, sse4.2, popcnt, aes, clmul, erms, 3dnowpref, tsc, tscinvbit

/proc/cpuinfo:
processor	: 0
vendor_id	: GenuineIntel
cpu family	: 6
model		: 122
model name	: Intel(R) Celeron(R) N4000 CPU @ 1.10GHz
stepping	: 1
microcode	: 0x2e
cpu MHz		: 2487.271
cache size	: 4096 KB
physical id	: 0
siblings	: 2
core id		: 0
cpu cores	: 2
apicid		: 0
initial apicid	: 0
fpu		: yes
fpu_exception	: yes
cpuid level	: 24
wp		: yes
flags		: fpu vme de pse tsc msr pae mce cx8 apic sep mtrr pge mca cmov pat pse36 clflush dts acpi mmx fxsr sse sse2 ss ht tm pbe syscall nx pdpe1gb rdtscp lm constant_tsc art arch_perfmon pebs bts rep_good nopl xtopology nonstop_tsc cpuid aperfmperf tsc_known_freq pni pclmulqdq dtes64 monitor ds_cpl vmx est tm2 ssse3 sdbg cx16 xtpr pdcm sse4_1 sse4_2 x2apic movbe popcnt tsc_deadline_timer aes xsave rdrand lahf_lm 3dnowprefetch cpuid_fault cat_l2 pti cdp_l2 ssbd ibrs ibpb stibp ibrs_enhanced tpr_shadow vnmi flexpriority ept vpid fsgsbase tsc_adjust smep erms mpx rdt_a rdseed smap clflushopt intel_pt sha_ni xsaveopt xsavec xgetbv1 xsaves dtherm ida arat pln pts umip rdpid md_clear arch_capabilities
bugs		: cpu_meltdown spectre_v1 spectre_v2 spec_store_bypass
bogomips	: 2188.80
clflush size	: 64
cache_alignment	: 64
address sizes	: 39 bits physical, 48 bits virtual
power management:

processor	: 1
vendor_id	: GenuineIntel
cpu family	: 6
model		: 122
model name	: Intel(R) Celeron(R) N4000 CPU @ 1.10GHz
stepping	: 1
microcode	: 0x2e
cpu MHz		: 2487.271
cache size	: 4096 KB
physical id	: 0
siblings	: 2
core id		: 1
cpu cores	: 2
apicid		: 2
initial apicid	: 2
fpu		: yes
fpu_exception	: yes
cpuid level	: 24
wp		: yes
flags		: fpu vme de pse tsc msr pae mce cx8 apic sep mtrr pge mca cmov pat pse36 clflush dts acpi mmx fxsr sse sse2 ss ht tm pbe syscall nx pdpe1gb rdtscp lm constant_tsc art arch_perfmon pebs bts rep_good nopl xtopology nonstop_tsc cpuid aperfmperf tsc_known_freq pni pclmulqdq dtes64 monitor ds_cpl vmx est tm2 ssse3 sdbg cx16 xtpr pdcm sse4_1 sse4_2 x2apic movbe popcnt tsc_deadline_timer aes xsave rdrand lahf_lm 3dnowprefetch cpuid_fault cat_l2 pti cdp_l2 ssbd ibrs ibpb stibp ibrs_enhanced tpr_shadow vnmi flexpriority ept vpid fsgsbase tsc_adjust smep erms mpx rdt_a rdseed smap clflushopt intel_pt sha_ni xsaveopt xsavec xgetbv1 xsaves dtherm ida arat pln pts umip rdpid md_clear arch_capabilities
bugs		: cpu_meltdown spectre_v1 spectre_v2 spec_store_bypass
bogomips	: 2188.80
clflush size	: 64
cache_alignment	: 64
address sizes	: 39 bits physical, 48 bits virtual
power management:



Memory: 4k page, physical 7711852k(444112k free), swap 1393948k(16860k free)

vm_info: OpenJDK 64-Bit Server VM (25.222-b10) for linux-amd64 JRE (1.8.0_222-8u222-b10-1ubuntu1~18.04.1-b10), built on Jul 18 2019 18:52:48 by "buildd" with gcc 7.4.0

time: Mon Nov 11 18:50:54 2019
timezone: IST
elapsed time: 125 seconds (0d 0h 2m 5s)

