#
# There is insufficient memory for the Java Runtime Environment to continue.
# Native memory allocation (mmap) failed to map 80216064 bytes for committing reserved memory.
# Possible reasons:
#   The system is out of physical RAM or swap space
#   The process is running with CompressedOops enabled, and the Java Heap may be blocking the growth of the native heap
# Possible solutions:
#   Reduce memory load on the system
#   Increase physical memory or swap space
#   Check if swap backing store is full
#   Decrease Java heap size (-Xmx/-Xms)
#   Decrease number of Java threads
#   Decrease Java thread stack sizes (-Xss)
#   Set larger code cache with -XX:ReservedCodeCacheSize=
#   JVM is running with Unscaled Compressed Oops mode in which the Java heap is
#     placed in the first 4GB address space. The Java Heap base address is the
#     maximum limit for the native heap growth. Please use -XX:HeapBaseMinAddress
#     to set the Java Heap base and to place the Java Heap above 4GB virtual address.
# This output file may be truncated or incomplete.
#
#  Out of Memory Error (os_linux.cpp:2757), pid=23140, tid=0x00007fd4fe16a700
#
# JRE version: OpenJDK Runtime Environment (8.0_222-b10) (build 1.8.0_222-8u222-b10-1ubuntu1~18.04.1-b10)
# Java VM: OpenJDK 64-Bit Server VM (25.222-b10 mixed mode linux-amd64 compressed oops)
# Failed to write core dump. Core dumps have been disabled. To enable core dumping, try "ulimit -c unlimited" before starting Java again
#

---------------  T H R E A D  ---------------

Current thread (0x00007fd514075000):  VMThread [stack: 0x00007fd4fe06b000,0x00007fd4fe16b000] [id=23149]

Stack: [0x00007fd4fe06b000,0x00007fd4fe16b000],  sp=0x00007fd4fe1694a0,  free space=1017k
Native frames: (J=compiled Java code, j=interpreted, Vv=VM code, C=native code)
V  [libjvm.so+0xab8992]
V  [libjvm.so+0x4dbfd7]
V  [libjvm.so+0x8f33a0]
V  [libjvm.so+0x8ea46e]
V  [libjvm.so+0x96e106]
V  [libjvm.so+0x96f478]
V  [libjvm.so+0x96ba76]
V  [libjvm.so+0x96be0c]
V  [libjvm.so+0x91a5a8]
V  [libjvm.so+0xaba662]
V  [libjvm.so+0xabf1d6]
V  [libjvm.so+0xabd4d5]
V  [libjvm.so+0xabddad]
V  [libjvm.so+0xabe1b8]
V  [libjvm.so+0x8f0732]

VM_Operation (0x00007fd51a77e550): ParallelGCFailedAllocation, mode: safepoint, requested by thread 0x00007fd51400b000


---------------  P R O C E S S  ---------------

Java Threads: ( => current thread )
  0x00007fd5140cc800 JavaThread "Service Thread" daemon [_thread_blocked, id=23155, stack(0x00007fd4fd095000,0x00007fd4fd196000)]
  0x00007fd5140b7800 JavaThread "C1 CompilerThread1" daemon [_thread_blocked, id=23154, stack(0x00007fd4fd197000,0x00007fd4fd297000)]
  0x00007fd5140b4800 JavaThread "C2 CompilerThread0" daemon [_thread_blocked, id=23153, stack(0x00007fd4fd298000,0x00007fd4fd398000)]
  0x00007fd5140b3000 JavaThread "Signal Dispatcher" daemon [_thread_blocked, id=23152, stack(0x00007fd4fd398000,0x00007fd4fd499000)]
  0x00007fd514081000 JavaThread "Finalizer" daemon [_thread_blocked, id=23151, stack(0x00007fd4fde68000,0x00007fd4fdf69000)]
  0x00007fd51407e800 JavaThread "Reference Handler" daemon [_thread_blocked, id=23150, stack(0x00007fd4fdf69000,0x00007fd4fe06a000)]
  0x00007fd51400b000 JavaThread "main" [_thread_blocked, id=23142, stack(0x00007fd51a680000,0x00007fd51a780000)]

Other Threads:
=>0x00007fd514075000 VMThread [stack: 0x00007fd4fe06b000,0x00007fd4fe16b000] [id=23149]
  0x00007fd5140cf000 WatcherThread [stack: 0x00007fd4fcf95000,0x00007fd4fd095000] [id=23156]

VM state:at safepoint (normal execution)

VM Mutex/Monitor currently owned by a thread:  ([mutex/lock_event])
[0x00007fd514007bd0] Threads_lock - owner thread: 0x00007fd514075000
[0x00007fd5140080d0] Heap_lock - owner thread: 0x00007fd51400b000

heap address: 0x000000008a400000, size: 1884 MB, Compressed Oops mode: 32-bit
Narrow klass base: 0x0000000000000000, Narrow klass shift: 3
Compressed class space size: 1073741824 Address: 0x0000000100000000

Heap:
 PSYoungGen      total 495104K, used 818K [0x00000000d8c00000, 0x00000000f8480000, 0x0000000100000000)
  eden space 494080K, 0% used [0x00000000d8c00000,0x00000000d8c00000,0x00000000f6e80000)
  from space 1024K, 79% used [0x00000000f8380000,0x00000000f844c918,0x00000000f8480000)
  to   space 1536K, 0% used [0x00000000f8200000,0x00000000f8200000,0x00000000f8380000)
 ParOldGen       total 80896K, used 23707K [0x000000008a400000, 0x000000008f300000, 0x00000000d8c00000)
  object space 80896K, 29% used [0x000000008a400000,0x000000008bb26f38,0x000000008f300000)
 Metaspace       used 3297K, capacity 4486K, committed 4864K, reserved 1056768K
  class space    used 362K, capacity 386K, committed 512K, reserved 1048576K

Card table byte_map: [0x00007fd503800000,0x00007fd503baf000] byte_map_base: 0x00007fd5033ae000

Marking Bits: (ParMarkBitMap*) 0x00007fd519916360
 Begin Bits: [0x00007fd4ff8aa000, 0x00007fd50161a000)
 End Bits:   [0x00007fd50161a000, 0x00007fd50338a000)

Polling page: 0x00007fd51a797000

CodeCache: size=245760Kb used=1183Kb max_used=1183Kb free=244576Kb
 bounds [0x00007fd503f6f000, 0x00007fd5041df000, 0x00007fd512f6f000]
 total_blobs=297 nmethods=57 adapters=156
 compilation: enabled

Compilation events (10 events):
Event: 0.920 Thread 0x00007fd5140b4800   53       4       java.lang.StringBuilder::toString (17 bytes)
Event: 0.926 Thread 0x00007fd5140b4800 nmethod 53 0x00007fd504094710 code [0x00007fd504094880, 0x00007fd504094c18]
Event: 0.947 Thread 0x00007fd5140b4800   54       4       java.lang.String::valueOf (14 bytes)
Event: 0.948 Thread 0x00007fd5140b4800 nmethod 54 0x00007fd504092690 code [0x00007fd5040927e0, 0x00007fd504092858]
Event: 0.951 Thread 0x00007fd5140b4800   55       4       java.lang.StringBuilder::<init> (18 bytes)
Event: 0.962 Thread 0x00007fd5140b4800 nmethod 55 0x00007fd504093710 code [0x00007fd504093880, 0x00007fd504093d08]
Event: 30.143 Thread 0x00007fd5140b7800   56 %     3       com.bridgelabz.alg.BinaryFileIo::main @ 50 (135 bytes)
Event: 30.146 Thread 0x00007fd5140b7800 nmethod 56% 0x00007fd504096a10 code [0x00007fd504096d40, 0x00007fd504098288]
Event: 30.146 Thread 0x00007fd5140b7800   57       3       com.bridgelabz.alg.BinaryFileIo::main (135 bytes)
Event: 30.147 Thread 0x00007fd5140b7800 nmethod 57 0x00007fd504098e10 code [0x00007fd504099120, 0x00007fd50409a588]

GC Heap History (10 events):
Event: 173.326 GC heap after
Heap after GC invocations=377 (full 0):
 PSYoungGen      total 239104K, used 809K [0x00000000d8c00000, 0x00000000f8680000, 0x0000000100000000)
  eden space 238080K, 0% used [0x00000000d8c00000,0x00000000d8c00000,0x00000000e7480000)
  from space 1024K, 79% used [0x00000000f8400000,0x00000000f84ca5e8,0x00000000f8500000)
  to   space 1536K, 0% used [0x00000000f8500000,0x00000000f8500000,0x00000000f8680000)
 ParOldGen       total 80896K, used 23707K [0x000000008a400000, 0x000000008f300000, 0x00000000d8c00000)
  object space 80896K, 29% used [0x000000008a400000,0x000000008bb26f38,0x000000008f300000)
 Metaspace       used 3297K, capacity 4486K, committed 4864K, reserved 1056768K
  class space    used 362K, capacity 386K, committed 512K, reserved 1048576K
}
Event: 174.275 GC heap before
{Heap before GC invocations=378 (full 0):
 PSYoungGen      total 239104K, used 238889K [0x00000000d8c00000, 0x00000000f8680000, 0x0000000100000000)
  eden space 238080K, 100% used [0x00000000d8c00000,0x00000000e7480000,0x00000000e7480000)
  from space 1024K, 79% used [0x00000000f8400000,0x00000000f84ca5e8,0x00000000f8500000)
  to   space 1536K, 0% used [0x00000000f8500000,0x00000000f8500000,0x00000000f8680000)
 ParOldGen       total 80896K, used 23707K [0x000000008a400000, 0x000000008f300000, 0x00000000d8c00000)
  object space 80896K, 29% used [0x000000008a400000,0x000000008bb26f38,0x000000008f300000)
 Metaspace       used 3297K, capacity 4486K, committed 4864K, reserved 1056768K
  class space    used 362K, capacity 386K, committed 512K, reserved 1048576K
Event: 174.277 GC heap after
Heap after GC invocations=378 (full 0):
 PSYoungGen      total 286720K, used 810K [0x00000000d8c00000, 0x00000000f8600000, 0x0000000100000000)
  eden space 285696K, 0% used [0x00000000d8c00000,0x00000000d8c00000,0x00000000ea300000)
  from space 1024K, 79% used [0x00000000f8500000,0x00000000f85caaa0,0x00000000f8600000)
  to   space 1536K, 0% used [0x00000000f8300000,0x00000000f8300000,0x00000000f8480000)
 ParOldGen       total 80896K, used 23707K [0x000000008a400000, 0x000000008f300000, 0x00000000d8c00000)
  object space 80896K, 29% used [0x000000008a400000,0x000000008bb26f38,0x000000008f300000)
 Metaspace       used 3297K, capacity 4486K, committed 4864K, reserved 1056768K
  class space    used 362K, capacity 386K, committed 512K, reserved 1048576K
}
Event: 175.735 GC heap before
{Heap before GC invocations=379 (full 0):
 PSYoungGen      total 286720K, used 286293K [0x00000000d8c00000, 0x00000000f8600000, 0x0000000100000000)
  eden space 285696K, 99% used [0x00000000d8c00000,0x00000000ea2cab00,0x00000000ea300000)
  from space 1024K, 79% used [0x00000000f8500000,0x00000000f85caaa0,0x00000000f8600000)
  to   space 1536K, 0% used [0x00000000f8300000,0x00000000f8300000,0x00000000f8480000)
 ParOldGen       total 80896K, used 23707K [0x000000008a400000, 0x000000008f300000, 0x00000000d8c00000)
  object space 80896K, 29% used [0x000000008a400000,0x000000008bb26f38,0x000000008f300000)
 Metaspace       used 3297K, capacity 4486K, committed 4864K, reserved 1056768K
  class space    used 362K, capacity 386K, committed 512K, reserved 1048576K
Event: 175.745 GC heap after
Heap after GC invocations=379 (full 0):
 PSYoungGen      total 344064K, used 812K [0x00000000d8c00000, 0x00000000f8580000, 0x0000000100000000)
  eden space 343040K, 0% used [0x00000000d8c00000,0x00000000d8c00000,0x00000000edb00000)
  from space 1024K, 79% used [0x00000000f8300000,0x00000000f83cb058,0x00000000f8400000)
  to   space 1536K, 0% used [0x00000000f8400000,0x00000000f8400000,0x00000000f8580000)
 ParOldGen       total 80896K, used 23707K [0x000000008a400000, 0x000000008f300000, 0x00000000d8c00000)
  object space 80896K, 29% used [0x000000008a400000,0x000000008bb26f38,0x000000008f300000)
 Metaspace       used 3297K, capacity 4486K, committed 4864K, reserved 1056768K
  class space    used 362K, capacity 386K, committed 512K, reserved 1048576K
}
Event: 177.229 GC heap before
{Heap before GC invocations=380 (full 0):
 PSYoungGen      total 344064K, used 343417K [0x00000000d8c00000, 0x00000000f8580000, 0x0000000100000000)
  eden space 343040K, 99% used [0x00000000d8c00000,0x00000000eda93680,0x00000000edb00000)
  from space 1024K, 79% used [0x00000000f8300000,0x00000000f83cb058,0x00000000f8400000)
  to   space 1536K, 0% used [0x00000000f8400000,0x00000000f8400000,0x00000000f8580000)
 ParOldGen       total 80896K, used 23707K [0x000000008a400000, 0x000000008f300000, 0x00000000d8c00000)
  object space 80896K, 29% used [0x000000008a400000,0x000000008bb26f38,0x000000008f300000)
 Metaspace       used 3297K, capacity 4486K, committed 4864K, reserved 1056768K
  class space    used 362K, capacity 386K, committed 512K, reserved 1048576K
Event: 177.231 GC heap after
Heap after GC invocations=380 (full 0):
 PSYoungGen      total 412672K, used 813K [0x00000000d8c00000, 0x00000000f8500000, 0x0000000100000000)
  eden space 411648K, 0% used [0x00000000d8c00000,0x00000000d8c00000,0x00000000f1e00000)
  from space 1024K, 79% used [0x00000000f8400000,0x00000000f84cb730,0x00000000f8500000)
  to   space 1536K, 0% used [0x00000000f8200000,0x00000000f8200000,0x00000000f8380000)
 ParOldGen       total 80896K, used 23707K [0x000000008a400000, 0x000000008f300000, 0x00000000d8c00000)
  object space 80896K, 29% used [0x000000008a400000,0x000000008bb26f38,0x000000008f300000)
 Metaspace       used 3297K, capacity 4486K, committed 4864K, reserved 1056768K
  class space    used 362K, capacity 386K, committed 512K, reserved 1048576K
}
Event: 179.346 GC heap before
{Heap before GC invocations=381 (full 0):
 PSYoungGen      total 412672K, used 412144K [0x00000000d8c00000, 0x00000000f8500000, 0x0000000100000000)
  eden space 411648K, 99% used [0x00000000d8c00000,0x00000000f1db0c38,0x00000000f1e00000)
  from space 1024K, 79% used [0x00000000f8400000,0x00000000f84cb730,0x00000000f8500000)
  to   space 1536K, 0% used [0x00000000f8200000,0x00000000f8200000,0x00000000f8380000)
 ParOldGen       total 80896K, used 23707K [0x000000008a400000, 0x000000008f300000, 0x00000000d8c00000)
  object space 80896K, 29% used [0x000000008a400000,0x000000008bb26f38,0x000000008f300000)
 Metaspace       used 3297K, capacity 4486K, committed 4864K, reserved 1056768K
  class space    used 362K, capacity 386K, committed 512K, reserved 1048576K
Event: 179.348 GC heap after
Heap after GC invocations=381 (full 0):
 PSYoungGen      total 495616K, used 815K [0x00000000d8c00000, 0x00000000f8480000, 0x0000000100000000)
  eden space 494080K, 0% used [0x00000000d8c00000,0x00000000d8c00000,0x00000000f6e80000)
  from space 1536K, 53% used [0x00000000f8200000,0x00000000f82cbf48,0x00000000f8380000)
  to   space 1024K, 0% used [0x00000000f8380000,0x00000000f8380000,0x00000000f8480000)
 ParOldGen       total 80896K, used 23707K [0x000000008a400000, 0x000000008f300000, 0x00000000d8c00000)
  object space 80896K, 29% used [0x000000008a400000,0x000000008bb26f38,0x000000008f300000)
 Metaspace       used 3297K, capacity 4486K, committed 4864K, reserved 1056768K
  class space    used 362K, capacity 386K, committed 512K, reserved 1048576K
}
Event: 182.153 GC heap before
{Heap before GC invocations=382 (full 0):
 PSYoungGen      total 495616K, used 494247K [0x00000000d8c00000, 0x00000000f8480000, 0x0000000100000000)
  eden space 494080K, 99% used [0x00000000d8c00000,0x00000000f6dde020,0x00000000f6e80000)
  from space 1536K, 53% used [0x00000000f8200000,0x00000000f82cbf48,0x00000000f8380000)
  to   space 1024K, 0% used [0x00000000f8380000,0x00000000f8380000,0x00000000f8480000)
 ParOldGen       total 80896K, used 23707K [0x000000008a400000, 0x000000008f300000, 0x00000000d8c00000)
  object space 80896K, 29% used [0x000000008a400000,0x000000008bb26f38,0x000000008f300000)
 Metaspace       used 3297K, capacity 4486K, committed 4864K, reserved 1056768K
  class space    used 362K, capacity 386K, committed 512K, reserved 1048576K

Deoptimization events (0 events):
No events

Classes redefined (0 events):
No events

Internal exceptions (10 events):
Event: 0.152 Thread 0x00007fd51400b000 Exception <a 'java/lang/NoSuchMethodError': Method sun.misc.Unsafe.prefetchRead(Ljava/lang/Object;J)V name or signature does not match> (0x00000000d8c07fa0) thrown at [/build/openjdk-8-OqY7zN/openjdk-8-8u222-b10/src/hotspot/src/share/vm/prims/jni.cpp, lin
Event: 0.347 Thread 0x00007fd51400b000 Exception <a 'java/util/zip/ZipException'> (0x00000000d8c59a08) thrown at [/build/openjdk-8-OqY7zN/openjdk-8-8u222-b10/src/hotspot/src/share/vm/prims/jni.cpp, line 710]
Event: 0.347 Thread 0x00007fd51400b000 Exception <a 'java/security/PrivilegedActionException'> (0x00000000d8c59ca8) thrown at [/build/openjdk-8-OqY7zN/openjdk-8-8u222-b10/src/hotspot/src/share/vm/prims/jvm.cpp, line 1502]
Event: 0.347 Thread 0x00007fd51400b000 Exception <a 'java/security/PrivilegedActionException'> (0x00000000d8c59eb8) thrown at [/build/openjdk-8-OqY7zN/openjdk-8-8u222-b10/src/hotspot/src/share/vm/prims/jvm.cpp, line 1502]
Event: 0.450 Thread 0x00007fd51400b000 Exception <a 'java/security/PrivilegedActionException'> (0x00000000d8c87698) thrown at [/build/openjdk-8-OqY7zN/openjdk-8-8u222-b10/src/hotspot/src/share/vm/prims/jvm.cpp, line 1502]
Event: 0.450 Thread 0x00007fd51400b000 Exception <a 'java/security/PrivilegedActionException'> (0x00000000d8c87a90) thrown at [/build/openjdk-8-OqY7zN/openjdk-8-8u222-b10/src/hotspot/src/share/vm/prims/jvm.cpp, line 1502]
Event: 0.451 Thread 0x00007fd51400b000 Exception <a 'java/security/PrivilegedActionException'> (0x00000000d8c89d00) thrown at [/build/openjdk-8-OqY7zN/openjdk-8-8u222-b10/src/hotspot/src/share/vm/prims/jvm.cpp, line 1502]
Event: 0.451 Thread 0x00007fd51400b000 Exception <a 'java/security/PrivilegedActionException'> (0x00000000d8c8a0f8) thrown at [/build/openjdk-8-OqY7zN/openjdk-8-8u222-b10/src/hotspot/src/share/vm/prims/jvm.cpp, line 1502]
Event: 0.451 Thread 0x00007fd51400b000 Exception <a 'java/security/PrivilegedActionException'> (0x00000000d8c8adb8) thrown at [/build/openjdk-8-OqY7zN/openjdk-8-8u222-b10/src/hotspot/src/share/vm/prims/jvm.cpp, line 1502]
Event: 0.451 Thread 0x00007fd51400b000 Exception <a 'java/security/PrivilegedActionException'> (0x00000000d8c8b1b0) thrown at [/build/openjdk-8-OqY7zN/openjdk-8-8u222-b10/src/hotspot/src/share/vm/prims/jvm.cpp, line 1502]

Events (10 events):
Event: 173.326 Executing VM operation: ParallelGCFailedAllocation done
Event: 174.275 Executing VM operation: ParallelGCFailedAllocation
Event: 174.277 Executing VM operation: ParallelGCFailedAllocation done
Event: 175.735 Executing VM operation: ParallelGCFailedAllocation
Event: 175.745 Executing VM operation: ParallelGCFailedAllocation done
Event: 177.229 Executing VM operation: ParallelGCFailedAllocation
Event: 177.231 Executing VM operation: ParallelGCFailedAllocation done
Event: 179.338 Executing VM operation: ParallelGCFailedAllocation
Event: 179.348 Executing VM operation: ParallelGCFailedAllocation done
Event: 182.099 Executing VM operation: ParallelGCFailedAllocation


Dynamic libraries:
8a400000-8f300000 rw-p 00000000 00:00 0 
8f300000-d8c00000 ---p 00000000 00:00 0 
d8c00000-f8480000 rw-p 00000000 00:00 0 
fd100000-100000000 ---p 00000000 00:00 0 
100000000-100080000 rw-p 00000000 00:00 0 
100080000-140000000 ---p 00000000 00:00 0 
5593c6211000-5593c6212000 r-xp 00000000 b3:02 394207                     /usr/lib/jvm/java-8-openjdk-amd64/jre/bin/java
5593c6411000-5593c6412000 r--p 00000000 b3:02 394207                     /usr/lib/jvm/java-8-openjdk-amd64/jre/bin/java
5593c6412000-5593c6413000 rw-p 00001000 b3:02 394207                     /usr/lib/jvm/java-8-openjdk-amd64/jre/bin/java
5593c7dba000-5593c7ddb000 rw-p 00000000 00:00 0                          [heap]
7fd4d0000000-7fd4d0021000 rw-p 00000000 00:00 0 
7fd4d0021000-7fd4d4000000 ---p 00000000 00:00 0 
7fd4d8000000-7fd4d8068000 rw-p 00000000 00:00 0 
7fd4d8068000-7fd4dc000000 ---p 00000000 00:00 0 
7fd4dc000000-7fd4dc021000 rw-p 00000000 00:00 0 
7fd4dc021000-7fd4e0000000 ---p 00000000 00:00 0 
7fd4e0000000-7fd4e0021000 rw-p 00000000 00:00 0 
7fd4e0021000-7fd4e4000000 ---p 00000000 00:00 0 
7fd4e4000000-7fd4e4092000 rw-p 00000000 00:00 0 
7fd4e4092000-7fd4e8000000 ---p 00000000 00:00 0 
7fd4e8000000-7fd4e8021000 rw-p 00000000 00:00 0 
7fd4e8021000-7fd4ec000000 ---p 00000000 00:00 0 
7fd4ec000000-7fd4ec021000 rw-p 00000000 00:00 0 
7fd4ec021000-7fd4f0000000 ---p 00000000 00:00 0 
7fd4f0000000-7fd4f0021000 rw-p 00000000 00:00 0 
7fd4f0021000-7fd4f4000000 ---p 00000000 00:00 0 
7fd4f4000000-7fd4f4021000 rw-p 00000000 00:00 0 
7fd4f4021000-7fd4f8000000 ---p 00000000 00:00 0 
7fd4f8000000-7fd4f8021000 rw-p 00000000 00:00 0 
7fd4f8021000-7fd4fc000000 ---p 00000000 00:00 0 
7fd4fcf5e000-7fd4fcf79000 r--s 001d6000 b3:02 396003                     /usr/lib/jvm/java-8-openjdk-amd64/jre/lib/ext/nashorn.jar
7fd4fcf79000-7fd4fcf94000 r--s 00394000 b3:02 395760                     /usr/lib/jvm/java-8-openjdk-amd64/jre/lib/ext/cldrdata.jar
7fd4fcf94000-7fd4fcf95000 ---p 00000000 00:00 0 
7fd4fcf95000-7fd4fd095000 rw-p 00000000 00:00 0 
7fd4fd095000-7fd4fd098000 ---p 00000000 00:00 0 
7fd4fd098000-7fd4fd196000 rw-p 00000000 00:00 0 
7fd4fd196000-7fd4fd197000 ---p 00000000 00:00 0 
7fd4fd197000-7fd4fd19a000 ---p 00000000 00:00 0 
7fd4fd19a000-7fd4fd297000 rw-p 00000000 00:00 0 
7fd4fd297000-7fd4fd298000 ---p 00000000 00:00 0 
7fd4fd298000-7fd4fd29b000 ---p 00000000 00:00 0 
7fd4fd29b000-7fd4fd398000 rw-p 00000000 00:00 0 
7fd4fd398000-7fd4fd39b000 ---p 00000000 00:00 0 
7fd4fd39b000-7fd4fd499000 rw-p 00000000 00:00 0 
7fd4fd499000-7fd4fde68000 r--p 00000000 b3:02 399303                     /usr/lib/locale/locale-archive
7fd4fde68000-7fd4fde6b000 ---p 00000000 00:00 0 
7fd4fde6b000-7fd4fdf69000 rw-p 00000000 00:00 0 
7fd4fdf69000-7fd4fdf6c000 ---p 00000000 00:00 0 
7fd4fdf6c000-7fd4fe06a000 rw-p 00000000 00:00 0 
7fd4fe06a000-7fd4fe06b000 ---p 00000000 00:00 0 
7fd4fe06b000-7fd4feab6000 rw-p 00000000 00:00 0 
7fd4feab6000-7fd4fec86000 r--s 03c5c000 b3:02 397558                     /usr/lib/jvm/java-8-openjdk-amd64/jre/lib/rt.jar
7fd4fec86000-7fd4ff13c000 rw-p 00000000 00:00 0 
7fd4ff13c000-7fd4ff4fc000 ---p 00000000 00:00 0 
7fd4ff4fc000-7fd50338a000 rw-p 00000000 00:00 0 
7fd50338a000-7fd50338b000 ---p 00000000 00:00 0 
7fd50338b000-7fd50348b000 rw-p 00000000 00:00 0 
7fd50348b000-7fd50348c000 ---p 00000000 00:00 0 
7fd50348c000-7fd5035b4000 rw-p 00000000 00:00 0 
7fd5035b4000-7fd503800000 ---p 00000000 00:00 0 
7fd503800000-7fd503828000 rw-p 00000000 00:00 0 
7fd503828000-7fd503a74000 ---p 00000000 00:00 0 
7fd503a74000-7fd503b71000 rw-p 00000000 00:00 0 
7fd503b71000-7fd503bae000 ---p 00000000 00:00 0 
7fd503bae000-7fd503bb9000 rw-p 00000000 00:00 0 
7fd503bb9000-7fd503f6f000 ---p 00000000 00:00 0 
7fd503f6f000-7fd5041df000 rwxp 00000000 00:00 0 
7fd5041df000-7fd512f6f000 ---p 00000000 00:00 0 
7fd512f6f000-7fd512f77000 r-xp 00000000 b3:02 395584                     /usr/lib/jvm/java-8-openjdk-amd64/jre/lib/amd64/libzip.so
7fd512f77000-7fd513176000 ---p 00008000 b3:02 395584                     /usr/lib/jvm/java-8-openjdk-amd64/jre/lib/amd64/libzip.so
7fd513176000-7fd513177000 r--p 00007000 b3:02 395584                     /usr/lib/jvm/java-8-openjdk-amd64/jre/lib/amd64/libzip.so
7fd513177000-7fd513178000 rw-p 00008000 b3:02 395584                     /usr/lib/jvm/java-8-openjdk-amd64/jre/lib/amd64/libzip.so
7fd513178000-7fd513183000 r-xp 00000000 b3:02 1706491                    /lib/x86_64-linux-gnu/libnss_files-2.27.so
7fd513183000-7fd513382000 ---p 0000b000 b3:02 1706491                    /lib/x86_64-linux-gnu/libnss_files-2.27.so
7fd513382000-7fd513383000 r--p 0000a000 b3:02 1706491                    /lib/x86_64-linux-gnu/libnss_files-2.27.so
7fd513383000-7fd513384000 rw-p 0000b000 b3:02 1706491                    /lib/x86_64-linux-gnu/libnss_files-2.27.so
7fd513384000-7fd51338a000 rw-p 00000000 00:00 0 
7fd51338a000-7fd5133a1000 r-xp 00000000 b3:02 1706485                    /lib/x86_64-linux-gnu/libnsl-2.27.so
7fd5133a1000-7fd5135a0000 ---p 00017000 b3:02 1706485                    /lib/x86_64-linux-gnu/libnsl-2.27.so
7fd5135a0000-7fd5135a1000 r--p 00016000 b3:02 1706485                    /lib/x86_64-linux-gnu/libnsl-2.27.so
7fd5135a1000-7fd5135a2000 rw-p 00017000 b3:02 1706485                    /lib/x86_64-linux-gnu/libnsl-2.27.so
7fd5135a2000-7fd5135a4000 rw-p 00000000 00:00 0 
7fd5135a4000-7fd5135af000 r-xp 00000000 b3:02 1706502                    /lib/x86_64-linux-gnu/libnss_nis-2.27.so
7fd5135af000-7fd5137ae000 ---p 0000b000 b3:02 1706502                    /lib/x86_64-linux-gnu/libnss_nis-2.27.so
7fd5137ae000-7fd5137af000 r--p 0000a000 b3:02 1706502                    /lib/x86_64-linux-gnu/libnss_nis-2.27.so
7fd5137af000-7fd5137b0000 rw-p 0000b000 b3:02 1706502                    /lib/x86_64-linux-gnu/libnss_nis-2.27.so
7fd5137b0000-7fd5137b8000 r-xp 00000000 b3:02 1706487                    /lib/x86_64-linux-gnu/libnss_compat-2.27.so
7fd5137b8000-7fd5139b8000 ---p 00008000 b3:02 1706487                    /lib/x86_64-linux-gnu/libnss_compat-2.27.so
7fd5139b8000-7fd5139b9000 r--p 00008000 b3:02 1706487                    /lib/x86_64-linux-gnu/libnss_compat-2.27.so
7fd5139b9000-7fd5139ba000 rw-p 00009000 b3:02 1706487                    /lib/x86_64-linux-gnu/libnss_compat-2.27.so
7fd5139ba000-7fd5139e4000 r-xp 00000000 b3:02 395206                     /usr/lib/jvm/java-8-openjdk-amd64/jre/lib/amd64/libjava.so
7fd5139e4000-7fd513be3000 ---p 0002a000 b3:02 395206                     /usr/lib/jvm/java-8-openjdk-amd64/jre/lib/amd64/libjava.so
7fd513be3000-7fd513be4000 r--p 00029000 b3:02 395206                     /usr/lib/jvm/java-8-openjdk-amd64/jre/lib/amd64/libjava.so
7fd513be4000-7fd513be6000 rw-p 0002a000 b3:02 395206                     /usr/lib/jvm/java-8-openjdk-amd64/jre/lib/amd64/libjava.so
7fd513be6000-7fd513bf6000 r-xp 00000000 b3:02 395550                     /usr/lib/jvm/java-8-openjdk-amd64/jre/lib/amd64/libverify.so
7fd513bf6000-7fd513df5000 ---p 00010000 b3:02 395550                     /usr/lib/jvm/java-8-openjdk-amd64/jre/lib/amd64/libverify.so
7fd513df5000-7fd513df7000 r--p 0000f000 b3:02 395550                     /usr/lib/jvm/java-8-openjdk-amd64/jre/lib/amd64/libverify.so
7fd513df7000-7fd513df8000 rw-p 00011000 b3:02 395550                     /usr/lib/jvm/java-8-openjdk-amd64/jre/lib/amd64/libverify.so
7fd513df8000-7fd513dff000 r-xp 00000000 b3:02 1706542                    /lib/x86_64-linux-gnu/librt-2.27.so
7fd513dff000-7fd513ffe000 ---p 00007000 b3:02 1706542                    /lib/x86_64-linux-gnu/librt-2.27.so
7fd513ffe000-7fd513fff000 r--p 00006000 b3:02 1706542                    /lib/x86_64-linux-gnu/librt-2.27.so
7fd513fff000-7fd514000000 rw-p 00007000 b3:02 1706542                    /lib/x86_64-linux-gnu/librt-2.27.so
7fd514000000-7fd51415e000 rw-p 00000000 00:00 0 
7fd51415e000-7fd518000000 ---p 00000000 00:00 0 
7fd51801a000-7fd518068000 rw-p 00000000 00:00 0 
7fd518068000-7fd51807f000 r-xp 00000000 b3:02 1701708                    /lib/x86_64-linux-gnu/libgcc_s.so.1
7fd51807f000-7fd51827e000 ---p 00017000 b3:02 1701708                    /lib/x86_64-linux-gnu/libgcc_s.so.1
7fd51827e000-7fd51827f000 r--p 00016000 b3:02 1701708                    /lib/x86_64-linux-gnu/libgcc_s.so.1
7fd51827f000-7fd518280000 rw-p 00017000 b3:02 1701708                    /lib/x86_64-linux-gnu/libgcc_s.so.1
7fd518280000-7fd51841d000 r-xp 00000000 b3:02 1706464                    /lib/x86_64-linux-gnu/libm-2.27.so
7fd51841d000-7fd51861c000 ---p 0019d000 b3:02 1706464                    /lib/x86_64-linux-gnu/libm-2.27.so
7fd51861c000-7fd51861d000 r--p 0019c000 b3:02 1706464                    /lib/x86_64-linux-gnu/libm-2.27.so
7fd51861d000-7fd51861e000 rw-p 0019d000 b3:02 1706464                    /lib/x86_64-linux-gnu/libm-2.27.so
7fd51861e000-7fd518797000 r-xp 00000000 b3:02 392630                     /usr/lib/x86_64-linux-gnu/libstdc++.so.6.0.25
7fd518797000-7fd518997000 ---p 00179000 b3:02 392630                     /usr/lib/x86_64-linux-gnu/libstdc++.so.6.0.25
7fd518997000-7fd5189a1000 r--p 00179000 b3:02 392630                     /usr/lib/x86_64-linux-gnu/libstdc++.so.6.0.25
7fd5189a1000-7fd5189a3000 rw-p 00183000 b3:02 392630                     /usr/lib/x86_64-linux-gnu/libstdc++.so.6.0.25
7fd5189a3000-7fd5189a7000 rw-p 00000000 00:00 0 
7fd5189a7000-7fd519646000 r-xp 00000000 b3:02 395653                     /usr/lib/jvm/java-8-openjdk-amd64/jre/lib/amd64/server/libjvm.so
7fd519646000-7fd519846000 ---p 00c9f000 b3:02 395653                     /usr/lib/jvm/java-8-openjdk-amd64/jre/lib/amd64/server/libjvm.so
7fd519846000-7fd5198da000 r--p 00c9f000 b3:02 395653                     /usr/lib/jvm/java-8-openjdk-amd64/jre/lib/amd64/server/libjvm.so
7fd5198da000-7fd519903000 rw-p 00d33000 b3:02 395653                     /usr/lib/jvm/java-8-openjdk-amd64/jre/lib/amd64/server/libjvm.so
7fd519903000-7fd519933000 rw-p 00000000 00:00 0 
7fd519933000-7fd51994d000 r-xp 00000000 b3:02 1706534                    /lib/x86_64-linux-gnu/libpthread-2.27.so
7fd51994d000-7fd519b4c000 ---p 0001a000 b3:02 1706534                    /lib/x86_64-linux-gnu/libpthread-2.27.so
7fd519b4c000-7fd519b4d000 r--p 00019000 b3:02 1706534                    /lib/x86_64-linux-gnu/libpthread-2.27.so
7fd519b4d000-7fd519b4e000 rw-p 0001a000 b3:02 1706534                    /lib/x86_64-linux-gnu/libpthread-2.27.so
7fd519b4e000-7fd519b52000 rw-p 00000000 00:00 0 
7fd519b52000-7fd519b55000 r-xp 00000000 b3:02 1706424                    /lib/x86_64-linux-gnu/libdl-2.27.so
7fd519b55000-7fd519d54000 ---p 00003000 b3:02 1706424                    /lib/x86_64-linux-gnu/libdl-2.27.so
7fd519d54000-7fd519d55000 r--p 00002000 b3:02 1706424                    /lib/x86_64-linux-gnu/libdl-2.27.so
7fd519d55000-7fd519d56000 rw-p 00003000 b3:02 1706424                    /lib/x86_64-linux-gnu/libdl-2.27.so
7fd519d56000-7fd519d72000 r-xp 00000000 b3:02 1706573                    /lib/x86_64-linux-gnu/libz.so.1.2.11
7fd519d72000-7fd519f71000 ---p 0001c000 b3:02 1706573                    /lib/x86_64-linux-gnu/libz.so.1.2.11
7fd519f71000-7fd519f72000 r--p 0001b000 b3:02 1706573                    /lib/x86_64-linux-gnu/libz.so.1.2.11
7fd519f72000-7fd519f73000 rw-p 0001c000 b3:02 1706573                    /lib/x86_64-linux-gnu/libz.so.1.2.11
7fd519f73000-7fd51a15a000 r-xp 00000000 b3:02 1706401                    /lib/x86_64-linux-gnu/libc-2.27.so
7fd51a15a000-7fd51a35a000 ---p 001e7000 b3:02 1706401                    /lib/x86_64-linux-gnu/libc-2.27.so
7fd51a35a000-7fd51a35e000 r--p 001e7000 b3:02 1706401                    /lib/x86_64-linux-gnu/libc-2.27.so
7fd51a35e000-7fd51a360000 rw-p 001eb000 b3:02 1706401                    /lib/x86_64-linux-gnu/libc-2.27.so
7fd51a360000-7fd51a364000 rw-p 00000000 00:00 0 
7fd51a364000-7fd51a372000 r-xp 00000000 b3:02 395106                     /usr/lib/jvm/java-8-openjdk-amd64/jre/lib/amd64/jli/libjli.so
7fd51a372000-7fd51a571000 ---p 0000e000 b3:02 395106                     /usr/lib/jvm/java-8-openjdk-amd64/jre/lib/amd64/jli/libjli.so
7fd51a571000-7fd51a572000 r--p 0000d000 b3:02 395106                     /usr/lib/jvm/java-8-openjdk-amd64/jre/lib/amd64/jli/libjli.so
7fd51a572000-7fd51a573000 rw-p 0000e000 b3:02 395106                     /usr/lib/jvm/java-8-openjdk-amd64/jre/lib/amd64/jli/libjli.so
7fd51a573000-7fd51a59a000 r-xp 00000000 b3:02 1706373                    /lib/x86_64-linux-gnu/ld-2.27.so
7fd51a5a6000-7fd51a5a9000 r--s 0000f000 b3:02 395791                     /usr/lib/jvm/java-8-openjdk-amd64/jre/lib/ext/icedtea-sound.jar
7fd51a5a9000-7fd51a5ab000 r--s 00007000 b3:02 785030                     /usr/share/java/java-atk-wrapper.jar
7fd51a5ab000-7fd51a5ac000 r--s 00010000 b3:02 396007                     /usr/lib/jvm/java-8-openjdk-amd64/jre/lib/ext/zipfs.jar
7fd51a5ac000-7fd51a5b6000 r--s 00116000 b3:02 396001                     /usr/lib/jvm/java-8-openjdk-amd64/jre/lib/ext/localedata.jar
7fd51a5b6000-7fd51a67f000 rw-p 00000000 00:00 0 
7fd51a67f000-7fd51a680000 ---p 00000000 00:00 0 
7fd51a680000-7fd51a683000 ---p 00000000 00:00 0 
7fd51a683000-7fd51a782000 rw-p 00000000 00:00 0 
7fd51a782000-7fd51a787000 r--s 0003c000 b3:02 396005                     /usr/lib/jvm/java-8-openjdk-amd64/jre/lib/ext/sunjce_provider.jar
7fd51a787000-7fd51a788000 r--s 0000d000 b3:02 396004                     /usr/lib/jvm/java-8-openjdk-amd64/jre/lib/ext/sunec.jar
7fd51a788000-7fd51a78b000 r--s 00039000 b3:02 396006                     /usr/lib/jvm/java-8-openjdk-amd64/jre/lib/ext/sunpkcs11.jar
7fd51a78b000-7fd51a78d000 r--s 00001000 b3:02 395767                     /usr/lib/jvm/java-8-openjdk-amd64/jre/lib/ext/dnsns.jar
7fd51a78d000-7fd51a78e000 r--s 0000a000 b3:02 395796                     /usr/lib/jvm/java-8-openjdk-amd64/jre/lib/ext/jaccess.jar
7fd51a78e000-7fd51a796000 rw-s 00000000 b3:02 268095                     /tmp/hsperfdata_admin1/23140
7fd51a796000-7fd51a797000 rw-p 00000000 00:00 0 
7fd51a797000-7fd51a798000 ---p 00000000 00:00 0 
7fd51a798000-7fd51a79a000 rw-p 00000000 00:00 0 
7fd51a79a000-7fd51a79b000 r--p 00027000 b3:02 1706373                    /lib/x86_64-linux-gnu/ld-2.27.so
7fd51a79b000-7fd51a79c000 rw-p 00028000 b3:02 1706373                    /lib/x86_64-linux-gnu/ld-2.27.so
7fd51a79c000-7fd51a79d000 rw-p 00000000 00:00 0 
7ffd9d2a2000-7ffd9d2c3000 rw-p 00000000 00:00 0                          [stack]
7ffd9d388000-7ffd9d38b000 r--p 00000000 00:00 0                          [vvar]
7ffd9d38b000-7ffd9d38d000 r-xp 00000000 00:00 0                          [vdso]
ffffffffff600000-ffffffffff601000 r-xp 00000000 00:00 0                  [vsyscall]

VM Arguments:
jvm_args: -Dfile.encoding=UTF-8 
java_command: com.bridgelabz.alg.BinaryFileIo
java_class_path (initial): /home/admin1/Desktop/eclipse-inst-linux64/AlgorithmProblems/bin
Launcher Type: SUN_STANDARD

Environment Variables:
PATH=/usr/local/sbin:/usr/local/bin:/usr/sbin:/usr/bin:/sbin:/bin:/usr/games:/usr/local/games:/snap/bin
USERNAME=admin1
SHELL=/bin/bash
DISPLAY=:0

Signal Handlers:
SIGSEGV: [libjvm.so+0xab92f0], sa_mask[0]=11111111011111111101111111111110, sa_flags=SA_RESTART|SA_SIGINFO
SIGBUS: [libjvm.so+0xab92f0], sa_mask[0]=11111111011111111101111111111110, sa_flags=SA_RESTART|SA_SIGINFO
SIGFPE: [libjvm.so+0x8ee560], sa_mask[0]=11111111011111111101111111111110, sa_flags=SA_RESTART|SA_SIGINFO
SIGPIPE: [libjvm.so+0x8ee560], sa_mask[0]=11111111011111111101111111111110, sa_flags=SA_RESTART|SA_SIGINFO
SIGXFSZ: [libjvm.so+0x8ee560], sa_mask[0]=11111111011111111101111111111110, sa_flags=SA_RESTART|SA_SIGINFO
SIGILL: [libjvm.so+0x8ee560], sa_mask[0]=11111111011111111101111111111110, sa_flags=SA_RESTART|SA_SIGINFO
SIGUSR1: SIG_DFL, sa_mask[0]=00000000000000000000000000000000, sa_flags=none
SIGUSR2: [libjvm.so+0x8ee410], sa_mask[0]=00100000000000000000000000000000, sa_flags=SA_RESTART|SA_SIGINFO
SIGHUP: [libjvm.so+0x8eea80], sa_mask[0]=11111111011111111101111111111110, sa_flags=SA_RESTART|SA_SIGINFO
SIGINT: [libjvm.so+0x8eea80], sa_mask[0]=11111111011111111101111111111110, sa_flags=SA_RESTART|SA_SIGINFO
SIGTERM: [libjvm.so+0x8eea80], sa_mask[0]=11111111011111111101111111111110, sa_flags=SA_RESTART|SA_SIGINFO
SIGQUIT: [libjvm.so+0x8eea80], sa_mask[0]=11111111011111111101111111111110, sa_flags=SA_RESTART|SA_SIGINFO


---------------  S Y S T E M  ---------------

OS:DISTRIB_ID=Ubuntu
DISTRIB_RELEASE=18.04
DISTRIB_CODENAME=bionic
DISTRIB_DESCRIPTION="Ubuntu 18.04.3 LTS"

uname:Linux 4.15.0-66-generic #75-Ubuntu SMP Tue Oct 1 05:24:09 UTC 2019 x86_64
libc:glibc 2.27 NPTL 2.27 
rlimit: STACK 8192k, CORE 0k, NPROC 29831, NOFILE 4096, AS infinity
load average:35.36 21.36 12.73

/proc/meminfo:
MemTotal:        7711852 kB
MemFree:          107768 kB
MemAvailable:          0 kB
Buffers:             300 kB
Cached:           101320 kB
SwapCached:          500 kB
Active:          6527672 kB
Inactive:         825436 kB
Active(anon):    6521848 kB
Inactive(anon):   817976 kB
Active(file):       5824 kB
Inactive(file):     7460 kB
Unevictable:          64 kB
Mlocked:              64 kB
SwapTotal:       1393948 kB
SwapFree:              4 kB
Dirty:               184 kB
Writeback:           432 kB
AnonPages:       7251620 kB
Mapped:            16336 kB
Shmem:             88220 kB
Slab:             105852 kB
SReclaimable:      43088 kB
SUnreclaim:        62764 kB
KernelStack:       16384 kB
PageTables:        65296 kB
NFS_Unstable:          0 kB
Bounce:                0 kB
WritebackTmp:          0 kB
CommitLimit:     5249872 kB
Committed_AS:   15559136 kB
VmallocTotal:   34359738367 kB
VmallocUsed:           0 kB
VmallocChunk:          0 kB
HardwareCorrupted:     0 kB
AnonHugePages:         0 kB
ShmemHugePages:        0 kB
ShmemPmdMapped:        0 kB
CmaTotal:              0 kB
CmaFree:               0 kB
HugePages_Total:       0
HugePages_Free:        0
HugePages_Rsvd:        0
HugePages_Surp:        0
Hugepagesize:       2048 kB
DirectMap4k:      299412 kB
DirectMap2M:     6580224 kB
DirectMap1G:     3145728 kB

container (cgroup) information:
container_type: cgroupv1
cpu_cpuset_cpus: 0-1
cpu_memory_nodes: 0
active_processor_count: 2
cpu_quota: -1
cpu_period: 100000
cpu_shares: -1
memory_limit_in_bytes: -1
memory_and_swap_limit_in_bytes: -2
memory_soft_limit_in_bytes: -1
memory_usage_in_bytes: 7530549248
memory_max_usage_in_bytes: 0


CPU:total 2 (initial active 2) (2 cores per cpu, 1 threads per core) family 6 model 122 stepping 1, cmov, cx8, fxsr, mmx, sse, sse2, sse3, ssse3, sse4.1, sse4.2, popcnt, aes, clmul, erms, 3dnowpref, tsc, tscinvbit

/proc/cpuinfo:
processor	: 0
vendor_id	: GenuineIntel
cpu family	: 6
model		: 122
model name	: Intel(R) Celeron(R) N4000 CPU @ 1.10GHz
stepping	: 1
microcode	: 0x2e
cpu MHz		: 2487.276
cache size	: 4096 KB
physical id	: 0
siblings	: 2
core id		: 0
cpu cores	: 2
apicid		: 0
initial apicid	: 0
fpu		: yes
fpu_exception	: yes
cpuid level	: 24
wp		: yes
flags		: fpu vme de pse tsc msr pae mce cx8 apic sep mtrr pge mca cmov pat pse36 clflush dts acpi mmx fxsr sse sse2 ss ht tm pbe syscall nx pdpe1gb rdtscp lm constant_tsc art arch_perfmon pebs bts rep_good nopl xtopology nonstop_tsc cpuid aperfmperf tsc_known_freq pni pclmulqdq dtes64 monitor ds_cpl vmx est tm2 ssse3 sdbg cx16 xtpr pdcm sse4_1 sse4_2 x2apic movbe popcnt tsc_deadline_timer aes xsave rdrand lahf_lm 3dnowprefetch cpuid_fault cat_l2 pti cdp_l2 ssbd ibrs ibpb stibp ibrs_enhanced tpr_shadow vnmi flexpriority ept vpid fsgsbase tsc_adjust smep erms mpx rdt_a rdseed smap clflushopt intel_pt sha_ni xsaveopt xsavec xgetbv1 xsaves dtherm ida arat pln pts umip rdpid md_clear arch_capabilities
bugs		: cpu_meltdown spectre_v1 spectre_v2 spec_store_bypass
bogomips	: 2188.80
clflush size	: 64
cache_alignment	: 64
address sizes	: 39 bits physical, 48 bits virtual
power management:

processor	: 1
vendor_id	: GenuineIntel
cpu family	: 6
model		: 122
model name	: Intel(R) Celeron(R) N4000 CPU @ 1.10GHz
stepping	: 1
microcode	: 0x2e
cpu MHz		: 2487.272
cache size	: 4096 KB
physical id	: 0
siblings	: 2
core id		: 1
cpu cores	: 2
apicid		: 2
initial apicid	: 2
fpu		: yes
fpu_exception	: yes
cpuid level	: 24
wp		: yes
flags		: fpu vme de pse tsc msr pae mce cx8 apic sep mtrr pge mca cmov pat pse36 clflush dts acpi mmx fxsr sse sse2 ss ht tm pbe syscall nx pdpe1gb rdtscp lm constant_tsc art arch_perfmon pebs bts rep_good nopl xtopology nonstop_tsc cpuid aperfmperf tsc_known_freq pni pclmulqdq dtes64 monitor ds_cpl vmx est tm2 ssse3 sdbg cx16 xtpr pdcm sse4_1 sse4_2 x2apic movbe popcnt tsc_deadline_timer aes xsave rdrand lahf_lm 3dnowprefetch cpuid_fault cat_l2 pti cdp_l2 ssbd ibrs ibpb stibp ibrs_enhanced tpr_shadow vnmi flexpriority ept vpid fsgsbase tsc_adjust smep erms mpx rdt_a rdseed smap clflushopt intel_pt sha_ni xsaveopt xsavec xgetbv1 xsaves dtherm ida arat pln pts umip rdpid md_clear arch_capabilities
bugs		: cpu_meltdown spectre_v1 spectre_v2 spec_store_bypass
bogomips	: 2188.80
clflush size	: 64
cache_alignment	: 64
address sizes	: 39 bits physical, 48 bits virtual
power management:



Memory: 4k page, physical 7711852k(107604k free), swap 1393948k(4k free)

vm_info: OpenJDK 64-Bit Server VM (25.222-b10) for linux-amd64 JRE (1.8.0_222-8u222-b10-1ubuntu1~18.04.1-b10), built on Jul 18 2019 18:52:48 by "buildd" with gcc 7.4.0

time: Mon Nov 11 18:50:53 2019
timezone: IST
elapsed time: 201 seconds (0d 0h 3m 21s)

