#
# There is insufficient memory for the Java Runtime Environment to continue.
# Native memory allocation (mmap) failed to map 241696768 bytes for committing reserved memory.
# Possible reasons:
#   The system is out of physical RAM or swap space
#   The process is running with CompressedOops enabled, and the Java Heap may be blocking the growth of the native heap
# Possible solutions:
#   Reduce memory load on the system
#   Increase physical memory or swap space
#   Check if swap backing store is full
#   Decrease Java heap size (-Xmx/-Xms)
#   Decrease number of Java threads
#   Decrease Java thread stack sizes (-Xss)
#   Set larger code cache with -XX:ReservedCodeCacheSize=
#   JVM is running with Unscaled Compressed Oops mode in which the Java heap is
#     placed in the first 4GB address space. The Java Heap base address is the
#     maximum limit for the native heap growth. Please use -XX:HeapBaseMinAddress
#     to set the Java Heap base and to place the Java Heap above 4GB virtual address.
# This output file may be truncated or incomplete.
#
#  Out of Memory Error (os_linux.cpp:2757), pid=22715, tid=0x00007fb0926ad700
#
# JRE version: OpenJDK Runtime Environment (8.0_222-b10) (build 1.8.0_222-8u222-b10-1ubuntu1~18.04.1-b10)
# Java VM: OpenJDK 64-Bit Server VM (25.222-b10 mixed mode linux-amd64 compressed oops)
# Failed to write core dump. Core dumps have been disabled. To enable core dumping, try "ulimit -c unlimited" before starting Java again
#

---------------  T H R E A D  ---------------

Current thread (0x00007fb0a8075000):  VMThread [stack: 0x00007fb0925ae000,0x00007fb0926ae000] [id=22732]

Stack: [0x00007fb0925ae000,0x00007fb0926ae000],  sp=0x00007fb0926ac4a0,  free space=1017k
Native frames: (J=compiled Java code, j=interpreted, Vv=VM code, C=native code)
V  [libjvm.so+0xab8992]
V  [libjvm.so+0x4dbfd7]
V  [libjvm.so+0x8f33a0]
V  [libjvm.so+0x8ea46e]
V  [libjvm.so+0x96e106]
V  [libjvm.so+0x96f478]
V  [libjvm.so+0x96ba76]
V  [libjvm.so+0x96be0c]
V  [libjvm.so+0x91a5a8]
V  [libjvm.so+0xaba662]
V  [libjvm.so+0xabf1d6]
V  [libjvm.so+0xabd4d5]
V  [libjvm.so+0xabddad]
V  [libjvm.so+0xabe1b8]
V  [libjvm.so+0x8f0732]

VM_Operation (0x00007fb0aecab760): ParallelGCFailedAllocation, mode: safepoint, requested by thread 0x00007fb0a800b000


---------------  P R O C E S S  ---------------

Java Threads: ( => current thread )
  0x00007fb0a80dc800 JavaThread "Service Thread" daemon [_thread_blocked, id=22743, stack(0x00007fb0915d8000,0x00007fb0916d9000)]
  0x00007fb0a80b7800 JavaThread "C1 CompilerThread1" daemon [_thread_blocked, id=22742, stack(0x00007fb0916da000,0x00007fb0917da000)]
  0x00007fb0a80b4800 JavaThread "C2 CompilerThread0" daemon [_thread_blocked, id=22740, stack(0x00007fb0917db000,0x00007fb0918db000)]
  0x00007fb0a80b3000 JavaThread "Signal Dispatcher" daemon [_thread_blocked, id=22737, stack(0x00007fb0918db000,0x00007fb0919dc000)]
  0x00007fb0a8081000 JavaThread "Finalizer" daemon [_thread_blocked, id=22735, stack(0x00007fb0923ab000,0x00007fb0924ac000)]
  0x00007fb0a807e800 JavaThread "Reference Handler" daemon [_thread_blocked, id=22733, stack(0x00007fb0924ac000,0x00007fb0925ad000)]
  0x00007fb0a800b000 JavaThread "main" [_thread_blocked, id=22724, stack(0x00007fb0aebad000,0x00007fb0aecad000)]

Other Threads:
=>0x00007fb0a8075000 VMThread [stack: 0x00007fb0925ae000,0x00007fb0926ae000] [id=22732]
  0x00007fb0a80df000 WatcherThread [stack: 0x00007fb0914d8000,0x00007fb0915d8000] [id=22745]

VM state:at safepoint (normal execution)

VM Mutex/Monitor currently owned by a thread:  ([mutex/lock_event])
[0x00007fb0a8007bd0] Threads_lock - owner thread: 0x00007fb0a8075000
[0x00007fb0a80080d0] Heap_lock - owner thread: 0x00007fb0a800b000

heap address: 0x000000008a400000, size: 1884 MB, Compressed Oops mode: 32-bit
Narrow klass base: 0x0000000000000000, Narrow klass shift: 3
Compressed class space size: 1073741824 Address: 0x0000000100000000

Heap:
 PSYoungGen      total 394240K, used 238K [0x00000000d8c00000, 0x00000000f0e00000, 0x0000000100000000)
  eden space 393216K, 0% used [0x00000000d8c00000,0x00000000d8c00000,0x00000000f0c00000)
  from space 1024K, 23% used [0x00000000f0c00000,0x00000000f0c3ba30,0x00000000f0d00000)
  to   space 1024K, 0% used [0x00000000f0d00000,0x00000000f0d00000,0x00000000f0e00000)
 ParOldGen       total 80896K, used 456K [0x000000008a400000, 0x000000008f300000, 0x00000000d8c00000)
  object space 80896K, 0% used [0x000000008a400000,0x000000008a472080,0x000000008f300000)
 Metaspace       used 3290K, capacity 4486K, committed 4864K, reserved 1056768K
  class space    used 362K, capacity 386K, committed 512K, reserved 1048576K

Card table byte_map: [0x00007fb097c1a000,0x00007fb097fc9000] byte_map_base: 0x00007fb0977c8000

Marking Bits: (ParMarkBitMap*) 0x00007fb0ade43360
 Begin Bits: [0x00007fb093dc5000, 0x00007fb095b35000)
 End Bits:   [0x00007fb095b35000, 0x00007fb0978a5000)

Polling page: 0x00007fb0aecc4000

CodeCache: size=245760Kb used=1165Kb max_used=1178Kb free=244594Kb
 bounds [0x00007fb098389000, 0x00007fb0985f9000, 0x00007fb0a7389000]
 total_blobs=295 nmethods=55 adapters=156
 compilation: enabled

Compilation events (10 events):
Event: 1.849 Thread 0x00007fb0a80b4800   51       4       java.util.Arrays::copyOfRange (63 bytes)
Event: 1.853 Thread 0x00007fb0a80b4800 nmethod 51 0x00007fb0984a9650 code [0x00007fb0984a97a0, 0x00007fb0984a99b8]
Event: 1.858 Thread 0x00007fb0a80b4800   52       4       java.lang.String::<init> (82 bytes)
Event: 1.888 Thread 0x00007fb0a80b4800 nmethod 52 0x00007fb0984ae0d0 code [0x00007fb0984ae240, 0x00007fb0984ae558]
Event: 1.999 Thread 0x00007fb0a80b4800   53       4       java.lang.StringBuilder::toString (17 bytes)
Event: 2.007 Thread 0x00007fb0a80b4800 nmethod 53 0x00007fb0984ae750 code [0x00007fb0984ae8c0, 0x00007fb0984aec58]
Event: 2.043 Thread 0x00007fb0a80b4800   54       4       java.lang.String::valueOf (14 bytes)
Event: 2.044 Thread 0x00007fb0a80b4800 nmethod 54 0x00007fb0984ac6d0 code [0x00007fb0984ac820, 0x00007fb0984ac898]
Event: 2.056 Thread 0x00007fb0a80b4800   55       4       java.lang.StringBuilder::<init> (18 bytes)
Event: 2.070 Thread 0x00007fb0a80b4800 nmethod 55 0x00007fb0984ad750 code [0x00007fb0984ad8c0, 0x00007fb0984add48]

GC Heap History (10 events):
Event: 2.144 GC heap after
Heap after GC invocations=6 (full 0):
 PSYoungGen      total 123904K, used 567K [0x00000000d8c00000, 0x00000000e0600000, 0x0000000100000000)
  eden space 122880K, 0% used [0x00000000d8c00000,0x00000000d8c00000,0x00000000e0400000)
  from space 1024K, 55% used [0x00000000e0500000,0x00000000e058dc00,0x00000000e0600000)
  to   space 1024K, 0% used [0x00000000e0400000,0x00000000e0400000,0x00000000e0500000)
 ParOldGen       total 80896K, used 8K [0x000000008a400000, 0x000000008f300000, 0x00000000d8c00000)
  object space 80896K, 0% used [0x000000008a400000,0x000000008a402000,0x000000008f300000)
 Metaspace       used 3290K, capacity 4486K, committed 4864K, reserved 1056768K
  class space    used 362K, capacity 386K, committed 512K, reserved 1048576K
}
Event: 2.731 GC heap before
{Heap before GC invocations=7 (full 0):
 PSYoungGen      total 123904K, used 123418K [0x00000000d8c00000, 0x00000000e0600000, 0x0000000100000000)
  eden space 122880K, 99% used [0x00000000d8c00000,0x00000000e03f8c98,0x00000000e0400000)
  from space 1024K, 55% used [0x00000000e0500000,0x00000000e058dc00,0x00000000e0600000)
  to   space 1024K, 0% used [0x00000000e0400000,0x00000000e0400000,0x00000000e0500000)
 ParOldGen       total 80896K, used 8K [0x000000008a400000, 0x000000008f300000, 0x00000000d8c00000)
  object space 80896K, 0% used [0x000000008a400000,0x000000008a402000,0x000000008f300000)
 Metaspace       used 3290K, capacity 4486K, committed 4864K, reserved 1056768K
  class space    used 362K, capacity 386K, committed 512K, reserved 1048576K
Event: 2.734 GC heap after
Heap after GC invocations=7 (full 0):
 PSYoungGen      total 123904K, used 85K [0x00000000d8c00000, 0x00000000e7e00000, 0x0000000100000000)
  eden space 122880K, 0% used [0x00000000d8c00000,0x00000000d8c00000,0x00000000e0400000)
  from space 1024K, 8% used [0x00000000e0400000,0x00000000e0415558,0x00000000e0500000)
  to   space 1024K, 0% used [0x00000000e7d00000,0x00000000e7d00000,0x00000000e7e00000)
 ParOldGen       total 80896K, used 448K [0x000000008a400000, 0x000000008f300000, 0x00000000d8c00000)
  object space 80896K, 0% used [0x000000008a400000,0x000000008a470080,0x000000008f300000)
 Metaspace       used 3290K, capacity 4486K, committed 4864K, reserved 1056768K
  class space    used 362K, capacity 386K, committed 512K, reserved 1048576K
}
Event: 2.931 GC heap before
{Heap before GC invocations=8 (full 0):
 PSYoungGen      total 123904K, used 122907K [0x00000000d8c00000, 0x00000000e7e00000, 0x0000000100000000)
  eden space 122880K, 99% used [0x00000000d8c00000,0x00000000e03f1770,0x00000000e0400000)
  from space 1024K, 8% used [0x00000000e0400000,0x00000000e0415558,0x00000000e0500000)
  to   space 1024K, 0% used [0x00000000e7d00000,0x00000000e7d00000,0x00000000e7e00000)
 ParOldGen       total 80896K, used 448K [0x000000008a400000, 0x000000008f300000, 0x00000000d8c00000)
  object space 80896K, 0% used [0x000000008a400000,0x000000008a470080,0x000000008f300000)
 Metaspace       used 3290K, capacity 4486K, committed 4864K, reserved 1056768K
  class space    used 362K, capacity 386K, committed 512K, reserved 1048576K
Event: 2.933 GC heap after
Heap after GC invocations=8 (full 0):
 PSYoungGen      total 246784K, used 155K [0x00000000d8c00000, 0x00000000e7e00000, 0x0000000100000000)
  eden space 245760K, 0% used [0x00000000d8c00000,0x00000000d8c00000,0x00000000e7c00000)
  from space 1024K, 15% used [0x00000000e7d00000,0x00000000e7d26d50,0x00000000e7e00000)
  to   space 1024K, 0% used [0x00000000e7c00000,0x00000000e7c00000,0x00000000e7d00000)
 ParOldGen       total 80896K, used 448K [0x000000008a400000, 0x000000008f300000, 0x00000000d8c00000)
  object space 80896K, 0% used [0x000000008a400000,0x000000008a470080,0x000000008f300000)
 Metaspace       used 3290K, capacity 4486K, committed 4864K, reserved 1056768K
  class space    used 362K, capacity 386K, committed 512K, reserved 1048576K
}
Event: 4.398 GC heap before
{Heap before GC invocations=9 (full 0):
 PSYoungGen      total 246784K, used 245915K [0x00000000d8c00000, 0x00000000e7e00000, 0x0000000100000000)
  eden space 245760K, 100% used [0x00000000d8c00000,0x00000000e7c00000,0x00000000e7c00000)
  from space 1024K, 15% used [0x00000000e7d00000,0x00000000e7d26d50,0x00000000e7e00000)
  to   space 1024K, 0% used [0x00000000e7c00000,0x00000000e7c00000,0x00000000e7d00000)
 ParOldGen       total 80896K, used 448K [0x000000008a400000, 0x000000008f300000, 0x00000000d8c00000)
  object space 80896K, 0% used [0x000000008a400000,0x000000008a470080,0x000000008f300000)
 Metaspace       used 3290K, capacity 4486K, committed 4864K, reserved 1056768K
  class space    used 362K, capacity 386K, committed 512K, reserved 1048576K
Event: 4.400 GC heap after
Heap after GC invocations=9 (full 0):
 PSYoungGen      total 246784K, used 107K [0x00000000d8c00000, 0x00000000f0e00000, 0x0000000100000000)
  eden space 245760K, 0% used [0x00000000d8c00000,0x00000000d8c00000,0x00000000e7c00000)
  from space 1024K, 10% used [0x00000000e7c00000,0x00000000e7c1ae30,0x00000000e7d00000)
  to   space 1024K, 0% used [0x00000000f0d00000,0x00000000f0d00000,0x00000000f0e00000)
 ParOldGen       total 80896K, used 456K [0x000000008a400000, 0x000000008f300000, 0x00000000d8c00000)
  object space 80896K, 0% used [0x000000008a400000,0x000000008a472080,0x000000008f300000)
 Metaspace       used 3290K, capacity 4486K, committed 4864K, reserved 1056768K
  class space    used 362K, capacity 386K, committed 512K, reserved 1048576K
}
Event: 5.010 GC heap before
{Heap before GC invocations=10 (full 0):
 PSYoungGen      total 246784K, used 245867K [0x00000000d8c00000, 0x00000000f0e00000, 0x0000000100000000)
  eden space 245760K, 100% used [0x00000000d8c00000,0x00000000e7c00000,0x00000000e7c00000)
  from space 1024K, 10% used [0x00000000e7c00000,0x00000000e7c1ae30,0x00000000e7d00000)
  to   space 1024K, 0% used [0x00000000f0d00000,0x00000000f0d00000,0x00000000f0e00000)
 ParOldGen       total 80896K, used 456K [0x000000008a400000, 0x000000008f300000, 0x00000000d8c00000)
  object space 80896K, 0% used [0x000000008a400000,0x000000008a472080,0x000000008f300000)
 Metaspace       used 3290K, capacity 4486K, committed 4864K, reserved 1056768K
  class space    used 362K, capacity 386K, committed 512K, reserved 1048576K
Event: 5.012 GC heap after
Heap after GC invocations=10 (full 0):
 PSYoungGen      total 394240K, used 119K [0x00000000d8c00000, 0x00000000f0e00000, 0x0000000100000000)
  eden space 393216K, 0% used [0x00000000d8c00000,0x00000000d8c00000,0x00000000f0c00000)
  from space 1024K, 11% used [0x00000000f0d00000,0x00000000f0d1dd00,0x00000000f0e00000)
  to   space 1024K, 0% used [0x00000000f0c00000,0x00000000f0c00000,0x00000000f0d00000)
 ParOldGen       total 80896K, used 456K [0x000000008a400000, 0x000000008f300000, 0x00000000d8c00000)
  object space 80896K, 0% used [0x000000008a400000,0x000000008a472080,0x000000008f300000)
 Metaspace       used 3290K, capacity 4486K, committed 4864K, reserved 1056768K
  class space    used 362K, capacity 386K, committed 512K, reserved 1048576K
}
Event: 9.503 GC heap before
{Heap before GC invocations=11 (full 0):
 PSYoungGen      total 394240K, used 393335K [0x00000000d8c00000, 0x00000000f0e00000, 0x0000000100000000)
  eden space 393216K, 100% used [0x00000000d8c00000,0x00000000f0c00000,0x00000000f0c00000)
  from space 1024K, 11% used [0x00000000f0d00000,0x00000000f0d1dd00,0x00000000f0e00000)
  to   space 1024K, 0% used [0x00000000f0c00000,0x00000000f0c00000,0x00000000f0d00000)
 ParOldGen       total 80896K, used 456K [0x000000008a400000, 0x000000008f300000, 0x00000000d8c00000)
  object space 80896K, 0% used [0x000000008a400000,0x000000008a472080,0x000000008f300000)
 Metaspace       used 3290K, capacity 4486K, committed 4864K, reserved 1056768K
  class space    used 362K, capacity 386K, committed 512K, reserved 1048576K

Deoptimization events (0 events):
No events

Classes redefined (0 events):
No events

Internal exceptions (10 events):
Event: 0.298 Thread 0x00007fb0a800b000 Exception <a 'java/lang/NoSuchMethodError': Method sun.misc.Unsafe.prefetchRead(Ljava/lang/Object;J)V name or signature does not match> (0x00000000d8c07fa0) thrown at [/build/openjdk-8-OqY7zN/openjdk-8-8u222-b10/src/hotspot/src/share/vm/prims/jni.cpp, lin
Event: 0.815 Thread 0x00007fb0a800b000 Exception <a 'java/util/zip/ZipException'> (0x00000000d8c59a08) thrown at [/build/openjdk-8-OqY7zN/openjdk-8-8u222-b10/src/hotspot/src/share/vm/prims/jni.cpp, line 710]
Event: 0.815 Thread 0x00007fb0a800b000 Exception <a 'java/security/PrivilegedActionException'> (0x00000000d8c59ca8) thrown at [/build/openjdk-8-OqY7zN/openjdk-8-8u222-b10/src/hotspot/src/share/vm/prims/jvm.cpp, line 1502]
Event: 0.815 Thread 0x00007fb0a800b000 Exception <a 'java/security/PrivilegedActionException'> (0x00000000d8c59eb8) thrown at [/build/openjdk-8-OqY7zN/openjdk-8-8u222-b10/src/hotspot/src/share/vm/prims/jvm.cpp, line 1502]
Event: 1.032 Thread 0x00007fb0a800b000 Exception <a 'java/security/PrivilegedActionException'> (0x00000000d8c87698) thrown at [/build/openjdk-8-OqY7zN/openjdk-8-8u222-b10/src/hotspot/src/share/vm/prims/jvm.cpp, line 1502]
Event: 1.032 Thread 0x00007fb0a800b000 Exception <a 'java/security/PrivilegedActionException'> (0x00000000d8c87a90) thrown at [/build/openjdk-8-OqY7zN/openjdk-8-8u222-b10/src/hotspot/src/share/vm/prims/jvm.cpp, line 1502]
Event: 1.036 Thread 0x00007fb0a800b000 Exception <a 'java/security/PrivilegedActionException'> (0x00000000d8c89d00) thrown at [/build/openjdk-8-OqY7zN/openjdk-8-8u222-b10/src/hotspot/src/share/vm/prims/jvm.cpp, line 1502]
Event: 1.036 Thread 0x00007fb0a800b000 Exception <a 'java/security/PrivilegedActionException'> (0x00000000d8c8a0f8) thrown at [/build/openjdk-8-OqY7zN/openjdk-8-8u222-b10/src/hotspot/src/share/vm/prims/jvm.cpp, line 1502]
Event: 1.036 Thread 0x00007fb0a800b000 Exception <a 'java/security/PrivilegedActionException'> (0x00000000d8c8adb8) thrown at [/build/openjdk-8-OqY7zN/openjdk-8-8u222-b10/src/hotspot/src/share/vm/prims/jvm.cpp, line 1502]
Event: 1.036 Thread 0x00007fb0a800b000 Exception <a 'java/security/PrivilegedActionException'> (0x00000000d8c8b1b0) thrown at [/build/openjdk-8-OqY7zN/openjdk-8-8u222-b10/src/hotspot/src/share/vm/prims/jvm.cpp, line 1502]

Events (10 events):
Event: 2.734 Executing VM operation: ParallelGCFailedAllocation done
Event: 2.931 Executing VM operation: ParallelGCFailedAllocation
Event: 2.933 Executing VM operation: ParallelGCFailedAllocation done
Event: 4.398 Executing VM operation: ParallelGCFailedAllocation
Event: 4.400 Executing VM operation: ParallelGCFailedAllocation done
Event: 4.704 Executing VM operation: EnableBiasedLocking
Event: 4.731 Executing VM operation: EnableBiasedLocking done
Event: 5.010 Executing VM operation: ParallelGCFailedAllocation
Event: 5.012 Executing VM operation: ParallelGCFailedAllocation done
Event: 8.285 Executing VM operation: ParallelGCFailedAllocation


Dynamic libraries:
8a400000-8f300000 rw-p 00000000 00:00 0 
8f300000-d8c00000 ---p 00000000 00:00 0 
d8c00000-f0e00000 rw-p 00000000 00:00 0 
ff480000-100000000 ---p 00000000 00:00 0 
100000000-100080000 rw-p 00000000 00:00 0 
100080000-140000000 ---p 00000000 00:00 0 
562ca7661000-562ca7662000 r-xp 00000000 b3:02 394207                     /usr/lib/jvm/java-8-openjdk-amd64/jre/bin/java
562ca7861000-562ca7862000 r--p 00000000 b3:02 394207                     /usr/lib/jvm/java-8-openjdk-amd64/jre/bin/java
562ca7862000-562ca7863000 rw-p 00001000 b3:02 394207                     /usr/lib/jvm/java-8-openjdk-amd64/jre/bin/java
562ca873c000-562ca875d000 rw-p 00000000 00:00 0                          [heap]
7fb064000000-7fb064021000 rw-p 00000000 00:00 0 
7fb064021000-7fb068000000 ---p 00000000 00:00 0 
7fb06c000000-7fb06c048000 rw-p 00000000 00:00 0 
7fb06c048000-7fb070000000 ---p 00000000 00:00 0 
7fb070000000-7fb070021000 rw-p 00000000 00:00 0 
7fb070021000-7fb074000000 ---p 00000000 00:00 0 
7fb074000000-7fb074021000 rw-p 00000000 00:00 0 
7fb074021000-7fb078000000 ---p 00000000 00:00 0 
7fb078000000-7fb07808a000 rw-p 00000000 00:00 0 
7fb07808a000-7fb07c000000 ---p 00000000 00:00 0 
7fb07c000000-7fb07c021000 rw-p 00000000 00:00 0 
7fb07c021000-7fb080000000 ---p 00000000 00:00 0 
7fb080000000-7fb080021000 rw-p 00000000 00:00 0 
7fb080021000-7fb084000000 ---p 00000000 00:00 0 
7fb084000000-7fb084021000 rw-p 00000000 00:00 0 
7fb084021000-7fb088000000 ---p 00000000 00:00 0 
7fb088000000-7fb088021000 rw-p 00000000 00:00 0 
7fb088021000-7fb08c000000 ---p 00000000 00:00 0 
7fb08c000000-7fb08c021000 rw-p 00000000 00:00 0 
7fb08c021000-7fb090000000 ---p 00000000 00:00 0 
7fb0914a1000-7fb0914bc000 r--s 001d6000 b3:02 396003                     /usr/lib/jvm/java-8-openjdk-amd64/jre/lib/ext/nashorn.jar
7fb0914bc000-7fb0914d7000 r--s 00394000 b3:02 395760                     /usr/lib/jvm/java-8-openjdk-amd64/jre/lib/ext/cldrdata.jar
7fb0914d7000-7fb0914d8000 ---p 00000000 00:00 0 
7fb0914d8000-7fb0915d8000 rw-p 00000000 00:00 0 
7fb0915d8000-7fb0915db000 ---p 00000000 00:00 0 
7fb0915db000-7fb0916d9000 rw-p 00000000 00:00 0 
7fb0916d9000-7fb0916da000 ---p 00000000 00:00 0 
7fb0916da000-7fb0916dd000 ---p 00000000 00:00 0 
7fb0916dd000-7fb0917da000 rw-p 00000000 00:00 0 
7fb0917da000-7fb0917db000 ---p 00000000 00:00 0 
7fb0917db000-7fb0917de000 ---p 00000000 00:00 0 
7fb0917de000-7fb0918db000 rw-p 00000000 00:00 0 
7fb0918db000-7fb0918de000 ---p 00000000 00:00 0 
7fb0918de000-7fb0919dc000 rw-p 00000000 00:00 0 
7fb0919dc000-7fb0923ab000 r--p 00000000 b3:02 399303                     /usr/lib/locale/locale-archive
7fb0923ab000-7fb0923ae000 ---p 00000000 00:00 0 
7fb0923ae000-7fb0924ac000 rw-p 00000000 00:00 0 
7fb0924ac000-7fb0924af000 ---p 00000000 00:00 0 
7fb0924af000-7fb0925ad000 rw-p 00000000 00:00 0 
7fb0925ad000-7fb0925ae000 ---p 00000000 00:00 0 
7fb0925ae000-7fb093047000 rw-p 00000000 00:00 0 
7fb093047000-7fb093217000 r--s 03c5c000 b3:02 397558                     /usr/lib/jvm/java-8-openjdk-amd64/jre/lib/rt.jar
7fb093217000-7fb093657000 rw-p 00000000 00:00 0 
7fb093657000-7fb093a17000 ---p 00000000 00:00 0 
7fb093a17000-7fb0978a5000 rw-p 00000000 00:00 0 
7fb0978a5000-7fb0978a6000 ---p 00000000 00:00 0 
7fb0978a6000-7fb0979ce000 rw-p 00000000 00:00 0 
7fb0979ce000-7fb097c1a000 ---p 00000000 00:00 0 
7fb097c1a000-7fb097c42000 rw-p 00000000 00:00 0 
7fb097c42000-7fb097e8e000 ---p 00000000 00:00 0 
7fb097e8e000-7fb097f4f000 rw-p 00000000 00:00 0 
7fb097f4f000-7fb097fc8000 ---p 00000000 00:00 0 
7fb097fc8000-7fb097fd3000 rw-p 00000000 00:00 0 
7fb097fd3000-7fb098389000 ---p 00000000 00:00 0 
7fb098389000-7fb0985f9000 rwxp 00000000 00:00 0 
7fb0985f9000-7fb0a7389000 ---p 00000000 00:00 0 
7fb0a7389000-7fb0a7391000 r-xp 00000000 b3:02 395584                     /usr/lib/jvm/java-8-openjdk-amd64/jre/lib/amd64/libzip.so
7fb0a7391000-7fb0a7590000 ---p 00008000 b3:02 395584                     /usr/lib/jvm/java-8-openjdk-amd64/jre/lib/amd64/libzip.so
7fb0a7590000-7fb0a7591000 r--p 00007000 b3:02 395584                     /usr/lib/jvm/java-8-openjdk-amd64/jre/lib/amd64/libzip.so
7fb0a7591000-7fb0a7592000 rw-p 00008000 b3:02 395584                     /usr/lib/jvm/java-8-openjdk-amd64/jre/lib/amd64/libzip.so
7fb0a7592000-7fb0a759d000 r-xp 00000000 b3:02 1706491                    /lib/x86_64-linux-gnu/libnss_files-2.27.so
7fb0a759d000-7fb0a779c000 ---p 0000b000 b3:02 1706491                    /lib/x86_64-linux-gnu/libnss_files-2.27.so
7fb0a779c000-7fb0a779d000 r--p 0000a000 b3:02 1706491                    /lib/x86_64-linux-gnu/libnss_files-2.27.so
7fb0a779d000-7fb0a779e000 rw-p 0000b000 b3:02 1706491                    /lib/x86_64-linux-gnu/libnss_files-2.27.so
7fb0a779e000-7fb0a77a4000 rw-p 00000000 00:00 0 
7fb0a77a4000-7fb0a77bb000 r-xp 00000000 b3:02 1706485                    /lib/x86_64-linux-gnu/libnsl-2.27.so
7fb0a77bb000-7fb0a79ba000 ---p 00017000 b3:02 1706485                    /lib/x86_64-linux-gnu/libnsl-2.27.so
7fb0a79ba000-7fb0a79bb000 r--p 00016000 b3:02 1706485                    /lib/x86_64-linux-gnu/libnsl-2.27.so
7fb0a79bb000-7fb0a79bc000 rw-p 00017000 b3:02 1706485                    /lib/x86_64-linux-gnu/libnsl-2.27.so
7fb0a79bc000-7fb0a79be000 rw-p 00000000 00:00 0 
7fb0a79be000-7fb0a79c9000 r-xp 00000000 b3:02 1706502                    /lib/x86_64-linux-gnu/libnss_nis-2.27.so
7fb0a79c9000-7fb0a7bc8000 ---p 0000b000 b3:02 1706502                    /lib/x86_64-linux-gnu/libnss_nis-2.27.so
7fb0a7bc8000-7fb0a7bc9000 r--p 0000a000 b3:02 1706502                    /lib/x86_64-linux-gnu/libnss_nis-2.27.so
7fb0a7bc9000-7fb0a7bca000 rw-p 0000b000 b3:02 1706502                    /lib/x86_64-linux-gnu/libnss_nis-2.27.so
7fb0a7bca000-7fb0a7bd2000 r-xp 00000000 b3:02 1706487                    /lib/x86_64-linux-gnu/libnss_compat-2.27.so
7fb0a7bd2000-7fb0a7dd2000 ---p 00008000 b3:02 1706487                    /lib/x86_64-linux-gnu/libnss_compat-2.27.so
7fb0a7dd2000-7fb0a7dd3000 r--p 00008000 b3:02 1706487                    /lib/x86_64-linux-gnu/libnss_compat-2.27.so
7fb0a7dd3000-7fb0a7dd4000 rw-p 00009000 b3:02 1706487                    /lib/x86_64-linux-gnu/libnss_compat-2.27.so
7fb0a7dd4000-7fb0a7dfe000 r-xp 00000000 b3:02 395206                     /usr/lib/jvm/java-8-openjdk-amd64/jre/lib/amd64/libjava.so
7fb0a7dfe000-7fb0a7ffd000 ---p 0002a000 b3:02 395206                     /usr/lib/jvm/java-8-openjdk-amd64/jre/lib/amd64/libjava.so
7fb0a7ffd000-7fb0a7ffe000 r--p 00029000 b3:02 395206                     /usr/lib/jvm/java-8-openjdk-amd64/jre/lib/amd64/libjava.so
7fb0a7ffe000-7fb0a8000000 rw-p 0002a000 b3:02 395206                     /usr/lib/jvm/java-8-openjdk-amd64/jre/lib/amd64/libjava.so
7fb0a8000000-7fb0a816d000 rw-p 00000000 00:00 0 
7fb0a816d000-7fb0ac000000 ---p 00000000 00:00 0 
7fb0ac004000-7fb0ac07a000 rw-p 00000000 00:00 0 
7fb0ac07a000-7fb0ac07b000 ---p 00000000 00:00 0 
7fb0ac07b000-7fb0ac17b000 rw-p 00000000 00:00 0 
7fb0ac17b000-7fb0ac18b000 r-xp 00000000 b3:02 395550                     /usr/lib/jvm/java-8-openjdk-amd64/jre/lib/amd64/libverify.so
7fb0ac18b000-7fb0ac38a000 ---p 00010000 b3:02 395550                     /usr/lib/jvm/java-8-openjdk-amd64/jre/lib/amd64/libverify.so
7fb0ac38a000-7fb0ac38c000 r--p 0000f000 b3:02 395550                     /usr/lib/jvm/java-8-openjdk-amd64/jre/lib/amd64/libverify.so
7fb0ac38c000-7fb0ac38d000 rw-p 00011000 b3:02 395550                     /usr/lib/jvm/java-8-openjdk-amd64/jre/lib/amd64/libverify.so
7fb0ac38d000-7fb0ac394000 r-xp 00000000 b3:02 1706542                    /lib/x86_64-linux-gnu/librt-2.27.so
7fb0ac394000-7fb0ac593000 ---p 00007000 b3:02 1706542                    /lib/x86_64-linux-gnu/librt-2.27.so
7fb0ac593000-7fb0ac594000 r--p 00006000 b3:02 1706542                    /lib/x86_64-linux-gnu/librt-2.27.so
7fb0ac594000-7fb0ac595000 rw-p 00007000 b3:02 1706542                    /lib/x86_64-linux-gnu/librt-2.27.so
7fb0ac595000-7fb0ac5ac000 r-xp 00000000 b3:02 1701708                    /lib/x86_64-linux-gnu/libgcc_s.so.1
7fb0ac5ac000-7fb0ac7ab000 ---p 00017000 b3:02 1701708                    /lib/x86_64-linux-gnu/libgcc_s.so.1
7fb0ac7ab000-7fb0ac7ac000 r--p 00016000 b3:02 1701708                    /lib/x86_64-linux-gnu/libgcc_s.so.1
7fb0ac7ac000-7fb0ac7ad000 rw-p 00017000 b3:02 1701708                    /lib/x86_64-linux-gnu/libgcc_s.so.1
7fb0ac7ad000-7fb0ac94a000 r-xp 00000000 b3:02 1706464                    /lib/x86_64-linux-gnu/libm-2.27.so
7fb0ac94a000-7fb0acb49000 ---p 0019d000 b3:02 1706464                    /lib/x86_64-linux-gnu/libm-2.27.so
7fb0acb49000-7fb0acb4a000 r--p 0019c000 b3:02 1706464                    /lib/x86_64-linux-gnu/libm-2.27.so
7fb0acb4a000-7fb0acb4b000 rw-p 0019d000 b3:02 1706464                    /lib/x86_64-linux-gnu/libm-2.27.so
7fb0acb4b000-7fb0accc4000 r-xp 00000000 b3:02 392630                     /usr/lib/x86_64-linux-gnu/libstdc++.so.6.0.25
7fb0accc4000-7fb0acec4000 ---p 00179000 b3:02 392630                     /usr/lib/x86_64-linux-gnu/libstdc++.so.6.0.25
7fb0acec4000-7fb0acece000 r--p 00179000 b3:02 392630                     /usr/lib/x86_64-linux-gnu/libstdc++.so.6.0.25
7fb0acece000-7fb0aced0000 rw-p 00183000 b3:02 392630                     /usr/lib/x86_64-linux-gnu/libstdc++.so.6.0.25
7fb0aced0000-7fb0aced4000 rw-p 00000000 00:00 0 
7fb0aced4000-7fb0adb73000 r-xp 00000000 b3:02 395653                     /usr/lib/jvm/java-8-openjdk-amd64/jre/lib/amd64/server/libjvm.so
7fb0adb73000-7fb0add73000 ---p 00c9f000 b3:02 395653                     /usr/lib/jvm/java-8-openjdk-amd64/jre/lib/amd64/server/libjvm.so
7fb0add73000-7fb0ade07000 r--p 00c9f000 b3:02 395653                     /usr/lib/jvm/java-8-openjdk-amd64/jre/lib/amd64/server/libjvm.so
7fb0ade07000-7fb0ade30000 rw-p 00d33000 b3:02 395653                     /usr/lib/jvm/java-8-openjdk-amd64/jre/lib/amd64/server/libjvm.so
7fb0ade30000-7fb0ade60000 rw-p 00000000 00:00 0 
7fb0ade60000-7fb0ade7a000 r-xp 00000000 b3:02 1706534                    /lib/x86_64-linux-gnu/libpthread-2.27.so
7fb0ade7a000-7fb0ae079000 ---p 0001a000 b3:02 1706534                    /lib/x86_64-linux-gnu/libpthread-2.27.so
7fb0ae079000-7fb0ae07a000 r--p 00019000 b3:02 1706534                    /lib/x86_64-linux-gnu/libpthread-2.27.so
7fb0ae07a000-7fb0ae07b000 rw-p 0001a000 b3:02 1706534                    /lib/x86_64-linux-gnu/libpthread-2.27.so
7fb0ae07b000-7fb0ae07f000 rw-p 00000000 00:00 0 
7fb0ae07f000-7fb0ae082000 r-xp 00000000 b3:02 1706424                    /lib/x86_64-linux-gnu/libdl-2.27.so
7fb0ae082000-7fb0ae281000 ---p 00003000 b3:02 1706424                    /lib/x86_64-linux-gnu/libdl-2.27.so
7fb0ae281000-7fb0ae282000 r--p 00002000 b3:02 1706424                    /lib/x86_64-linux-gnu/libdl-2.27.so
7fb0ae282000-7fb0ae283000 rw-p 00003000 b3:02 1706424                    /lib/x86_64-linux-gnu/libdl-2.27.so
7fb0ae283000-7fb0ae29f000 r-xp 00000000 b3:02 1706573                    /lib/x86_64-linux-gnu/libz.so.1.2.11
7fb0ae29f000-7fb0ae49e000 ---p 0001c000 b3:02 1706573                    /lib/x86_64-linux-gnu/libz.so.1.2.11
7fb0ae49e000-7fb0ae49f000 r--p 0001b000 b3:02 1706573                    /lib/x86_64-linux-gnu/libz.so.1.2.11
7fb0ae49f000-7fb0ae4a0000 rw-p 0001c000 b3:02 1706573                    /lib/x86_64-linux-gnu/libz.so.1.2.11
7fb0ae4a0000-7fb0ae687000 r-xp 00000000 b3:02 1706401                    /lib/x86_64-linux-gnu/libc-2.27.so
7fb0ae687000-7fb0ae887000 ---p 001e7000 b3:02 1706401                    /lib/x86_64-linux-gnu/libc-2.27.so
7fb0ae887000-7fb0ae88b000 r--p 001e7000 b3:02 1706401                    /lib/x86_64-linux-gnu/libc-2.27.so
7fb0ae88b000-7fb0ae88d000 rw-p 001eb000 b3:02 1706401                    /lib/x86_64-linux-gnu/libc-2.27.so
7fb0ae88d000-7fb0ae891000 rw-p 00000000 00:00 0 
7fb0ae891000-7fb0ae89f000 r-xp 00000000 b3:02 395106                     /usr/lib/jvm/java-8-openjdk-amd64/jre/lib/amd64/jli/libjli.so
7fb0ae89f000-7fb0aea9e000 ---p 0000e000 b3:02 395106                     /usr/lib/jvm/java-8-openjdk-amd64/jre/lib/amd64/jli/libjli.so
7fb0aea9e000-7fb0aea9f000 r--p 0000d000 b3:02 395106                     /usr/lib/jvm/java-8-openjdk-amd64/jre/lib/amd64/jli/libjli.so
7fb0aea9f000-7fb0aeaa0000 rw-p 0000e000 b3:02 395106                     /usr/lib/jvm/java-8-openjdk-amd64/jre/lib/amd64/jli/libjli.so
7fb0aeaa0000-7fb0aeac7000 r-xp 00000000 b3:02 1706373                    /lib/x86_64-linux-gnu/ld-2.27.so
7fb0aead3000-7fb0aead6000 r--s 0000f000 b3:02 395791                     /usr/lib/jvm/java-8-openjdk-amd64/jre/lib/ext/icedtea-sound.jar
7fb0aead6000-7fb0aead8000 r--s 00007000 b3:02 785030                     /usr/share/java/java-atk-wrapper.jar
7fb0aead8000-7fb0aead9000 r--s 00010000 b3:02 396007                     /usr/lib/jvm/java-8-openjdk-amd64/jre/lib/ext/zipfs.jar
7fb0aead9000-7fb0aeae3000 r--s 00116000 b3:02 396001                     /usr/lib/jvm/java-8-openjdk-amd64/jre/lib/ext/localedata.jar
7fb0aeae3000-7fb0aebac000 rw-p 00000000 00:00 0 
7fb0aebac000-7fb0aebad000 ---p 00000000 00:00 0 
7fb0aebad000-7fb0aebb0000 ---p 00000000 00:00 0 
7fb0aebb0000-7fb0aecaf000 rw-p 00000000 00:00 0 
7fb0aecaf000-7fb0aecb4000 r--s 0003c000 b3:02 396005                     /usr/lib/jvm/java-8-openjdk-amd64/jre/lib/ext/sunjce_provider.jar
7fb0aecb4000-7fb0aecb5000 r--s 0000d000 b3:02 396004                     /usr/lib/jvm/java-8-openjdk-amd64/jre/lib/ext/sunec.jar
7fb0aecb5000-7fb0aecb8000 r--s 00039000 b3:02 396006                     /usr/lib/jvm/java-8-openjdk-amd64/jre/lib/ext/sunpkcs11.jar
7fb0aecb8000-7fb0aecba000 r--s 00001000 b3:02 395767                     /usr/lib/jvm/java-8-openjdk-amd64/jre/lib/ext/dnsns.jar
7fb0aecba000-7fb0aecbb000 r--s 0000a000 b3:02 395796                     /usr/lib/jvm/java-8-openjdk-amd64/jre/lib/ext/jaccess.jar
7fb0aecbb000-7fb0aecc3000 rw-s 00000000 b3:02 269480                     /tmp/hsperfdata_admin1/22715
7fb0aecc3000-7fb0aecc4000 rw-p 00000000 00:00 0 
7fb0aecc4000-7fb0aecc5000 ---p 00000000 00:00 0 
7fb0aecc5000-7fb0aecc7000 rw-p 00000000 00:00 0 
7fb0aecc7000-7fb0aecc8000 r--p 00027000 b3:02 1706373                    /lib/x86_64-linux-gnu/ld-2.27.so
7fb0aecc8000-7fb0aecc9000 rw-p 00028000 b3:02 1706373                    /lib/x86_64-linux-gnu/ld-2.27.so
7fb0aecc9000-7fb0aecca000 rw-p 00000000 00:00 0 
7ffc081d4000-7ffc081f5000 rw-p 00000000 00:00 0                          [stack]
7ffc081f8000-7ffc081fb000 r--p 00000000 00:00 0                          [vvar]
7ffc081fb000-7ffc081fd000 r-xp 00000000 00:00 0                          [vdso]
ffffffffff600000-ffffffffff601000 r-xp 00000000 00:00 0                  [vsyscall]

VM Arguments:
jvm_args: -Dfile.encoding=UTF-8 
java_command: com.bridgelabz.alg.BinaryFileIo
java_class_path (initial): /home/admin1/Desktop/eclipse-inst-linux64/AlgorithmProblems/bin
Launcher Type: SUN_STANDARD

Environment Variables:
PATH=/usr/local/sbin:/usr/local/bin:/usr/sbin:/usr/bin:/sbin:/bin:/usr/games:/usr/local/games:/snap/bin
USERNAME=admin1
SHELL=/bin/bash
DISPLAY=:0

Signal Handlers:
SIGSEGV: [libjvm.so+0xab92f0], sa_mask[0]=11111111011111111101111111111110, sa_flags=SA_RESTART|SA_SIGINFO
SIGBUS: [libjvm.so+0xab92f0], sa_mask[0]=11111111011111111101111111111110, sa_flags=SA_RESTART|SA_SIGINFO
SIGFPE: [libjvm.so+0x8ee560], sa_mask[0]=11111111011111111101111111111110, sa_flags=SA_RESTART|SA_SIGINFO
SIGPIPE: [libjvm.so+0x8ee560], sa_mask[0]=11111111011111111101111111111110, sa_flags=SA_RESTART|SA_SIGINFO
SIGXFSZ: [libjvm.so+0x8ee560], sa_mask[0]=11111111011111111101111111111110, sa_flags=SA_RESTART|SA_SIGINFO
SIGILL: [libjvm.so+0x8ee560], sa_mask[0]=11111111011111111101111111111110, sa_flags=SA_RESTART|SA_SIGINFO
SIGUSR1: SIG_DFL, sa_mask[0]=00000000000000000000000000000000, sa_flags=none
SIGUSR2: [libjvm.so+0x8ee410], sa_mask[0]=00100000000000000000000000000000, sa_flags=SA_RESTART|SA_SIGINFO
SIGHUP: [libjvm.so+0x8eea80], sa_mask[0]=11111111011111111101111111111110, sa_flags=SA_RESTART|SA_SIGINFO
SIGINT: [libjvm.so+0x8eea80], sa_mask[0]=11111111011111111101111111111110, sa_flags=SA_RESTART|SA_SIGINFO
SIGTERM: [libjvm.so+0x8eea80], sa_mask[0]=11111111011111111101111111111110, sa_flags=SA_RESTART|SA_SIGINFO
SIGQUIT: [libjvm.so+0x8eea80], sa_mask[0]=11111111011111111101111111111110, sa_flags=SA_RESTART|SA_SIGINFO


---------------  S Y S T E M  ---------------

OS:DISTRIB_ID=Ubuntu
DISTRIB_RELEASE=18.04
DISTRIB_CODENAME=bionic
DISTRIB_DESCRIPTION="Ubuntu 18.04.3 LTS"

uname:Linux 4.15.0-66-generic #75-Ubuntu SMP Tue Oct 1 05:24:09 UTC 2019 x86_64
libc:glibc 2.27 NPTL 2.27 
rlimit: STACK 8192k, CORE 0k, NPROC 29831, NOFILE 4096, AS infinity
load average:43.72 23.17 10.45

/proc/meminfo:
MemTotal:        7711852 kB
MemFree:          107564 kB
MemAvailable:          0 kB
Buffers:             820 kB
Cached:           118156 kB
SwapCached:          364 kB
Active:          6406756 kB
Inactive:         920136 kB
Active(anon):    6402076 kB
Inactive(anon):   914712 kB
Active(file):       4680 kB
Inactive(file):     5424 kB
Unevictable:         112 kB
Mlocked:             112 kB
SwapTotal:       1393948 kB
SwapFree:              0 kB
Dirty:                84 kB
Writeback:           416 kB
AnonPages:       7207748 kB
Mapped:             7176 kB
Shmem:            108852 kB
Slab:             113048 kB
SReclaimable:      46524 kB
SUnreclaim:        66524 kB
KernelStack:       18032 kB
PageTables:        76536 kB
NFS_Unstable:          0 kB
Bounce:                0 kB
WritebackTmp:          0 kB
CommitLimit:     5249872 kB
Committed_AS:   16346556 kB
VmallocTotal:   34359738367 kB
VmallocUsed:           0 kB
VmallocChunk:          0 kB
HardwareCorrupted:     0 kB
AnonHugePages:         0 kB
ShmemHugePages:        0 kB
ShmemPmdMapped:        0 kB
CmaTotal:              0 kB
CmaFree:               0 kB
HugePages_Total:       0
HugePages_Free:        0
HugePages_Rsvd:        0
HugePages_Surp:        0
Hugepagesize:       2048 kB
DirectMap4k:      299412 kB
DirectMap2M:     6580224 kB
DirectMap1G:     3145728 kB

container (cgroup) information:
container_type: cgroupv1
cpu_cpuset_cpus: 0-1
cpu_memory_nodes: 0
active_processor_count: 2
cpu_quota: -1
cpu_period: 100000
cpu_shares: -1
memory_limit_in_bytes: -1
memory_and_swap_limit_in_bytes: -2
memory_soft_limit_in_bytes: -1
memory_usage_in_bytes: 7504367616
memory_max_usage_in_bytes: 0


CPU:total 2 (initial active 2) (2 cores per cpu, 1 threads per core) family 6 model 122 stepping 1, cmov, cx8, fxsr, mmx, sse, sse2, sse3, ssse3, sse4.1, sse4.2, popcnt, aes, clmul, erms, 3dnowpref, tsc, tscinvbit

/proc/cpuinfo:
processor	: 0
vendor_id	: GenuineIntel
cpu family	: 6
model		: 122
model name	: Intel(R) Celeron(R) N4000 CPU @ 1.10GHz
stepping	: 1
microcode	: 0x2e
cpu MHz		: 2487.274
cache size	: 4096 KB
physical id	: 0
siblings	: 2
core id		: 0
cpu cores	: 2
apicid		: 0
initial apicid	: 0
fpu		: yes
fpu_exception	: yes
cpuid level	: 24
wp		: yes
flags		: fpu vme de pse tsc msr pae mce cx8 apic sep mtrr pge mca cmov pat pse36 clflush dts acpi mmx fxsr sse sse2 ss ht tm pbe syscall nx pdpe1gb rdtscp lm constant_tsc art arch_perfmon pebs bts rep_good nopl xtopology nonstop_tsc cpuid aperfmperf tsc_known_freq pni pclmulqdq dtes64 monitor ds_cpl vmx est tm2 ssse3 sdbg cx16 xtpr pdcm sse4_1 sse4_2 x2apic movbe popcnt tsc_deadline_timer aes xsave rdrand lahf_lm 3dnowprefetch cpuid_fault cat_l2 pti cdp_l2 ssbd ibrs ibpb stibp ibrs_enhanced tpr_shadow vnmi flexpriority ept vpid fsgsbase tsc_adjust smep erms mpx rdt_a rdseed smap clflushopt intel_pt sha_ni xsaveopt xsavec xgetbv1 xsaves dtherm ida arat pln pts umip rdpid md_clear arch_capabilities
bugs		: cpu_meltdown spectre_v1 spectre_v2 spec_store_bypass
bogomips	: 2188.80
clflush size	: 64
cache_alignment	: 64
address sizes	: 39 bits physical, 48 bits virtual
power management:

processor	: 1
vendor_id	: GenuineIntel
cpu family	: 6
model		: 122
model name	: Intel(R) Celeron(R) N4000 CPU @ 1.10GHz
stepping	: 1
microcode	: 0x2e
cpu MHz		: 2487.285
cache size	: 4096 KB
physical id	: 0
siblings	: 2
core id		: 1
cpu cores	: 2
apicid		: 2
initial apicid	: 2
fpu		: yes
fpu_exception	: yes
cpuid level	: 24
wp		: yes
flags		: fpu vme de pse tsc msr pae mce cx8 apic sep mtrr pge mca cmov pat pse36 clflush dts acpi mmx fxsr sse sse2 ss ht tm pbe syscall nx pdpe1gb rdtscp lm constant_tsc art arch_perfmon pebs bts rep_good nopl xtopology nonstop_tsc cpuid aperfmperf tsc_known_freq pni pclmulqdq dtes64 monitor ds_cpl vmx est tm2 ssse3 sdbg cx16 xtpr pdcm sse4_1 sse4_2 x2apic movbe popcnt tsc_deadline_timer aes xsave rdrand lahf_lm 3dnowprefetch cpuid_fault cat_l2 pti cdp_l2 ssbd ibrs ibpb stibp ibrs_enhanced tpr_shadow vnmi flexpriority ept vpid fsgsbase tsc_adjust smep erms mpx rdt_a rdseed smap clflushopt intel_pt sha_ni xsaveopt xsavec xgetbv1 xsaves dtherm ida arat pln pts umip rdpid md_clear arch_capabilities
bugs		: cpu_meltdown spectre_v1 spectre_v2 spec_store_bypass
bogomips	: 2188.80
clflush size	: 64
cache_alignment	: 64
address sizes	: 39 bits physical, 48 bits virtual
power management:



Memory: 4k page, physical 7711852k(107256k free), swap 1393948k(8k free)

vm_info: OpenJDK 64-Bit Server VM (25.222-b10) for linux-amd64 JRE (1.8.0_222-8u222-b10-1ubuntu1~18.04.1-b10), built on Jul 18 2019 18:52:48 by "buildd" with gcc 7.4.0

time: Mon Nov 11 18:45:42 2019
timezone: IST
elapsed time: 73 seconds (0d 0h 1m 13s)

