#
# There is insufficient memory for the Java Runtime Environment to continue.
# Native memory allocation (mmap) failed to map 66060288 bytes for committing reserved memory.
# Possible reasons:
#   The system is out of physical RAM or swap space
#   The process is running with CompressedOops enabled, and the Java Heap may be blocking the growth of the native heap
# Possible solutions:
#   Reduce memory load on the system
#   Increase physical memory or swap space
#   Check if swap backing store is full
#   Decrease Java heap size (-Xmx/-Xms)
#   Decrease number of Java threads
#   Decrease Java thread stack sizes (-Xss)
#   Set larger code cache with -XX:ReservedCodeCacheSize=
#   JVM is running with Unscaled Compressed Oops mode in which the Java heap is
#     placed in the first 4GB address space. The Java Heap base address is the
#     maximum limit for the native heap growth. Please use -XX:HeapBaseMinAddress
#     to set the Java Heap base and to place the Java Heap above 4GB virtual address.
# This output file may be truncated or incomplete.
#
#  Out of Memory Error (os_linux.cpp:2757), pid=22235, tid=0x00007f69ec416700
#
# JRE version: OpenJDK Runtime Environment (8.0_222-b10) (build 1.8.0_222-8u222-b10-1ubuntu1~18.04.1-b10)
# Java VM: OpenJDK 64-Bit Server VM (25.222-b10 mixed mode linux-amd64 compressed oops)
# Failed to write core dump. Core dumps have been disabled. To enable core dumping, try "ulimit -c unlimited" before starting Java again
#

---------------  T H R E A D  ---------------

Current thread (0x00007f6a00075000):  VMThread [stack: 0x00007f69ec317000,0x00007f69ec417000] [id=22265]

Stack: [0x00007f69ec317000,0x00007f69ec417000],  sp=0x00007f69ec4154a0,  free space=1017k
Native frames: (J=compiled Java code, j=interpreted, Vv=VM code, C=native code)
V  [libjvm.so+0xab8992]
V  [libjvm.so+0x4dbfd7]
V  [libjvm.so+0x8f33a0]
V  [libjvm.so+0x8ea46e]
V  [libjvm.so+0x96e106]
V  [libjvm.so+0x96f478]
V  [libjvm.so+0x96ba76]
V  [libjvm.so+0x96be0c]
V  [libjvm.so+0x91a5a8]
V  [libjvm.so+0xaba662]
V  [libjvm.so+0xabf1d6]
V  [libjvm.so+0xabd4d5]
V  [libjvm.so+0xabddad]
V  [libjvm.so+0xabe1b8]
V  [libjvm.so+0x8f0732]

VM_Operation (0x00007f6a08a1d550): ParallelGCFailedAllocation, mode: safepoint, requested by thread 0x00007f6a0000b000


---------------  P R O C E S S  ---------------

Java Threads: ( => current thread )
  0x00007f6a000ba800 JavaThread "Service Thread" daemon [_thread_blocked, id=22283, stack(0x00007f69df32e000,0x00007f69df42f000)]
  0x00007f6a000b7800 JavaThread "C1 CompilerThread1" daemon [_thread_blocked, id=22280, stack(0x00007f69df430000,0x00007f69df530000)]
  0x00007f6a000b4800 JavaThread "C2 CompilerThread0" daemon [_thread_blocked, id=22276, stack(0x00007f69df531000,0x00007f69df631000)]
  0x00007f6a000b3000 JavaThread "Signal Dispatcher" daemon [_thread_blocked, id=22272, stack(0x00007f69ec013000,0x00007f69ec114000)]
  0x00007f6a00081000 JavaThread "Finalizer" daemon [_thread_blocked, id=22269, stack(0x00007f69ec114000,0x00007f69ec215000)]
  0x00007f6a0007e800 JavaThread "Reference Handler" daemon [_thread_blocked, id=22268, stack(0x00007f69ec215000,0x00007f69ec316000)]
  0x00007f6a0000b000 JavaThread "main" [_thread_blocked, id=22239, stack(0x00007f6a0891f000,0x00007f6a08a1f000)]

Other Threads:
=>0x00007f6a00075000 VMThread [stack: 0x00007f69ec317000,0x00007f69ec417000] [id=22265]
  0x00007f6a000bd000 WatcherThread [stack: 0x00007f69df22e000,0x00007f69df32e000] [id=22284]

VM state:at safepoint (normal execution)

VM Mutex/Monitor currently owned by a thread:  ([mutex/lock_event])
[0x00007f6a00007bd0] Threads_lock - owner thread: 0x00007f6a00075000
[0x00007f6a000080d0] Heap_lock - owner thread: 0x00007f6a0000b000

heap address: 0x000000008a400000, size: 1884 MB, Compressed Oops mode: 32-bit
Narrow klass base: 0x0000000000000000, Narrow klass shift: 3
Compressed class space size: 1073741824 Address: 0x0000000100000000

Heap:
 PSYoungGen      total 574464K, used 812K [0x00000000d8c00000, 0x00000000fc100000, 0x0000000100000000)
  eden space 572928K, 0% used [0x00000000d8c00000,0x00000000d8c00000,0x00000000fbb80000)
  from space 1536K, 52% used [0x00000000fbe00000,0x00000000fbecb0e8,0x00000000fbf80000)
  to   space 1024K, 0% used [0x00000000fc000000,0x00000000fc000000,0x00000000fc100000)
 ParOldGen       total 80896K, used 16240K [0x000000008a400000, 0x000000008f300000, 0x00000000d8c00000)
  object space 80896K, 20% used [0x000000008a400000,0x000000008b3dc1b8,0x000000008f300000)
 Metaspace       used 3295K, capacity 4486K, committed 4864K, reserved 1056768K
  class space    used 362K, capacity 386K, committed 512K, reserved 1048576K

Card table byte_map: [0x00007f6a04b07000,0x00007f6a04eb6000] byte_map_base: 0x00007f6a046b5000

Marking Bits: (ParMarkBitMap*) 0x00007f6a07bb5360
 Begin Bits: [0x00007f69ed520000, 0x00007f69ef290000)
 End Bits:   [0x00007f69ef290000, 0x00007f69f1000000)

Polling page: 0x00007f6a08a36000

CodeCache: size=245760Kb used=1173Kb max_used=1173Kb free=244586Kb
 bounds [0x00007f69f1000000, 0x00007f69f1270000, 0x00007f6a00000000]
 total_blobs=293 nmethods=53 adapters=156
 compilation: enabled

Compilation events (10 events):
Event: 1.946 Thread 0x00007f6a000b4800   49       4       java.lang.StringBuilder::toString (17 bytes)
Event: 1.955 Thread 0x00007f6a000b4800 nmethod 49 0x00007f69f1122d50 code [0x00007f69f1122ec0, 0x00007f69f1123258]
Event: 2.033 Thread 0x00007f6a000b4800   50       4       java.lang.String::valueOf (14 bytes)
Event: 2.035 Thread 0x00007f6a000b4800 nmethod 50 0x00007f69f111e190 code [0x00007f69f111e2e0, 0x00007f69f111e358]
Event: 2.046 Thread 0x00007f6a000b4800   51       4       java.lang.StringBuilder::<init> (18 bytes)
Event: 2.053 Thread 0x00007f6a000b4800 nmethod 51 0x00007f69f111f210 code [0x00007f69f111f380, 0x00007f69f111f808]
Event: 130.986 Thread 0x00007f6a000b7800   52 %     3       com.bridgelabz.alg.BinaryFileIo::main @ 50 (135 bytes)
Event: 130.989 Thread 0x00007f6a000b7800 nmethod 52% 0x00007f69f1125050 code [0x00007f69f1125380, 0x00007f69f11268c8]
Event: 132.215 Thread 0x00007f6a000b7800   53       3       com.bridgelabz.alg.BinaryFileIo::main (135 bytes)
Event: 132.217 Thread 0x00007f6a000b7800 nmethod 53 0x00007f69f1127450 code [0x00007f69f1127760, 0x00007f69f1128bc8]

GC Heap History (10 events):
Event: 221.382 GC heap after
Heap after GC invocations=272 (full 0):
 PSYoungGen      total 275968K, used 32K [0x00000000d8c00000, 0x00000000fc280000, 0x0000000100000000)
  eden space 275456K, 0% used [0x00000000d8c00000,0x00000000d8c00000,0x00000000e9900000)
  from space 512K, 6% used [0x00000000fc200000,0x00000000fc208000,0x00000000fc280000)
  to   space 1536K, 0% used [0x00000000fbf80000,0x00000000fbf80000,0x00000000fc100000)
 ParOldGen       total 80896K, used 16240K [0x000000008a400000, 0x000000008f300000, 0x00000000d8c00000)
  object space 80896K, 20% used [0x000000008a400000,0x000000008b3dc1b8,0x000000008f300000)
 Metaspace       used 3295K, capacity 4486K, committed 4864K, reserved 1056768K
  class space    used 362K, capacity 386K, committed 512K, reserved 1048576K
}
Event: 221.874 GC heap before
{Heap before GC invocations=273 (full 0):
 PSYoungGen      total 275968K, used 275244K [0x00000000d8c00000, 0x00000000fc280000, 0x0000000100000000)
  eden space 275456K, 99% used [0x00000000d8c00000,0x00000000e98c32d0,0x00000000e9900000)
  from space 512K, 6% used [0x00000000fc200000,0x00000000fc208000,0x00000000fc280000)
  to   space 1536K, 0% used [0x00000000fbf80000,0x00000000fbf80000,0x00000000fc100000)
 ParOldGen       total 80896K, used 16240K [0x000000008a400000, 0x000000008f300000, 0x00000000d8c00000)
  object space 80896K, 20% used [0x000000008a400000,0x000000008b3dc1b8,0x000000008f300000)
 Metaspace       used 3295K, capacity 4486K, committed 4864K, reserved 1056768K
  class space    used 362K, capacity 386K, committed 512K, reserved 1048576K
Event: 221.894 GC heap after
Heap after GC invocations=273 (full 0):
 PSYoungGen      total 332288K, used 803K [0x00000000d8c00000, 0x00000000fc280000, 0x0000000100000000)
  eden space 330752K, 0% used [0x00000000d8c00000,0x00000000d8c00000,0x00000000ecf00000)
  from space 1536K, 52% used [0x00000000fbf80000,0x00000000fc048d28,0x00000000fc100000)
  to   space 1536K, 0% used [0x00000000fc100000,0x00000000fc100000,0x00000000fc280000)
 ParOldGen       total 80896K, used 16240K [0x000000008a400000, 0x000000008f300000, 0x00000000d8c00000)
  object space 80896K, 20% used [0x000000008a400000,0x000000008b3dc1b8,0x000000008f300000)
 Metaspace       used 3295K, capacity 4486K, committed 4864K, reserved 1056768K
  class space    used 362K, capacity 386K, committed 512K, reserved 1048576K
}
Event: 222.150 GC heap before
{Heap before GC invocations=274 (full 0):
 PSYoungGen      total 332288K, used 330939K [0x00000000d8c00000, 0x00000000fc280000, 0x0000000100000000)
  eden space 330752K, 99% used [0x00000000d8c00000,0x00000000ece66028,0x00000000ecf00000)
  from space 1536K, 52% used [0x00000000fbf80000,0x00000000fc048d28,0x00000000fc100000)
  to   space 1536K, 0% used [0x00000000fc100000,0x00000000fc100000,0x00000000fc280000)
 ParOldGen       total 80896K, used 16240K [0x000000008a400000, 0x000000008f300000, 0x00000000d8c00000)
  object space 80896K, 20% used [0x000000008a400000,0x000000008b3dc1b8,0x000000008f300000)
 Metaspace       used 3295K, capacity 4486K, committed 4864K, reserved 1056768K
  class space    used 362K, capacity 386K, committed 512K, reserved 1048576K
Event: 222.464 GC heap after
Heap after GC invocations=274 (full 0):
 PSYoungGen      total 398336K, used 804K [0x00000000d8c00000, 0x00000000fc200000, 0x0000000100000000)
  eden space 397312K, 0% used [0x00000000d8c00000,0x00000000d8c00000,0x00000000f1000000)
  from space 1024K, 78% used [0x00000000fc100000,0x00000000fc1c93f0,0x00000000fc200000)
  to   space 1536K, 0% used [0x00000000fbf00000,0x00000000fbf00000,0x00000000fc080000)
 ParOldGen       total 80896K, used 16240K [0x000000008a400000, 0x000000008f300000, 0x00000000d8c00000)
  object space 80896K, 20% used [0x000000008a400000,0x000000008b3dc1b8,0x000000008f300000)
 Metaspace       used 3295K, capacity 4486K, committed 4864K, reserved 1056768K
  class space    used 362K, capacity 386K, committed 512K, reserved 1048576K
}
Event: 223.423 GC heap before
{Heap before GC invocations=275 (full 0):
 PSYoungGen      total 398336K, used 398050K [0x00000000d8c00000, 0x00000000fc200000, 0x0000000100000000)
  eden space 397312K, 99% used [0x00000000d8c00000,0x00000000f0fef800,0x00000000f1000000)
  from space 1024K, 78% used [0x00000000fc100000,0x00000000fc1c93f0,0x00000000fc200000)
  to   space 1536K, 0% used [0x00000000fbf00000,0x00000000fbf00000,0x00000000fc080000)
 ParOldGen       total 80896K, used 16240K [0x000000008a400000, 0x000000008f300000, 0x00000000d8c00000)
  object space 80896K, 20% used [0x000000008a400000,0x000000008b3dc1b8,0x000000008f300000)
 Metaspace       used 3295K, capacity 4486K, committed 4864K, reserved 1056768K
  class space    used 362K, capacity 386K, committed 512K, reserved 1048576K
Event: 223.429 GC heap after
Heap after GC invocations=275 (full 0):
 PSYoungGen      total 478208K, used 806K [0x00000000d8c00000, 0x00000000fc180000, 0x0000000100000000)
  eden space 477184K, 0% used [0x00000000d8c00000,0x00000000d8c00000,0x00000000f5e00000)
  from space 1024K, 78% used [0x00000000fbf00000,0x00000000fbfc9bd8,0x00000000fc000000)
  to   space 1536K, 0% used [0x00000000fc000000,0x00000000fc000000,0x00000000fc180000)
 ParOldGen       total 80896K, used 16240K [0x000000008a400000, 0x000000008f300000, 0x00000000d8c00000)
  object space 80896K, 20% used [0x000000008a400000,0x000000008b3dc1b8,0x000000008f300000)
 Metaspace       used 3295K, capacity 4486K, committed 4864K, reserved 1056768K
  class space    used 362K, capacity 386K, committed 512K, reserved 1048576K
}
Event: 233.117 GC heap before
{Heap before GC invocations=276 (full 0):
 PSYoungGen      total 478208K, used 477592K [0x00000000d8c00000, 0x00000000fc180000, 0x0000000100000000)
  eden space 477184K, 99% used [0x00000000d8c00000,0x00000000f5d9c770,0x00000000f5e00000)
  from space 1024K, 78% used [0x00000000fbf00000,0x00000000fbfc9bd8,0x00000000fc000000)
  to   space 1536K, 0% used [0x00000000fc000000,0x00000000fc000000,0x00000000fc180000)
 ParOldGen       total 80896K, used 16240K [0x000000008a400000, 0x000000008f300000, 0x00000000d8c00000)
  object space 80896K, 20% used [0x000000008a400000,0x000000008b3dc1b8,0x000000008f300000)
 Metaspace       used 3295K, capacity 4486K, committed 4864K, reserved 1056768K
  class space    used 362K, capacity 386K, committed 512K, reserved 1048576K
Event: 233.697 GC heap after
Heap after GC invocations=276 (full 0):
 PSYoungGen      total 573952K, used 809K [0x00000000d8c00000, 0x00000000fc100000, 0x0000000100000000)
  eden space 572928K, 0% used [0x00000000d8c00000,0x00000000d8c00000,0x00000000fbb80000)
  from space 1024K, 79% used [0x00000000fc000000,0x00000000fc0ca570,0x00000000fc100000)
  to   space 1536K, 0% used [0x00000000fbe00000,0x00000000fbe00000,0x00000000fbf80000)
 ParOldGen       total 80896K, used 16240K [0x000000008a400000, 0x000000008f300000, 0x00000000d8c00000)
  object space 80896K, 20% used [0x000000008a400000,0x000000008b3dc1b8,0x000000008f300000)
 Metaspace       used 3295K, capacity 4486K, committed 4864K, reserved 1056768K
  class space    used 362K, capacity 386K, committed 512K, reserved 1048576K
}
Event: 238.392 GC heap before
{Heap before GC invocations=277 (full 0):
 PSYoungGen      total 573952K, used 572991K [0x00000000d8c00000, 0x00000000fc100000, 0x0000000100000000)
  eden space 572928K, 99% used [0x00000000d8c00000,0x00000000fbac5928,0x00000000fbb80000)
  from space 1024K, 79% used [0x00000000fc000000,0x00000000fc0ca570,0x00000000fc100000)
  to   space 1536K, 0% used [0x00000000fbe00000,0x00000000fbe00000,0x00000000fbf80000)
 ParOldGen       total 80896K, used 16240K [0x000000008a400000, 0x000000008f300000, 0x00000000d8c00000)
  object space 80896K, 20% used [0x000000008a400000,0x000000008b3dc1b8,0x000000008f300000)
 Metaspace       used 3295K, capacity 4486K, committed 4864K, reserved 1056768K
  class space    used 362K, capacity 386K, committed 512K, reserved 1048576K

Deoptimization events (0 events):
No events

Classes redefined (0 events):
No events

Internal exceptions (10 events):
Event: 0.238 Thread 0x00007f6a0000b000 Exception <a 'java/lang/NoSuchMethodError': Method sun.misc.Unsafe.prefetchRead(Ljava/lang/Object;J)V name or signature does not match> (0x00000000d8c07fa0) thrown at [/build/openjdk-8-OqY7zN/openjdk-8-8u222-b10/src/hotspot/src/share/vm/prims/jni.cpp, lin
Event: 0.671 Thread 0x00007f6a0000b000 Exception <a 'java/util/zip/ZipException'> (0x00000000d8c59a08) thrown at [/build/openjdk-8-OqY7zN/openjdk-8-8u222-b10/src/hotspot/src/share/vm/prims/jni.cpp, line 710]
Event: 0.671 Thread 0x00007f6a0000b000 Exception <a 'java/security/PrivilegedActionException'> (0x00000000d8c59ca8) thrown at [/build/openjdk-8-OqY7zN/openjdk-8-8u222-b10/src/hotspot/src/share/vm/prims/jvm.cpp, line 1502]
Event: 0.671 Thread 0x00007f6a0000b000 Exception <a 'java/security/PrivilegedActionException'> (0x00000000d8c59eb8) thrown at [/build/openjdk-8-OqY7zN/openjdk-8-8u222-b10/src/hotspot/src/share/vm/prims/jvm.cpp, line 1502]
Event: 0.925 Thread 0x00007f6a0000b000 Exception <a 'java/security/PrivilegedActionException'> (0x00000000d8c87698) thrown at [/build/openjdk-8-OqY7zN/openjdk-8-8u222-b10/src/hotspot/src/share/vm/prims/jvm.cpp, line 1502]
Event: 0.925 Thread 0x00007f6a0000b000 Exception <a 'java/security/PrivilegedActionException'> (0x00000000d8c87a90) thrown at [/build/openjdk-8-OqY7zN/openjdk-8-8u222-b10/src/hotspot/src/share/vm/prims/jvm.cpp, line 1502]
Event: 0.925 Thread 0x00007f6a0000b000 Exception <a 'java/security/PrivilegedActionException'> (0x00000000d8c89d00) thrown at [/build/openjdk-8-OqY7zN/openjdk-8-8u222-b10/src/hotspot/src/share/vm/prims/jvm.cpp, line 1502]
Event: 0.925 Thread 0x00007f6a0000b000 Exception <a 'java/security/PrivilegedActionException'> (0x00000000d8c8a0f8) thrown at [/build/openjdk-8-OqY7zN/openjdk-8-8u222-b10/src/hotspot/src/share/vm/prims/jvm.cpp, line 1502]
Event: 0.925 Thread 0x00007f6a0000b000 Exception <a 'java/security/PrivilegedActionException'> (0x00000000d8c8adb8) thrown at [/build/openjdk-8-OqY7zN/openjdk-8-8u222-b10/src/hotspot/src/share/vm/prims/jvm.cpp, line 1502]
Event: 0.925 Thread 0x00007f6a0000b000 Exception <a 'java/security/PrivilegedActionException'> (0x00000000d8c8b1b0) thrown at [/build/openjdk-8-OqY7zN/openjdk-8-8u222-b10/src/hotspot/src/share/vm/prims/jvm.cpp, line 1502]

Events (10 events):
Event: 221.382 Executing VM operation: ParallelGCFailedAllocation done
Event: 221.873 Executing VM operation: ParallelGCFailedAllocation
Event: 221.894 Executing VM operation: ParallelGCFailedAllocation done
Event: 222.150 Executing VM operation: ParallelGCFailedAllocation
Event: 222.475 Executing VM operation: ParallelGCFailedAllocation done
Event: 223.422 Executing VM operation: ParallelGCFailedAllocation
Event: 223.429 Executing VM operation: ParallelGCFailedAllocation done
Event: 233.044 Executing VM operation: ParallelGCFailedAllocation
Event: 233.933 Executing VM operation: ParallelGCFailedAllocation done
Event: 235.777 Executing VM operation: ParallelGCFailedAllocation


Dynamic libraries:
8a400000-8f300000 rw-p 00000000 00:00 0 
8f300000-d8c00000 ---p 00000000 00:00 0 
d8c00000-fc100000 rw-p 00000000 00:00 0 
100000000-100080000 rw-p 00000000 00:00 0 
100080000-140000000 ---p 00000000 00:00 0 
5575c5235000-5575c5236000 r-xp 00000000 b3:02 394207                     /usr/lib/jvm/java-8-openjdk-amd64/jre/bin/java
5575c5435000-5575c5436000 r--p 00000000 b3:02 394207                     /usr/lib/jvm/java-8-openjdk-amd64/jre/bin/java
5575c5436000-5575c5437000 rw-p 00001000 b3:02 394207                     /usr/lib/jvm/java-8-openjdk-amd64/jre/bin/java
5575c5bc1000-5575c5be2000 rw-p 00000000 00:00 0                          [heap]
7f69bc000000-7f69bc021000 rw-p 00000000 00:00 0 
7f69bc021000-7f69c0000000 ---p 00000000 00:00 0 
7f69c4000000-7f69c4070000 rw-p 00000000 00:00 0 
7f69c4070000-7f69c8000000 ---p 00000000 00:00 0 
7f69c8000000-7f69c8021000 rw-p 00000000 00:00 0 
7f69c8021000-7f69cc000000 ---p 00000000 00:00 0 
7f69cc000000-7f69cc021000 rw-p 00000000 00:00 0 
7f69cc021000-7f69d0000000 ---p 00000000 00:00 0 
7f69d0000000-7f69d0092000 rw-p 00000000 00:00 0 
7f69d0092000-7f69d4000000 ---p 00000000 00:00 0 
7f69d4000000-7f69d4021000 rw-p 00000000 00:00 0 
7f69d4021000-7f69d8000000 ---p 00000000 00:00 0 
7f69d8000000-7f69d8021000 rw-p 00000000 00:00 0 
7f69d8021000-7f69dc000000 ---p 00000000 00:00 0 
7f69df1f7000-7f69df212000 r--s 001d6000 b3:02 396003                     /usr/lib/jvm/java-8-openjdk-amd64/jre/lib/ext/nashorn.jar
7f69df212000-7f69df22d000 r--s 00394000 b3:02 395760                     /usr/lib/jvm/java-8-openjdk-amd64/jre/lib/ext/cldrdata.jar
7f69df22d000-7f69df22e000 ---p 00000000 00:00 0 
7f69df22e000-7f69df32e000 rw-p 00000000 00:00 0 
7f69df32e000-7f69df331000 ---p 00000000 00:00 0 
7f69df331000-7f69df42f000 rw-p 00000000 00:00 0 
7f69df42f000-7f69df430000 ---p 00000000 00:00 0 
7f69df430000-7f69df433000 ---p 00000000 00:00 0 
7f69df433000-7f69df530000 rw-p 00000000 00:00 0 
7f69df530000-7f69df531000 ---p 00000000 00:00 0 
7f69df531000-7f69df534000 ---p 00000000 00:00 0 
7f69df534000-7f69df631000 rw-p 00000000 00:00 0 
7f69df631000-7f69e0000000 r--p 00000000 b3:02 399303                     /usr/lib/locale/locale-archive
7f69e0000000-7f69e0021000 rw-p 00000000 00:00 0 
7f69e0021000-7f69e4000000 ---p 00000000 00:00 0 
7f69e4000000-7f69e4021000 rw-p 00000000 00:00 0 
7f69e4021000-7f69e8000000 ---p 00000000 00:00 0 
7f69e8000000-7f69e8021000 rw-p 00000000 00:00 0 
7f69e8021000-7f69ec000000 ---p 00000000 00:00 0 
7f69ec013000-7f69ec016000 ---p 00000000 00:00 0 
7f69ec016000-7f69ec114000 rw-p 00000000 00:00 0 
7f69ec114000-7f69ec117000 ---p 00000000 00:00 0 
7f69ec117000-7f69ec215000 rw-p 00000000 00:00 0 
7f69ec215000-7f69ec218000 ---p 00000000 00:00 0 
7f69ec218000-7f69ec316000 rw-p 00000000 00:00 0 
7f69ec316000-7f69ec317000 ---p 00000000 00:00 0 
7f69ec317000-7f69ed160000 rw-p 00000000 00:00 0 
7f69ed160000-7f69ed520000 ---p 00000000 00:00 0 
7f69ed520000-7f69f1000000 rw-p 00000000 00:00 0 
7f69f1000000-7f69f1270000 rwxp 00000000 00:00 0 
7f69f1270000-7f6a00000000 ---p 00000000 00:00 0 
7f6a00000000-7f6a00156000 rw-p 00000000 00:00 0 
7f6a00156000-7f6a04000000 ---p 00000000 00:00 0 
7f6a0400d000-7f6a0409d000 rw-p 00000000 00:00 0 
7f6a0409d000-7f6a0426d000 r--s 03c5c000 b3:02 397558                     /usr/lib/jvm/java-8-openjdk-amd64/jre/lib/rt.jar
7f6a0426d000-7f6a04691000 rw-p 00000000 00:00 0 
7f6a04691000-7f6a04692000 ---p 00000000 00:00 0 
7f6a04692000-7f6a04792000 rw-p 00000000 00:00 0 
7f6a04792000-7f6a04793000 ---p 00000000 00:00 0 
7f6a04793000-7f6a048bb000 rw-p 00000000 00:00 0 
7f6a048bb000-7f6a04b07000 ---p 00000000 00:00 0 
7f6a04b07000-7f6a04b2f000 rw-p 00000000 00:00 0 
7f6a04b2f000-7f6a04d7b000 ---p 00000000 00:00 0 
7f6a04d7b000-7f6a04e96000 rw-p 00000000 00:00 0 
7f6a04e96000-7f6a04eb5000 ---p 00000000 00:00 0 
7f6a04eb5000-7f6a04ec0000 rw-p 00000000 00:00 0 
7f6a04ec0000-7f6a05276000 ---p 00000000 00:00 0 
7f6a05276000-7f6a0527e000 r-xp 00000000 b3:02 395584                     /usr/lib/jvm/java-8-openjdk-amd64/jre/lib/amd64/libzip.so
7f6a0527e000-7f6a0547d000 ---p 00008000 b3:02 395584                     /usr/lib/jvm/java-8-openjdk-amd64/jre/lib/amd64/libzip.so
7f6a0547d000-7f6a0547e000 r--p 00007000 b3:02 395584                     /usr/lib/jvm/java-8-openjdk-amd64/jre/lib/amd64/libzip.so
7f6a0547e000-7f6a0547f000 rw-p 00008000 b3:02 395584                     /usr/lib/jvm/java-8-openjdk-amd64/jre/lib/amd64/libzip.so
7f6a0547f000-7f6a0548a000 r-xp 00000000 b3:02 1706491                    /lib/x86_64-linux-gnu/libnss_files-2.27.so
7f6a0548a000-7f6a05689000 ---p 0000b000 b3:02 1706491                    /lib/x86_64-linux-gnu/libnss_files-2.27.so
7f6a05689000-7f6a0568a000 r--p 0000a000 b3:02 1706491                    /lib/x86_64-linux-gnu/libnss_files-2.27.so
7f6a0568a000-7f6a0568b000 rw-p 0000b000 b3:02 1706491                    /lib/x86_64-linux-gnu/libnss_files-2.27.so
7f6a0568b000-7f6a05691000 rw-p 00000000 00:00 0 
7f6a05691000-7f6a056a8000 r-xp 00000000 b3:02 1706485                    /lib/x86_64-linux-gnu/libnsl-2.27.so
7f6a056a8000-7f6a058a7000 ---p 00017000 b3:02 1706485                    /lib/x86_64-linux-gnu/libnsl-2.27.so
7f6a058a7000-7f6a058a8000 r--p 00016000 b3:02 1706485                    /lib/x86_64-linux-gnu/libnsl-2.27.so
7f6a058a8000-7f6a058a9000 rw-p 00017000 b3:02 1706485                    /lib/x86_64-linux-gnu/libnsl-2.27.so
7f6a058a9000-7f6a058ab000 rw-p 00000000 00:00 0 
7f6a058ab000-7f6a058b6000 r-xp 00000000 b3:02 1706502                    /lib/x86_64-linux-gnu/libnss_nis-2.27.so
7f6a058b6000-7f6a05ab5000 ---p 0000b000 b3:02 1706502                    /lib/x86_64-linux-gnu/libnss_nis-2.27.so
7f6a05ab5000-7f6a05ab6000 r--p 0000a000 b3:02 1706502                    /lib/x86_64-linux-gnu/libnss_nis-2.27.so
7f6a05ab6000-7f6a05ab7000 rw-p 0000b000 b3:02 1706502                    /lib/x86_64-linux-gnu/libnss_nis-2.27.so
7f6a05ab7000-7f6a05abf000 r-xp 00000000 b3:02 1706487                    /lib/x86_64-linux-gnu/libnss_compat-2.27.so
7f6a05abf000-7f6a05cbf000 ---p 00008000 b3:02 1706487                    /lib/x86_64-linux-gnu/libnss_compat-2.27.so
7f6a05cbf000-7f6a05cc0000 r--p 00008000 b3:02 1706487                    /lib/x86_64-linux-gnu/libnss_compat-2.27.so
7f6a05cc0000-7f6a05cc1000 rw-p 00009000 b3:02 1706487                    /lib/x86_64-linux-gnu/libnss_compat-2.27.so
7f6a05cc1000-7f6a05ceb000 r-xp 00000000 b3:02 395206                     /usr/lib/jvm/java-8-openjdk-amd64/jre/lib/amd64/libjava.so
7f6a05ceb000-7f6a05eea000 ---p 0002a000 b3:02 395206                     /usr/lib/jvm/java-8-openjdk-amd64/jre/lib/amd64/libjava.so
7f6a05eea000-7f6a05eeb000 r--p 00029000 b3:02 395206                     /usr/lib/jvm/java-8-openjdk-amd64/jre/lib/amd64/libjava.so
7f6a05eeb000-7f6a05eed000 rw-p 0002a000 b3:02 395206                     /usr/lib/jvm/java-8-openjdk-amd64/jre/lib/amd64/libjava.so
7f6a05eed000-7f6a05efd000 r-xp 00000000 b3:02 395550                     /usr/lib/jvm/java-8-openjdk-amd64/jre/lib/amd64/libverify.so
7f6a05efd000-7f6a060fc000 ---p 00010000 b3:02 395550                     /usr/lib/jvm/java-8-openjdk-amd64/jre/lib/amd64/libverify.so
7f6a060fc000-7f6a060fe000 r--p 0000f000 b3:02 395550                     /usr/lib/jvm/java-8-openjdk-amd64/jre/lib/amd64/libverify.so
7f6a060fe000-7f6a060ff000 rw-p 00011000 b3:02 395550                     /usr/lib/jvm/java-8-openjdk-amd64/jre/lib/amd64/libverify.so
7f6a060ff000-7f6a06106000 r-xp 00000000 b3:02 1706542                    /lib/x86_64-linux-gnu/librt-2.27.so
7f6a06106000-7f6a06305000 ---p 00007000 b3:02 1706542                    /lib/x86_64-linux-gnu/librt-2.27.so
7f6a06305000-7f6a06306000 r--p 00006000 b3:02 1706542                    /lib/x86_64-linux-gnu/librt-2.27.so
7f6a06306000-7f6a06307000 rw-p 00007000 b3:02 1706542                    /lib/x86_64-linux-gnu/librt-2.27.so
7f6a06307000-7f6a0631e000 r-xp 00000000 b3:02 1701708                    /lib/x86_64-linux-gnu/libgcc_s.so.1
7f6a0631e000-7f6a0651d000 ---p 00017000 b3:02 1701708                    /lib/x86_64-linux-gnu/libgcc_s.so.1
7f6a0651d000-7f6a0651e000 r--p 00016000 b3:02 1701708                    /lib/x86_64-linux-gnu/libgcc_s.so.1
7f6a0651e000-7f6a0651f000 rw-p 00017000 b3:02 1701708                    /lib/x86_64-linux-gnu/libgcc_s.so.1
7f6a0651f000-7f6a066bc000 r-xp 00000000 b3:02 1706464                    /lib/x86_64-linux-gnu/libm-2.27.so
7f6a066bc000-7f6a068bb000 ---p 0019d000 b3:02 1706464                    /lib/x86_64-linux-gnu/libm-2.27.so
7f6a068bb000-7f6a068bc000 r--p 0019c000 b3:02 1706464                    /lib/x86_64-linux-gnu/libm-2.27.so
7f6a068bc000-7f6a068bd000 rw-p 0019d000 b3:02 1706464                    /lib/x86_64-linux-gnu/libm-2.27.so
7f6a068bd000-7f6a06a36000 r-xp 00000000 b3:02 392630                     /usr/lib/x86_64-linux-gnu/libstdc++.so.6.0.25
7f6a06a36000-7f6a06c36000 ---p 00179000 b3:02 392630                     /usr/lib/x86_64-linux-gnu/libstdc++.so.6.0.25
7f6a06c36000-7f6a06c40000 r--p 00179000 b3:02 392630                     /usr/lib/x86_64-linux-gnu/libstdc++.so.6.0.25
7f6a06c40000-7f6a06c42000 rw-p 00183000 b3:02 392630                     /usr/lib/x86_64-linux-gnu/libstdc++.so.6.0.25
7f6a06c42000-7f6a06c46000 rw-p 00000000 00:00 0 
7f6a06c46000-7f6a078e5000 r-xp 00000000 b3:02 395653                     /usr/lib/jvm/java-8-openjdk-amd64/jre/lib/amd64/server/libjvm.so
7f6a078e5000-7f6a07ae5000 ---p 00c9f000 b3:02 395653                     /usr/lib/jvm/java-8-openjdk-amd64/jre/lib/amd64/server/libjvm.so
7f6a07ae5000-7f6a07b79000 r--p 00c9f000 b3:02 395653                     /usr/lib/jvm/java-8-openjdk-amd64/jre/lib/amd64/server/libjvm.so
7f6a07b79000-7f6a07ba2000 rw-p 00d33000 b3:02 395653                     /usr/lib/jvm/java-8-openjdk-amd64/jre/lib/amd64/server/libjvm.so
7f6a07ba2000-7f6a07bd2000 rw-p 00000000 00:00 0 
7f6a07bd2000-7f6a07bec000 r-xp 00000000 b3:02 1706534                    /lib/x86_64-linux-gnu/libpthread-2.27.so
7f6a07bec000-7f6a07deb000 ---p 0001a000 b3:02 1706534                    /lib/x86_64-linux-gnu/libpthread-2.27.so
7f6a07deb000-7f6a07dec000 r--p 00019000 b3:02 1706534                    /lib/x86_64-linux-gnu/libpthread-2.27.so
7f6a07dec000-7f6a07ded000 rw-p 0001a000 b3:02 1706534                    /lib/x86_64-linux-gnu/libpthread-2.27.so
7f6a07ded000-7f6a07df1000 rw-p 00000000 00:00 0 
7f6a07df1000-7f6a07df4000 r-xp 00000000 b3:02 1706424                    /lib/x86_64-linux-gnu/libdl-2.27.so
7f6a07df4000-7f6a07ff3000 ---p 00003000 b3:02 1706424                    /lib/x86_64-linux-gnu/libdl-2.27.so
7f6a07ff3000-7f6a07ff4000 r--p 00002000 b3:02 1706424                    /lib/x86_64-linux-gnu/libdl-2.27.so
7f6a07ff4000-7f6a07ff5000 rw-p 00003000 b3:02 1706424                    /lib/x86_64-linux-gnu/libdl-2.27.so
7f6a07ff5000-7f6a08011000 r-xp 00000000 b3:02 1706573                    /lib/x86_64-linux-gnu/libz.so.1.2.11
7f6a08011000-7f6a08210000 ---p 0001c000 b3:02 1706573                    /lib/x86_64-linux-gnu/libz.so.1.2.11
7f6a08210000-7f6a08211000 r--p 0001b000 b3:02 1706573                    /lib/x86_64-linux-gnu/libz.so.1.2.11
7f6a08211000-7f6a08212000 rw-p 0001c000 b3:02 1706573                    /lib/x86_64-linux-gnu/libz.so.1.2.11
7f6a08212000-7f6a083f9000 r-xp 00000000 b3:02 1706401                    /lib/x86_64-linux-gnu/libc-2.27.so
7f6a083f9000-7f6a085f9000 ---p 001e7000 b3:02 1706401                    /lib/x86_64-linux-gnu/libc-2.27.so
7f6a085f9000-7f6a085fd000 r--p 001e7000 b3:02 1706401                    /lib/x86_64-linux-gnu/libc-2.27.so
7f6a085fd000-7f6a085ff000 rw-p 001eb000 b3:02 1706401                    /lib/x86_64-linux-gnu/libc-2.27.so
7f6a085ff000-7f6a08603000 rw-p 00000000 00:00 0 
7f6a08603000-7f6a08611000 r-xp 00000000 b3:02 395106                     /usr/lib/jvm/java-8-openjdk-amd64/jre/lib/amd64/jli/libjli.so
7f6a08611000-7f6a08810000 ---p 0000e000 b3:02 395106                     /usr/lib/jvm/java-8-openjdk-amd64/jre/lib/amd64/jli/libjli.so
7f6a08810000-7f6a08811000 r--p 0000d000 b3:02 395106                     /usr/lib/jvm/java-8-openjdk-amd64/jre/lib/amd64/jli/libjli.so
7f6a08811000-7f6a08812000 rw-p 0000e000 b3:02 395106                     /usr/lib/jvm/java-8-openjdk-amd64/jre/lib/amd64/jli/libjli.so
7f6a08812000-7f6a08839000 r-xp 00000000 b3:02 1706373                    /lib/x86_64-linux-gnu/ld-2.27.so
7f6a08845000-7f6a08848000 r--s 0000f000 b3:02 395791                     /usr/lib/jvm/java-8-openjdk-amd64/jre/lib/ext/icedtea-sound.jar
7f6a08848000-7f6a0884a000 r--s 00007000 b3:02 785030                     /usr/share/java/java-atk-wrapper.jar
7f6a0884a000-7f6a0884b000 r--s 00010000 b3:02 396007                     /usr/lib/jvm/java-8-openjdk-amd64/jre/lib/ext/zipfs.jar
7f6a0884b000-7f6a08855000 r--s 00116000 b3:02 396001                     /usr/lib/jvm/java-8-openjdk-amd64/jre/lib/ext/localedata.jar
7f6a08855000-7f6a0891e000 rw-p 00000000 00:00 0 
7f6a0891e000-7f6a0891f000 ---p 00000000 00:00 0 
7f6a0891f000-7f6a08922000 ---p 00000000 00:00 0 
7f6a08922000-7f6a08a21000 rw-p 00000000 00:00 0 
7f6a08a21000-7f6a08a26000 r--s 0003c000 b3:02 396005                     /usr/lib/jvm/java-8-openjdk-amd64/jre/lib/ext/sunjce_provider.jar
7f6a08a26000-7f6a08a27000 r--s 0000d000 b3:02 396004                     /usr/lib/jvm/java-8-openjdk-amd64/jre/lib/ext/sunec.jar
7f6a08a27000-7f6a08a2a000 r--s 00039000 b3:02 396006                     /usr/lib/jvm/java-8-openjdk-amd64/jre/lib/ext/sunpkcs11.jar
7f6a08a2a000-7f6a08a2c000 r--s 00001000 b3:02 395767                     /usr/lib/jvm/java-8-openjdk-amd64/jre/lib/ext/dnsns.jar
7f6a08a2c000-7f6a08a2d000 r--s 0000a000 b3:02 395796                     /usr/lib/jvm/java-8-openjdk-amd64/jre/lib/ext/jaccess.jar
7f6a08a2d000-7f6a08a35000 rw-s 00000000 b3:02 269485                     /tmp/hsperfdata_admin1/22235
7f6a08a35000-7f6a08a36000 rw-p 00000000 00:00 0 
7f6a08a36000-7f6a08a37000 ---p 00000000 00:00 0 
7f6a08a37000-7f6a08a39000 rw-p 00000000 00:00 0 
7f6a08a39000-7f6a08a3a000 r--p 00027000 b3:02 1706373                    /lib/x86_64-linux-gnu/ld-2.27.so
7f6a08a3a000-7f6a08a3b000 rw-p 00028000 b3:02 1706373                    /lib/x86_64-linux-gnu/ld-2.27.so
7f6a08a3b000-7f6a08a3c000 rw-p 00000000 00:00 0 
7ffdc03ed000-7ffdc040e000 rw-p 00000000 00:00 0                          [stack]
7ffdc04ac000-7ffdc04af000 r--p 00000000 00:00 0                          [vvar]
7ffdc04af000-7ffdc04b1000 r-xp 00000000 00:00 0                          [vdso]
ffffffffff600000-ffffffffff601000 r-xp 00000000 00:00 0                  [vsyscall]

VM Arguments:
jvm_args: -Dfile.encoding=UTF-8 
java_command: com.bridgelabz.alg.BinaryFileIo
java_class_path (initial): /home/admin1/Desktop/eclipse-inst-linux64/AlgorithmProblems/bin
Launcher Type: SUN_STANDARD

Environment Variables:
PATH=/usr/local/sbin:/usr/local/bin:/usr/sbin:/usr/bin:/sbin:/bin:/usr/games:/usr/local/games:/snap/bin
USERNAME=admin1
SHELL=/bin/bash
DISPLAY=:0

Signal Handlers:
SIGSEGV: [libjvm.so+0xab92f0], sa_mask[0]=11111111011111111101111111111110, sa_flags=SA_RESTART|SA_SIGINFO
SIGBUS: [libjvm.so+0xab92f0], sa_mask[0]=11111111011111111101111111111110, sa_flags=SA_RESTART|SA_SIGINFO
SIGFPE: [libjvm.so+0x8ee560], sa_mask[0]=11111111011111111101111111111110, sa_flags=SA_RESTART|SA_SIGINFO
SIGPIPE: [libjvm.so+0x8ee560], sa_mask[0]=11111111011111111101111111111110, sa_flags=SA_RESTART|SA_SIGINFO
SIGXFSZ: [libjvm.so+0x8ee560], sa_mask[0]=11111111011111111101111111111110, sa_flags=SA_RESTART|SA_SIGINFO
SIGILL: [libjvm.so+0x8ee560], sa_mask[0]=11111111011111111101111111111110, sa_flags=SA_RESTART|SA_SIGINFO
SIGUSR1: SIG_DFL, sa_mask[0]=00000000000000000000000000000000, sa_flags=none
SIGUSR2: [libjvm.so+0x8ee410], sa_mask[0]=00100000000000000000000000000000, sa_flags=SA_RESTART|SA_SIGINFO
SIGHUP: [libjvm.so+0x8eea80], sa_mask[0]=11111111011111111101111111111110, sa_flags=SA_RESTART|SA_SIGINFO
SIGINT: [libjvm.so+0x8eea80], sa_mask[0]=11111111011111111101111111111110, sa_flags=SA_RESTART|SA_SIGINFO
SIGTERM: [libjvm.so+0x8eea80], sa_mask[0]=11111111011111111101111111111110, sa_flags=SA_RESTART|SA_SIGINFO
SIGQUIT: [libjvm.so+0x8eea80], sa_mask[0]=11111111011111111101111111111110, sa_flags=SA_RESTART|SA_SIGINFO


---------------  S Y S T E M  ---------------

OS:DISTRIB_ID=Ubuntu
DISTRIB_RELEASE=18.04
DISTRIB_CODENAME=bionic
DISTRIB_DESCRIPTION="Ubuntu 18.04.3 LTS"

uname:Linux 4.15.0-66-generic #75-Ubuntu SMP Tue Oct 1 05:24:09 UTC 2019 x86_64
libc:glibc 2.27 NPTL 2.27 
rlimit: STACK 8192k, CORE 0k, NPROC 29831, NOFILE 4096, AS infinity
load average:21.19 16.10 7.45

/proc/meminfo:
MemTotal:        7711852 kB
MemFree:          140552 kB
MemAvailable:      34232 kB
Buffers:            1372 kB
Cached:           131008 kB
SwapCached:          548 kB
Active:          6366636 kB
Inactive:         924448 kB
Active(anon):    6360084 kB
Inactive(anon):   908624 kB
Active(file):       6552 kB
Inactive(file):    15824 kB
Unevictable:         112 kB
Mlocked:             112 kB
SwapTotal:       1393948 kB
SwapFree:              0 kB
Dirty:               312 kB
Writeback:            52 kB
AnonPages:       7158600 kB
Mapped:            31024 kB
Shmem:            109636 kB
Slab:             112692 kB
SReclaimable:      46920 kB
SUnreclaim:        65772 kB
KernelStack:       17904 kB
PageTables:        77916 kB
NFS_Unstable:          0 kB
Bounce:                0 kB
WritebackTmp:          0 kB
CommitLimit:     5249872 kB
Committed_AS:   16281328 kB
VmallocTotal:   34359738367 kB
VmallocUsed:           0 kB
VmallocChunk:          0 kB
HardwareCorrupted:     0 kB
AnonHugePages:         0 kB
ShmemHugePages:        0 kB
ShmemPmdMapped:        0 kB
CmaTotal:              0 kB
CmaFree:               0 kB
HugePages_Total:       0
HugePages_Free:        0
HugePages_Rsvd:        0
HugePages_Surp:        0
Hugepagesize:       2048 kB
DirectMap4k:      299412 kB
DirectMap2M:     6580224 kB
DirectMap1G:     3145728 kB

container (cgroup) information:
container_type: cgroupv1
cpu_cpuset_cpus: 0-1
cpu_memory_nodes: 0
active_processor_count: 2
cpu_quota: -1
cpu_period: 100000
cpu_shares: -1
memory_limit_in_bytes: -1
memory_and_swap_limit_in_bytes: -2
memory_soft_limit_in_bytes: -1
memory_usage_in_bytes: 7493419008
memory_max_usage_in_bytes: 0


CPU:total 2 (initial active 2) (2 cores per cpu, 1 threads per core) family 6 model 122 stepping 1, cmov, cx8, fxsr, mmx, sse, sse2, sse3, ssse3, sse4.1, sse4.2, popcnt, aes, clmul, erms, 3dnowpref, tsc, tscinvbit

/proc/cpuinfo:
processor	: 0
vendor_id	: GenuineIntel
cpu family	: 6
model		: 122
model name	: Intel(R) Celeron(R) N4000 CPU @ 1.10GHz
stepping	: 1
microcode	: 0x2e
cpu MHz		: 2487.272
cache size	: 4096 KB
physical id	: 0
siblings	: 2
core id		: 0
cpu cores	: 2
apicid		: 0
initial apicid	: 0
fpu		: yes
fpu_exception	: yes
cpuid level	: 24
wp		: yes
flags		: fpu vme de pse tsc msr pae mce cx8 apic sep mtrr pge mca cmov pat pse36 clflush dts acpi mmx fxsr sse sse2 ss ht tm pbe syscall nx pdpe1gb rdtscp lm constant_tsc art arch_perfmon pebs bts rep_good nopl xtopology nonstop_tsc cpuid aperfmperf tsc_known_freq pni pclmulqdq dtes64 monitor ds_cpl vmx est tm2 ssse3 sdbg cx16 xtpr pdcm sse4_1 sse4_2 x2apic movbe popcnt tsc_deadline_timer aes xsave rdrand lahf_lm 3dnowprefetch cpuid_fault cat_l2 pti cdp_l2 ssbd ibrs ibpb stibp ibrs_enhanced tpr_shadow vnmi flexpriority ept vpid fsgsbase tsc_adjust smep erms mpx rdt_a rdseed smap clflushopt intel_pt sha_ni xsaveopt xsavec xgetbv1 xsaves dtherm ida arat pln pts umip rdpid md_clear arch_capabilities
bugs		: cpu_meltdown spectre_v1 spectre_v2 spec_store_bypass
bogomips	: 2188.80
clflush size	: 64
cache_alignment	: 64
address sizes	: 39 bits physical, 48 bits virtual
power management:

processor	: 1
vendor_id	: GenuineIntel
cpu family	: 6
model		: 122
model name	: Intel(R) Celeron(R) N4000 CPU @ 1.10GHz
stepping	: 1
microcode	: 0x2e
cpu MHz		: 2487.276
cache size	: 4096 KB
physical id	: 0
siblings	: 2
core id		: 1
cpu cores	: 2
apicid		: 2
initial apicid	: 2
fpu		: yes
fpu_exception	: yes
cpuid level	: 24
wp		: yes
flags		: fpu vme de pse tsc msr pae mce cx8 apic sep mtrr pge mca cmov pat pse36 clflush dts acpi mmx fxsr sse sse2 ss ht tm pbe syscall nx pdpe1gb rdtscp lm constant_tsc art arch_perfmon pebs bts rep_good nopl xtopology nonstop_tsc cpuid aperfmperf tsc_known_freq pni pclmulqdq dtes64 monitor ds_cpl vmx est tm2 ssse3 sdbg cx16 xtpr pdcm sse4_1 sse4_2 x2apic movbe popcnt tsc_deadline_timer aes xsave rdrand lahf_lm 3dnowprefetch cpuid_fault cat_l2 pti cdp_l2 ssbd ibrs ibpb stibp ibrs_enhanced tpr_shadow vnmi flexpriority ept vpid fsgsbase tsc_adjust smep erms mpx rdt_a rdseed smap clflushopt intel_pt sha_ni xsaveopt xsavec xgetbv1 xsaves dtherm ida arat pln pts umip rdpid md_clear arch_capabilities
bugs		: cpu_meltdown spectre_v1 spectre_v2 spec_store_bypass
bogomips	: 2188.80
clflush size	: 64
cache_alignment	: 64
address sizes	: 39 bits physical, 48 bits virtual
power management:



Memory: 4k page, physical 7711852k(113080k free), swap 1393948k(0k free)

vm_info: OpenJDK 64-Bit Server VM (25.222-b10) for linux-amd64 JRE (1.8.0_222-8u222-b10-1ubuntu1~18.04.1-b10), built on Jul 18 2019 18:52:48 by "buildd" with gcc 7.4.0

time: Mon Nov 11 18:44:33 2019
timezone: IST
elapsed time: 244 seconds (0d 0h 4m 4s)

