#
# There is insufficient memory for the Java Runtime Environment to continue.
# Native memory allocation (mmap) failed to map 99614720 bytes for committing reserved memory.
# Possible reasons:
#   The system is out of physical RAM or swap space
#   The process is running with CompressedOops enabled, and the Java Heap may be blocking the growth of the native heap
# Possible solutions:
#   Reduce memory load on the system
#   Increase physical memory or swap space
#   Check if swap backing store is full
#   Decrease Java heap size (-Xmx/-Xms)
#   Decrease number of Java threads
#   Decrease Java thread stack sizes (-Xss)
#   Set larger code cache with -XX:ReservedCodeCacheSize=
#   JVM is running with Unscaled Compressed Oops mode in which the Java heap is
#     placed in the first 4GB address space. The Java Heap base address is the
#     maximum limit for the native heap growth. Please use -XX:HeapBaseMinAddress
#     to set the Java Heap base and to place the Java Heap above 4GB virtual address.
# This output file may be truncated or incomplete.
#
#  Out of Memory Error (os_linux.cpp:2757), pid=23282, tid=0x00007f443f8f8700
#
# JRE version: OpenJDK Runtime Environment (8.0_222-b10) (build 1.8.0_222-8u222-b10-1ubuntu1~18.04.1-b10)
# Java VM: OpenJDK 64-Bit Server VM (25.222-b10 mixed mode linux-amd64 compressed oops)
# Failed to write core dump. Core dumps have been disabled. To enable core dumping, try "ulimit -c unlimited" before starting Java again
#

---------------  T H R E A D  ---------------

Current thread (0x00007f4458075000):  VMThread [stack: 0x00007f443f7f9000,0x00007f443f8f9000] [id=23314]

Stack: [0x00007f443f7f9000,0x00007f443f8f9000],  sp=0x00007f443f8f74a0,  free space=1017k
Native frames: (J=compiled Java code, j=interpreted, Vv=VM code, C=native code)
V  [libjvm.so+0xab8992]
V  [libjvm.so+0x4dbfd7]
V  [libjvm.so+0x8f33a0]
V  [libjvm.so+0x8ea46e]
V  [libjvm.so+0x96e106]
V  [libjvm.so+0x96f478]
V  [libjvm.so+0x96ba76]
V  [libjvm.so+0x96be0c]
V  [libjvm.so+0x91a5a8]
V  [libjvm.so+0xaba662]
V  [libjvm.so+0xabf1d6]
V  [libjvm.so+0xabd4d5]
V  [libjvm.so+0xabddad]
V  [libjvm.so+0xabe1b8]
V  [libjvm.so+0x8f0732]

VM_Operation (0x00007f445ff59760): ParallelGCFailedAllocation, mode: safepoint, requested by thread 0x00007f445800b000


---------------  P R O C E S S  ---------------

Java Threads: ( => current thread )
  0x00007f44580c4800 JavaThread "Service Thread" daemon [_thread_blocked, id=23334, stack(0x00007f443e823000,0x00007f443e924000)]
  0x00007f44580b7800 JavaThread "C1 CompilerThread1" daemon [_thread_blocked, id=23330, stack(0x00007f443e925000,0x00007f443ea25000)]
  0x00007f44580b4800 JavaThread "C2 CompilerThread0" daemon [_thread_blocked, id=23327, stack(0x00007f443ea26000,0x00007f443eb26000)]
  0x00007f44580b3000 JavaThread "Signal Dispatcher" daemon [_thread_blocked, id=23325, stack(0x00007f443eb26000,0x00007f443ec27000)]
  0x00007f4458081000 JavaThread "Finalizer" daemon [_thread_blocked, id=23322, stack(0x00007f443f5f6000,0x00007f443f6f7000)]
  0x00007f445807e800 JavaThread "Reference Handler" daemon [_thread_blocked, id=23318, stack(0x00007f443f6f7000,0x00007f443f7f8000)]
  0x00007f445800b000 JavaThread "main" [_thread_blocked, id=23291, stack(0x00007f445fe5b000,0x00007f445ff5b000)]

Other Threads:
=>0x00007f4458075000 VMThread [stack: 0x00007f443f7f9000,0x00007f443f8f9000] [id=23314]
  0x00007f44580c7000 WatcherThread [stack: 0x00007f443e723000,0x00007f443e823000] [id=23336]

VM state:at safepoint (normal execution)

VM Mutex/Monitor currently owned by a thread:  ([mutex/lock_event])
[0x00007f4458007bd0] Threads_lock - owner thread: 0x00007f4458075000
[0x00007f44580080d0] Heap_lock - owner thread: 0x00007f445800b000

heap address: 0x000000008a400000, size: 1884 MB, Compressed Oops mode: 32-bit
Narrow klass base: 0x0000000000000000, Narrow klass shift: 3
Compressed class space size: 1073741824 Address: 0x0000000100000000

Heap:
 PSYoungGen      total 486912K, used 951K [0x00000000d8c00000, 0x00000000f6900000, 0x0000000100000000)
  eden space 485376K, 0% used [0x00000000d8c00000,0x00000000d8c00000,0x00000000f6600000)
  from space 1536K, 61% used [0x00000000f6600000,0x00000000f66edd50,0x00000000f6780000)
  to   space 1536K, 0% used [0x00000000f6780000,0x00000000f6780000,0x00000000f6900000)
 ParOldGen       total 80896K, used 1709K [0x000000008a400000, 0x000000008f300000, 0x00000000d8c00000)
  object space 80896K, 2% used [0x000000008a400000,0x000000008a5ab4a8,0x000000008f300000)
 Metaspace       used 3290K, capacity 4486K, committed 4864K, reserved 1056768K
  class space    used 362K, capacity 386K, committed 512K, reserved 1048576K

Card table byte_map: [0x00007f445c043000,0x00007f445c3f2000] byte_map_base: 0x00007f445bbf1000

Marking Bits: (ParMarkBitMap*) 0x00007f445f0f1360
 Begin Bits: [0x00007f44450aa000, 0x00007f4446e1a000)
 End Bits:   [0x00007f4446e1a000, 0x00007f4448b8a000)

Polling page: 0x00007f445ff72000

CodeCache: size=245760Kb used=1165Kb max_used=1177Kb free=244594Kb
 bounds [0x00007f4449000000, 0x00007f4449270000, 0x00007f4458000000]
 total_blobs=295 nmethods=55 adapters=156
 compilation: enabled

Compilation events (10 events):
Event: 1.972 Thread 0x00007f44580b4800   51       4       java.util.Arrays::copyOfRange (63 bytes)
Event: 1.975 Thread 0x00007f44580b4800 nmethod 51 0x00007f4449120610 code [0x00007f4449120760, 0x00007f4449120978]
Event: 1.975 Thread 0x00007f44580b4800   52       4       java.lang.String::<init> (82 bytes)
Event: 2.006 Thread 0x00007f44580b4800 nmethod 52 0x00007f4449125090 code [0x00007f4449125200, 0x00007f4449125518]
Event: 2.206 Thread 0x00007f44580b4800   53       4       java.lang.StringBuilder::toString (17 bytes)
Event: 2.211 Thread 0x00007f44580b4800 nmethod 53 0x00007f4449125710 code [0x00007f4449125880, 0x00007f4449125c18]
Event: 2.289 Thread 0x00007f44580b4800   54       4       java.lang.String::valueOf (14 bytes)
Event: 2.290 Thread 0x00007f44580b4800 nmethod 54 0x00007f4449123690 code [0x00007f44491237e0, 0x00007f4449123858]
Event: 2.294 Thread 0x00007f44580b4800   55       4       java.lang.StringBuilder::<init> (18 bytes)
Event: 2.316 Thread 0x00007f44580b4800 nmethod 55 0x00007f4449124710 code [0x00007f4449124880, 0x00007f4449124d08]

GC Heap History (10 events):
Event: 104.119 GC heap after
Heap after GC invocations=160 (full 0):
 PSYoungGen      total 337408K, used 474K [0x00000000d8c00000, 0x00000000ee580000, 0x0000000100000000)
  eden space 336896K, 0% used [0x00000000d8c00000,0x00000000d8c00000,0x00000000ed500000)
  from space 512K, 92% used [0x00000000ee500000,0x00000000ee576a38,0x00000000ee580000)
  to   space 1536K, 0% used [0x00000000ee280000,0x00000000ee280000,0x00000000ee400000)
 ParOldGen       total 80896K, used 1709K [0x000000008a400000, 0x000000008f300000, 0x00000000d8c00000)
  object space 80896K, 2% used [0x000000008a400000,0x000000008a5ab4a8,0x000000008f300000)
 Metaspace       used 3290K, capacity 4486K, committed 4864K, reserved 1056768K
  class space    used 362K, capacity 386K, committed 512K, reserved 1048576K
}
Event: 105.355 GC heap before
{Heap before GC invocations=161 (full 0):
 PSYoungGen      total 337408K, used 336965K [0x00000000d8c00000, 0x00000000ee580000, 0x0000000100000000)
  eden space 336896K, 99% used [0x00000000d8c00000,0x00000000ed49aa98,0x00000000ed500000)
  from space 512K, 92% used [0x00000000ee500000,0x00000000ee576a38,0x00000000ee580000)
  to   space 1536K, 0% used [0x00000000ee280000,0x00000000ee280000,0x00000000ee400000)
 ParOldGen       total 80896K, used 1709K [0x000000008a400000, 0x000000008f300000, 0x00000000d8c00000)
  object space 80896K, 2% used [0x000000008a400000,0x000000008a5ab4a8,0x000000008f300000)
 Metaspace       used 3290K, capacity 4486K, committed 4864K, reserved 1056768K
  class space    used 362K, capacity 386K, committed 512K, reserved 1048576K
Event: 105.364 GC heap after
Heap after GC invocations=161 (full 0):
 PSYoungGen      total 352256K, used 477K [0x00000000d8c00000, 0x00000000f1a00000, 0x0000000100000000)
  eden space 350720K, 0% used [0x00000000d8c00000,0x00000000d8c00000,0x00000000ee280000)
  from space 1536K, 31% used [0x00000000ee280000,0x00000000ee2f75f8,0x00000000ee400000)
  to   space 1536K, 0% used [0x00000000f1880000,0x00000000f1880000,0x00000000f1a00000)
 ParOldGen       total 80896K, used 1709K [0x000000008a400000, 0x000000008f300000, 0x00000000d8c00000)
  object space 80896K, 2% used [0x000000008a400000,0x000000008a5ab4a8,0x000000008f300000)
 Metaspace       used 3290K, capacity 4486K, committed 4864K, reserved 1056768K
  class space    used 362K, capacity 386K, committed 512K, reserved 1048576K
}
Event: 107.055 GC heap before
{Heap before GC invocations=162 (full 0):
 PSYoungGen      total 352256K, used 350823K [0x00000000d8c00000, 0x00000000f1a00000, 0x0000000100000000)
  eden space 350720K, 99% used [0x00000000d8c00000,0x00000000ee222878,0x00000000ee280000)
  from space 1536K, 31% used [0x00000000ee280000,0x00000000ee2f75f8,0x00000000ee400000)
  to   space 1536K, 0% used [0x00000000f1880000,0x00000000f1880000,0x00000000f1a00000)
 ParOldGen       total 80896K, used 1709K [0x000000008a400000, 0x000000008f300000, 0x00000000d8c00000)
  object space 80896K, 2% used [0x000000008a400000,0x000000008a5ab4a8,0x000000008f300000)
 Metaspace       used 3290K, capacity 4486K, committed 4864K, reserved 1056768K
  class space    used 362K, capacity 386K, committed 512K, reserved 1048576K
Event: 107.058 GC heap after
Heap after GC invocations=162 (full 0):
 PSYoungGen      total 406016K, used 929K [0x00000000d8c00000, 0x00000000f2a00000, 0x0000000100000000)
  eden space 404480K, 0% used [0x00000000d8c00000,0x00000000d8c00000,0x00000000f1700000)
  from space 1536K, 60% used [0x00000000f1880000,0x00000000f1968480,0x00000000f1a00000)
  to   space 1536K, 0% used [0x00000000f1700000,0x00000000f1700000,0x00000000f1880000)
 ParOldGen       total 80896K, used 1709K [0x000000008a400000, 0x000000008f300000, 0x00000000d8c00000)
  object space 80896K, 2% used [0x000000008a400000,0x000000008a5ab4a8,0x000000008f300000)
 Metaspace       used 3290K, capacity 4486K, committed 4864K, reserved 1056768K
  class space    used 362K, capacity 386K, committed 512K, reserved 1048576K
}
Event: 109.700 GC heap before
{Heap before GC invocations=163 (full 0):
 PSYoungGen      total 406016K, used 405259K [0x00000000d8c00000, 0x00000000f2a00000, 0x0000000100000000)
  eden space 404480K, 99% used [0x00000000d8c00000,0x00000000f16dab68,0x00000000f1700000)
  from space 1536K, 60% used [0x00000000f1880000,0x00000000f1968480,0x00000000f1a00000)
  to   space 1536K, 0% used [0x00000000f1700000,0x00000000f1700000,0x00000000f1880000)
 ParOldGen       total 80896K, used 1709K [0x000000008a400000, 0x000000008f300000, 0x00000000d8c00000)
  object space 80896K, 2% used [0x000000008a400000,0x000000008a5ab4a8,0x000000008f300000)
 Metaspace       used 3290K, capacity 4486K, committed 4864K, reserved 1056768K
  class space    used 362K, capacity 386K, committed 512K, reserved 1048576K
Event: 109.712 GC heap after
Heap after GC invocations=163 (full 0):
 PSYoungGen      total 406016K, used 484K [0x00000000d8c00000, 0x00000000f6900000, 0x0000000100000000)
  eden space 404480K, 0% used [0x00000000d8c00000,0x00000000d8c00000,0x00000000f1700000)
  from space 1536K, 31% used [0x00000000f1700000,0x00000000f1779038,0x00000000f1880000)
  to   space 1536K, 0% used [0x00000000f6780000,0x00000000f6780000,0x00000000f6900000)
 ParOldGen       total 80896K, used 1709K [0x000000008a400000, 0x000000008f300000, 0x00000000d8c00000)
  object space 80896K, 2% used [0x000000008a400000,0x000000008a5ab4a8,0x000000008f300000)
 Metaspace       used 3290K, capacity 4486K, committed 4864K, reserved 1056768K
  class space    used 362K, capacity 386K, committed 512K, reserved 1048576K
}
Event: 112.403 GC heap before
{Heap before GC invocations=164 (full 0):
 PSYoungGen      total 406016K, used 404720K [0x00000000d8c00000, 0x00000000f6900000, 0x0000000100000000)
  eden space 404480K, 99% used [0x00000000d8c00000,0x00000000f16c3370,0x00000000f1700000)
  from space 1536K, 31% used [0x00000000f1700000,0x00000000f1779038,0x00000000f1880000)
  to   space 1536K, 0% used [0x00000000f6780000,0x00000000f6780000,0x00000000f6900000)
 ParOldGen       total 80896K, used 1709K [0x000000008a400000, 0x000000008f300000, 0x00000000d8c00000)
  object space 80896K, 2% used [0x000000008a400000,0x000000008a5ab4a8,0x000000008f300000)
 Metaspace       used 3290K, capacity 4486K, committed 4864K, reserved 1056768K
  class space    used 362K, capacity 386K, committed 512K, reserved 1048576K
Event: 112.459 GC heap after
Heap after GC invocations=164 (full 0):
 PSYoungGen      total 486912K, used 487K [0x00000000d8c00000, 0x00000000f6900000, 0x0000000100000000)
  eden space 485376K, 0% used [0x00000000d8c00000,0x00000000d8c00000,0x00000000f6600000)
  from space 1536K, 31% used [0x00000000f6780000,0x00000000f67f9e20,0x00000000f6900000)
  to   space 1536K, 0% used [0x00000000f6600000,0x00000000f6600000,0x00000000f6780000)
 ParOldGen       total 80896K, used 1709K [0x000000008a400000, 0x000000008f300000, 0x00000000d8c00000)
  object space 80896K, 2% used [0x000000008a400000,0x000000008a5ab4a8,0x000000008f300000)
 Metaspace       used 3290K, capacity 4486K, committed 4864K, reserved 1056768K
  class space    used 362K, capacity 386K, committed 512K, reserved 1048576K
}
Event: 125.814 GC heap before
{Heap before GC invocations=165 (full 0):
 PSYoungGen      total 486912K, used 485863K [0x00000000d8c00000, 0x00000000f6900000, 0x0000000100000000)
  eden space 485376K, 100% used [0x00000000d8c00000,0x00000000f6600000,0x00000000f6600000)
  from space 1536K, 31% used [0x00000000f6780000,0x00000000f67f9e20,0x00000000f6900000)
  to   space 1536K, 0% used [0x00000000f6600000,0x00000000f6600000,0x00000000f6780000)
 ParOldGen       total 80896K, used 1709K [0x000000008a400000, 0x000000008f300000, 0x00000000d8c00000)
  object space 80896K, 2% used [0x000000008a400000,0x000000008a5ab4a8,0x000000008f300000)
 Metaspace       used 3290K, capacity 4486K, committed 4864K, reserved 1056768K
  class space    used 362K, capacity 386K, committed 512K, reserved 1048576K

Deoptimization events (0 events):
No events

Classes redefined (0 events):
No events

Internal exceptions (10 events):
Event: 0.231 Thread 0x00007f445800b000 Exception <a 'java/lang/NoSuchMethodError': Method sun.misc.Unsafe.prefetchRead(Ljava/lang/Object;J)V name or signature does not match> (0x00000000d8c07fa0) thrown at [/build/openjdk-8-OqY7zN/openjdk-8-8u222-b10/src/hotspot/src/share/vm/prims/jni.cpp, lin
Event: 0.626 Thread 0x00007f445800b000 Exception <a 'java/util/zip/ZipException'> (0x00000000d8c59a08) thrown at [/build/openjdk-8-OqY7zN/openjdk-8-8u222-b10/src/hotspot/src/share/vm/prims/jni.cpp, line 710]
Event: 0.626 Thread 0x00007f445800b000 Exception <a 'java/security/PrivilegedActionException'> (0x00000000d8c59ca8) thrown at [/build/openjdk-8-OqY7zN/openjdk-8-8u222-b10/src/hotspot/src/share/vm/prims/jvm.cpp, line 1502]
Event: 0.626 Thread 0x00007f445800b000 Exception <a 'java/security/PrivilegedActionException'> (0x00000000d8c59eb8) thrown at [/build/openjdk-8-OqY7zN/openjdk-8-8u222-b10/src/hotspot/src/share/vm/prims/jvm.cpp, line 1502]
Event: 0.820 Thread 0x00007f445800b000 Exception <a 'java/security/PrivilegedActionException'> (0x00000000d8c87678) thrown at [/build/openjdk-8-OqY7zN/openjdk-8-8u222-b10/src/hotspot/src/share/vm/prims/jvm.cpp, line 1502]
Event: 0.820 Thread 0x00007f445800b000 Exception <a 'java/security/PrivilegedActionException'> (0x00000000d8c87a70) thrown at [/build/openjdk-8-OqY7zN/openjdk-8-8u222-b10/src/hotspot/src/share/vm/prims/jvm.cpp, line 1502]
Event: 0.825 Thread 0x00007f445800b000 Exception <a 'java/security/PrivilegedActionException'> (0x00000000d8c89ce0) thrown at [/build/openjdk-8-OqY7zN/openjdk-8-8u222-b10/src/hotspot/src/share/vm/prims/jvm.cpp, line 1502]
Event: 0.825 Thread 0x00007f445800b000 Exception <a 'java/security/PrivilegedActionException'> (0x00000000d8c8a0d8) thrown at [/build/openjdk-8-OqY7zN/openjdk-8-8u222-b10/src/hotspot/src/share/vm/prims/jvm.cpp, line 1502]
Event: 0.825 Thread 0x00007f445800b000 Exception <a 'java/security/PrivilegedActionException'> (0x00000000d8c8ad98) thrown at [/build/openjdk-8-OqY7zN/openjdk-8-8u222-b10/src/hotspot/src/share/vm/prims/jvm.cpp, line 1502]
Event: 0.837 Thread 0x00007f445800b000 Exception <a 'java/security/PrivilegedActionException'> (0x00000000d8c8b190) thrown at [/build/openjdk-8-OqY7zN/openjdk-8-8u222-b10/src/hotspot/src/share/vm/prims/jvm.cpp, line 1502]

Events (10 events):
Event: 104.120 Executing VM operation: ParallelGCFailedAllocation done
Event: 105.355 Executing VM operation: ParallelGCFailedAllocation
Event: 105.364 Executing VM operation: ParallelGCFailedAllocation done
Event: 107.055 Executing VM operation: ParallelGCFailedAllocation
Event: 107.058 Executing VM operation: ParallelGCFailedAllocation done
Event: 109.518 Executing VM operation: ParallelGCFailedAllocation
Event: 109.712 Executing VM operation: ParallelGCFailedAllocation done
Event: 112.382 Executing VM operation: ParallelGCFailedAllocation
Event: 112.459 Executing VM operation: ParallelGCFailedAllocation done
Event: 122.204 Executing VM operation: ParallelGCFailedAllocation


Dynamic libraries:
8a400000-8f300000 rw-p 00000000 00:00 0 
8f300000-d8c00000 ---p 00000000 00:00 0 
d8c00000-f6900000 rw-p 00000000 00:00 0 
fc800000-100000000 ---p 00000000 00:00 0 
100000000-100080000 rw-p 00000000 00:00 0 
100080000-140000000 ---p 00000000 00:00 0 
5608076b1000-5608076b2000 r-xp 00000000 b3:02 394207                     /usr/lib/jvm/java-8-openjdk-amd64/jre/bin/java
5608078b1000-5608078b2000 r--p 00000000 b3:02 394207                     /usr/lib/jvm/java-8-openjdk-amd64/jre/bin/java
5608078b2000-5608078b3000 rw-p 00001000 b3:02 394207                     /usr/lib/jvm/java-8-openjdk-amd64/jre/bin/java
56080865a000-56080867b000 rw-p 00000000 00:00 0                          [heap]
7f4414000000-7f4414021000 rw-p 00000000 00:00 0 
7f4414021000-7f4418000000 ---p 00000000 00:00 0 
7f441c000000-7f441c058000 rw-p 00000000 00:00 0 
7f441c058000-7f4420000000 ---p 00000000 00:00 0 
7f4420000000-7f4420021000 rw-p 00000000 00:00 0 
7f4420021000-7f4424000000 ---p 00000000 00:00 0 
7f4424000000-7f4424021000 rw-p 00000000 00:00 0 
7f4424021000-7f4428000000 ---p 00000000 00:00 0 
7f4428000000-7f4428092000 rw-p 00000000 00:00 0 
7f4428092000-7f442c000000 ---p 00000000 00:00 0 
7f442c000000-7f442c021000 rw-p 00000000 00:00 0 
7f442c021000-7f4430000000 ---p 00000000 00:00 0 
7f4430000000-7f4430021000 rw-p 00000000 00:00 0 
7f4430021000-7f4434000000 ---p 00000000 00:00 0 
7f4434000000-7f4434021000 rw-p 00000000 00:00 0 
7f4434021000-7f4438000000 ---p 00000000 00:00 0 
7f4438000000-7f4438021000 rw-p 00000000 00:00 0 
7f4438021000-7f443c000000 ---p 00000000 00:00 0 
7f443e722000-7f443e723000 ---p 00000000 00:00 0 
7f443e723000-7f443e823000 rw-p 00000000 00:00 0 
7f443e823000-7f443e826000 ---p 00000000 00:00 0 
7f443e826000-7f443e924000 rw-p 00000000 00:00 0 
7f443e924000-7f443e925000 ---p 00000000 00:00 0 
7f443e925000-7f443e928000 ---p 00000000 00:00 0 
7f443e928000-7f443ea25000 rw-p 00000000 00:00 0 
7f443ea25000-7f443ea26000 ---p 00000000 00:00 0 
7f443ea26000-7f443ea29000 ---p 00000000 00:00 0 
7f443ea29000-7f443eb26000 rw-p 00000000 00:00 0 
7f443eb26000-7f443eb29000 ---p 00000000 00:00 0 
7f443eb29000-7f443ec27000 rw-p 00000000 00:00 0 
7f443ec27000-7f443f5f6000 r--p 00000000 b3:02 399303                     /usr/lib/locale/locale-archive
7f443f5f6000-7f443f5f9000 ---p 00000000 00:00 0 
7f443f5f9000-7f443f6f7000 rw-p 00000000 00:00 0 
7f443f6f7000-7f443f6fa000 ---p 00000000 00:00 0 
7f443f6fa000-7f443f7f8000 rw-p 00000000 00:00 0 
7f443f7f8000-7f443f7f9000 ---p 00000000 00:00 0 
7f443f7f9000-7f4440000000 rw-p 00000000 00:00 0 
7f4440000000-7f4440021000 rw-p 00000000 00:00 0 
7f4440021000-7f4444000000 ---p 00000000 00:00 0 
7f4444030000-7f444404b000 r--s 001d6000 b3:02 396003                     /usr/lib/jvm/java-8-openjdk-amd64/jre/lib/ext/nashorn.jar
7f444404b000-7f4444066000 r--s 00394000 b3:02 395760                     /usr/lib/jvm/java-8-openjdk-amd64/jre/lib/ext/cldrdata.jar
7f4444066000-7f44442b6000 rw-p 00000000 00:00 0 
7f44442b6000-7f4444486000 r--s 03c5c000 b3:02 397558                     /usr/lib/jvm/java-8-openjdk-amd64/jre/lib/rt.jar
7f4444486000-7f444493c000 rw-p 00000000 00:00 0 
7f444493c000-7f4444cfc000 ---p 00000000 00:00 0 
7f4444cfc000-7f4448b8a000 rw-p 00000000 00:00 0 
7f4448b8a000-7f4448b8b000 ---p 00000000 00:00 0 
7f4448b8b000-7f4448c8b000 rw-p 00000000 00:00 0 
7f4448c8b000-7f4448c8c000 ---p 00000000 00:00 0 
7f4448c8c000-7f4448db4000 rw-p 00000000 00:00 0 
7f4448db4000-7f4449000000 ---p 00000000 00:00 0 
7f4449000000-7f4449270000 rwxp 00000000 00:00 0 
7f4449270000-7f4458000000 ---p 00000000 00:00 0 
7f4458000000-7f4458155000 rw-p 00000000 00:00 0 
7f4458155000-7f445c000000 ---p 00000000 00:00 0 
7f445c001000-7f445c06b000 rw-p 00000000 00:00 0 
7f445c06b000-7f445c2b7000 ---p 00000000 00:00 0 
7f445c2b7000-7f445c3a6000 rw-p 00000000 00:00 0 
7f445c3a6000-7f445c3f1000 ---p 00000000 00:00 0 
7f445c3f1000-7f445c3fc000 rw-p 00000000 00:00 0 
7f445c3fc000-7f445c7b2000 ---p 00000000 00:00 0 
7f445c7b2000-7f445c7ba000 r-xp 00000000 b3:02 395584                     /usr/lib/jvm/java-8-openjdk-amd64/jre/lib/amd64/libzip.so
7f445c7ba000-7f445c9b9000 ---p 00008000 b3:02 395584                     /usr/lib/jvm/java-8-openjdk-amd64/jre/lib/amd64/libzip.so
7f445c9b9000-7f445c9ba000 r--p 00007000 b3:02 395584                     /usr/lib/jvm/java-8-openjdk-amd64/jre/lib/amd64/libzip.so
7f445c9ba000-7f445c9bb000 rw-p 00008000 b3:02 395584                     /usr/lib/jvm/java-8-openjdk-amd64/jre/lib/amd64/libzip.so
7f445c9bb000-7f445c9c6000 r-xp 00000000 b3:02 1706491                    /lib/x86_64-linux-gnu/libnss_files-2.27.so
7f445c9c6000-7f445cbc5000 ---p 0000b000 b3:02 1706491                    /lib/x86_64-linux-gnu/libnss_files-2.27.so
7f445cbc5000-7f445cbc6000 r--p 0000a000 b3:02 1706491                    /lib/x86_64-linux-gnu/libnss_files-2.27.so
7f445cbc6000-7f445cbc7000 rw-p 0000b000 b3:02 1706491                    /lib/x86_64-linux-gnu/libnss_files-2.27.so
7f445cbc7000-7f445cbcd000 rw-p 00000000 00:00 0 
7f445cbcd000-7f445cbe4000 r-xp 00000000 b3:02 1706485                    /lib/x86_64-linux-gnu/libnsl-2.27.so
7f445cbe4000-7f445cde3000 ---p 00017000 b3:02 1706485                    /lib/x86_64-linux-gnu/libnsl-2.27.so
7f445cde3000-7f445cde4000 r--p 00016000 b3:02 1706485                    /lib/x86_64-linux-gnu/libnsl-2.27.so
7f445cde4000-7f445cde5000 rw-p 00017000 b3:02 1706485                    /lib/x86_64-linux-gnu/libnsl-2.27.so
7f445cde5000-7f445cde7000 rw-p 00000000 00:00 0 
7f445cde7000-7f445cdf2000 r-xp 00000000 b3:02 1706502                    /lib/x86_64-linux-gnu/libnss_nis-2.27.so
7f445cdf2000-7f445cff1000 ---p 0000b000 b3:02 1706502                    /lib/x86_64-linux-gnu/libnss_nis-2.27.so
7f445cff1000-7f445cff2000 r--p 0000a000 b3:02 1706502                    /lib/x86_64-linux-gnu/libnss_nis-2.27.so
7f445cff2000-7f445cff3000 rw-p 0000b000 b3:02 1706502                    /lib/x86_64-linux-gnu/libnss_nis-2.27.so
7f445cff3000-7f445cffb000 r-xp 00000000 b3:02 1706487                    /lib/x86_64-linux-gnu/libnss_compat-2.27.so
7f445cffb000-7f445d1fb000 ---p 00008000 b3:02 1706487                    /lib/x86_64-linux-gnu/libnss_compat-2.27.so
7f445d1fb000-7f445d1fc000 r--p 00008000 b3:02 1706487                    /lib/x86_64-linux-gnu/libnss_compat-2.27.so
7f445d1fc000-7f445d1fd000 rw-p 00009000 b3:02 1706487                    /lib/x86_64-linux-gnu/libnss_compat-2.27.so
7f445d1fd000-7f445d227000 r-xp 00000000 b3:02 395206                     /usr/lib/jvm/java-8-openjdk-amd64/jre/lib/amd64/libjava.so
7f445d227000-7f445d426000 ---p 0002a000 b3:02 395206                     /usr/lib/jvm/java-8-openjdk-amd64/jre/lib/amd64/libjava.so
7f445d426000-7f445d427000 r--p 00029000 b3:02 395206                     /usr/lib/jvm/java-8-openjdk-amd64/jre/lib/amd64/libjava.so
7f445d427000-7f445d429000 rw-p 0002a000 b3:02 395206                     /usr/lib/jvm/java-8-openjdk-amd64/jre/lib/amd64/libjava.so
7f445d429000-7f445d439000 r-xp 00000000 b3:02 395550                     /usr/lib/jvm/java-8-openjdk-amd64/jre/lib/amd64/libverify.so
7f445d439000-7f445d638000 ---p 00010000 b3:02 395550                     /usr/lib/jvm/java-8-openjdk-amd64/jre/lib/amd64/libverify.so
7f445d638000-7f445d63a000 r--p 0000f000 b3:02 395550                     /usr/lib/jvm/java-8-openjdk-amd64/jre/lib/amd64/libverify.so
7f445d63a000-7f445d63b000 rw-p 00011000 b3:02 395550                     /usr/lib/jvm/java-8-openjdk-amd64/jre/lib/amd64/libverify.so
7f445d63b000-7f445d642000 r-xp 00000000 b3:02 1706542                    /lib/x86_64-linux-gnu/librt-2.27.so
7f445d642000-7f445d841000 ---p 00007000 b3:02 1706542                    /lib/x86_64-linux-gnu/librt-2.27.so
7f445d841000-7f445d842000 r--p 00006000 b3:02 1706542                    /lib/x86_64-linux-gnu/librt-2.27.so
7f445d842000-7f445d843000 rw-p 00007000 b3:02 1706542                    /lib/x86_64-linux-gnu/librt-2.27.so
7f445d843000-7f445d85a000 r-xp 00000000 b3:02 1701708                    /lib/x86_64-linux-gnu/libgcc_s.so.1
7f445d85a000-7f445da59000 ---p 00017000 b3:02 1701708                    /lib/x86_64-linux-gnu/libgcc_s.so.1
7f445da59000-7f445da5a000 r--p 00016000 b3:02 1701708                    /lib/x86_64-linux-gnu/libgcc_s.so.1
7f445da5a000-7f445da5b000 rw-p 00017000 b3:02 1701708                    /lib/x86_64-linux-gnu/libgcc_s.so.1
7f445da5b000-7f445dbf8000 r-xp 00000000 b3:02 1706464                    /lib/x86_64-linux-gnu/libm-2.27.so
7f445dbf8000-7f445ddf7000 ---p 0019d000 b3:02 1706464                    /lib/x86_64-linux-gnu/libm-2.27.so
7f445ddf7000-7f445ddf8000 r--p 0019c000 b3:02 1706464                    /lib/x86_64-linux-gnu/libm-2.27.so
7f445ddf8000-7f445ddf9000 rw-p 0019d000 b3:02 1706464                    /lib/x86_64-linux-gnu/libm-2.27.so
7f445ddf9000-7f445df72000 r-xp 00000000 b3:02 392630                     /usr/lib/x86_64-linux-gnu/libstdc++.so.6.0.25
7f445df72000-7f445e172000 ---p 00179000 b3:02 392630                     /usr/lib/x86_64-linux-gnu/libstdc++.so.6.0.25
7f445e172000-7f445e17c000 r--p 00179000 b3:02 392630                     /usr/lib/x86_64-linux-gnu/libstdc++.so.6.0.25
7f445e17c000-7f445e17e000 rw-p 00183000 b3:02 392630                     /usr/lib/x86_64-linux-gnu/libstdc++.so.6.0.25
7f445e17e000-7f445e182000 rw-p 00000000 00:00 0 
7f445e182000-7f445ee21000 r-xp 00000000 b3:02 395653                     /usr/lib/jvm/java-8-openjdk-amd64/jre/lib/amd64/server/libjvm.so
7f445ee21000-7f445f021000 ---p 00c9f000 b3:02 395653                     /usr/lib/jvm/java-8-openjdk-amd64/jre/lib/amd64/server/libjvm.so
7f445f021000-7f445f0b5000 r--p 00c9f000 b3:02 395653                     /usr/lib/jvm/java-8-openjdk-amd64/jre/lib/amd64/server/libjvm.so
7f445f0b5000-7f445f0de000 rw-p 00d33000 b3:02 395653                     /usr/lib/jvm/java-8-openjdk-amd64/jre/lib/amd64/server/libjvm.so
7f445f0de000-7f445f10e000 rw-p 00000000 00:00 0 
7f445f10e000-7f445f128000 r-xp 00000000 b3:02 1706534                    /lib/x86_64-linux-gnu/libpthread-2.27.so
7f445f128000-7f445f327000 ---p 0001a000 b3:02 1706534                    /lib/x86_64-linux-gnu/libpthread-2.27.so
7f445f327000-7f445f328000 r--p 00019000 b3:02 1706534                    /lib/x86_64-linux-gnu/libpthread-2.27.so
7f445f328000-7f445f329000 rw-p 0001a000 b3:02 1706534                    /lib/x86_64-linux-gnu/libpthread-2.27.so
7f445f329000-7f445f32d000 rw-p 00000000 00:00 0 
7f445f32d000-7f445f330000 r-xp 00000000 b3:02 1706424                    /lib/x86_64-linux-gnu/libdl-2.27.so
7f445f330000-7f445f52f000 ---p 00003000 b3:02 1706424                    /lib/x86_64-linux-gnu/libdl-2.27.so
7f445f52f000-7f445f530000 r--p 00002000 b3:02 1706424                    /lib/x86_64-linux-gnu/libdl-2.27.so
7f445f530000-7f445f531000 rw-p 00003000 b3:02 1706424                    /lib/x86_64-linux-gnu/libdl-2.27.so
7f445f531000-7f445f54d000 r-xp 00000000 b3:02 1706573                    /lib/x86_64-linux-gnu/libz.so.1.2.11
7f445f54d000-7f445f74c000 ---p 0001c000 b3:02 1706573                    /lib/x86_64-linux-gnu/libz.so.1.2.11
7f445f74c000-7f445f74d000 r--p 0001b000 b3:02 1706573                    /lib/x86_64-linux-gnu/libz.so.1.2.11
7f445f74d000-7f445f74e000 rw-p 0001c000 b3:02 1706573                    /lib/x86_64-linux-gnu/libz.so.1.2.11
7f445f74e000-7f445f935000 r-xp 00000000 b3:02 1706401                    /lib/x86_64-linux-gnu/libc-2.27.so
7f445f935000-7f445fb35000 ---p 001e7000 b3:02 1706401                    /lib/x86_64-linux-gnu/libc-2.27.so
7f445fb35000-7f445fb39000 r--p 001e7000 b3:02 1706401                    /lib/x86_64-linux-gnu/libc-2.27.so
7f445fb39000-7f445fb3b000 rw-p 001eb000 b3:02 1706401                    /lib/x86_64-linux-gnu/libc-2.27.so
7f445fb3b000-7f445fb3f000 rw-p 00000000 00:00 0 
7f445fb3f000-7f445fb4d000 r-xp 00000000 b3:02 395106                     /usr/lib/jvm/java-8-openjdk-amd64/jre/lib/amd64/jli/libjli.so
7f445fb4d000-7f445fd4c000 ---p 0000e000 b3:02 395106                     /usr/lib/jvm/java-8-openjdk-amd64/jre/lib/amd64/jli/libjli.so
7f445fd4c000-7f445fd4d000 r--p 0000d000 b3:02 395106                     /usr/lib/jvm/java-8-openjdk-amd64/jre/lib/amd64/jli/libjli.so
7f445fd4d000-7f445fd4e000 rw-p 0000e000 b3:02 395106                     /usr/lib/jvm/java-8-openjdk-amd64/jre/lib/amd64/jli/libjli.so
7f445fd4e000-7f445fd75000 r-xp 00000000 b3:02 1706373                    /lib/x86_64-linux-gnu/ld-2.27.so
7f445fd81000-7f445fd84000 r--s 0000f000 b3:02 395791                     /usr/lib/jvm/java-8-openjdk-amd64/jre/lib/ext/icedtea-sound.jar
7f445fd84000-7f445fd86000 r--s 00007000 b3:02 785030                     /usr/share/java/java-atk-wrapper.jar
7f445fd86000-7f445fd87000 r--s 00010000 b3:02 396007                     /usr/lib/jvm/java-8-openjdk-amd64/jre/lib/ext/zipfs.jar
7f445fd87000-7f445fd91000 r--s 00116000 b3:02 396001                     /usr/lib/jvm/java-8-openjdk-amd64/jre/lib/ext/localedata.jar
7f445fd91000-7f445fe5a000 rw-p 00000000 00:00 0 
7f445fe5a000-7f445fe5b000 ---p 00000000 00:00 0 
7f445fe5b000-7f445fe5e000 ---p 00000000 00:00 0 
7f445fe5e000-7f445ff5d000 rw-p 00000000 00:00 0 
7f445ff5d000-7f445ff62000 r--s 0003c000 b3:02 396005                     /usr/lib/jvm/java-8-openjdk-amd64/jre/lib/ext/sunjce_provider.jar
7f445ff62000-7f445ff63000 r--s 0000d000 b3:02 396004                     /usr/lib/jvm/java-8-openjdk-amd64/jre/lib/ext/sunec.jar
7f445ff63000-7f445ff66000 r--s 00039000 b3:02 396006                     /usr/lib/jvm/java-8-openjdk-amd64/jre/lib/ext/sunpkcs11.jar
7f445ff66000-7f445ff68000 r--s 00001000 b3:02 395767                     /usr/lib/jvm/java-8-openjdk-amd64/jre/lib/ext/dnsns.jar
7f445ff68000-7f445ff69000 r--s 0000a000 b3:02 395796                     /usr/lib/jvm/java-8-openjdk-amd64/jre/lib/ext/jaccess.jar
7f445ff69000-7f445ff71000 rw-s 00000000 b3:02 269517                     /tmp/hsperfdata_admin1/23282
7f445ff71000-7f445ff72000 rw-p 00000000 00:00 0 
7f445ff72000-7f445ff73000 ---p 00000000 00:00 0 
7f445ff73000-7f445ff75000 rw-p 00000000 00:00 0 
7f445ff75000-7f445ff76000 r--p 00027000 b3:02 1706373                    /lib/x86_64-linux-gnu/ld-2.27.so
7f445ff76000-7f445ff77000 rw-p 00028000 b3:02 1706373                    /lib/x86_64-linux-gnu/ld-2.27.so
7f445ff77000-7f445ff78000 rw-p 00000000 00:00 0 
7ffdcf0a8000-7ffdcf0c9000 rw-p 00000000 00:00 0                          [stack]
7ffdcf179000-7ffdcf17c000 r--p 00000000 00:00 0                          [vvar]
7ffdcf17c000-7ffdcf17e000 r-xp 00000000 00:00 0                          [vdso]
ffffffffff600000-ffffffffff601000 r-xp 00000000 00:00 0                  [vsyscall]

VM Arguments:
jvm_args: -Dfile.encoding=UTF-8 
java_command: com.bridgelabz.alg.BinaryFileIo
java_class_path (initial): /home/admin1/Desktop/eclipse-inst-linux64/AlgorithmProblems/bin
Launcher Type: SUN_STANDARD

Environment Variables:
PATH=/usr/local/sbin:/usr/local/bin:/usr/sbin:/usr/bin:/sbin:/bin:/usr/games:/usr/local/games:/snap/bin
USERNAME=admin1
SHELL=/bin/bash
DISPLAY=:0

Signal Handlers:
SIGSEGV: [libjvm.so+0xab92f0], sa_mask[0]=11111111011111111101111111111110, sa_flags=SA_RESTART|SA_SIGINFO
SIGBUS: [libjvm.so+0xab92f0], sa_mask[0]=11111111011111111101111111111110, sa_flags=SA_RESTART|SA_SIGINFO
SIGFPE: [libjvm.so+0x8ee560], sa_mask[0]=11111111011111111101111111111110, sa_flags=SA_RESTART|SA_SIGINFO
SIGPIPE: [libjvm.so+0x8ee560], sa_mask[0]=11111111011111111101111111111110, sa_flags=SA_RESTART|SA_SIGINFO
SIGXFSZ: [libjvm.so+0x8ee560], sa_mask[0]=11111111011111111101111111111110, sa_flags=SA_RESTART|SA_SIGINFO
SIGILL: [libjvm.so+0x8ee560], sa_mask[0]=11111111011111111101111111111110, sa_flags=SA_RESTART|SA_SIGINFO
SIGUSR1: SIG_DFL, sa_mask[0]=00000000000000000000000000000000, sa_flags=none
SIGUSR2: [libjvm.so+0x8ee410], sa_mask[0]=00100000000000000000000000000000, sa_flags=SA_RESTART|SA_SIGINFO
SIGHUP: [libjvm.so+0x8eea80], sa_mask[0]=11111111011111111101111111111110, sa_flags=SA_RESTART|SA_SIGINFO
SIGINT: [libjvm.so+0x8eea80], sa_mask[0]=11111111011111111101111111111110, sa_flags=SA_RESTART|SA_SIGINFO
SIGTERM: [libjvm.so+0x8eea80], sa_mask[0]=11111111011111111101111111111110, sa_flags=SA_RESTART|SA_SIGINFO
SIGQUIT: [libjvm.so+0x8eea80], sa_mask[0]=11111111011111111101111111111110, sa_flags=SA_RESTART|SA_SIGINFO


---------------  S Y S T E M  ---------------

OS:DISTRIB_ID=Ubuntu
DISTRIB_RELEASE=18.04
DISTRIB_CODENAME=bionic
DISTRIB_DESCRIPTION="Ubuntu 18.04.3 LTS"

uname:Linux 4.15.0-66-generic #75-Ubuntu SMP Tue Oct 1 05:24:09 UTC 2019 x86_64
libc:glibc 2.27 NPTL 2.27 
rlimit: STACK 8192k, CORE 0k, NPROC 29831, NOFILE 4096, AS infinity
load average:35.36 21.36 12.73

/proc/meminfo:
MemTotal:        7711852 kB
MemFree:          446184 kB
MemAvailable:     369524 kB
Buffers:            1772 kB
Cached:           161856 kB
SwapCached:         1064 kB
Active:          6022932 kB
Inactive:         992916 kB
Active(anon):    6013604 kB
Inactive(anon):   916568 kB
Active(file):       9328 kB
Inactive(file):    76348 kB
Unevictable:          64 kB
Mlocked:              64 kB
SwapTotal:       1393948 kB
SwapFree:          16852 kB
Dirty:               356 kB
Writeback:           848 kB
AnonPages:       6851784 kB
Mapped:            69048 kB
Shmem:             77816 kB
Slab:             105732 kB
SReclaimable:      42944 kB
SUnreclaim:        62788 kB
KernelStack:       16144 kB
PageTables:        63996 kB
NFS_Unstable:          0 kB
Bounce:                0 kB
WritebackTmp:          0 kB
CommitLimit:     5249872 kB
Committed_AS:   15317300 kB
VmallocTotal:   34359738367 kB
VmallocUsed:           0 kB
VmallocChunk:          0 kB
HardwareCorrupted:     0 kB
AnonHugePages:         0 kB
ShmemHugePages:        0 kB
ShmemPmdMapped:        0 kB
CmaTotal:              0 kB
CmaFree:               0 kB
HugePages_Total:       0
HugePages_Free:        0
HugePages_Rsvd:        0
HugePages_Surp:        0
Hugepagesize:       2048 kB
DirectMap4k:      299412 kB
DirectMap2M:     6580224 kB
DirectMap1G:     3145728 kB

container (cgroup) information:
container_type: cgroupv1
cpu_cpuset_cpus: 0-1
cpu_memory_nodes: 0
active_processor_count: 2
cpu_quota: -1
cpu_period: 100000
cpu_shares: -1
memory_limit_in_bytes: -1
memory_and_swap_limit_in_bytes: -2
memory_soft_limit_in_bytes: -1
memory_usage_in_bytes: 7184896000
memory_max_usage_in_bytes: 0


CPU:total 2 (initial active 2) (2 cores per cpu, 1 threads per core) family 6 model 122 stepping 1, cmov, cx8, fxsr, mmx, sse, sse2, sse3, ssse3, sse4.1, sse4.2, popcnt, aes, clmul, erms, 3dnowpref, tsc, tscinvbit

/proc/cpuinfo:
processor	: 0
vendor_id	: GenuineIntel
cpu family	: 6
model		: 122
model name	: Intel(R) Celeron(R) N4000 CPU @ 1.10GHz
stepping	: 1
microcode	: 0x2e
cpu MHz		: 2468.989
cache size	: 4096 KB
physical id	: 0
siblings	: 2
core id		: 0
cpu cores	: 2
apicid		: 0
initial apicid	: 0
fpu		: yes
fpu_exception	: yes
cpuid level	: 24
wp		: yes
flags		: fpu vme de pse tsc msr pae mce cx8 apic sep mtrr pge mca cmov pat pse36 clflush dts acpi mmx fxsr sse sse2 ss ht tm pbe syscall nx pdpe1gb rdtscp lm constant_tsc art arch_perfmon pebs bts rep_good nopl xtopology nonstop_tsc cpuid aperfmperf tsc_known_freq pni pclmulqdq dtes64 monitor ds_cpl vmx est tm2 ssse3 sdbg cx16 xtpr pdcm sse4_1 sse4_2 x2apic movbe popcnt tsc_deadline_timer aes xsave rdrand lahf_lm 3dnowprefetch cpuid_fault cat_l2 pti cdp_l2 ssbd ibrs ibpb stibp ibrs_enhanced tpr_shadow vnmi flexpriority ept vpid fsgsbase tsc_adjust smep erms mpx rdt_a rdseed smap clflushopt intel_pt sha_ni xsaveopt xsavec xgetbv1 xsaves dtherm ida arat pln pts umip rdpid md_clear arch_capabilities
bugs		: cpu_meltdown spectre_v1 spectre_v2 spec_store_bypass
bogomips	: 2188.80
clflush size	: 64
cache_alignment	: 64
address sizes	: 39 bits physical, 48 bits virtual
power management:

processor	: 1
vendor_id	: GenuineIntel
cpu family	: 6
model		: 122
model name	: Intel(R) Celeron(R) N4000 CPU @ 1.10GHz
stepping	: 1
microcode	: 0x2e
cpu MHz		: 2471.442
cache size	: 4096 KB
physical id	: 0
siblings	: 2
core id		: 1
cpu cores	: 2
apicid		: 2
initial apicid	: 2
fpu		: yes
fpu_exception	: yes
cpuid level	: 24
wp		: yes
flags		: fpu vme de pse tsc msr pae mce cx8 apic sep mtrr pge mca cmov pat pse36 clflush dts acpi mmx fxsr sse sse2 ss ht tm pbe syscall nx pdpe1gb rdtscp lm constant_tsc art arch_perfmon pebs bts rep_good nopl xtopology nonstop_tsc cpuid aperfmperf tsc_known_freq pni pclmulqdq dtes64 monitor ds_cpl vmx est tm2 ssse3 sdbg cx16 xtpr pdcm sse4_1 sse4_2 x2apic movbe popcnt tsc_deadline_timer aes xsave rdrand lahf_lm 3dnowprefetch cpuid_fault cat_l2 pti cdp_l2 ssbd ibrs ibpb stibp ibrs_enhanced tpr_shadow vnmi flexpriority ept vpid fsgsbase tsc_adjust smep erms mpx rdt_a rdseed smap clflushopt intel_pt sha_ni xsaveopt xsavec xgetbv1 xsaves dtherm ida arat pln pts umip rdpid md_clear arch_capabilities
bugs		: cpu_meltdown spectre_v1 spectre_v2 spec_store_bypass
bogomips	: 2188.80
clflush size	: 64
cache_alignment	: 64
address sizes	: 39 bits physical, 48 bits virtual
power management:



Memory: 4k page, physical 7711852k(445472k free), swap 1393948k(16856k free)

vm_info: OpenJDK 64-Bit Server VM (25.222-b10) for linux-amd64 JRE (1.8.0_222-8u222-b10-1ubuntu1~18.04.1-b10), built on Jul 18 2019 18:52:48 by "buildd" with gcc 7.4.0

time: Mon Nov 11 18:50:54 2019
timezone: IST
elapsed time: 133 seconds (0d 0h 2m 13s)

