#
# There is insufficient memory for the Java Runtime Environment to continue.
# Native memory allocation (mmap) failed to map 91750400 bytes for committing reserved memory.
# Possible reasons:
#   The system is out of physical RAM or swap space
#   The process is running with CompressedOops enabled, and the Java Heap may be blocking the growth of the native heap
# Possible solutions:
#   Reduce memory load on the system
#   Increase physical memory or swap space
#   Check if swap backing store is full
#   Decrease Java heap size (-Xmx/-Xms)
#   Decrease number of Java threads
#   Decrease Java thread stack sizes (-Xss)
#   Set larger code cache with -XX:ReservedCodeCacheSize=
#   JVM is running with Unscaled Compressed Oops mode in which the Java heap is
#     placed in the first 4GB address space. The Java Heap base address is the
#     maximum limit for the native heap growth. Please use -XX:HeapBaseMinAddress
#     to set the Java Heap base and to place the Java Heap above 4GB virtual address.
# This output file may be truncated or incomplete.
#
#  Out of Memory Error (os_linux.cpp:2757), pid=23395, tid=0x00007f1daec3c700
#
# JRE version: OpenJDK Runtime Environment (8.0_222-b10) (build 1.8.0_222-8u222-b10-1ubuntu1~18.04.1-b10)
# Java VM: OpenJDK 64-Bit Server VM (25.222-b10 mixed mode linux-amd64 compressed oops)
# Failed to write core dump. Core dumps have been disabled. To enable core dumping, try "ulimit -c unlimited" before starting Java again
#

---------------  T H R E A D  ---------------

Current thread (0x00007f1dc4075000):  VMThread [stack: 0x00007f1daeb3d000,0x00007f1daec3d000] [id=23405]

Stack: [0x00007f1daeb3d000,0x00007f1daec3d000],  sp=0x00007f1daec3b4a0,  free space=1017k
Native frames: (J=compiled Java code, j=interpreted, Vv=VM code, C=native code)
V  [libjvm.so+0xab8992]
V  [libjvm.so+0x4dbfd7]
V  [libjvm.so+0x8f33a0]
V  [libjvm.so+0x8ea46e]
V  [libjvm.so+0x96e106]
V  [libjvm.so+0x96f478]
V  [libjvm.so+0x96ba76]
V  [libjvm.so+0x96be0c]
V  [libjvm.so+0x91a5a8]
V  [libjvm.so+0xaba662]
V  [libjvm.so+0xabf1d6]
V  [libjvm.so+0xabd4d5]
V  [libjvm.so+0xabddad]
V  [libjvm.so+0xabe1b8]
V  [libjvm.so+0x8f0732]

VM_Operation (0x00007f1dcb24b710): ParallelGCFailedAllocation, mode: safepoint, requested by thread 0x00007f1dc400b000


---------------  P R O C E S S  ---------------

Java Threads: ( => current thread )
  0x00007f1dc40c4800 JavaThread "Service Thread" daemon [_thread_blocked, id=23411, stack(0x00007f1dadb67000,0x00007f1dadc68000)]
  0x00007f1dc40b7800 JavaThread "C1 CompilerThread1" daemon [_thread_blocked, id=23410, stack(0x00007f1dadc69000,0x00007f1dadd69000)]
  0x00007f1dc40b4800 JavaThread "C2 CompilerThread0" daemon [_thread_blocked, id=23409, stack(0x00007f1dadd6a000,0x00007f1dade6a000)]
  0x00007f1dc40b3000 JavaThread "Signal Dispatcher" daemon [_thread_blocked, id=23408, stack(0x00007f1dade6a000,0x00007f1dadf6b000)]
  0x00007f1dc4081000 JavaThread "Finalizer" daemon [_thread_blocked, id=23407, stack(0x00007f1dae93a000,0x00007f1daea3b000)]
  0x00007f1dc407e800 JavaThread "Reference Handler" daemon [_thread_blocked, id=23406, stack(0x00007f1daea3b000,0x00007f1daeb3c000)]
  0x00007f1dc400b000 JavaThread "main" [_thread_blocked, id=23398, stack(0x00007f1dcb14d000,0x00007f1dcb24d000)]

Other Threads:
=>0x00007f1dc4075000 VMThread [stack: 0x00007f1daeb3d000,0x00007f1daec3d000] [id=23405]
  0x00007f1dc40c7000 WatcherThread [stack: 0x00007f1dada67000,0x00007f1dadb67000] [id=23412]

VM state:at safepoint (normal execution)

VM Mutex/Monitor currently owned by a thread:  ([mutex/lock_event])
[0x00007f1dc4007bd0] Threads_lock - owner thread: 0x00007f1dc4075000
[0x00007f1dc40080d0] Heap_lock - owner thread: 0x00007f1dc400b000

heap address: 0x000000008a400000, size: 1884 MB, Compressed Oops mode: 32-bit
Narrow klass base: 0x0000000000000000, Narrow klass shift: 3
Compressed class space size: 1073741824 Address: 0x0000000100000000

Heap:
 PSYoungGen      total 448000K, used 755K [0x00000000d8c00000, 0x00000000f4280000, 0x0000000100000000)
  eden space 446976K, 0% used [0x00000000d8c00000,0x00000000d8c00000,0x00000000f4080000)
  from space 1024K, 73% used [0x00000000f4080000,0x00000000f413ced0,0x00000000f4180000)
  to   space 1024K, 0% used [0x00000000f4180000,0x00000000f4180000,0x00000000f4280000)
 ParOldGen       total 80896K, used 1541K [0x000000008a400000, 0x000000008f300000, 0x00000000d8c00000)
  object space 80896K, 1% used [0x000000008a400000,0x000000008a581658,0x000000008f300000)
 Metaspace       used 3290K, capacity 4486K, committed 4864K, reserved 1056768K
  class space    used 362K, capacity 386K, committed 512K, reserved 1048576K

Card table byte_map: [0x00007f1db425c000,0x00007f1db460b000] byte_map_base: 0x00007f1db3e0a000

Marking Bits: (ParMarkBitMap*) 0x00007f1dca3e3360
 Begin Bits: [0x00007f1db0306000, 0x00007f1db2076000)
 End Bits:   [0x00007f1db2076000, 0x00007f1db3de6000)

Polling page: 0x00007f1dcb264000

CodeCache: size=245760Kb used=1167Kb max_used=1179Kb free=244592Kb
 bounds [0x00007f1db49cb000, 0x00007f1db4c3b000, 0x00007f1dc39cb000]
 total_blobs=296 nmethods=56 adapters=156
 compilation: enabled

Compilation events (10 events):
Event: 2.318 Thread 0x00007f1dc40b4800   52       4       java.util.Arrays::copyOfRange (63 bytes)
Event: 2.322 Thread 0x00007f1dc40b4800 nmethod 52 0x00007f1db4aeb950 code [0x00007f1db4aebaa0, 0x00007f1db4aebcb8]
Event: 2.322 Thread 0x00007f1dc40b4800   53       4       java.lang.String::<init> (82 bytes)
Event: 2.341 Thread 0x00007f1dc40b4800 nmethod 53 0x00007f1db4aefe90 code [0x00007f1db4af0000, 0x00007f1db4af0318]
Event: 2.581 Thread 0x00007f1dc40b4800   54       4       java.lang.StringBuilder::toString (17 bytes)
Event: 2.587 Thread 0x00007f1dc40b4800 nmethod 54 0x00007f1db4aef710 code [0x00007f1db4aef880, 0x00007f1db4aefc18]
Event: 2.649 Thread 0x00007f1dc40b4800   55       4       java.lang.String::valueOf (14 bytes)
Event: 2.650 Thread 0x00007f1dc40b4800 nmethod 55 0x00007f1db4aef490 code [0x00007f1db4aef5e0, 0x00007f1db4aef658]
Event: 2.652 Thread 0x00007f1dc40b4800   56       4       java.lang.StringBuilder::<init> (18 bytes)
Event: 2.683 Thread 0x00007f1dc40b4800 nmethod 56 0x00007f1db4aeead0 code [0x00007f1db4aeec40, 0x00007f1db4aef0e8]

GC Heap History (10 events):
Event: 65.969 GC heap after
Heap after GC invocations=114 (full 0):
 PSYoungGen      total 275456K, used 715K [0x00000000d8c00000, 0x00000000efa00000, 0x0000000100000000)
  eden space 274432K, 0% used [0x00000000d8c00000,0x00000000d8c00000,0x00000000e9800000)
  from space 1024K, 69% used [0x00000000ef900000,0x00000000ef9b2fe0,0x00000000efa00000)
  to   space 1024K, 0% used [0x00000000ef800000,0x00000000ef800000,0x00000000ef900000)
 ParOldGen       total 80896K, used 1541K [0x000000008a400000, 0x000000008f300000, 0x00000000d8c00000)
  object space 80896K, 1% used [0x000000008a400000,0x000000008a581658,0x000000008f300000)
 Metaspace       used 3290K, capacity 4486K, committed 4864K, reserved 1056768K
  class space    used 362K, capacity 386K, committed 512K, reserved 1048576K
}
Event: 67.537 GC heap before
{Heap before GC invocations=115 (full 0):
 PSYoungGen      total 275456K, used 274859K [0x00000000d8c00000, 0x00000000efa00000, 0x0000000100000000)
  eden space 274432K, 99% used [0x00000000d8c00000,0x00000000e97b7f70,0x00000000e9800000)
  from space 1024K, 69% used [0x00000000ef900000,0x00000000ef9b2fe0,0x00000000efa00000)
  to   space 1024K, 0% used [0x00000000ef800000,0x00000000ef800000,0x00000000ef900000)
 ParOldGen       total 80896K, used 1541K [0x000000008a400000, 0x000000008f300000, 0x00000000d8c00000)
  object space 80896K, 1% used [0x000000008a400000,0x000000008a581658,0x000000008f300000)
 Metaspace       used 3290K, capacity 4486K, committed 4864K, reserved 1056768K
  class space    used 362K, capacity 386K, committed 512K, reserved 1048576K
Event: 67.546 GC heap after
Heap after GC invocations=115 (full 0):
 PSYoungGen      total 330240K, used 377K [0x00000000d8c00000, 0x00000000ef980000, 0x0000000100000000)
  eden space 329728K, 0% used [0x00000000d8c00000,0x00000000d8c00000,0x00000000ece00000)
  from space 512K, 73% used [0x00000000ef800000,0x00000000ef85e458,0x00000000ef880000)
  to   space 1024K, 0% used [0x00000000ef880000,0x00000000ef880000,0x00000000ef980000)
 ParOldGen       total 80896K, used 1541K [0x000000008a400000, 0x000000008f300000, 0x00000000d8c00000)
  object space 80896K, 1% used [0x000000008a400000,0x000000008a581658,0x000000008f300000)
 Metaspace       used 3290K, capacity 4486K, committed 4864K, reserved 1056768K
  class space    used 362K, capacity 386K, committed 512K, reserved 1048576K
}
Event: 70.273 GC heap before
{Heap before GC invocations=116 (full 0):
 PSYoungGen      total 330240K, used 330020K [0x00000000d8c00000, 0x00000000ef980000, 0x0000000100000000)
  eden space 329728K, 99% used [0x00000000d8c00000,0x00000000ecdeac78,0x00000000ece00000)
  from space 512K, 73% used [0x00000000ef800000,0x00000000ef85e458,0x00000000ef880000)
  to   space 1024K, 0% used [0x00000000ef880000,0x00000000ef880000,0x00000000ef980000)
 ParOldGen       total 80896K, used 1541K [0x000000008a400000, 0x000000008f300000, 0x00000000d8c00000)
  object space 80896K, 1% used [0x000000008a400000,0x000000008a581658,0x000000008f300000)
 Metaspace       used 3290K, capacity 4486K, committed 4864K, reserved 1056768K
  class space    used 362K, capacity 386K, committed 512K, reserved 1048576K
Event: 70.353 GC heap after
Heap after GC invocations=116 (full 0):
 PSYoungGen      total 373248K, used 729K [0x00000000d8c00000, 0x00000000f1080000, 0x0000000100000000)
  eden space 372224K, 0% used [0x00000000d8c00000,0x00000000d8c00000,0x00000000ef780000)
  from space 1024K, 71% used [0x00000000ef880000,0x00000000ef936670,0x00000000ef980000)
  to   space 1024K, 0% used [0x00000000ef780000,0x00000000ef780000,0x00000000ef880000)
 ParOldGen       total 80896K, used 1541K [0x000000008a400000, 0x000000008f300000, 0x00000000d8c00000)
  object space 80896K, 1% used [0x000000008a400000,0x000000008a581658,0x000000008f300000)
 Metaspace       used 3290K, capacity 4486K, committed 4864K, reserved 1056768K
  class space    used 362K, capacity 386K, committed 512K, reserved 1048576K
}
Event: 72.450 GC heap before
{Heap before GC invocations=117 (full 0):
 PSYoungGen      total 373248K, used 372953K [0x00000000d8c00000, 0x00000000f1080000, 0x0000000100000000)
  eden space 372224K, 100% used [0x00000000d8c00000,0x00000000ef780000,0x00000000ef780000)
  from space 1024K, 71% used [0x00000000ef880000,0x00000000ef936670,0x00000000ef980000)
  to   space 1024K, 0% used [0x00000000ef780000,0x00000000ef780000,0x00000000ef880000)
 ParOldGen       total 80896K, used 1541K [0x000000008a400000, 0x000000008f300000, 0x00000000d8c00000)
  object space 80896K, 1% used [0x000000008a400000,0x000000008a581658,0x000000008f300000)
 Metaspace       used 3290K, capacity 4486K, committed 4864K, reserved 1056768K
  class space    used 362K, capacity 386K, committed 512K, reserved 1048576K
Event: 72.453 GC heap after
Heap after GC invocations=117 (full 0):
 PSYoungGen      total 373248K, used 737K [0x00000000d8c00000, 0x00000000f4280000, 0x0000000100000000)
  eden space 372224K, 0% used [0x00000000d8c00000,0x00000000d8c00000,0x00000000ef780000)
  from space 1024K, 72% used [0x00000000ef780000,0x00000000ef838760,0x00000000ef880000)
  to   space 1024K, 0% used [0x00000000f4180000,0x00000000f4180000,0x00000000f4280000)
 ParOldGen       total 80896K, used 1541K [0x000000008a400000, 0x000000008f300000, 0x00000000d8c00000)
  object space 80896K, 1% used [0x000000008a400000,0x000000008a581658,0x000000008f300000)
 Metaspace       used 3290K, capacity 4486K, committed 4864K, reserved 1056768K
  class space    used 362K, capacity 386K, committed 512K, reserved 1048576K
}
Event: 74.262 GC heap before
{Heap before GC invocations=118 (full 0):
 PSYoungGen      total 373248K, used 372739K [0x00000000d8c00000, 0x00000000f4280000, 0x0000000100000000)
  eden space 372224K, 99% used [0x00000000d8c00000,0x00000000ef7485d0,0x00000000ef780000)
  from space 1024K, 72% used [0x00000000ef780000,0x00000000ef838760,0x00000000ef880000)
  to   space 1024K, 0% used [0x00000000f4180000,0x00000000f4180000,0x00000000f4280000)
 ParOldGen       total 80896K, used 1541K [0x000000008a400000, 0x000000008f300000, 0x00000000d8c00000)
  object space 80896K, 1% used [0x000000008a400000,0x000000008a581658,0x000000008f300000)
 Metaspace       used 3290K, capacity 4486K, committed 4864K, reserved 1056768K
  class space    used 362K, capacity 386K, committed 512K, reserved 1048576K
Event: 74.278 GC heap after
Heap after GC invocations=118 (full 0):
 PSYoungGen      total 448000K, used 389K [0x00000000d8c00000, 0x00000000f4280000, 0x0000000100000000)
  eden space 446976K, 0% used [0x00000000d8c00000,0x00000000d8c00000,0x00000000f4080000)
  from space 1024K, 37% used [0x00000000f4180000,0x00000000f41e1400,0x00000000f4280000)
  to   space 1024K, 0% used [0x00000000f4080000,0x00000000f4080000,0x00000000f4180000)
 ParOldGen       total 80896K, used 1541K [0x000000008a400000, 0x000000008f300000, 0x00000000d8c00000)
  object space 80896K, 1% used [0x000000008a400000,0x000000008a581658,0x000000008f300000)
 Metaspace       used 3290K, capacity 4486K, committed 4864K, reserved 1056768K
  class space    used 362K, capacity 386K, committed 512K, reserved 1048576K
}
Event: 77.553 GC heap before
{Heap before GC invocations=119 (full 0):
 PSYoungGen      total 448000K, used 447146K [0x00000000d8c00000, 0x00000000f4280000, 0x0000000100000000)
  eden space 446976K, 99% used [0x00000000d8c00000,0x00000000f40496e0,0x00000000f4080000)
  from space 1024K, 37% used [0x00000000f4180000,0x00000000f41e1400,0x00000000f4280000)
  to   space 1024K, 0% used [0x00000000f4080000,0x00000000f4080000,0x00000000f4180000)
 ParOldGen       total 80896K, used 1541K [0x000000008a400000, 0x000000008f300000, 0x00000000d8c00000)
  object space 80896K, 1% used [0x000000008a400000,0x000000008a581658,0x000000008f300000)
 Metaspace       used 3290K, capacity 4486K, committed 4864K, reserved 1056768K
  class space    used 362K, capacity 386K, committed 512K, reserved 1048576K

Deoptimization events (0 events):
No events

Classes redefined (0 events):
No events

Internal exceptions (10 events):
Event: 0.342 Thread 0x00007f1dc400b000 Exception <a 'java/lang/NoSuchMethodError': Method sun.misc.Unsafe.prefetchRead(Ljava/lang/Object;J)V name or signature does not match> (0x00000000d8c07fa0) thrown at [/build/openjdk-8-OqY7zN/openjdk-8-8u222-b10/src/hotspot/src/share/vm/prims/jni.cpp, lin
Event: 0.927 Thread 0x00007f1dc400b000 Exception <a 'java/util/zip/ZipException'> (0x00000000d8c59a08) thrown at [/build/openjdk-8-OqY7zN/openjdk-8-8u222-b10/src/hotspot/src/share/vm/prims/jni.cpp, line 710]
Event: 0.928 Thread 0x00007f1dc400b000 Exception <a 'java/security/PrivilegedActionException'> (0x00000000d8c59ca8) thrown at [/build/openjdk-8-OqY7zN/openjdk-8-8u222-b10/src/hotspot/src/share/vm/prims/jvm.cpp, line 1502]
Event: 0.928 Thread 0x00007f1dc400b000 Exception <a 'java/security/PrivilegedActionException'> (0x00000000d8c59eb8) thrown at [/build/openjdk-8-OqY7zN/openjdk-8-8u222-b10/src/hotspot/src/share/vm/prims/jvm.cpp, line 1502]
Event: 1.200 Thread 0x00007f1dc400b000 Exception <a 'java/security/PrivilegedActionException'> (0x00000000d8c87678) thrown at [/build/openjdk-8-OqY7zN/openjdk-8-8u222-b10/src/hotspot/src/share/vm/prims/jvm.cpp, line 1502]
Event: 1.200 Thread 0x00007f1dc400b000 Exception <a 'java/security/PrivilegedActionException'> (0x00000000d8c87a70) thrown at [/build/openjdk-8-OqY7zN/openjdk-8-8u222-b10/src/hotspot/src/share/vm/prims/jvm.cpp, line 1502]
Event: 1.206 Thread 0x00007f1dc400b000 Exception <a 'java/security/PrivilegedActionException'> (0x00000000d8c89ce0) thrown at [/build/openjdk-8-OqY7zN/openjdk-8-8u222-b10/src/hotspot/src/share/vm/prims/jvm.cpp, line 1502]
Event: 1.206 Thread 0x00007f1dc400b000 Exception <a 'java/security/PrivilegedActionException'> (0x00000000d8c8a0d8) thrown at [/build/openjdk-8-OqY7zN/openjdk-8-8u222-b10/src/hotspot/src/share/vm/prims/jvm.cpp, line 1502]
Event: 1.206 Thread 0x00007f1dc400b000 Exception <a 'java/security/PrivilegedActionException'> (0x00000000d8c8ad98) thrown at [/build/openjdk-8-OqY7zN/openjdk-8-8u222-b10/src/hotspot/src/share/vm/prims/jvm.cpp, line 1502]
Event: 1.206 Thread 0x00007f1dc400b000 Exception <a 'java/security/PrivilegedActionException'> (0x00000000d8c8b190) thrown at [/build/openjdk-8-OqY7zN/openjdk-8-8u222-b10/src/hotspot/src/share/vm/prims/jvm.cpp, line 1502]

Events (10 events):
Event: 65.969 Executing VM operation: ParallelGCFailedAllocation done
Event: 67.537 Executing VM operation: ParallelGCFailedAllocation
Event: 67.546 Executing VM operation: ParallelGCFailedAllocation done
Event: 70.270 Executing VM operation: ParallelGCFailedAllocation
Event: 70.360 Executing VM operation: ParallelGCFailedAllocation done
Event: 72.403 Executing VM operation: ParallelGCFailedAllocation
Event: 72.453 Executing VM operation: ParallelGCFailedAllocation done
Event: 74.261 Executing VM operation: ParallelGCFailedAllocation
Event: 74.278 Executing VM operation: ParallelGCFailedAllocation done
Event: 77.553 Executing VM operation: ParallelGCFailedAllocation


Dynamic libraries:
8a400000-8f300000 rw-p 00000000 00:00 0 
8f300000-d8c00000 ---p 00000000 00:00 0 
d8c00000-f4280000 rw-p 00000000 00:00 0 
f9a00000-100000000 ---p 00000000 00:00 0 
100000000-100080000 rw-p 00000000 00:00 0 
100080000-140000000 ---p 00000000 00:00 0 
56366bd2f000-56366bd30000 r-xp 00000000 b3:02 394207                     /usr/lib/jvm/java-8-openjdk-amd64/jre/bin/java
56366bf2f000-56366bf30000 r--p 00000000 b3:02 394207                     /usr/lib/jvm/java-8-openjdk-amd64/jre/bin/java
56366bf30000-56366bf31000 rw-p 00001000 b3:02 394207                     /usr/lib/jvm/java-8-openjdk-amd64/jre/bin/java
56366d7ea000-56366d80b000 rw-p 00000000 00:00 0                          [heap]
7f1d80000000-7f1d80021000 rw-p 00000000 00:00 0 
7f1d80021000-7f1d84000000 ---p 00000000 00:00 0 
7f1d88000000-7f1d88058000 rw-p 00000000 00:00 0 
7f1d88058000-7f1d8c000000 ---p 00000000 00:00 0 
7f1d8c000000-7f1d8c021000 rw-p 00000000 00:00 0 
7f1d8c021000-7f1d90000000 ---p 00000000 00:00 0 
7f1d90000000-7f1d90021000 rw-p 00000000 00:00 0 
7f1d90021000-7f1d94000000 ---p 00000000 00:00 0 
7f1d94000000-7f1d94093000 rw-p 00000000 00:00 0 
7f1d94093000-7f1d98000000 ---p 00000000 00:00 0 
7f1d98000000-7f1d98021000 rw-p 00000000 00:00 0 
7f1d98021000-7f1d9c000000 ---p 00000000 00:00 0 
7f1d9c000000-7f1d9c021000 rw-p 00000000 00:00 0 
7f1d9c021000-7f1da0000000 ---p 00000000 00:00 0 
7f1da0000000-7f1da0021000 rw-p 00000000 00:00 0 
7f1da0021000-7f1da4000000 ---p 00000000 00:00 0 
7f1da4000000-7f1da4021000 rw-p 00000000 00:00 0 
7f1da4021000-7f1da8000000 ---p 00000000 00:00 0 
7f1da8000000-7f1da8021000 rw-p 00000000 00:00 0 
7f1da8021000-7f1dac000000 ---p 00000000 00:00 0 
7f1dada30000-7f1dada4b000 r--s 001d6000 b3:02 396003                     /usr/lib/jvm/java-8-openjdk-amd64/jre/lib/ext/nashorn.jar
7f1dada4b000-7f1dada66000 r--s 00394000 b3:02 395760                     /usr/lib/jvm/java-8-openjdk-amd64/jre/lib/ext/cldrdata.jar
7f1dada66000-7f1dada67000 ---p 00000000 00:00 0 
7f1dada67000-7f1dadb67000 rw-p 00000000 00:00 0 
7f1dadb67000-7f1dadb6a000 ---p 00000000 00:00 0 
7f1dadb6a000-7f1dadc68000 rw-p 00000000 00:00 0 
7f1dadc68000-7f1dadc69000 ---p 00000000 00:00 0 
7f1dadc69000-7f1dadc6c000 ---p 00000000 00:00 0 
7f1dadc6c000-7f1dadd69000 rw-p 00000000 00:00 0 
7f1dadd69000-7f1dadd6a000 ---p 00000000 00:00 0 
7f1dadd6a000-7f1dadd6d000 ---p 00000000 00:00 0 
7f1dadd6d000-7f1dade6a000 rw-p 00000000 00:00 0 
7f1dade6a000-7f1dade6d000 ---p 00000000 00:00 0 
7f1dade6d000-7f1dadf6b000 rw-p 00000000 00:00 0 
7f1dadf6b000-7f1dae93a000 r--p 00000000 b3:02 399303                     /usr/lib/locale/locale-archive
7f1dae93a000-7f1dae93d000 ---p 00000000 00:00 0 
7f1dae93d000-7f1daea3b000 rw-p 00000000 00:00 0 
7f1daea3b000-7f1daea3e000 ---p 00000000 00:00 0 
7f1daea3e000-7f1daeb3c000 rw-p 00000000 00:00 0 
7f1daeb3c000-7f1daeb3d000 ---p 00000000 00:00 0 
7f1daeb3d000-7f1daf588000 rw-p 00000000 00:00 0 
7f1daf588000-7f1daf758000 r--s 03c5c000 b3:02 397558                     /usr/lib/jvm/java-8-openjdk-amd64/jre/lib/rt.jar
7f1daf758000-7f1dafb98000 rw-p 00000000 00:00 0 
7f1dafb98000-7f1daff58000 ---p 00000000 00:00 0 
7f1daff58000-7f1db3de6000 rw-p 00000000 00:00 0 
7f1db3de6000-7f1db3de7000 ---p 00000000 00:00 0 
7f1db3de7000-7f1db3ee7000 rw-p 00000000 00:00 0 
7f1db3ee7000-7f1db3ee8000 ---p 00000000 00:00 0 
7f1db3ee8000-7f1db4010000 rw-p 00000000 00:00 0 
7f1db4010000-7f1db425c000 ---p 00000000 00:00 0 
7f1db425c000-7f1db4284000 rw-p 00000000 00:00 0 
7f1db4284000-7f1db44d0000 ---p 00000000 00:00 0 
7f1db44d0000-7f1db45ac000 rw-p 00000000 00:00 0 
7f1db45ac000-7f1db460a000 ---p 00000000 00:00 0 
7f1db460a000-7f1db4615000 rw-p 00000000 00:00 0 
7f1db4615000-7f1db49cb000 ---p 00000000 00:00 0 
7f1db49cb000-7f1db4c3b000 rwxp 00000000 00:00 0 
7f1db4c3b000-7f1dc39cb000 ---p 00000000 00:00 0 
7f1dc39cb000-7f1dc39d3000 r-xp 00000000 b3:02 395584                     /usr/lib/jvm/java-8-openjdk-amd64/jre/lib/amd64/libzip.so
7f1dc39d3000-7f1dc3bd2000 ---p 00008000 b3:02 395584                     /usr/lib/jvm/java-8-openjdk-amd64/jre/lib/amd64/libzip.so
7f1dc3bd2000-7f1dc3bd3000 r--p 00007000 b3:02 395584                     /usr/lib/jvm/java-8-openjdk-amd64/jre/lib/amd64/libzip.so
7f1dc3bd3000-7f1dc3bd4000 rw-p 00008000 b3:02 395584                     /usr/lib/jvm/java-8-openjdk-amd64/jre/lib/amd64/libzip.so
7f1dc3bd4000-7f1dc3bdf000 r-xp 00000000 b3:02 1706491                    /lib/x86_64-linux-gnu/libnss_files-2.27.so
7f1dc3bdf000-7f1dc3dde000 ---p 0000b000 b3:02 1706491                    /lib/x86_64-linux-gnu/libnss_files-2.27.so
7f1dc3dde000-7f1dc3ddf000 r--p 0000a000 b3:02 1706491                    /lib/x86_64-linux-gnu/libnss_files-2.27.so
7f1dc3ddf000-7f1dc3de0000 rw-p 0000b000 b3:02 1706491                    /lib/x86_64-linux-gnu/libnss_files-2.27.so
7f1dc3de0000-7f1dc3de6000 rw-p 00000000 00:00 0 
7f1dc3de6000-7f1dc3dfd000 r-xp 00000000 b3:02 1706485                    /lib/x86_64-linux-gnu/libnsl-2.27.so
7f1dc3dfd000-7f1dc3ffc000 ---p 00017000 b3:02 1706485                    /lib/x86_64-linux-gnu/libnsl-2.27.so
7f1dc3ffc000-7f1dc3ffd000 r--p 00016000 b3:02 1706485                    /lib/x86_64-linux-gnu/libnsl-2.27.so
7f1dc3ffd000-7f1dc3ffe000 rw-p 00017000 b3:02 1706485                    /lib/x86_64-linux-gnu/libnsl-2.27.so
7f1dc3ffe000-7f1dc4000000 rw-p 00000000 00:00 0 
7f1dc4000000-7f1dc4155000 rw-p 00000000 00:00 0 
7f1dc4155000-7f1dc8000000 ---p 00000000 00:00 0 
7f1dc8015000-7f1dc80d9000 rw-p 00000000 00:00 0 
7f1dc80d9000-7f1dc80e4000 r-xp 00000000 b3:02 1706502                    /lib/x86_64-linux-gnu/libnss_nis-2.27.so
7f1dc80e4000-7f1dc82e3000 ---p 0000b000 b3:02 1706502                    /lib/x86_64-linux-gnu/libnss_nis-2.27.so
7f1dc82e3000-7f1dc82e4000 r--p 0000a000 b3:02 1706502                    /lib/x86_64-linux-gnu/libnss_nis-2.27.so
7f1dc82e4000-7f1dc82e5000 rw-p 0000b000 b3:02 1706502                    /lib/x86_64-linux-gnu/libnss_nis-2.27.so
7f1dc82e5000-7f1dc82ed000 r-xp 00000000 b3:02 1706487                    /lib/x86_64-linux-gnu/libnss_compat-2.27.so
7f1dc82ed000-7f1dc84ed000 ---p 00008000 b3:02 1706487                    /lib/x86_64-linux-gnu/libnss_compat-2.27.so
7f1dc84ed000-7f1dc84ee000 r--p 00008000 b3:02 1706487                    /lib/x86_64-linux-gnu/libnss_compat-2.27.so
7f1dc84ee000-7f1dc84ef000 rw-p 00009000 b3:02 1706487                    /lib/x86_64-linux-gnu/libnss_compat-2.27.so
7f1dc84ef000-7f1dc8519000 r-xp 00000000 b3:02 395206                     /usr/lib/jvm/java-8-openjdk-amd64/jre/lib/amd64/libjava.so
7f1dc8519000-7f1dc8718000 ---p 0002a000 b3:02 395206                     /usr/lib/jvm/java-8-openjdk-amd64/jre/lib/amd64/libjava.so
7f1dc8718000-7f1dc8719000 r--p 00029000 b3:02 395206                     /usr/lib/jvm/java-8-openjdk-amd64/jre/lib/amd64/libjava.so
7f1dc8719000-7f1dc871b000 rw-p 0002a000 b3:02 395206                     /usr/lib/jvm/java-8-openjdk-amd64/jre/lib/amd64/libjava.so
7f1dc871b000-7f1dc872b000 r-xp 00000000 b3:02 395550                     /usr/lib/jvm/java-8-openjdk-amd64/jre/lib/amd64/libverify.so
7f1dc872b000-7f1dc892a000 ---p 00010000 b3:02 395550                     /usr/lib/jvm/java-8-openjdk-amd64/jre/lib/amd64/libverify.so
7f1dc892a000-7f1dc892c000 r--p 0000f000 b3:02 395550                     /usr/lib/jvm/java-8-openjdk-amd64/jre/lib/amd64/libverify.so
7f1dc892c000-7f1dc892d000 rw-p 00011000 b3:02 395550                     /usr/lib/jvm/java-8-openjdk-amd64/jre/lib/amd64/libverify.so
7f1dc892d000-7f1dc8934000 r-xp 00000000 b3:02 1706542                    /lib/x86_64-linux-gnu/librt-2.27.so
7f1dc8934000-7f1dc8b33000 ---p 00007000 b3:02 1706542                    /lib/x86_64-linux-gnu/librt-2.27.so
7f1dc8b33000-7f1dc8b34000 r--p 00006000 b3:02 1706542                    /lib/x86_64-linux-gnu/librt-2.27.so
7f1dc8b34000-7f1dc8b35000 rw-p 00007000 b3:02 1706542                    /lib/x86_64-linux-gnu/librt-2.27.so
7f1dc8b35000-7f1dc8b4c000 r-xp 00000000 b3:02 1701708                    /lib/x86_64-linux-gnu/libgcc_s.so.1
7f1dc8b4c000-7f1dc8d4b000 ---p 00017000 b3:02 1701708                    /lib/x86_64-linux-gnu/libgcc_s.so.1
7f1dc8d4b000-7f1dc8d4c000 r--p 00016000 b3:02 1701708                    /lib/x86_64-linux-gnu/libgcc_s.so.1
7f1dc8d4c000-7f1dc8d4d000 rw-p 00017000 b3:02 1701708                    /lib/x86_64-linux-gnu/libgcc_s.so.1
7f1dc8d4d000-7f1dc8eea000 r-xp 00000000 b3:02 1706464                    /lib/x86_64-linux-gnu/libm-2.27.so
7f1dc8eea000-7f1dc90e9000 ---p 0019d000 b3:02 1706464                    /lib/x86_64-linux-gnu/libm-2.27.so
7f1dc90e9000-7f1dc90ea000 r--p 0019c000 b3:02 1706464                    /lib/x86_64-linux-gnu/libm-2.27.so
7f1dc90ea000-7f1dc90eb000 rw-p 0019d000 b3:02 1706464                    /lib/x86_64-linux-gnu/libm-2.27.so
7f1dc90eb000-7f1dc9264000 r-xp 00000000 b3:02 392630                     /usr/lib/x86_64-linux-gnu/libstdc++.so.6.0.25
7f1dc9264000-7f1dc9464000 ---p 00179000 b3:02 392630                     /usr/lib/x86_64-linux-gnu/libstdc++.so.6.0.25
7f1dc9464000-7f1dc946e000 r--p 00179000 b3:02 392630                     /usr/lib/x86_64-linux-gnu/libstdc++.so.6.0.25
7f1dc946e000-7f1dc9470000 rw-p 00183000 b3:02 392630                     /usr/lib/x86_64-linux-gnu/libstdc++.so.6.0.25
7f1dc9470000-7f1dc9474000 rw-p 00000000 00:00 0 
7f1dc9474000-7f1dca113000 r-xp 00000000 b3:02 395653                     /usr/lib/jvm/java-8-openjdk-amd64/jre/lib/amd64/server/libjvm.so
7f1dca113000-7f1dca313000 ---p 00c9f000 b3:02 395653                     /usr/lib/jvm/java-8-openjdk-amd64/jre/lib/amd64/server/libjvm.so
7f1dca313000-7f1dca3a7000 r--p 00c9f000 b3:02 395653                     /usr/lib/jvm/java-8-openjdk-amd64/jre/lib/amd64/server/libjvm.so
7f1dca3a7000-7f1dca3d0000 rw-p 00d33000 b3:02 395653                     /usr/lib/jvm/java-8-openjdk-amd64/jre/lib/amd64/server/libjvm.so
7f1dca3d0000-7f1dca400000 rw-p 00000000 00:00 0 
7f1dca400000-7f1dca41a000 r-xp 00000000 b3:02 1706534                    /lib/x86_64-linux-gnu/libpthread-2.27.so
7f1dca41a000-7f1dca619000 ---p 0001a000 b3:02 1706534                    /lib/x86_64-linux-gnu/libpthread-2.27.so
7f1dca619000-7f1dca61a000 r--p 00019000 b3:02 1706534                    /lib/x86_64-linux-gnu/libpthread-2.27.so
7f1dca61a000-7f1dca61b000 rw-p 0001a000 b3:02 1706534                    /lib/x86_64-linux-gnu/libpthread-2.27.so
7f1dca61b000-7f1dca61f000 rw-p 00000000 00:00 0 
7f1dca61f000-7f1dca622000 r-xp 00000000 b3:02 1706424                    /lib/x86_64-linux-gnu/libdl-2.27.so
7f1dca622000-7f1dca821000 ---p 00003000 b3:02 1706424                    /lib/x86_64-linux-gnu/libdl-2.27.so
7f1dca821000-7f1dca822000 r--p 00002000 b3:02 1706424                    /lib/x86_64-linux-gnu/libdl-2.27.so
7f1dca822000-7f1dca823000 rw-p 00003000 b3:02 1706424                    /lib/x86_64-linux-gnu/libdl-2.27.so
7f1dca823000-7f1dca83f000 r-xp 00000000 b3:02 1706573                    /lib/x86_64-linux-gnu/libz.so.1.2.11
7f1dca83f000-7f1dcaa3e000 ---p 0001c000 b3:02 1706573                    /lib/x86_64-linux-gnu/libz.so.1.2.11
7f1dcaa3e000-7f1dcaa3f000 r--p 0001b000 b3:02 1706573                    /lib/x86_64-linux-gnu/libz.so.1.2.11
7f1dcaa3f000-7f1dcaa40000 rw-p 0001c000 b3:02 1706573                    /lib/x86_64-linux-gnu/libz.so.1.2.11
7f1dcaa40000-7f1dcac27000 r-xp 00000000 b3:02 1706401                    /lib/x86_64-linux-gnu/libc-2.27.so
7f1dcac27000-7f1dcae27000 ---p 001e7000 b3:02 1706401                    /lib/x86_64-linux-gnu/libc-2.27.so
7f1dcae27000-7f1dcae2b000 r--p 001e7000 b3:02 1706401                    /lib/x86_64-linux-gnu/libc-2.27.so
7f1dcae2b000-7f1dcae2d000 rw-p 001eb000 b3:02 1706401                    /lib/x86_64-linux-gnu/libc-2.27.so
7f1dcae2d000-7f1dcae31000 rw-p 00000000 00:00 0 
7f1dcae31000-7f1dcae3f000 r-xp 00000000 b3:02 395106                     /usr/lib/jvm/java-8-openjdk-amd64/jre/lib/amd64/jli/libjli.so
7f1dcae3f000-7f1dcb03e000 ---p 0000e000 b3:02 395106                     /usr/lib/jvm/java-8-openjdk-amd64/jre/lib/amd64/jli/libjli.so
7f1dcb03e000-7f1dcb03f000 r--p 0000d000 b3:02 395106                     /usr/lib/jvm/java-8-openjdk-amd64/jre/lib/amd64/jli/libjli.so
7f1dcb03f000-7f1dcb040000 rw-p 0000e000 b3:02 395106                     /usr/lib/jvm/java-8-openjdk-amd64/jre/lib/amd64/jli/libjli.so
7f1dcb040000-7f1dcb067000 r-xp 00000000 b3:02 1706373                    /lib/x86_64-linux-gnu/ld-2.27.so
7f1dcb073000-7f1dcb076000 r--s 0000f000 b3:02 395791                     /usr/lib/jvm/java-8-openjdk-amd64/jre/lib/ext/icedtea-sound.jar
7f1dcb076000-7f1dcb078000 r--s 00007000 b3:02 785030                     /usr/share/java/java-atk-wrapper.jar
7f1dcb078000-7f1dcb079000 r--s 00010000 b3:02 396007                     /usr/lib/jvm/java-8-openjdk-amd64/jre/lib/ext/zipfs.jar
7f1dcb079000-7f1dcb083000 r--s 00116000 b3:02 396001                     /usr/lib/jvm/java-8-openjdk-amd64/jre/lib/ext/localedata.jar
7f1dcb083000-7f1dcb14c000 rw-p 00000000 00:00 0 
7f1dcb14c000-7f1dcb14d000 ---p 00000000 00:00 0 
7f1dcb14d000-7f1dcb150000 ---p 00000000 00:00 0 
7f1dcb150000-7f1dcb24f000 rw-p 00000000 00:00 0 
7f1dcb24f000-7f1dcb254000 r--s 0003c000 b3:02 396005                     /usr/lib/jvm/java-8-openjdk-amd64/jre/lib/ext/sunjce_provider.jar
7f1dcb254000-7f1dcb255000 r--s 0000d000 b3:02 396004                     /usr/lib/jvm/java-8-openjdk-amd64/jre/lib/ext/sunec.jar
7f1dcb255000-7f1dcb258000 r--s 00039000 b3:02 396006                     /usr/lib/jvm/java-8-openjdk-amd64/jre/lib/ext/sunpkcs11.jar
7f1dcb258000-7f1dcb25a000 r--s 00001000 b3:02 395767                     /usr/lib/jvm/java-8-openjdk-amd64/jre/lib/ext/dnsns.jar
7f1dcb25a000-7f1dcb25b000 r--s 0000a000 b3:02 395796                     /usr/lib/jvm/java-8-openjdk-amd64/jre/lib/ext/jaccess.jar
7f1dcb25b000-7f1dcb263000 rw-s 00000000 b3:02 269505                     /tmp/hsperfdata_admin1/23395
7f1dcb263000-7f1dcb264000 rw-p 00000000 00:00 0 
7f1dcb264000-7f1dcb265000 ---p 00000000 00:00 0 
7f1dcb265000-7f1dcb267000 rw-p 00000000 00:00 0 
7f1dcb267000-7f1dcb268000 r--p 00027000 b3:02 1706373                    /lib/x86_64-linux-gnu/ld-2.27.so
7f1dcb268000-7f1dcb269000 rw-p 00028000 b3:02 1706373                    /lib/x86_64-linux-gnu/ld-2.27.so
7f1dcb269000-7f1dcb26a000 rw-p 00000000 00:00 0 
7ffc8bbbc000-7ffc8bbdd000 rw-p 00000000 00:00 0                          [stack]
7ffc8bbf1000-7ffc8bbf4000 r--p 00000000 00:00 0                          [vvar]
7ffc8bbf4000-7ffc8bbf6000 r-xp 00000000 00:00 0                          [vdso]
ffffffffff600000-ffffffffff601000 r-xp 00000000 00:00 0                  [vsyscall]

VM Arguments:
jvm_args: -Dfile.encoding=UTF-8 
java_command: com.bridgelabz.alg.BinaryFileIo
java_class_path (initial): /home/admin1/Desktop/eclipse-inst-linux64/AlgorithmProblems/bin
Launcher Type: SUN_STANDARD

Environment Variables:
PATH=/usr/local/sbin:/usr/local/bin:/usr/sbin:/usr/bin:/sbin:/bin:/usr/games:/usr/local/games:/snap/bin
USERNAME=admin1
SHELL=/bin/bash
DISPLAY=:0

Signal Handlers:
SIGSEGV: [libjvm.so+0xab92f0], sa_mask[0]=11111111011111111101111111111110, sa_flags=SA_RESTART|SA_SIGINFO
SIGBUS: [libjvm.so+0xab92f0], sa_mask[0]=11111111011111111101111111111110, sa_flags=SA_RESTART|SA_SIGINFO
SIGFPE: [libjvm.so+0x8ee560], sa_mask[0]=11111111011111111101111111111110, sa_flags=SA_RESTART|SA_SIGINFO
SIGPIPE: [libjvm.so+0x8ee560], sa_mask[0]=11111111011111111101111111111110, sa_flags=SA_RESTART|SA_SIGINFO
SIGXFSZ: [libjvm.so+0x8ee560], sa_mask[0]=11111111011111111101111111111110, sa_flags=SA_RESTART|SA_SIGINFO
SIGILL: [libjvm.so+0x8ee560], sa_mask[0]=11111111011111111101111111111110, sa_flags=SA_RESTART|SA_SIGINFO
SIGUSR1: SIG_DFL, sa_mask[0]=00000000000000000000000000000000, sa_flags=none
SIGUSR2: [libjvm.so+0x8ee410], sa_mask[0]=00100000000000000000000000000000, sa_flags=SA_RESTART|SA_SIGINFO
SIGHUP: [libjvm.so+0x8eea80], sa_mask[0]=11111111011111111101111111111110, sa_flags=SA_RESTART|SA_SIGINFO
SIGINT: [libjvm.so+0x8eea80], sa_mask[0]=11111111011111111101111111111110, sa_flags=SA_RESTART|SA_SIGINFO
SIGTERM: [libjvm.so+0x8eea80], sa_mask[0]=11111111011111111101111111111110, sa_flags=SA_RESTART|SA_SIGINFO
SIGQUIT: [libjvm.so+0x8eea80], sa_mask[0]=11111111011111111101111111111110, sa_flags=SA_RESTART|SA_SIGINFO


---------------  S Y S T E M  ---------------

OS:DISTRIB_ID=Ubuntu
DISTRIB_RELEASE=18.04
DISTRIB_CODENAME=bionic
DISTRIB_DESCRIPTION="Ubuntu 18.04.3 LTS"

uname:Linux 4.15.0-66-generic #75-Ubuntu SMP Tue Oct 1 05:24:09 UTC 2019 x86_64
libc:glibc 2.27 NPTL 2.27 
rlimit: STACK 8192k, CORE 0k, NPROC 29831, NOFILE 4096, AS infinity
load average:18.86 17.41 11.23

/proc/meminfo:
MemTotal:        7711852 kB
MemFree:          107036 kB
MemAvailable:      12156 kB
Buffers:            2236 kB
Cached:           193496 kB
SwapCached:          824 kB
Active:          6393596 kB
Inactive:         933948 kB
Active(anon):    6369440 kB
Inactive(anon):   910028 kB
Active(file):      24156 kB
Inactive(file):    23920 kB
Unevictable:          80 kB
Mlocked:              80 kB
SwapTotal:       1393948 kB
SwapFree:              0 kB
Dirty:               312 kB
Writeback:           208 kB
AnonPages:       7131724 kB
Mapped:            57076 kB
Shmem:            147408 kB
Slab:             108200 kB
SReclaimable:      44100 kB
SUnreclaim:        64100 kB
KernelStack:       18464 kB
PageTables:        79200 kB
NFS_Unstable:          0 kB
Bounce:                0 kB
WritebackTmp:          0 kB
CommitLimit:     5249872 kB
Committed_AS:   16903216 kB
VmallocTotal:   34359738367 kB
VmallocUsed:           0 kB
VmallocChunk:          0 kB
HardwareCorrupted:     0 kB
AnonHugePages:         0 kB
ShmemHugePages:        0 kB
ShmemPmdMapped:        0 kB
CmaTotal:              0 kB
CmaFree:               0 kB
HugePages_Total:       0
HugePages_Free:        0
HugePages_Rsvd:        0
HugePages_Surp:        0
Hugepagesize:       2048 kB
DirectMap4k:      299412 kB
DirectMap2M:     6580224 kB
DirectMap1G:     3145728 kB

container (cgroup) information:
container_type: cgroupv1
cpu_cpuset_cpus: 0-1
cpu_memory_nodes: 0
active_processor_count: 2
cpu_quota: -1
cpu_period: 100000
cpu_shares: -1
memory_limit_in_bytes: -1
memory_and_swap_limit_in_bytes: -2
memory_soft_limit_in_bytes: -1
memory_usage_in_bytes: 7502241792
memory_max_usage_in_bytes: 0


CPU:total 2 (initial active 2) (2 cores per cpu, 1 threads per core) family 6 model 122 stepping 1, cmov, cx8, fxsr, mmx, sse, sse2, sse3, ssse3, sse4.1, sse4.2, popcnt, aes, clmul, erms, 3dnowpref, tsc, tscinvbit

/proc/cpuinfo:
processor	: 0
vendor_id	: GenuineIntel
cpu family	: 6
model		: 122
model name	: Intel(R) Celeron(R) N4000 CPU @ 1.10GHz
stepping	: 1
microcode	: 0x2e
cpu MHz		: 2487.272
cache size	: 4096 KB
physical id	: 0
siblings	: 2
core id		: 0
cpu cores	: 2
apicid		: 0
initial apicid	: 0
fpu		: yes
fpu_exception	: yes
cpuid level	: 24
wp		: yes
flags		: fpu vme de pse tsc msr pae mce cx8 apic sep mtrr pge mca cmov pat pse36 clflush dts acpi mmx fxsr sse sse2 ss ht tm pbe syscall nx pdpe1gb rdtscp lm constant_tsc art arch_perfmon pebs bts rep_good nopl xtopology nonstop_tsc cpuid aperfmperf tsc_known_freq pni pclmulqdq dtes64 monitor ds_cpl vmx est tm2 ssse3 sdbg cx16 xtpr pdcm sse4_1 sse4_2 x2apic movbe popcnt tsc_deadline_timer aes xsave rdrand lahf_lm 3dnowprefetch cpuid_fault cat_l2 pti cdp_l2 ssbd ibrs ibpb stibp ibrs_enhanced tpr_shadow vnmi flexpriority ept vpid fsgsbase tsc_adjust smep erms mpx rdt_a rdseed smap clflushopt intel_pt sha_ni xsaveopt xsavec xgetbv1 xsaves dtherm ida arat pln pts umip rdpid md_clear arch_capabilities
bugs		: cpu_meltdown spectre_v1 spectre_v2 spec_store_bypass
bogomips	: 2188.80
clflush size	: 64
cache_alignment	: 64
address sizes	: 39 bits physical, 48 bits virtual
power management:

processor	: 1
vendor_id	: GenuineIntel
cpu family	: 6
model		: 122
model name	: Intel(R) Celeron(R) N4000 CPU @ 1.10GHz
stepping	: 1
microcode	: 0x2e
cpu MHz		: 2487.273
cache size	: 4096 KB
physical id	: 0
siblings	: 2
core id		: 1
cpu cores	: 2
apicid		: 2
initial apicid	: 2
fpu		: yes
fpu_exception	: yes
cpuid level	: 24
wp		: yes
flags		: fpu vme de pse tsc msr pae mce cx8 apic sep mtrr pge mca cmov pat pse36 clflush dts acpi mmx fxsr sse sse2 ss ht tm pbe syscall nx pdpe1gb rdtscp lm constant_tsc art arch_perfmon pebs bts rep_good nopl xtopology nonstop_tsc cpuid aperfmperf tsc_known_freq pni pclmulqdq dtes64 monitor ds_cpl vmx est tm2 ssse3 sdbg cx16 xtpr pdcm sse4_1 sse4_2 x2apic movbe popcnt tsc_deadline_timer aes xsave rdrand lahf_lm 3dnowprefetch cpuid_fault cat_l2 pti cdp_l2 ssbd ibrs ibpb stibp ibrs_enhanced tpr_shadow vnmi flexpriority ept vpid fsgsbase tsc_adjust smep erms mpx rdt_a rdseed smap clflushopt intel_pt sha_ni xsaveopt xsavec xgetbv1 xsaves dtherm ida arat pln pts umip rdpid md_clear arch_capabilities
bugs		: cpu_meltdown spectre_v1 spectre_v2 spec_store_bypass
bogomips	: 2188.80
clflush size	: 64
cache_alignment	: 64
address sizes	: 39 bits physical, 48 bits virtual
power management:



Memory: 4k page, physical 7711852k(107736k free), swap 1393948k(8k free)

vm_info: OpenJDK 64-Bit Server VM (25.222-b10) for linux-amd64 JRE (1.8.0_222-8u222-b10-1ubuntu1~18.04.1-b10), built on Jul 18 2019 18:52:48 by "buildd" with gcc 7.4.0

time: Mon Nov 11 18:50:24 2019
timezone: IST
elapsed time: 84 seconds (0d 0h 1m 24s)

