#
# There is insufficient memory for the Java Runtime Environment to continue.
# Native memory allocation (mmap) failed to map 125829120 bytes for committing reserved memory.
# Possible reasons:
#   The system is out of physical RAM or swap space
#   The process is running with CompressedOops enabled, and the Java Heap may be blocking the growth of the native heap
# Possible solutions:
#   Reduce memory load on the system
#   Increase physical memory or swap space
#   Check if swap backing store is full
#   Decrease Java heap size (-Xmx/-Xms)
#   Decrease number of Java threads
#   Decrease Java thread stack sizes (-Xss)
#   Set larger code cache with -XX:ReservedCodeCacheSize=
#   JVM is running with Unscaled Compressed Oops mode in which the Java heap is
#     placed in the first 4GB address space. The Java Heap base address is the
#     maximum limit for the native heap growth. Please use -XX:HeapBaseMinAddress
#     to set the Java Heap base and to place the Java Heap above 4GB virtual address.
# This output file may be truncated or incomplete.
#
#  Out of Memory Error (os_linux.cpp:2757), pid=22653, tid=0x00007f8627505700
#
# JRE version: OpenJDK Runtime Environment (8.0_222-b10) (build 1.8.0_222-8u222-b10-1ubuntu1~18.04.1-b10)
# Java VM: OpenJDK 64-Bit Server VM (25.222-b10 mixed mode linux-amd64 compressed oops)
# Failed to write core dump. Core dumps have been disabled. To enable core dumping, try "ulimit -c unlimited" before starting Java again
#

---------------  T H R E A D  ---------------

Current thread (0x00007f8640075000):  VMThread [stack: 0x00007f8627406000,0x00007f8627506000] [id=22662]

Stack: [0x00007f8627406000,0x00007f8627506000],  sp=0x00007f86275044a0,  free space=1017k
Native frames: (J=compiled Java code, j=interpreted, Vv=VM code, C=native code)
V  [libjvm.so+0xab8992]
V  [libjvm.so+0x4dbfd7]
V  [libjvm.so+0x8f33a0]
V  [libjvm.so+0x8ea46e]
V  [libjvm.so+0x96e106]
V  [libjvm.so+0x96f478]
V  [libjvm.so+0x96ba76]
V  [libjvm.so+0x96be0c]
V  [libjvm.so+0x91a5a8]
V  [libjvm.so+0xaba662]
V  [libjvm.so+0xabf1d6]
V  [libjvm.so+0xabd4d5]
V  [libjvm.so+0xabddad]
V  [libjvm.so+0xabe1b8]
V  [libjvm.so+0x8f0732]

VM_Operation (0x00007f8647b13720): ParallelGCFailedAllocation, mode: safepoint, requested by thread 0x00007f864000b000


---------------  P R O C E S S  ---------------

Java Threads: ( => current thread )
  0x00007f86400ba800 JavaThread "Service Thread" daemon [_thread_blocked, id=22668, stack(0x00007f8626430000,0x00007f8626531000)]
  0x00007f86400b7800 JavaThread "C1 CompilerThread1" daemon [_thread_blocked, id=22667, stack(0x00007f8626532000,0x00007f8626632000)]
  0x00007f86400b4800 JavaThread "C2 CompilerThread0" daemon [_thread_blocked, id=22666, stack(0x00007f8626633000,0x00007f8626733000)]
  0x00007f86400b3000 JavaThread "Signal Dispatcher" daemon [_thread_blocked, id=22665, stack(0x00007f8626733000,0x00007f8626834000)]
  0x00007f8640081000 JavaThread "Finalizer" daemon [_thread_blocked, id=22664, stack(0x00007f8627203000,0x00007f8627304000)]
  0x00007f864007e800 JavaThread "Reference Handler" daemon [_thread_blocked, id=22663, stack(0x00007f8627304000,0x00007f8627405000)]
  0x00007f864000b000 JavaThread "main" [_thread_blocked, id=22658, stack(0x00007f8647a15000,0x00007f8647b15000)]

Other Threads:
=>0x00007f8640075000 VMThread [stack: 0x00007f8627406000,0x00007f8627506000] [id=22662]
  0x00007f86400bd000 WatcherThread [stack: 0x00007f8626330000,0x00007f8626430000] [id=22669]

VM state:at safepoint (normal execution)

VM Mutex/Monitor currently owned by a thread:  ([mutex/lock_event])
[0x00007f8640007bd0] Threads_lock - owner thread: 0x00007f8640075000
[0x00007f86400080d0] Heap_lock - owner thread: 0x00007f864000b000

heap address: 0x000000008a400000, size: 1884 MB, Compressed Oops mode: 32-bit
Narrow klass base: 0x0000000000000000, Narrow klass shift: 3
Compressed class space size: 1073741824 Address: 0x0000000100000000

Heap:
 PSYoungGen      total 123904K, used 85K [0x00000000d8c00000, 0x00000000e0600000, 0x0000000100000000)
  eden space 122880K, 0% used [0x00000000d8c00000,0x00000000d8c00000,0x00000000e0400000)
  from space 1024K, 8% used [0x00000000e0400000,0x00000000e0415558,0x00000000e0500000)
  to   space 1024K, 0% used [0x00000000e0500000,0x00000000e0500000,0x00000000e0600000)
 ParOldGen       total 80896K, used 448K [0x000000008a400000, 0x000000008f300000, 0x00000000d8c00000)
  object space 80896K, 0% used [0x000000008a400000,0x000000008a470080,0x000000008f300000)
 Metaspace       used 3290K, capacity 4486K, committed 4864K, reserved 1056768K
  class space    used 362K, capacity 386K, committed 512K, reserved 1048576K

Card table byte_map: [0x00007f8630891000,0x00007f8630c40000] byte_map_base: 0x00007f863043f000

Marking Bits: (ParMarkBitMap*) 0x00007f8646cab360
 Begin Bits: [0x00007f862cbaf000, 0x00007f862e91f000)
 End Bits:   [0x00007f862e91f000, 0x00007f863068f000)

Polling page: 0x00007f8647b2c000

CodeCache: size=245760Kb used=1166Kb max_used=1178Kb free=244593Kb
 bounds [0x00007f8631000000, 0x00007f8631270000, 0x00007f8640000000]
 total_blobs=296 nmethods=56 adapters=156
 compilation: enabled

Compilation events (10 events):
Event: 2.047 Thread 0x00007f86400b4800   52       4       java.util.Arrays::copyOfRange (63 bytes)
Event: 2.051 Thread 0x00007f86400b4800 nmethod 52 0x00007f8631120850 code [0x00007f86311209a0, 0x00007f8631120bb8]
Event: 2.051 Thread 0x00007f86400b4800   53       4       java.lang.String::<init> (82 bytes)
Event: 2.081 Thread 0x00007f86400b4800 nmethod 53 0x00007f86311252d0 code [0x00007f8631125440, 0x00007f8631125758]
Event: 2.272 Thread 0x00007f86400b4800   54       4       java.lang.StringBuilder::toString (17 bytes)
Event: 2.280 Thread 0x00007f86400b4800 nmethod 54 0x00007f8631125950 code [0x00007f8631125ac0, 0x00007f8631125e58]
Event: 2.311 Thread 0x00007f86400b4800   55       4       java.lang.String::valueOf (14 bytes)
Event: 2.312 Thread 0x00007f86400b4800 nmethod 55 0x00007f86311238d0 code [0x00007f8631123a20, 0x00007f8631123a98]
Event: 2.313 Thread 0x00007f86400b4800   56       4       java.lang.StringBuilder::<init> (18 bytes)
Event: 2.324 Thread 0x00007f86400b4800 nmethod 56 0x00007f8631124950 code [0x00007f8631124ac0, 0x00007f8631124f48]

GC Heap History (10 events):
Event: 1.604 GC heap after
Heap after GC invocations=2 (full 0):
 PSYoungGen      total 35328K, used 517K [0x00000000d8c00000, 0x00000000dd100000, 0x0000000100000000)
  eden space 30720K, 0% used [0x00000000d8c00000,0x00000000d8c00000,0x00000000daa00000)
  from space 4608K, 11% used [0x00000000dae80000,0x00000000daf01628,0x00000000db300000)
  to   space 4608K, 0% used [0x00000000daa00000,0x00000000daa00000,0x00000000dae80000)
 ParOldGen       total 80896K, used 0K [0x000000008a400000, 0x000000008f300000, 0x00000000d8c00000)
  object space 80896K, 0% used [0x000000008a400000,0x000000008a400000,0x000000008f300000)
 Metaspace       used 3290K, capacity 4486K, committed 4864K, reserved 1056768K
  class space    used 362K, capacity 386K, committed 512K, reserved 1048576K
}
Event: 1.687 GC heap before
{Heap before GC invocations=3 (full 0):
 PSYoungGen      total 35328K, used 31237K [0x00000000d8c00000, 0x00000000dd100000, 0x0000000100000000)
  eden space 30720K, 100% used [0x00000000d8c00000,0x00000000daa00000,0x00000000daa00000)
  from space 4608K, 11% used [0x00000000dae80000,0x00000000daf01628,0x00000000db300000)
  to   space 4608K, 0% used [0x00000000daa00000,0x00000000daa00000,0x00000000dae80000)
 ParOldGen       total 80896K, used 0K [0x000000008a400000, 0x000000008f300000, 0x00000000d8c00000)
  object space 80896K, 0% used [0x000000008a400000,0x000000008a400000,0x000000008f300000)
 Metaspace       used 3290K, capacity 4486K, committed 4864K, reserved 1056768K
  class space    used 362K, capacity 386K, committed 512K, reserved 1048576K
Event: 1.690 GC heap after
Heap after GC invocations=3 (full 0):
 PSYoungGen      total 35328K, used 538K [0x00000000d8c00000, 0x00000000dd100000, 0x0000000100000000)
  eden space 30720K, 0% used [0x00000000d8c00000,0x00000000d8c00000,0x00000000daa00000)
  from space 4608K, 11% used [0x00000000daa00000,0x00000000daa869d8,0x00000000dae80000)
  to   space 4608K, 0% used [0x00000000dcc80000,0x00000000dcc80000,0x00000000dd100000)
 ParOldGen       total 80896K, used 0K [0x000000008a400000, 0x000000008f300000, 0x00000000d8c00000)
  object space 80896K, 0% used [0x000000008a400000,0x000000008a400000,0x000000008f300000)
 Metaspace       used 3290K, capacity 4486K, committed 4864K, reserved 1056768K
  class space    used 362K, capacity 386K, committed 512K, reserved 1048576K
}
Event: 1.774 GC heap before
{Heap before GC invocations=4 (full 0):
 PSYoungGen      total 35328K, used 31258K [0x00000000d8c00000, 0x00000000dd100000, 0x0000000100000000)
  eden space 30720K, 100% used [0x00000000d8c00000,0x00000000daa00000,0x00000000daa00000)
  from space 4608K, 11% used [0x00000000daa00000,0x00000000daa869d8,0x00000000dae80000)
  to   space 4608K, 0% used [0x00000000dcc80000,0x00000000dcc80000,0x00000000dd100000)
 ParOldGen       total 80896K, used 0K [0x000000008a400000, 0x000000008f300000, 0x00000000d8c00000)
  object space 80896K, 0% used [0x000000008a400000,0x000000008a400000,0x000000008f300000)
 Metaspace       used 3290K, capacity 4486K, committed 4864K, reserved 1056768K
  class space    used 362K, capacity 386K, committed 512K, reserved 1048576K
Event: 1.787 GC heap after
Heap after GC invocations=4 (full 0):
 PSYoungGen      total 66048K, used 494K [0x00000000d8c00000, 0x00000000dd100000, 0x0000000100000000)
  eden space 61440K, 0% used [0x00000000d8c00000,0x00000000d8c00000,0x00000000dc800000)
  from space 4608K, 10% used [0x00000000dcc80000,0x00000000dccfba90,0x00000000dd100000)
  to   space 4608K, 0% used [0x00000000dc800000,0x00000000dc800000,0x00000000dcc80000)
 ParOldGen       total 80896K, used 8K [0x000000008a400000, 0x000000008f300000, 0x00000000d8c00000)
  object space 80896K, 0% used [0x000000008a400000,0x000000008a402000,0x000000008f300000)
 Metaspace       used 3290K, capacity 4486K, committed 4864K, reserved 1056768K
  class space    used 362K, capacity 386K, committed 512K, reserved 1048576K
}
Event: 2.241 GC heap before
{Heap before GC invocations=5 (full 0):
 PSYoungGen      total 66048K, used 61897K [0x00000000d8c00000, 0x00000000dd100000, 0x0000000100000000)
  eden space 61440K, 99% used [0x00000000d8c00000,0x00000000dc7f69a8,0x00000000dc800000)
  from space 4608K, 10% used [0x00000000dcc80000,0x00000000dccfba90,0x00000000dd100000)
  to   space 4608K, 0% used [0x00000000dc800000,0x00000000dc800000,0x00000000dcc80000)
 ParOldGen       total 80896K, used 8K [0x000000008a400000, 0x000000008f300000, 0x00000000d8c00000)
  object space 80896K, 0% used [0x000000008a400000,0x000000008a402000,0x000000008f300000)
 Metaspace       used 3290K, capacity 4486K, committed 4864K, reserved 1056768K
  class space    used 362K, capacity 386K, committed 512K, reserved 1048576K
Event: 2.244 GC heap after
Heap after GC invocations=5 (full 0):
 PSYoungGen      total 66048K, used 485K [0x00000000d8c00000, 0x00000000e0600000, 0x0000000100000000)
  eden space 61440K, 0% used [0x00000000d8c00000,0x00000000d8c00000,0x00000000dc800000)
  from space 4608K, 10% used [0x00000000dc800000,0x00000000dc879660,0x00000000dcc80000)
  to   space 1024K, 0% used [0x00000000e0500000,0x00000000e0500000,0x00000000e0600000)
 ParOldGen       total 80896K, used 8K [0x000000008a400000, 0x000000008f300000, 0x00000000d8c00000)
  object space 80896K, 0% used [0x000000008a400000,0x000000008a402000,0x000000008f300000)
 Metaspace       used 3290K, capacity 4486K, committed 4864K, reserved 1056768K
  class space    used 362K, capacity 386K, committed 512K, reserved 1048576K
}
Event: 2.413 GC heap before
{Heap before GC invocations=6 (full 0):
 PSYoungGen      total 66048K, used 61925K [0x00000000d8c00000, 0x00000000e0600000, 0x0000000100000000)
  eden space 61440K, 100% used [0x00000000d8c00000,0x00000000dc800000,0x00000000dc800000)
  from space 4608K, 10% used [0x00000000dc800000,0x00000000dc879660,0x00000000dcc80000)
  to   space 1024K, 0% used [0x00000000e0500000,0x00000000e0500000,0x00000000e0600000)
 ParOldGen       total 80896K, used 8K [0x000000008a400000, 0x000000008f300000, 0x00000000d8c00000)
  object space 80896K, 0% used [0x000000008a400000,0x000000008a402000,0x000000008f300000)
 Metaspace       used 3290K, capacity 4486K, committed 4864K, reserved 1056768K
  class space    used 362K, capacity 386K, committed 512K, reserved 1048576K
Event: 2.417 GC heap after
Heap after GC invocations=6 (full 0):
 PSYoungGen      total 123904K, used 551K [0x00000000d8c00000, 0x00000000e0600000, 0x0000000100000000)
  eden space 122880K, 0% used [0x00000000d8c00000,0x00000000d8c00000,0x00000000e0400000)
  from space 1024K, 53% used [0x00000000e0500000,0x00000000e0589c10,0x00000000e0600000)
  to   space 1024K, 0% used [0x00000000e0400000,0x00000000e0400000,0x00000000e0500000)
 ParOldGen       total 80896K, used 8K [0x000000008a400000, 0x000000008f300000, 0x00000000d8c00000)
  object space 80896K, 0% used [0x000000008a400000,0x000000008a402000,0x000000008f300000)
 Metaspace       used 3290K, capacity 4486K, committed 4864K, reserved 1056768K
  class space    used 362K, capacity 386K, committed 512K, reserved 1048576K
}
Event: 7.809 GC heap before
{Heap before GC invocations=7 (full 0):
 PSYoungGen      total 123904K, used 123402K [0x00000000d8c00000, 0x00000000e0600000, 0x0000000100000000)
  eden space 122880K, 99% used [0x00000000d8c00000,0x00000000e03f8c98,0x00000000e0400000)
  from space 1024K, 53% used [0x00000000e0500000,0x00000000e0589c10,0x00000000e0600000)
  to   space 1024K, 0% used [0x00000000e0400000,0x00000000e0400000,0x00000000e0500000)
 ParOldGen       total 80896K, used 8K [0x000000008a400000, 0x000000008f300000, 0x00000000d8c00000)
  object space 80896K, 0% used [0x000000008a400000,0x000000008a402000,0x000000008f300000)
 Metaspace       used 3290K, capacity 4486K, committed 4864K, reserved 1056768K
  class space    used 362K, capacity 386K, committed 512K, reserved 1048576K

Deoptimization events (0 events):
No events

Classes redefined (0 events):
No events

Internal exceptions (10 events):
Event: 0.271 Thread 0x00007f864000b000 Exception <a 'java/lang/NoSuchMethodError': Method sun.misc.Unsafe.prefetchRead(Ljava/lang/Object;J)V name or signature does not match> (0x00000000d8c07fa0) thrown at [/build/openjdk-8-OqY7zN/openjdk-8-8u222-b10/src/hotspot/src/share/vm/prims/jni.cpp, lin
Event: 0.692 Thread 0x00007f864000b000 Exception <a 'java/util/zip/ZipException'> (0x00000000d8c59a08) thrown at [/build/openjdk-8-OqY7zN/openjdk-8-8u222-b10/src/hotspot/src/share/vm/prims/jni.cpp, line 710]
Event: 0.692 Thread 0x00007f864000b000 Exception <a 'java/security/PrivilegedActionException'> (0x00000000d8c59ca8) thrown at [/build/openjdk-8-OqY7zN/openjdk-8-8u222-b10/src/hotspot/src/share/vm/prims/jvm.cpp, line 1502]
Event: 0.692 Thread 0x00007f864000b000 Exception <a 'java/security/PrivilegedActionException'> (0x00000000d8c59eb8) thrown at [/build/openjdk-8-OqY7zN/openjdk-8-8u222-b10/src/hotspot/src/share/vm/prims/jvm.cpp, line 1502]
Event: 0.960 Thread 0x00007f864000b000 Exception <a 'java/security/PrivilegedActionException'> (0x00000000d8c87698) thrown at [/build/openjdk-8-OqY7zN/openjdk-8-8u222-b10/src/hotspot/src/share/vm/prims/jvm.cpp, line 1502]
Event: 0.960 Thread 0x00007f864000b000 Exception <a 'java/security/PrivilegedActionException'> (0x00000000d8c87a90) thrown at [/build/openjdk-8-OqY7zN/openjdk-8-8u222-b10/src/hotspot/src/share/vm/prims/jvm.cpp, line 1502]
Event: 0.965 Thread 0x00007f864000b000 Exception <a 'java/security/PrivilegedActionException'> (0x00000000d8c89d00) thrown at [/build/openjdk-8-OqY7zN/openjdk-8-8u222-b10/src/hotspot/src/share/vm/prims/jvm.cpp, line 1502]
Event: 0.965 Thread 0x00007f864000b000 Exception <a 'java/security/PrivilegedActionException'> (0x00000000d8c8a0f8) thrown at [/build/openjdk-8-OqY7zN/openjdk-8-8u222-b10/src/hotspot/src/share/vm/prims/jvm.cpp, line 1502]
Event: 0.965 Thread 0x00007f864000b000 Exception <a 'java/security/PrivilegedActionException'> (0x00000000d8c8adb8) thrown at [/build/openjdk-8-OqY7zN/openjdk-8-8u222-b10/src/hotspot/src/share/vm/prims/jvm.cpp, line 1502]
Event: 0.965 Thread 0x00007f864000b000 Exception <a 'java/security/PrivilegedActionException'> (0x00000000d8c8b1b0) thrown at [/build/openjdk-8-OqY7zN/openjdk-8-8u222-b10/src/hotspot/src/share/vm/prims/jvm.cpp, line 1502]

Events (10 events):
Event: 1.690 Executing VM operation: ParallelGCFailedAllocation done
Event: 1.774 Executing VM operation: ParallelGCFailedAllocation
Event: 1.787 Executing VM operation: ParallelGCFailedAllocation done
Event: 2.241 Executing VM operation: ParallelGCFailedAllocation
Event: 2.244 Executing VM operation: ParallelGCFailedAllocation done
Event: 2.413 Executing VM operation: ParallelGCFailedAllocation
Event: 2.417 Executing VM operation: ParallelGCFailedAllocation done
Event: 4.652 Executing VM operation: EnableBiasedLocking
Event: 7.794 Executing VM operation: EnableBiasedLocking done
Event: 7.809 Executing VM operation: ParallelGCFailedAllocation


Dynamic libraries:
8a400000-8f300000 rw-p 00000000 00:00 0 
8f300000-d8c00000 ---p 00000000 00:00 0 
d8c00000-e0600000 rw-p 00000000 00:00 0 
e7e00000-100000000 ---p 00000000 00:00 0 
100000000-100080000 rw-p 00000000 00:00 0 
100080000-140000000 ---p 00000000 00:00 0 
555ac3630000-555ac3631000 r-xp 00000000 b3:02 394207                     /usr/lib/jvm/java-8-openjdk-amd64/jre/bin/java
555ac3830000-555ac3831000 r--p 00000000 b3:02 394207                     /usr/lib/jvm/java-8-openjdk-amd64/jre/bin/java
555ac3831000-555ac3832000 rw-p 00001000 b3:02 394207                     /usr/lib/jvm/java-8-openjdk-amd64/jre/bin/java
555ac526d000-555ac528e000 rw-p 00000000 00:00 0                          [heap]
7f85fc000000-7f85fc021000 rw-p 00000000 00:00 0 
7f85fc021000-7f8600000000 ---p 00000000 00:00 0 
7f8604000000-7f8604050000 rw-p 00000000 00:00 0 
7f8604050000-7f8608000000 ---p 00000000 00:00 0 
7f8608000000-7f8608021000 rw-p 00000000 00:00 0 
7f8608021000-7f860c000000 ---p 00000000 00:00 0 
7f860c000000-7f860c021000 rw-p 00000000 00:00 0 
7f860c021000-7f8610000000 ---p 00000000 00:00 0 
7f8610000000-7f86100a3000 rw-p 00000000 00:00 0 
7f86100a3000-7f8614000000 ---p 00000000 00:00 0 
7f8614000000-7f8614021000 rw-p 00000000 00:00 0 
7f8614021000-7f8618000000 ---p 00000000 00:00 0 
7f8618000000-7f8618021000 rw-p 00000000 00:00 0 
7f8618021000-7f861c000000 ---p 00000000 00:00 0 
7f861c000000-7f861c021000 rw-p 00000000 00:00 0 
7f861c021000-7f8620000000 ---p 00000000 00:00 0 
7f8620000000-7f8620021000 rw-p 00000000 00:00 0 
7f8620021000-7f8624000000 ---p 00000000 00:00 0 
7f86262f9000-7f8626314000 r--s 001d6000 b3:02 396003                     /usr/lib/jvm/java-8-openjdk-amd64/jre/lib/ext/nashorn.jar
7f8626314000-7f862632f000 r--s 00394000 b3:02 395760                     /usr/lib/jvm/java-8-openjdk-amd64/jre/lib/ext/cldrdata.jar
7f862632f000-7f8626330000 ---p 00000000 00:00 0 
7f8626330000-7f8626430000 rw-p 00000000 00:00 0 
7f8626430000-7f8626433000 ---p 00000000 00:00 0 
7f8626433000-7f8626531000 rw-p 00000000 00:00 0 
7f8626531000-7f8626532000 ---p 00000000 00:00 0 
7f8626532000-7f8626535000 ---p 00000000 00:00 0 
7f8626535000-7f8626632000 rw-p 00000000 00:00 0 
7f8626632000-7f8626633000 ---p 00000000 00:00 0 
7f8626633000-7f8626636000 ---p 00000000 00:00 0 
7f8626636000-7f8626733000 rw-p 00000000 00:00 0 
7f8626733000-7f8626736000 ---p 00000000 00:00 0 
7f8626736000-7f8626834000 rw-p 00000000 00:00 0 
7f8626834000-7f8627203000 r--p 00000000 b3:02 399303                     /usr/lib/locale/locale-archive
7f8627203000-7f8627206000 ---p 00000000 00:00 0 
7f8627206000-7f8627304000 rw-p 00000000 00:00 0 
7f8627304000-7f8627307000 ---p 00000000 00:00 0 
7f8627307000-7f8627405000 rw-p 00000000 00:00 0 
7f8627405000-7f8627406000 ---p 00000000 00:00 0 
7f8627406000-7f8627e30000 rw-p 00000000 00:00 0 
7f8627e30000-7f8628000000 r--s 03c5c000 b3:02 397558                     /usr/lib/jvm/java-8-openjdk-amd64/jre/lib/rt.jar
7f8628000000-7f8628021000 rw-p 00000000 00:00 0 
7f8628021000-7f862c000000 ---p 00000000 00:00 0 
7f862c001000-7f862c441000 rw-p 00000000 00:00 0 
7f862c441000-7f862c801000 ---p 00000000 00:00 0 
7f862c801000-7f863068f000 rw-p 00000000 00:00 0 
7f863068f000-7f8630690000 ---p 00000000 00:00 0 
7f8630690000-7f8630790000 rw-p 00000000 00:00 0 
7f8630790000-7f8630791000 ---p 00000000 00:00 0 
7f8630791000-7f86308b9000 rw-p 00000000 00:00 0 
7f86308b9000-7f8630b05000 ---p 00000000 00:00 0 
7f8630b05000-7f8630b42000 rw-p 00000000 00:00 0 
7f8630b42000-7f8630c3f000 ---p 00000000 00:00 0 
7f8630c3f000-7f8630c4a000 rw-p 00000000 00:00 0 
7f8630c4a000-7f8631000000 ---p 00000000 00:00 0 
7f8631000000-7f8631270000 rwxp 00000000 00:00 0 
7f8631270000-7f8640000000 ---p 00000000 00:00 0 
7f8640000000-7f864014e000 rw-p 00000000 00:00 0 
7f864014e000-7f8644000000 ---p 00000000 00:00 0 
7f8644013000-7f8644120000 rw-p 00000000 00:00 0 
7f8644120000-7f864436c000 ---p 00000000 00:00 0 
7f864436c000-7f8644374000 r-xp 00000000 b3:02 395584                     /usr/lib/jvm/java-8-openjdk-amd64/jre/lib/amd64/libzip.so
7f8644374000-7f8644573000 ---p 00008000 b3:02 395584                     /usr/lib/jvm/java-8-openjdk-amd64/jre/lib/amd64/libzip.so
7f8644573000-7f8644574000 r--p 00007000 b3:02 395584                     /usr/lib/jvm/java-8-openjdk-amd64/jre/lib/amd64/libzip.so
7f8644574000-7f8644575000 rw-p 00008000 b3:02 395584                     /usr/lib/jvm/java-8-openjdk-amd64/jre/lib/amd64/libzip.so
7f8644575000-7f8644580000 r-xp 00000000 b3:02 1706491                    /lib/x86_64-linux-gnu/libnss_files-2.27.so
7f8644580000-7f864477f000 ---p 0000b000 b3:02 1706491                    /lib/x86_64-linux-gnu/libnss_files-2.27.so
7f864477f000-7f8644780000 r--p 0000a000 b3:02 1706491                    /lib/x86_64-linux-gnu/libnss_files-2.27.so
7f8644780000-7f8644781000 rw-p 0000b000 b3:02 1706491                    /lib/x86_64-linux-gnu/libnss_files-2.27.so
7f8644781000-7f8644787000 rw-p 00000000 00:00 0 
7f8644787000-7f864479e000 r-xp 00000000 b3:02 1706485                    /lib/x86_64-linux-gnu/libnsl-2.27.so
7f864479e000-7f864499d000 ---p 00017000 b3:02 1706485                    /lib/x86_64-linux-gnu/libnsl-2.27.so
7f864499d000-7f864499e000 r--p 00016000 b3:02 1706485                    /lib/x86_64-linux-gnu/libnsl-2.27.so
7f864499e000-7f864499f000 rw-p 00017000 b3:02 1706485                    /lib/x86_64-linux-gnu/libnsl-2.27.so
7f864499f000-7f86449a1000 rw-p 00000000 00:00 0 
7f86449a1000-7f86449ac000 r-xp 00000000 b3:02 1706502                    /lib/x86_64-linux-gnu/libnss_nis-2.27.so
7f86449ac000-7f8644bab000 ---p 0000b000 b3:02 1706502                    /lib/x86_64-linux-gnu/libnss_nis-2.27.so
7f8644bab000-7f8644bac000 r--p 0000a000 b3:02 1706502                    /lib/x86_64-linux-gnu/libnss_nis-2.27.so
7f8644bac000-7f8644bad000 rw-p 0000b000 b3:02 1706502                    /lib/x86_64-linux-gnu/libnss_nis-2.27.so
7f8644bad000-7f8644bb5000 r-xp 00000000 b3:02 1706487                    /lib/x86_64-linux-gnu/libnss_compat-2.27.so
7f8644bb5000-7f8644db5000 ---p 00008000 b3:02 1706487                    /lib/x86_64-linux-gnu/libnss_compat-2.27.so
7f8644db5000-7f8644db6000 r--p 00008000 b3:02 1706487                    /lib/x86_64-linux-gnu/libnss_compat-2.27.so
7f8644db6000-7f8644db7000 rw-p 00009000 b3:02 1706487                    /lib/x86_64-linux-gnu/libnss_compat-2.27.so
7f8644db7000-7f8644de1000 r-xp 00000000 b3:02 395206                     /usr/lib/jvm/java-8-openjdk-amd64/jre/lib/amd64/libjava.so
7f8644de1000-7f8644fe0000 ---p 0002a000 b3:02 395206                     /usr/lib/jvm/java-8-openjdk-amd64/jre/lib/amd64/libjava.so
7f8644fe0000-7f8644fe1000 r--p 00029000 b3:02 395206                     /usr/lib/jvm/java-8-openjdk-amd64/jre/lib/amd64/libjava.so
7f8644fe1000-7f8644fe3000 rw-p 0002a000 b3:02 395206                     /usr/lib/jvm/java-8-openjdk-amd64/jre/lib/amd64/libjava.so
7f8644fe3000-7f8644ff3000 r-xp 00000000 b3:02 395550                     /usr/lib/jvm/java-8-openjdk-amd64/jre/lib/amd64/libverify.so
7f8644ff3000-7f86451f2000 ---p 00010000 b3:02 395550                     /usr/lib/jvm/java-8-openjdk-amd64/jre/lib/amd64/libverify.so
7f86451f2000-7f86451f4000 r--p 0000f000 b3:02 395550                     /usr/lib/jvm/java-8-openjdk-amd64/jre/lib/amd64/libverify.so
7f86451f4000-7f86451f5000 rw-p 00011000 b3:02 395550                     /usr/lib/jvm/java-8-openjdk-amd64/jre/lib/amd64/libverify.so
7f86451f5000-7f86451fc000 r-xp 00000000 b3:02 1706542                    /lib/x86_64-linux-gnu/librt-2.27.so
7f86451fc000-7f86453fb000 ---p 00007000 b3:02 1706542                    /lib/x86_64-linux-gnu/librt-2.27.so
7f86453fb000-7f86453fc000 r--p 00006000 b3:02 1706542                    /lib/x86_64-linux-gnu/librt-2.27.so
7f86453fc000-7f86453fd000 rw-p 00007000 b3:02 1706542                    /lib/x86_64-linux-gnu/librt-2.27.so
7f86453fd000-7f8645414000 r-xp 00000000 b3:02 1701708                    /lib/x86_64-linux-gnu/libgcc_s.so.1
7f8645414000-7f8645613000 ---p 00017000 b3:02 1701708                    /lib/x86_64-linux-gnu/libgcc_s.so.1
7f8645613000-7f8645614000 r--p 00016000 b3:02 1701708                    /lib/x86_64-linux-gnu/libgcc_s.so.1
7f8645614000-7f8645615000 rw-p 00017000 b3:02 1701708                    /lib/x86_64-linux-gnu/libgcc_s.so.1
7f8645615000-7f86457b2000 r-xp 00000000 b3:02 1706464                    /lib/x86_64-linux-gnu/libm-2.27.so
7f86457b2000-7f86459b1000 ---p 0019d000 b3:02 1706464                    /lib/x86_64-linux-gnu/libm-2.27.so
7f86459b1000-7f86459b2000 r--p 0019c000 b3:02 1706464                    /lib/x86_64-linux-gnu/libm-2.27.so
7f86459b2000-7f86459b3000 rw-p 0019d000 b3:02 1706464                    /lib/x86_64-linux-gnu/libm-2.27.so
7f86459b3000-7f8645b2c000 r-xp 00000000 b3:02 392630                     /usr/lib/x86_64-linux-gnu/libstdc++.so.6.0.25
7f8645b2c000-7f8645d2c000 ---p 00179000 b3:02 392630                     /usr/lib/x86_64-linux-gnu/libstdc++.so.6.0.25
7f8645d2c000-7f8645d36000 r--p 00179000 b3:02 392630                     /usr/lib/x86_64-linux-gnu/libstdc++.so.6.0.25
7f8645d36000-7f8645d38000 rw-p 00183000 b3:02 392630                     /usr/lib/x86_64-linux-gnu/libstdc++.so.6.0.25
7f8645d38000-7f8645d3c000 rw-p 00000000 00:00 0 
7f8645d3c000-7f86469db000 r-xp 00000000 b3:02 395653                     /usr/lib/jvm/java-8-openjdk-amd64/jre/lib/amd64/server/libjvm.so
7f86469db000-7f8646bdb000 ---p 00c9f000 b3:02 395653                     /usr/lib/jvm/java-8-openjdk-amd64/jre/lib/amd64/server/libjvm.so
7f8646bdb000-7f8646c6f000 r--p 00c9f000 b3:02 395653                     /usr/lib/jvm/java-8-openjdk-amd64/jre/lib/amd64/server/libjvm.so
7f8646c6f000-7f8646c98000 rw-p 00d33000 b3:02 395653                     /usr/lib/jvm/java-8-openjdk-amd64/jre/lib/amd64/server/libjvm.so
7f8646c98000-7f8646cc8000 rw-p 00000000 00:00 0 
7f8646cc8000-7f8646ce2000 r-xp 00000000 b3:02 1706534                    /lib/x86_64-linux-gnu/libpthread-2.27.so
7f8646ce2000-7f8646ee1000 ---p 0001a000 b3:02 1706534                    /lib/x86_64-linux-gnu/libpthread-2.27.so
7f8646ee1000-7f8646ee2000 r--p 00019000 b3:02 1706534                    /lib/x86_64-linux-gnu/libpthread-2.27.so
7f8646ee2000-7f8646ee3000 rw-p 0001a000 b3:02 1706534                    /lib/x86_64-linux-gnu/libpthread-2.27.so
7f8646ee3000-7f8646ee7000 rw-p 00000000 00:00 0 
7f8646ee7000-7f8646eea000 r-xp 00000000 b3:02 1706424                    /lib/x86_64-linux-gnu/libdl-2.27.so
7f8646eea000-7f86470e9000 ---p 00003000 b3:02 1706424                    /lib/x86_64-linux-gnu/libdl-2.27.so
7f86470e9000-7f86470ea000 r--p 00002000 b3:02 1706424                    /lib/x86_64-linux-gnu/libdl-2.27.so
7f86470ea000-7f86470eb000 rw-p 00003000 b3:02 1706424                    /lib/x86_64-linux-gnu/libdl-2.27.so
7f86470eb000-7f8647107000 r-xp 00000000 b3:02 1706573                    /lib/x86_64-linux-gnu/libz.so.1.2.11
7f8647107000-7f8647306000 ---p 0001c000 b3:02 1706573                    /lib/x86_64-linux-gnu/libz.so.1.2.11
7f8647306000-7f8647307000 r--p 0001b000 b3:02 1706573                    /lib/x86_64-linux-gnu/libz.so.1.2.11
7f8647307000-7f8647308000 rw-p 0001c000 b3:02 1706573                    /lib/x86_64-linux-gnu/libz.so.1.2.11
7f8647308000-7f86474ef000 r-xp 00000000 b3:02 1706401                    /lib/x86_64-linux-gnu/libc-2.27.so
7f86474ef000-7f86476ef000 ---p 001e7000 b3:02 1706401                    /lib/x86_64-linux-gnu/libc-2.27.so
7f86476ef000-7f86476f3000 r--p 001e7000 b3:02 1706401                    /lib/x86_64-linux-gnu/libc-2.27.so
7f86476f3000-7f86476f5000 rw-p 001eb000 b3:02 1706401                    /lib/x86_64-linux-gnu/libc-2.27.so
7f86476f5000-7f86476f9000 rw-p 00000000 00:00 0 
7f86476f9000-7f8647707000 r-xp 00000000 b3:02 395106                     /usr/lib/jvm/java-8-openjdk-amd64/jre/lib/amd64/jli/libjli.so
7f8647707000-7f8647906000 ---p 0000e000 b3:02 395106                     /usr/lib/jvm/java-8-openjdk-amd64/jre/lib/amd64/jli/libjli.so
7f8647906000-7f8647907000 r--p 0000d000 b3:02 395106                     /usr/lib/jvm/java-8-openjdk-amd64/jre/lib/amd64/jli/libjli.so
7f8647907000-7f8647908000 rw-p 0000e000 b3:02 395106                     /usr/lib/jvm/java-8-openjdk-amd64/jre/lib/amd64/jli/libjli.so
7f8647908000-7f864792f000 r-xp 00000000 b3:02 1706373                    /lib/x86_64-linux-gnu/ld-2.27.so
7f864793b000-7f864793e000 r--s 0000f000 b3:02 395791                     /usr/lib/jvm/java-8-openjdk-amd64/jre/lib/ext/icedtea-sound.jar
7f864793e000-7f8647940000 r--s 00007000 b3:02 785030                     /usr/share/java/java-atk-wrapper.jar
7f8647940000-7f8647941000 r--s 00010000 b3:02 396007                     /usr/lib/jvm/java-8-openjdk-amd64/jre/lib/ext/zipfs.jar
7f8647941000-7f864794b000 r--s 00116000 b3:02 396001                     /usr/lib/jvm/java-8-openjdk-amd64/jre/lib/ext/localedata.jar
7f864794b000-7f8647a14000 rw-p 00000000 00:00 0 
7f8647a14000-7f8647a15000 ---p 00000000 00:00 0 
7f8647a15000-7f8647a18000 ---p 00000000 00:00 0 
7f8647a18000-7f8647b17000 rw-p 00000000 00:00 0 
7f8647b17000-7f8647b1c000 r--s 0003c000 b3:02 396005                     /usr/lib/jvm/java-8-openjdk-amd64/jre/lib/ext/sunjce_provider.jar
7f8647b1c000-7f8647b1d000 r--s 0000d000 b3:02 396004                     /usr/lib/jvm/java-8-openjdk-amd64/jre/lib/ext/sunec.jar
7f8647b1d000-7f8647b20000 r--s 00039000 b3:02 396006                     /usr/lib/jvm/java-8-openjdk-amd64/jre/lib/ext/sunpkcs11.jar
7f8647b20000-7f8647b22000 r--s 00001000 b3:02 395767                     /usr/lib/jvm/java-8-openjdk-amd64/jre/lib/ext/dnsns.jar
7f8647b22000-7f8647b23000 r--s 0000a000 b3:02 395796                     /usr/lib/jvm/java-8-openjdk-amd64/jre/lib/ext/jaccess.jar
7f8647b23000-7f8647b2b000 rw-s 00000000 b3:02 269510                     /tmp/hsperfdata_admin1/22653
7f8647b2b000-7f8647b2c000 rw-p 00000000 00:00 0 
7f8647b2c000-7f8647b2d000 ---p 00000000 00:00 0 
7f8647b2d000-7f8647b2f000 rw-p 00000000 00:00 0 
7f8647b2f000-7f8647b30000 r--p 00027000 b3:02 1706373                    /lib/x86_64-linux-gnu/ld-2.27.so
7f8647b30000-7f8647b31000 rw-p 00028000 b3:02 1706373                    /lib/x86_64-linux-gnu/ld-2.27.so
7f8647b31000-7f8647b32000 rw-p 00000000 00:00 0 
7ffcb85b8000-7ffcb85d9000 rw-p 00000000 00:00 0                          [stack]
7ffcb85e9000-7ffcb85ec000 r--p 00000000 00:00 0                          [vvar]
7ffcb85ec000-7ffcb85ee000 r-xp 00000000 00:00 0                          [vdso]
ffffffffff600000-ffffffffff601000 r-xp 00000000 00:00 0                  [vsyscall]

VM Arguments:
jvm_args: -Dfile.encoding=UTF-8 
java_command: com.bridgelabz.alg.BinaryFileIo
java_class_path (initial): /home/admin1/Desktop/eclipse-inst-linux64/AlgorithmProblems/bin
Launcher Type: SUN_STANDARD

Environment Variables:
PATH=/usr/local/sbin:/usr/local/bin:/usr/sbin:/usr/bin:/sbin:/bin:/usr/games:/usr/local/games:/snap/bin
USERNAME=admin1
SHELL=/bin/bash
DISPLAY=:0

Signal Handlers:
SIGSEGV: [libjvm.so+0xab92f0], sa_mask[0]=11111111011111111101111111111110, sa_flags=SA_RESTART|SA_SIGINFO
SIGBUS: [libjvm.so+0xab92f0], sa_mask[0]=11111111011111111101111111111110, sa_flags=SA_RESTART|SA_SIGINFO
SIGFPE: [libjvm.so+0x8ee560], sa_mask[0]=11111111011111111101111111111110, sa_flags=SA_RESTART|SA_SIGINFO
SIGPIPE: [libjvm.so+0x8ee560], sa_mask[0]=11111111011111111101111111111110, sa_flags=SA_RESTART|SA_SIGINFO
SIGXFSZ: [libjvm.so+0x8ee560], sa_mask[0]=11111111011111111101111111111110, sa_flags=SA_RESTART|SA_SIGINFO
SIGILL: [libjvm.so+0x8ee560], sa_mask[0]=11111111011111111101111111111110, sa_flags=SA_RESTART|SA_SIGINFO
SIGUSR1: SIG_DFL, sa_mask[0]=00000000000000000000000000000000, sa_flags=none
SIGUSR2: [libjvm.so+0x8ee410], sa_mask[0]=00100000000000000000000000000000, sa_flags=SA_RESTART|SA_SIGINFO
SIGHUP: [libjvm.so+0x8eea80], sa_mask[0]=11111111011111111101111111111110, sa_flags=SA_RESTART|SA_SIGINFO
SIGINT: [libjvm.so+0x8eea80], sa_mask[0]=11111111011111111101111111111110, sa_flags=SA_RESTART|SA_SIGINFO
SIGTERM: [libjvm.so+0x8eea80], sa_mask[0]=11111111011111111101111111111110, sa_flags=SA_RESTART|SA_SIGINFO
SIGQUIT: [libjvm.so+0x8eea80], sa_mask[0]=11111111011111111101111111111110, sa_flags=SA_RESTART|SA_SIGINFO


---------------  S Y S T E M  ---------------

OS:DISTRIB_ID=Ubuntu
DISTRIB_RELEASE=18.04
DISTRIB_CODENAME=bionic
DISTRIB_DESCRIPTION="Ubuntu 18.04.3 LTS"

uname:Linux 4.15.0-66-generic #75-Ubuntu SMP Tue Oct 1 05:24:09 UTC 2019 x86_64
libc:glibc 2.27 NPTL 2.27 
rlimit: STACK 8192k, CORE 0k, NPROC 29831, NOFILE 4096, AS infinity
load average:18.89 14.88 6.56

/proc/meminfo:
MemTotal:        7711852 kB
MemFree:          114080 kB
MemAvailable:      28956 kB
Buffers:            4892 kB
Cached:           210052 kB
SwapCached:         3032 kB
Active:          6362568 kB
Inactive:         941432 kB
Active(anon):    6334948 kB
Inactive(anon):   905044 kB
Active(file):      27620 kB
Inactive(file):    36388 kB
Unevictable:         112 kB
Mlocked:             112 kB
SwapTotal:       1393948 kB
SwapFree:          13432 kB
Dirty:               276 kB
Writeback:           476 kB
AnonPages:       7086400 kB
Mapped:           111568 kB
Shmem:            150968 kB
Slab:             114720 kB
SReclaimable:      47676 kB
SUnreclaim:        67044 kB
KernelStack:       18880 kB
PageTables:        83056 kB
NFS_Unstable:          0 kB
Bounce:                0 kB
WritebackTmp:          0 kB
CommitLimit:     5249872 kB
Committed_AS:   17123864 kB
VmallocTotal:   34359738367 kB
VmallocUsed:           0 kB
VmallocChunk:          0 kB
HardwareCorrupted:     0 kB
AnonHugePages:         0 kB
ShmemHugePages:        0 kB
ShmemPmdMapped:        0 kB
CmaTotal:              0 kB
CmaFree:               0 kB
HugePages_Total:       0
HugePages_Free:        0
HugePages_Rsvd:        0
HugePages_Surp:        0
Hugepagesize:       2048 kB
DirectMap4k:      299412 kB
DirectMap2M:     6580224 kB
DirectMap1G:     3145728 kB

container (cgroup) information:
container_type: cgroupv1
cpu_cpuset_cpus: 0-1
cpu_memory_nodes: 0
active_processor_count: 2
cpu_quota: -1
cpu_period: 100000
cpu_shares: -1
memory_limit_in_bytes: -1
memory_and_swap_limit_in_bytes: -2
memory_soft_limit_in_bytes: -1
memory_usage_in_bytes: 7477788672
memory_max_usage_in_bytes: 0


CPU:total 2 (initial active 2) (2 cores per cpu, 1 threads per core) family 6 model 122 stepping 1, cmov, cx8, fxsr, mmx, sse, sse2, sse3, ssse3, sse4.1, sse4.2, popcnt, aes, clmul, erms, 3dnowpref, tsc, tscinvbit

/proc/cpuinfo:
processor	: 0
vendor_id	: GenuineIntel
cpu family	: 6
model		: 122
model name	: Intel(R) Celeron(R) N4000 CPU @ 1.10GHz
stepping	: 1
microcode	: 0x2e
cpu MHz		: 1989.819
cache size	: 4096 KB
physical id	: 0
siblings	: 2
core id		: 0
cpu cores	: 2
apicid		: 0
initial apicid	: 0
fpu		: yes
fpu_exception	: yes
cpuid level	: 24
wp		: yes
flags		: fpu vme de pse tsc msr pae mce cx8 apic sep mtrr pge mca cmov pat pse36 clflush dts acpi mmx fxsr sse sse2 ss ht tm pbe syscall nx pdpe1gb rdtscp lm constant_tsc art arch_perfmon pebs bts rep_good nopl xtopology nonstop_tsc cpuid aperfmperf tsc_known_freq pni pclmulqdq dtes64 monitor ds_cpl vmx est tm2 ssse3 sdbg cx16 xtpr pdcm sse4_1 sse4_2 x2apic movbe popcnt tsc_deadline_timer aes xsave rdrand lahf_lm 3dnowprefetch cpuid_fault cat_l2 pti cdp_l2 ssbd ibrs ibpb stibp ibrs_enhanced tpr_shadow vnmi flexpriority ept vpid fsgsbase tsc_adjust smep erms mpx rdt_a rdseed smap clflushopt intel_pt sha_ni xsaveopt xsavec xgetbv1 xsaves dtherm ida arat pln pts umip rdpid md_clear arch_capabilities
bugs		: cpu_meltdown spectre_v1 spectre_v2 spec_store_bypass
bogomips	: 2188.80
clflush size	: 64
cache_alignment	: 64
address sizes	: 39 bits physical, 48 bits virtual
power management:

processor	: 1
vendor_id	: GenuineIntel
cpu family	: 6
model		: 122
model name	: Intel(R) Celeron(R) N4000 CPU @ 1.10GHz
stepping	: 1
microcode	: 0x2e
cpu MHz		: 1989.819
cache size	: 4096 KB
physical id	: 0
siblings	: 2
core id		: 1
cpu cores	: 2
apicid		: 2
initial apicid	: 2
fpu		: yes
fpu_exception	: yes
cpuid level	: 24
wp		: yes
flags		: fpu vme de pse tsc msr pae mce cx8 apic sep mtrr pge mca cmov pat pse36 clflush dts acpi mmx fxsr sse sse2 ss ht tm pbe syscall nx pdpe1gb rdtscp lm constant_tsc art arch_perfmon pebs bts rep_good nopl xtopology nonstop_tsc cpuid aperfmperf tsc_known_freq pni pclmulqdq dtes64 monitor ds_cpl vmx est tm2 ssse3 sdbg cx16 xtpr pdcm sse4_1 sse4_2 x2apic movbe popcnt tsc_deadline_timer aes xsave rdrand lahf_lm 3dnowprefetch cpuid_fault cat_l2 pti cdp_l2 ssbd ibrs ibpb stibp ibrs_enhanced tpr_shadow vnmi flexpriority ept vpid fsgsbase tsc_adjust smep erms mpx rdt_a rdseed smap clflushopt intel_pt sha_ni xsaveopt xsavec xgetbv1 xsaves dtherm ida arat pln pts umip rdpid md_clear arch_capabilities
bugs		: cpu_meltdown spectre_v1 spectre_v2 spec_store_bypass
bogomips	: 2188.80
clflush size	: 64
cache_alignment	: 64
address sizes	: 39 bits physical, 48 bits virtual
power management:



Memory: 4k page, physical 7711852k(115088k free), swap 1393948k(12664k free)

vm_info: OpenJDK 64-Bit Server VM (25.222-b10) for linux-amd64 JRE (1.8.0_222-8u222-b10-1ubuntu1~18.04.1-b10), built on Jul 18 2019 18:52:48 by "buildd" with gcc 7.4.0

time: Mon Nov 11 18:43:42 2019
timezone: IST
elapsed time: 9 seconds (0d 0h 0m 9s)

