#
# There is insufficient memory for the Java Runtime Environment to continue.
# Native memory allocation (mmap) failed to map 241696768 bytes for committing reserved memory.
# Possible reasons:
#   The system is out of physical RAM or swap space
#   The process is running with CompressedOops enabled, and the Java Heap may be blocking the growth of the native heap
# Possible solutions:
#   Reduce memory load on the system
#   Increase physical memory or swap space
#   Check if swap backing store is full
#   Decrease Java heap size (-Xmx/-Xms)
#   Decrease number of Java threads
#   Decrease Java thread stack sizes (-Xss)
#   Set larger code cache with -XX:ReservedCodeCacheSize=
#   JVM is running with Unscaled Compressed Oops mode in which the Java heap is
#     placed in the first 4GB address space. The Java Heap base address is the
#     maximum limit for the native heap growth. Please use -XX:HeapBaseMinAddress
#     to set the Java Heap base and to place the Java Heap above 4GB virtual address.
# This output file may be truncated or incomplete.
#
#  Out of Memory Error (os_linux.cpp:2757), pid=22236, tid=0x00007fe26b324700
#
# JRE version: OpenJDK Runtime Environment (8.0_222-b10) (build 1.8.0_222-8u222-b10-1ubuntu1~18.04.1-b10)
# Java VM: OpenJDK 64-Bit Server VM (25.222-b10 mixed mode linux-amd64 compressed oops)
# Failed to write core dump. Core dumps have been disabled. To enable core dumping, try "ulimit -c unlimited" before starting Java again
#

---------------  T H R E A D  ---------------

Current thread (0x00007fe280075000):  VMThread [stack: 0x00007fe26b225000,0x00007fe26b325000] [id=22257]

Stack: [0x00007fe26b225000,0x00007fe26b325000],  sp=0x00007fe26b3234a0,  free space=1017k
Native frames: (J=compiled Java code, j=interpreted, Vv=VM code, C=native code)
V  [libjvm.so+0xab8992]
V  [libjvm.so+0x4dbfd7]
V  [libjvm.so+0x8f33a0]
V  [libjvm.so+0x8ea46e]
V  [libjvm.so+0x96e106]
V  [libjvm.so+0x96f478]
V  [libjvm.so+0x96ba76]
V  [libjvm.so+0x96be0c]
V  [libjvm.so+0x91a5a8]
V  [libjvm.so+0xaba662]
V  [libjvm.so+0xabf1d6]
V  [libjvm.so+0xabd4d5]
V  [libjvm.so+0xabddad]
V  [libjvm.so+0xabe1b8]
V  [libjvm.so+0x8f0732]

VM_Operation (0x00007fe287924760): ParallelGCFailedAllocation, mode: safepoint, requested by thread 0x00007fe28000b000


---------------  P R O C E S S  ---------------

Java Threads: ( => current thread )
  0x00007fe2800c4800 JavaThread "Service Thread" daemon [_thread_blocked, id=22277, stack(0x00007fe26a24f000,0x00007fe26a350000)]
  0x00007fe2800b7800 JavaThread "C1 CompilerThread1" daemon [_thread_blocked, id=22275, stack(0x00007fe26a351000,0x00007fe26a451000)]
  0x00007fe2800b4800 JavaThread "C2 CompilerThread0" daemon [_thread_blocked, id=22274, stack(0x00007fe26a452000,0x00007fe26a552000)]
  0x00007fe2800b3000 JavaThread "Signal Dispatcher" daemon [_thread_blocked, id=22273, stack(0x00007fe26a552000,0x00007fe26a653000)]
  0x00007fe280081000 JavaThread "Finalizer" daemon [_thread_blocked, id=22267, stack(0x00007fe26b022000,0x00007fe26b123000)]
  0x00007fe28007e800 JavaThread "Reference Handler" daemon [_thread_blocked, id=22264, stack(0x00007fe26b123000,0x00007fe26b224000)]
  0x00007fe28000b000 JavaThread "main" [_thread_blocked, id=22240, stack(0x00007fe287826000,0x00007fe287926000)]

Other Threads:
=>0x00007fe280075000 VMThread [stack: 0x00007fe26b225000,0x00007fe26b325000] [id=22257]
  0x00007fe2800c7000 WatcherThread [stack: 0x00007fe26a14f000,0x00007fe26a24f000] [id=22279]

VM state:at safepoint (normal execution)

VM Mutex/Monitor currently owned by a thread:  ([mutex/lock_event])
[0x00007fe280007bd0] Threads_lock - owner thread: 0x00007fe280075000
[0x00007fe2800080d0] Heap_lock - owner thread: 0x00007fe28000b000

heap address: 0x000000008a400000, size: 1884 MB, Compressed Oops mode: 32-bit
Narrow klass base: 0x0000000000000000, Narrow klass shift: 3
Compressed class space size: 1073741824 Address: 0x0000000100000000

Heap:
 PSYoungGen      total 394240K, used 238K [0x00000000d8c00000, 0x00000000f0e00000, 0x0000000100000000)
  eden space 393216K, 0% used [0x00000000d8c00000,0x00000000d8c00000,0x00000000f0c00000)
  from space 1024K, 23% used [0x00000000f0c00000,0x00000000f0c3ba20,0x00000000f0d00000)
  to   space 1024K, 0% used [0x00000000f0d00000,0x00000000f0d00000,0x00000000f0e00000)
 ParOldGen       total 80896K, used 456K [0x000000008a400000, 0x000000008f300000, 0x00000000d8c00000)
  object space 80896K, 0% used [0x000000008a400000,0x000000008a472080,0x000000008f300000)
 Metaspace       used 3290K, capacity 4486K, committed 4864K, reserved 1056768K
  class space    used 362K, capacity 386K, committed 512K, reserved 1048576K

Card table byte_map: [0x00007fe270891000,0x00007fe270c40000] byte_map_base: 0x00007fe27043f000

Marking Bits: (ParMarkBitMap*) 0x00007fe286abc360
 Begin Bits: [0x00007fe26ca3c000, 0x00007fe26e7ac000)
 End Bits:   [0x00007fe26e7ac000, 0x00007fe27051c000)

Polling page: 0x00007fe28793d000

CodeCache: size=245760Kb used=1166Kb max_used=1178Kb free=244593Kb
 bounds [0x00007fe271000000, 0x00007fe271270000, 0x00007fe280000000]
 total_blobs=296 nmethods=56 adapters=156
 compilation: enabled

Compilation events (10 events):
Event: 1.699 Thread 0x00007fe2800b4800   52       4       java.util.Arrays::copyOfRange (63 bytes)
Event: 1.702 Thread 0x00007fe2800b4800 nmethod 52 0x00007fe271120990 code [0x00007fe271120ae0, 0x00007fe271120cf8]
Event: 1.702 Thread 0x00007fe2800b4800   53       4       java.lang.String::<init> (82 bytes)
Event: 1.728 Thread 0x00007fe2800b4800 nmethod 53 0x00007fe271125410 code [0x00007fe271125580, 0x00007fe271125898]
Event: 1.831 Thread 0x00007fe2800b4800   54       4       java.lang.StringBuilder::toString (17 bytes)
Event: 1.842 Thread 0x00007fe2800b4800 nmethod 54 0x00007fe271125a90 code [0x00007fe271125c00, 0x00007fe271125f98]
Event: 1.903 Thread 0x00007fe2800b4800   55       4       java.lang.String::valueOf (14 bytes)
Event: 1.903 Thread 0x00007fe2800b4800 nmethod 55 0x00007fe271123a10 code [0x00007fe271123b60, 0x00007fe271123bd8]
Event: 1.904 Thread 0x00007fe2800b4800   56       4       java.lang.StringBuilder::<init> (18 bytes)
Event: 1.911 Thread 0x00007fe2800b4800 nmethod 56 0x00007fe271124a90 code [0x00007fe271124c00, 0x00007fe271125088]

GC Heap History (10 events):
Event: 1.957 GC heap after
Heap after GC invocations=6 (full 0):
 PSYoungGen      total 123904K, used 539K [0x00000000d8c00000, 0x00000000e0600000, 0x0000000100000000)
  eden space 122880K, 0% used [0x00000000d8c00000,0x00000000d8c00000,0x00000000e0400000)
  from space 1024K, 52% used [0x00000000e0500000,0x00000000e0586e00,0x00000000e0600000)
  to   space 1024K, 0% used [0x00000000e0400000,0x00000000e0400000,0x00000000e0500000)
 ParOldGen       total 80896K, used 8K [0x000000008a400000, 0x000000008f300000, 0x00000000d8c00000)
  object space 80896K, 0% used [0x000000008a400000,0x000000008a402000,0x000000008f300000)
 Metaspace       used 3290K, capacity 4486K, committed 4864K, reserved 1056768K
  class space    used 362K, capacity 386K, committed 512K, reserved 1048576K
}
Event: 2.427 GC heap before
{Heap before GC invocations=7 (full 0):
 PSYoungGen      total 123904K, used 123379K [0x00000000d8c00000, 0x00000000e0600000, 0x0000000100000000)
  eden space 122880K, 99% used [0x00000000d8c00000,0x00000000e03f60c0,0x00000000e0400000)
  from space 1024K, 52% used [0x00000000e0500000,0x00000000e0586e00,0x00000000e0600000)
  to   space 1024K, 0% used [0x00000000e0400000,0x00000000e0400000,0x00000000e0500000)
 ParOldGen       total 80896K, used 8K [0x000000008a400000, 0x000000008f300000, 0x00000000d8c00000)
  object space 80896K, 0% used [0x000000008a400000,0x000000008a402000,0x000000008f300000)
 Metaspace       used 3290K, capacity 4486K, committed 4864K, reserved 1056768K
  class space    used 362K, capacity 386K, committed 512K, reserved 1048576K
Event: 2.430 GC heap after
Heap after GC invocations=7 (full 0):
 PSYoungGen      total 123904K, used 138K [0x00000000d8c00000, 0x00000000e7e00000, 0x0000000100000000)
  eden space 122880K, 0% used [0x00000000d8c00000,0x00000000d8c00000,0x00000000e0400000)
  from space 1024K, 13% used [0x00000000e0400000,0x00000000e0422ac0,0x00000000e0500000)
  to   space 1024K, 0% used [0x00000000e7d00000,0x00000000e7d00000,0x00000000e7e00000)
 ParOldGen       total 80896K, used 448K [0x000000008a400000, 0x000000008f300000, 0x00000000d8c00000)
  object space 80896K, 0% used [0x000000008a400000,0x000000008a470080,0x000000008f300000)
 Metaspace       used 3290K, capacity 4486K, committed 4864K, reserved 1056768K
  class space    used 362K, capacity 386K, committed 512K, reserved 1048576K
}
Event: 2.670 GC heap before
{Heap before GC invocations=8 (full 0):
 PSYoungGen      total 123904K, used 122984K [0x00000000d8c00000, 0x00000000e7e00000, 0x0000000100000000)
  eden space 122880K, 99% used [0x00000000d8c00000,0x00000000e03f7838,0x00000000e0400000)
  from space 1024K, 13% used [0x00000000e0400000,0x00000000e0422ac0,0x00000000e0500000)
  to   space 1024K, 0% used [0x00000000e7d00000,0x00000000e7d00000,0x00000000e7e00000)
 ParOldGen       total 80896K, used 448K [0x000000008a400000, 0x000000008f300000, 0x00000000d8c00000)
  object space 80896K, 0% used [0x000000008a400000,0x000000008a470080,0x000000008f300000)
 Metaspace       used 3290K, capacity 4486K, committed 4864K, reserved 1056768K
  class space    used 362K, capacity 386K, committed 512K, reserved 1048576K
Event: 2.672 GC heap after
Heap after GC invocations=8 (full 0):
 PSYoungGen      total 246784K, used 93K [0x00000000d8c00000, 0x00000000e7e00000, 0x0000000100000000)
  eden space 245760K, 0% used [0x00000000d8c00000,0x00000000d8c00000,0x00000000e7c00000)
  from space 1024K, 9% used [0x00000000e7d00000,0x00000000e7d17698,0x00000000e7e00000)
  to   space 1024K, 0% used [0x00000000e7c00000,0x00000000e7c00000,0x00000000e7d00000)
 ParOldGen       total 80896K, used 448K [0x000000008a400000, 0x000000008f300000, 0x00000000d8c00000)
  object space 80896K, 0% used [0x000000008a400000,0x000000008a470080,0x000000008f300000)
 Metaspace       used 3290K, capacity 4486K, committed 4864K, reserved 1056768K
  class space    used 362K, capacity 386K, committed 512K, reserved 1048576K
}
Event: 21.128 GC heap before
{Heap before GC invocations=9 (full 0):
 PSYoungGen      total 246784K, used 245853K [0x00000000d8c00000, 0x00000000e7e00000, 0x0000000100000000)
  eden space 245760K, 100% used [0x00000000d8c00000,0x00000000e7c00000,0x00000000e7c00000)
  from space 1024K, 9% used [0x00000000e7d00000,0x00000000e7d17698,0x00000000e7e00000)
  to   space 1024K, 0% used [0x00000000e7c00000,0x00000000e7c00000,0x00000000e7d00000)
 ParOldGen       total 80896K, used 448K [0x000000008a400000, 0x000000008f300000, 0x00000000d8c00000)
  object space 80896K, 0% used [0x000000008a400000,0x000000008a470080,0x000000008f300000)
 Metaspace       used 3290K, capacity 4486K, committed 4864K, reserved 1056768K
  class space    used 362K, capacity 386K, committed 512K, reserved 1048576K
Event: 21.732 GC heap after
Heap after GC invocations=9 (full 0):
 PSYoungGen      total 246784K, used 107K [0x00000000d8c00000, 0x00000000f0e00000, 0x0000000100000000)
  eden space 245760K, 0% used [0x00000000d8c00000,0x00000000d8c00000,0x00000000e7c00000)
  from space 1024K, 10% used [0x00000000e7c00000,0x00000000e7c1ae20,0x00000000e7d00000)
  to   space 1024K, 0% used [0x00000000f0d00000,0x00000000f0d00000,0x00000000f0e00000)
 ParOldGen       total 80896K, used 456K [0x000000008a400000, 0x000000008f300000, 0x00000000d8c00000)
  object space 80896K, 0% used [0x000000008a400000,0x000000008a472080,0x000000008f300000)
 Metaspace       used 3290K, capacity 4486K, committed 4864K, reserved 1056768K
  class space    used 362K, capacity 386K, committed 512K, reserved 1048576K
}
Event: 22.599 GC heap before
{Heap before GC invocations=10 (full 0):
 PSYoungGen      total 246784K, used 245867K [0x00000000d8c00000, 0x00000000f0e00000, 0x0000000100000000)
  eden space 245760K, 100% used [0x00000000d8c00000,0x00000000e7c00000,0x00000000e7c00000)
  from space 1024K, 10% used [0x00000000e7c00000,0x00000000e7c1ae20,0x00000000e7d00000)
  to   space 1024K, 0% used [0x00000000f0d00000,0x00000000f0d00000,0x00000000f0e00000)
 ParOldGen       total 80896K, used 456K [0x000000008a400000, 0x000000008f300000, 0x00000000d8c00000)
  object space 80896K, 0% used [0x000000008a400000,0x000000008a472080,0x000000008f300000)
 Metaspace       used 3290K, capacity 4486K, committed 4864K, reserved 1056768K
  class space    used 362K, capacity 386K, committed 512K, reserved 1048576K
Event: 22.599 GC heap after
Heap after GC invocations=10 (full 0):
 PSYoungGen      total 394240K, used 206K [0x00000000d8c00000, 0x00000000f0e00000, 0x0000000100000000)
  eden space 393216K, 0% used [0x00000000d8c00000,0x00000000d8c00000,0x00000000f0c00000)
  from space 1024K, 20% used [0x00000000f0d00000,0x00000000f0d339f0,0x00000000f0e00000)
  to   space 1024K, 0% used [0x00000000f0c00000,0x00000000f0c00000,0x00000000f0d00000)
 ParOldGen       total 80896K, used 456K [0x000000008a400000, 0x000000008f300000, 0x00000000d8c00000)
  object space 80896K, 0% used [0x000000008a400000,0x000000008a472080,0x000000008f300000)
 Metaspace       used 3290K, capacity 4486K, committed 4864K, reserved 1056768K
  class space    used 362K, capacity 386K, committed 512K, reserved 1048576K
}
Event: 42.969 GC heap before
{Heap before GC invocations=11 (full 0):
 PSYoungGen      total 394240K, used 393422K [0x00000000d8c00000, 0x00000000f0e00000, 0x0000000100000000)
  eden space 393216K, 100% used [0x00000000d8c00000,0x00000000f0c00000,0x00000000f0c00000)
  from space 1024K, 20% used [0x00000000f0d00000,0x00000000f0d339f0,0x00000000f0e00000)
  to   space 1024K, 0% used [0x00000000f0c00000,0x00000000f0c00000,0x00000000f0d00000)
 ParOldGen       total 80896K, used 456K [0x000000008a400000, 0x000000008f300000, 0x00000000d8c00000)
  object space 80896K, 0% used [0x000000008a400000,0x000000008a472080,0x000000008f300000)
 Metaspace       used 3290K, capacity 4486K, committed 4864K, reserved 1056768K
  class space    used 362K, capacity 386K, committed 512K, reserved 1048576K

Deoptimization events (0 events):
No events

Classes redefined (0 events):
No events

Internal exceptions (10 events):
Event: 0.195 Thread 0x00007fe28000b000 Exception <a 'java/lang/NoSuchMethodError': Method sun.misc.Unsafe.prefetchRead(Ljava/lang/Object;J)V name or signature does not match> (0x00000000d8c07fa0) thrown at [/build/openjdk-8-OqY7zN/openjdk-8-8u222-b10/src/hotspot/src/share/vm/prims/jni.cpp, lin
Event: 0.623 Thread 0x00007fe28000b000 Exception <a 'java/util/zip/ZipException'> (0x00000000d8c59a08) thrown at [/build/openjdk-8-OqY7zN/openjdk-8-8u222-b10/src/hotspot/src/share/vm/prims/jni.cpp, line 710]
Event: 0.624 Thread 0x00007fe28000b000 Exception <a 'java/security/PrivilegedActionException'> (0x00000000d8c59ca8) thrown at [/build/openjdk-8-OqY7zN/openjdk-8-8u222-b10/src/hotspot/src/share/vm/prims/jvm.cpp, line 1502]
Event: 0.624 Thread 0x00007fe28000b000 Exception <a 'java/security/PrivilegedActionException'> (0x00000000d8c59eb8) thrown at [/build/openjdk-8-OqY7zN/openjdk-8-8u222-b10/src/hotspot/src/share/vm/prims/jvm.cpp, line 1502]
Event: 0.927 Thread 0x00007fe28000b000 Exception <a 'java/security/PrivilegedActionException'> (0x00000000d8c87698) thrown at [/build/openjdk-8-OqY7zN/openjdk-8-8u222-b10/src/hotspot/src/share/vm/prims/jvm.cpp, line 1502]
Event: 0.927 Thread 0x00007fe28000b000 Exception <a 'java/security/PrivilegedActionException'> (0x00000000d8c87a90) thrown at [/build/openjdk-8-OqY7zN/openjdk-8-8u222-b10/src/hotspot/src/share/vm/prims/jvm.cpp, line 1502]
Event: 0.937 Thread 0x00007fe28000b000 Exception <a 'java/security/PrivilegedActionException'> (0x00000000d8c89d00) thrown at [/build/openjdk-8-OqY7zN/openjdk-8-8u222-b10/src/hotspot/src/share/vm/prims/jvm.cpp, line 1502]
Event: 0.937 Thread 0x00007fe28000b000 Exception <a 'java/security/PrivilegedActionException'> (0x00000000d8c8a0f8) thrown at [/build/openjdk-8-OqY7zN/openjdk-8-8u222-b10/src/hotspot/src/share/vm/prims/jvm.cpp, line 1502]
Event: 0.937 Thread 0x00007fe28000b000 Exception <a 'java/security/PrivilegedActionException'> (0x00000000d8c8adb8) thrown at [/build/openjdk-8-OqY7zN/openjdk-8-8u222-b10/src/hotspot/src/share/vm/prims/jvm.cpp, line 1502]
Event: 0.937 Thread 0x00007fe28000b000 Exception <a 'java/security/PrivilegedActionException'> (0x00000000d8c8b1b0) thrown at [/build/openjdk-8-OqY7zN/openjdk-8-8u222-b10/src/hotspot/src/share/vm/prims/jvm.cpp, line 1502]

Events (10 events):
Event: 2.430 Executing VM operation: ParallelGCFailedAllocation done
Event: 2.670 Executing VM operation: ParallelGCFailedAllocation
Event: 2.672 Executing VM operation: ParallelGCFailedAllocation done
Event: 4.599 Executing VM operation: EnableBiasedLocking
Event: 5.100 Executing VM operation: EnableBiasedLocking done
Event: 21.128 Executing VM operation: ParallelGCFailedAllocation
Event: 21.733 Executing VM operation: ParallelGCFailedAllocation done
Event: 22.598 Executing VM operation: ParallelGCFailedAllocation
Event: 22.599 Executing VM operation: ParallelGCFailedAllocation done
Event: 42.627 Executing VM operation: ParallelGCFailedAllocation


Dynamic libraries:
8a400000-8f300000 rw-p 00000000 00:00 0 
8f300000-d8c00000 ---p 00000000 00:00 0 
d8c00000-f0e00000 rw-p 00000000 00:00 0 
ff480000-100000000 ---p 00000000 00:00 0 
100000000-100080000 rw-p 00000000 00:00 0 
100080000-140000000 ---p 00000000 00:00 0 
563f698d7000-563f698d8000 r-xp 00000000 b3:02 394207                     /usr/lib/jvm/java-8-openjdk-amd64/jre/bin/java
563f69ad7000-563f69ad8000 r--p 00000000 b3:02 394207                     /usr/lib/jvm/java-8-openjdk-amd64/jre/bin/java
563f69ad8000-563f69ad9000 rw-p 00001000 b3:02 394207                     /usr/lib/jvm/java-8-openjdk-amd64/jre/bin/java
563f6b474000-563f6b495000 rw-p 00000000 00:00 0                          [heap]
7fe23c000000-7fe23c021000 rw-p 00000000 00:00 0 
7fe23c021000-7fe240000000 ---p 00000000 00:00 0 
7fe244000000-7fe244058000 rw-p 00000000 00:00 0 
7fe244058000-7fe248000000 ---p 00000000 00:00 0 
7fe248000000-7fe248021000 rw-p 00000000 00:00 0 
7fe248021000-7fe24c000000 ---p 00000000 00:00 0 
7fe24c000000-7fe24c021000 rw-p 00000000 00:00 0 
7fe24c021000-7fe250000000 ---p 00000000 00:00 0 
7fe250000000-7fe250092000 rw-p 00000000 00:00 0 
7fe250092000-7fe254000000 ---p 00000000 00:00 0 
7fe254000000-7fe254021000 rw-p 00000000 00:00 0 
7fe254021000-7fe258000000 ---p 00000000 00:00 0 
7fe258000000-7fe258021000 rw-p 00000000 00:00 0 
7fe258021000-7fe25c000000 ---p 00000000 00:00 0 
7fe25c000000-7fe25c021000 rw-p 00000000 00:00 0 
7fe25c021000-7fe260000000 ---p 00000000 00:00 0 
7fe260000000-7fe260021000 rw-p 00000000 00:00 0 
7fe260021000-7fe264000000 ---p 00000000 00:00 0 
7fe264000000-7fe264021000 rw-p 00000000 00:00 0 
7fe264021000-7fe268000000 ---p 00000000 00:00 0 
7fe26a118000-7fe26a133000 r--s 001d6000 b3:02 396003                     /usr/lib/jvm/java-8-openjdk-amd64/jre/lib/ext/nashorn.jar
7fe26a133000-7fe26a14e000 r--s 00394000 b3:02 395760                     /usr/lib/jvm/java-8-openjdk-amd64/jre/lib/ext/cldrdata.jar
7fe26a14e000-7fe26a14f000 ---p 00000000 00:00 0 
7fe26a14f000-7fe26a24f000 rw-p 00000000 00:00 0 
7fe26a24f000-7fe26a252000 ---p 00000000 00:00 0 
7fe26a252000-7fe26a350000 rw-p 00000000 00:00 0 
7fe26a350000-7fe26a351000 ---p 00000000 00:00 0 
7fe26a351000-7fe26a354000 ---p 00000000 00:00 0 
7fe26a354000-7fe26a451000 rw-p 00000000 00:00 0 
7fe26a451000-7fe26a452000 ---p 00000000 00:00 0 
7fe26a452000-7fe26a455000 ---p 00000000 00:00 0 
7fe26a455000-7fe26a552000 rw-p 00000000 00:00 0 
7fe26a552000-7fe26a555000 ---p 00000000 00:00 0 
7fe26a555000-7fe26a653000 rw-p 00000000 00:00 0 
7fe26a653000-7fe26b022000 r--p 00000000 b3:02 399303                     /usr/lib/locale/locale-archive
7fe26b022000-7fe26b025000 ---p 00000000 00:00 0 
7fe26b025000-7fe26b123000 rw-p 00000000 00:00 0 
7fe26b123000-7fe26b126000 ---p 00000000 00:00 0 
7fe26b126000-7fe26b224000 rw-p 00000000 00:00 0 
7fe26b224000-7fe26b225000 ---p 00000000 00:00 0 
7fe26b225000-7fe26bcbe000 rw-p 00000000 00:00 0 
7fe26bcbe000-7fe26be8e000 r--s 03c5c000 b3:02 397558                     /usr/lib/jvm/java-8-openjdk-amd64/jre/lib/rt.jar
7fe26be8e000-7fe26c2ce000 rw-p 00000000 00:00 0 
7fe26c2ce000-7fe26c68e000 ---p 00000000 00:00 0 
7fe26c68e000-7fe27051c000 rw-p 00000000 00:00 0 
7fe27051c000-7fe27051d000 ---p 00000000 00:00 0 
7fe27051d000-7fe270645000 rw-p 00000000 00:00 0 
7fe270645000-7fe270891000 ---p 00000000 00:00 0 
7fe270891000-7fe2708b9000 rw-p 00000000 00:00 0 
7fe2708b9000-7fe270b05000 ---p 00000000 00:00 0 
7fe270b05000-7fe270bc6000 rw-p 00000000 00:00 0 
7fe270bc6000-7fe270c3f000 ---p 00000000 00:00 0 
7fe270c3f000-7fe270c4a000 rw-p 00000000 00:00 0 
7fe270c4a000-7fe271000000 ---p 00000000 00:00 0 
7fe271000000-7fe271270000 rwxp 00000000 00:00 0 
7fe271270000-7fe280000000 ---p 00000000 00:00 0 
7fe280000000-7fe280155000 rw-p 00000000 00:00 0 
7fe280155000-7fe284000000 ---p 00000000 00:00 0 
7fe284006000-7fe28407c000 rw-p 00000000 00:00 0 
7fe28407c000-7fe28407d000 ---p 00000000 00:00 0 
7fe28407d000-7fe28417d000 rw-p 00000000 00:00 0 
7fe28417d000-7fe284185000 r-xp 00000000 b3:02 395584                     /usr/lib/jvm/java-8-openjdk-amd64/jre/lib/amd64/libzip.so
7fe284185000-7fe284384000 ---p 00008000 b3:02 395584                     /usr/lib/jvm/java-8-openjdk-amd64/jre/lib/amd64/libzip.so
7fe284384000-7fe284385000 r--p 00007000 b3:02 395584                     /usr/lib/jvm/java-8-openjdk-amd64/jre/lib/amd64/libzip.so
7fe284385000-7fe284386000 rw-p 00008000 b3:02 395584                     /usr/lib/jvm/java-8-openjdk-amd64/jre/lib/amd64/libzip.so
7fe284386000-7fe284391000 r-xp 00000000 b3:02 1706491                    /lib/x86_64-linux-gnu/libnss_files-2.27.so
7fe284391000-7fe284590000 ---p 0000b000 b3:02 1706491                    /lib/x86_64-linux-gnu/libnss_files-2.27.so
7fe284590000-7fe284591000 r--p 0000a000 b3:02 1706491                    /lib/x86_64-linux-gnu/libnss_files-2.27.so
7fe284591000-7fe284592000 rw-p 0000b000 b3:02 1706491                    /lib/x86_64-linux-gnu/libnss_files-2.27.so
7fe284592000-7fe284598000 rw-p 00000000 00:00 0 
7fe284598000-7fe2845af000 r-xp 00000000 b3:02 1706485                    /lib/x86_64-linux-gnu/libnsl-2.27.so
7fe2845af000-7fe2847ae000 ---p 00017000 b3:02 1706485                    /lib/x86_64-linux-gnu/libnsl-2.27.so
7fe2847ae000-7fe2847af000 r--p 00016000 b3:02 1706485                    /lib/x86_64-linux-gnu/libnsl-2.27.so
7fe2847af000-7fe2847b0000 rw-p 00017000 b3:02 1706485                    /lib/x86_64-linux-gnu/libnsl-2.27.so
7fe2847b0000-7fe2847b2000 rw-p 00000000 00:00 0 
7fe2847b2000-7fe2847bd000 r-xp 00000000 b3:02 1706502                    /lib/x86_64-linux-gnu/libnss_nis-2.27.so
7fe2847bd000-7fe2849bc000 ---p 0000b000 b3:02 1706502                    /lib/x86_64-linux-gnu/libnss_nis-2.27.so
7fe2849bc000-7fe2849bd000 r--p 0000a000 b3:02 1706502                    /lib/x86_64-linux-gnu/libnss_nis-2.27.so
7fe2849bd000-7fe2849be000 rw-p 0000b000 b3:02 1706502                    /lib/x86_64-linux-gnu/libnss_nis-2.27.so
7fe2849be000-7fe2849c6000 r-xp 00000000 b3:02 1706487                    /lib/x86_64-linux-gnu/libnss_compat-2.27.so
7fe2849c6000-7fe284bc6000 ---p 00008000 b3:02 1706487                    /lib/x86_64-linux-gnu/libnss_compat-2.27.so
7fe284bc6000-7fe284bc7000 r--p 00008000 b3:02 1706487                    /lib/x86_64-linux-gnu/libnss_compat-2.27.so
7fe284bc7000-7fe284bc8000 rw-p 00009000 b3:02 1706487                    /lib/x86_64-linux-gnu/libnss_compat-2.27.so
7fe284bc8000-7fe284bf2000 r-xp 00000000 b3:02 395206                     /usr/lib/jvm/java-8-openjdk-amd64/jre/lib/amd64/libjava.so
7fe284bf2000-7fe284df1000 ---p 0002a000 b3:02 395206                     /usr/lib/jvm/java-8-openjdk-amd64/jre/lib/amd64/libjava.so
7fe284df1000-7fe284df2000 r--p 00029000 b3:02 395206                     /usr/lib/jvm/java-8-openjdk-amd64/jre/lib/amd64/libjava.so
7fe284df2000-7fe284df4000 rw-p 0002a000 b3:02 395206                     /usr/lib/jvm/java-8-openjdk-amd64/jre/lib/amd64/libjava.so
7fe284df4000-7fe284e04000 r-xp 00000000 b3:02 395550                     /usr/lib/jvm/java-8-openjdk-amd64/jre/lib/amd64/libverify.so
7fe284e04000-7fe285003000 ---p 00010000 b3:02 395550                     /usr/lib/jvm/java-8-openjdk-amd64/jre/lib/amd64/libverify.so
7fe285003000-7fe285005000 r--p 0000f000 b3:02 395550                     /usr/lib/jvm/java-8-openjdk-amd64/jre/lib/amd64/libverify.so
7fe285005000-7fe285006000 rw-p 00011000 b3:02 395550                     /usr/lib/jvm/java-8-openjdk-amd64/jre/lib/amd64/libverify.so
7fe285006000-7fe28500d000 r-xp 00000000 b3:02 1706542                    /lib/x86_64-linux-gnu/librt-2.27.so
7fe28500d000-7fe28520c000 ---p 00007000 b3:02 1706542                    /lib/x86_64-linux-gnu/librt-2.27.so
7fe28520c000-7fe28520d000 r--p 00006000 b3:02 1706542                    /lib/x86_64-linux-gnu/librt-2.27.so
7fe28520d000-7fe28520e000 rw-p 00007000 b3:02 1706542                    /lib/x86_64-linux-gnu/librt-2.27.so
7fe28520e000-7fe285225000 r-xp 00000000 b3:02 1701708                    /lib/x86_64-linux-gnu/libgcc_s.so.1
7fe285225000-7fe285424000 ---p 00017000 b3:02 1701708                    /lib/x86_64-linux-gnu/libgcc_s.so.1
7fe285424000-7fe285425000 r--p 00016000 b3:02 1701708                    /lib/x86_64-linux-gnu/libgcc_s.so.1
7fe285425000-7fe285426000 rw-p 00017000 b3:02 1701708                    /lib/x86_64-linux-gnu/libgcc_s.so.1
7fe285426000-7fe2855c3000 r-xp 00000000 b3:02 1706464                    /lib/x86_64-linux-gnu/libm-2.27.so
7fe2855c3000-7fe2857c2000 ---p 0019d000 b3:02 1706464                    /lib/x86_64-linux-gnu/libm-2.27.so
7fe2857c2000-7fe2857c3000 r--p 0019c000 b3:02 1706464                    /lib/x86_64-linux-gnu/libm-2.27.so
7fe2857c3000-7fe2857c4000 rw-p 0019d000 b3:02 1706464                    /lib/x86_64-linux-gnu/libm-2.27.so
7fe2857c4000-7fe28593d000 r-xp 00000000 b3:02 392630                     /usr/lib/x86_64-linux-gnu/libstdc++.so.6.0.25
7fe28593d000-7fe285b3d000 ---p 00179000 b3:02 392630                     /usr/lib/x86_64-linux-gnu/libstdc++.so.6.0.25
7fe285b3d000-7fe285b47000 r--p 00179000 b3:02 392630                     /usr/lib/x86_64-linux-gnu/libstdc++.so.6.0.25
7fe285b47000-7fe285b49000 rw-p 00183000 b3:02 392630                     /usr/lib/x86_64-linux-gnu/libstdc++.so.6.0.25
7fe285b49000-7fe285b4d000 rw-p 00000000 00:00 0 
7fe285b4d000-7fe2867ec000 r-xp 00000000 b3:02 395653                     /usr/lib/jvm/java-8-openjdk-amd64/jre/lib/amd64/server/libjvm.so
7fe2867ec000-7fe2869ec000 ---p 00c9f000 b3:02 395653                     /usr/lib/jvm/java-8-openjdk-amd64/jre/lib/amd64/server/libjvm.so
7fe2869ec000-7fe286a80000 r--p 00c9f000 b3:02 395653                     /usr/lib/jvm/java-8-openjdk-amd64/jre/lib/amd64/server/libjvm.so
7fe286a80000-7fe286aa9000 rw-p 00d33000 b3:02 395653                     /usr/lib/jvm/java-8-openjdk-amd64/jre/lib/amd64/server/libjvm.so
7fe286aa9000-7fe286ad9000 rw-p 00000000 00:00 0 
7fe286ad9000-7fe286af3000 r-xp 00000000 b3:02 1706534                    /lib/x86_64-linux-gnu/libpthread-2.27.so
7fe286af3000-7fe286cf2000 ---p 0001a000 b3:02 1706534                    /lib/x86_64-linux-gnu/libpthread-2.27.so
7fe286cf2000-7fe286cf3000 r--p 00019000 b3:02 1706534                    /lib/x86_64-linux-gnu/libpthread-2.27.so
7fe286cf3000-7fe286cf4000 rw-p 0001a000 b3:02 1706534                    /lib/x86_64-linux-gnu/libpthread-2.27.so
7fe286cf4000-7fe286cf8000 rw-p 00000000 00:00 0 
7fe286cf8000-7fe286cfb000 r-xp 00000000 b3:02 1706424                    /lib/x86_64-linux-gnu/libdl-2.27.so
7fe286cfb000-7fe286efa000 ---p 00003000 b3:02 1706424                    /lib/x86_64-linux-gnu/libdl-2.27.so
7fe286efa000-7fe286efb000 r--p 00002000 b3:02 1706424                    /lib/x86_64-linux-gnu/libdl-2.27.so
7fe286efb000-7fe286efc000 rw-p 00003000 b3:02 1706424                    /lib/x86_64-linux-gnu/libdl-2.27.so
7fe286efc000-7fe286f18000 r-xp 00000000 b3:02 1706573                    /lib/x86_64-linux-gnu/libz.so.1.2.11
7fe286f18000-7fe287117000 ---p 0001c000 b3:02 1706573                    /lib/x86_64-linux-gnu/libz.so.1.2.11
7fe287117000-7fe287118000 r--p 0001b000 b3:02 1706573                    /lib/x86_64-linux-gnu/libz.so.1.2.11
7fe287118000-7fe287119000 rw-p 0001c000 b3:02 1706573                    /lib/x86_64-linux-gnu/libz.so.1.2.11
7fe287119000-7fe287300000 r-xp 00000000 b3:02 1706401                    /lib/x86_64-linux-gnu/libc-2.27.so
7fe287300000-7fe287500000 ---p 001e7000 b3:02 1706401                    /lib/x86_64-linux-gnu/libc-2.27.so
7fe287500000-7fe287504000 r--p 001e7000 b3:02 1706401                    /lib/x86_64-linux-gnu/libc-2.27.so
7fe287504000-7fe287506000 rw-p 001eb000 b3:02 1706401                    /lib/x86_64-linux-gnu/libc-2.27.so
7fe287506000-7fe28750a000 rw-p 00000000 00:00 0 
7fe28750a000-7fe287518000 r-xp 00000000 b3:02 395106                     /usr/lib/jvm/java-8-openjdk-amd64/jre/lib/amd64/jli/libjli.so
7fe287518000-7fe287717000 ---p 0000e000 b3:02 395106                     /usr/lib/jvm/java-8-openjdk-amd64/jre/lib/amd64/jli/libjli.so
7fe287717000-7fe287718000 r--p 0000d000 b3:02 395106                     /usr/lib/jvm/java-8-openjdk-amd64/jre/lib/amd64/jli/libjli.so
7fe287718000-7fe287719000 rw-p 0000e000 b3:02 395106                     /usr/lib/jvm/java-8-openjdk-amd64/jre/lib/amd64/jli/libjli.so
7fe287719000-7fe287740000 r-xp 00000000 b3:02 1706373                    /lib/x86_64-linux-gnu/ld-2.27.so
7fe28774c000-7fe28774f000 r--s 0000f000 b3:02 395791                     /usr/lib/jvm/java-8-openjdk-amd64/jre/lib/ext/icedtea-sound.jar
7fe28774f000-7fe287751000 r--s 00007000 b3:02 785030                     /usr/share/java/java-atk-wrapper.jar
7fe287751000-7fe287752000 r--s 00010000 b3:02 396007                     /usr/lib/jvm/java-8-openjdk-amd64/jre/lib/ext/zipfs.jar
7fe287752000-7fe28775c000 r--s 00116000 b3:02 396001                     /usr/lib/jvm/java-8-openjdk-amd64/jre/lib/ext/localedata.jar
7fe28775c000-7fe287825000 rw-p 00000000 00:00 0 
7fe287825000-7fe287826000 ---p 00000000 00:00 0 
7fe287826000-7fe287829000 ---p 00000000 00:00 0 
7fe287829000-7fe287928000 rw-p 00000000 00:00 0 
7fe287928000-7fe28792d000 r--s 0003c000 b3:02 396005                     /usr/lib/jvm/java-8-openjdk-amd64/jre/lib/ext/sunjce_provider.jar
7fe28792d000-7fe28792e000 r--s 0000d000 b3:02 396004                     /usr/lib/jvm/java-8-openjdk-amd64/jre/lib/ext/sunec.jar
7fe28792e000-7fe287931000 r--s 00039000 b3:02 396006                     /usr/lib/jvm/java-8-openjdk-amd64/jre/lib/ext/sunpkcs11.jar
7fe287931000-7fe287933000 r--s 00001000 b3:02 395767                     /usr/lib/jvm/java-8-openjdk-amd64/jre/lib/ext/dnsns.jar
7fe287933000-7fe287934000 r--s 0000a000 b3:02 395796                     /usr/lib/jvm/java-8-openjdk-amd64/jre/lib/ext/jaccess.jar
7fe287934000-7fe28793c000 rw-s 00000000 b3:02 269484                     /tmp/hsperfdata_admin1/22236
7fe28793c000-7fe28793d000 rw-p 00000000 00:00 0 
7fe28793d000-7fe28793e000 ---p 00000000 00:00 0 
7fe28793e000-7fe287940000 rw-p 00000000 00:00 0 
7fe287940000-7fe287941000 r--p 00027000 b3:02 1706373                    /lib/x86_64-linux-gnu/ld-2.27.so
7fe287941000-7fe287942000 rw-p 00028000 b3:02 1706373                    /lib/x86_64-linux-gnu/ld-2.27.so
7fe287942000-7fe287943000 rw-p 00000000 00:00 0 
7ffe43a39000-7ffe43a5a000 rw-p 00000000 00:00 0                          [stack]
7ffe43bbe000-7ffe43bc1000 r--p 00000000 00:00 0                          [vvar]
7ffe43bc1000-7ffe43bc3000 r-xp 00000000 00:00 0                          [vdso]
ffffffffff600000-ffffffffff601000 r-xp 00000000 00:00 0                  [vsyscall]

VM Arguments:
jvm_args: -Dfile.encoding=UTF-8 
java_command: com.bridgelabz.alg.BinaryFileIo
java_class_path (initial): /home/admin1/Desktop/eclipse-inst-linux64/AlgorithmProblems/bin
Launcher Type: SUN_STANDARD

Environment Variables:
PATH=/usr/local/sbin:/usr/local/bin:/usr/sbin:/usr/bin:/sbin:/bin:/usr/games:/usr/local/games:/snap/bin
USERNAME=admin1
SHELL=/bin/bash
DISPLAY=:0

Signal Handlers:
SIGSEGV: [libjvm.so+0xab92f0], sa_mask[0]=11111111011111111101111111111110, sa_flags=SA_RESTART|SA_SIGINFO
SIGBUS: [libjvm.so+0xab92f0], sa_mask[0]=11111111011111111101111111111110, sa_flags=SA_RESTART|SA_SIGINFO
SIGFPE: [libjvm.so+0x8ee560], sa_mask[0]=11111111011111111101111111111110, sa_flags=SA_RESTART|SA_SIGINFO
SIGPIPE: [libjvm.so+0x8ee560], sa_mask[0]=11111111011111111101111111111110, sa_flags=SA_RESTART|SA_SIGINFO
SIGXFSZ: [libjvm.so+0x8ee560], sa_mask[0]=11111111011111111101111111111110, sa_flags=SA_RESTART|SA_SIGINFO
SIGILL: [libjvm.so+0x8ee560], sa_mask[0]=11111111011111111101111111111110, sa_flags=SA_RESTART|SA_SIGINFO
SIGUSR1: SIG_DFL, sa_mask[0]=00000000000000000000000000000000, sa_flags=none
SIGUSR2: [libjvm.so+0x8ee410], sa_mask[0]=00100000000000000000000000000000, sa_flags=SA_RESTART|SA_SIGINFO
SIGHUP: [libjvm.so+0x8eea80], sa_mask[0]=11111111011111111101111111111110, sa_flags=SA_RESTART|SA_SIGINFO
SIGINT: [libjvm.so+0x8eea80], sa_mask[0]=11111111011111111101111111111110, sa_flags=SA_RESTART|SA_SIGINFO
SIGTERM: [libjvm.so+0x8eea80], sa_mask[0]=11111111011111111101111111111110, sa_flags=SA_RESTART|SA_SIGINFO
SIGQUIT: [libjvm.so+0x8eea80], sa_mask[0]=11111111011111111101111111111110, sa_flags=SA_RESTART|SA_SIGINFO


---------------  S Y S T E M  ---------------

OS:DISTRIB_ID=Ubuntu
DISTRIB_RELEASE=18.04
DISTRIB_CODENAME=bionic
DISTRIB_DESCRIPTION="Ubuntu 18.04.3 LTS"

uname:Linux 4.15.0-66-generic #75-Ubuntu SMP Tue Oct 1 05:24:09 UTC 2019 x86_64
libc:glibc 2.27 NPTL 2.27 
rlimit: STACK 8192k, CORE 0k, NPROC 29831, NOFILE 4096, AS infinity
load average:54.82 16.35 6.01

/proc/meminfo:
MemTotal:        7711852 kB
MemFree:          107964 kB
MemAvailable:       1712 kB
Buffers:            1556 kB
Cached:           182484 kB
SwapCached:         1376 kB
Active:          6390216 kB
Inactive:         922060 kB
Active(anon):    6379596 kB
Inactive(anon):   911404 kB
Active(file):      10620 kB
Inactive(file):    10656 kB
Unevictable:         112 kB
Mlocked:             112 kB
SwapTotal:       1393948 kB
SwapFree:              0 kB
Dirty:                76 kB
Writeback:           512 kB
AnonPages:       7127268 kB
Mapped:           137420 kB
Shmem:            162628 kB
Slab:             116188 kB
SReclaimable:      48160 kB
SUnreclaim:        68028 kB
KernelStack:       18144 kB
PageTables:        82492 kB
NFS_Unstable:          0 kB
Bounce:                0 kB
WritebackTmp:          0 kB
CommitLimit:     5249872 kB
Committed_AS:   16739400 kB
VmallocTotal:   34359738367 kB
VmallocUsed:           0 kB
VmallocChunk:          0 kB
HardwareCorrupted:     0 kB
AnonHugePages:         0 kB
ShmemHugePages:        0 kB
ShmemPmdMapped:        0 kB
CmaTotal:              0 kB
CmaFree:               0 kB
HugePages_Total:       0
HugePages_Free:        0
HugePages_Rsvd:        0
HugePages_Surp:        0
Hugepagesize:       2048 kB
DirectMap4k:      297364 kB
DirectMap2M:     6582272 kB
DirectMap1G:     3145728 kB

container (cgroup) information:
container_type: cgroupv1
cpu_cpuset_cpus: 0-1
cpu_memory_nodes: 0
active_processor_count: 2
cpu_quota: -1
cpu_period: 100000
cpu_shares: -1
memory_limit_in_bytes: -1
memory_and_swap_limit_in_bytes: -2
memory_soft_limit_in_bytes: -1
memory_usage_in_bytes: 7486701568
memory_max_usage_in_bytes: 0


CPU:total 2 (initial active 2) (2 cores per cpu, 1 threads per core) family 6 model 122 stepping 1, cmov, cx8, fxsr, mmx, sse, sse2, sse3, ssse3, sse4.1, sse4.2, popcnt, aes, clmul, erms, 3dnowpref, tsc, tscinvbit

/proc/cpuinfo:
processor	: 0
vendor_id	: GenuineIntel
cpu family	: 6
model		: 122
model name	: Intel(R) Celeron(R) N4000 CPU @ 1.10GHz
stepping	: 1
microcode	: 0x2e
cpu MHz		: 2419.229
cache size	: 4096 KB
physical id	: 0
siblings	: 2
core id		: 0
cpu cores	: 2
apicid		: 0
initial apicid	: 0
fpu		: yes
fpu_exception	: yes
cpuid level	: 24
wp		: yes
flags		: fpu vme de pse tsc msr pae mce cx8 apic sep mtrr pge mca cmov pat pse36 clflush dts acpi mmx fxsr sse sse2 ss ht tm pbe syscall nx pdpe1gb rdtscp lm constant_tsc art arch_perfmon pebs bts rep_good nopl xtopology nonstop_tsc cpuid aperfmperf tsc_known_freq pni pclmulqdq dtes64 monitor ds_cpl vmx est tm2 ssse3 sdbg cx16 xtpr pdcm sse4_1 sse4_2 x2apic movbe popcnt tsc_deadline_timer aes xsave rdrand lahf_lm 3dnowprefetch cpuid_fault cat_l2 pti cdp_l2 ssbd ibrs ibpb stibp ibrs_enhanced tpr_shadow vnmi flexpriority ept vpid fsgsbase tsc_adjust smep erms mpx rdt_a rdseed smap clflushopt intel_pt sha_ni xsaveopt xsavec xgetbv1 xsaves dtherm ida arat pln pts umip rdpid md_clear arch_capabilities
bugs		: cpu_meltdown spectre_v1 spectre_v2 spec_store_bypass
bogomips	: 2188.80
clflush size	: 64
cache_alignment	: 64
address sizes	: 39 bits physical, 48 bits virtual
power management:

processor	: 1
vendor_id	: GenuineIntel
cpu family	: 6
model		: 122
model name	: Intel(R) Celeron(R) N4000 CPU @ 1.10GHz
stepping	: 1
microcode	: 0x2e
cpu MHz		: 2463.019
cache size	: 4096 KB
physical id	: 0
siblings	: 2
core id		: 1
cpu cores	: 2
apicid		: 2
initial apicid	: 2
fpu		: yes
fpu_exception	: yes
cpuid level	: 24
wp		: yes
flags		: fpu vme de pse tsc msr pae mce cx8 apic sep mtrr pge mca cmov pat pse36 clflush dts acpi mmx fxsr sse sse2 ss ht tm pbe syscall nx pdpe1gb rdtscp lm constant_tsc art arch_perfmon pebs bts rep_good nopl xtopology nonstop_tsc cpuid aperfmperf tsc_known_freq pni pclmulqdq dtes64 monitor ds_cpl vmx est tm2 ssse3 sdbg cx16 xtpr pdcm sse4_1 sse4_2 x2apic movbe popcnt tsc_deadline_timer aes xsave rdrand lahf_lm 3dnowprefetch cpuid_fault cat_l2 pti cdp_l2 ssbd ibrs ibpb stibp ibrs_enhanced tpr_shadow vnmi flexpriority ept vpid fsgsbase tsc_adjust smep erms mpx rdt_a rdseed smap clflushopt intel_pt sha_ni xsaveopt xsavec xgetbv1 xsaves dtherm ida arat pln pts umip rdpid md_clear arch_capabilities
bugs		: cpu_meltdown spectre_v1 spectre_v2 spec_store_bypass
bogomips	: 2188.80
clflush size	: 64
cache_alignment	: 64
address sizes	: 39 bits physical, 48 bits virtual
power management:



Memory: 4k page, physical 7711852k(107624k free), swap 1393948k(0k free)

vm_info: OpenJDK 64-Bit Server VM (25.222-b10) for linux-amd64 JRE (1.8.0_222-8u222-b10-1ubuntu1~18.04.1-b10), built on Jul 18 2019 18:52:48 by "buildd" with gcc 7.4.0

time: Mon Nov 11 18:42:01 2019
timezone: IST
elapsed time: 91 seconds (0d 0h 1m 31s)

