#
# There is insufficient memory for the Java Runtime Environment to continue.
# Native memory allocation (mmap) failed to map 68157440 bytes for committing reserved memory.
# Possible reasons:
#   The system is out of physical RAM or swap space
#   The process is running with CompressedOops enabled, and the Java Heap may be blocking the growth of the native heap
# Possible solutions:
#   Reduce memory load on the system
#   Increase physical memory or swap space
#   Check if swap backing store is full
#   Decrease Java heap size (-Xmx/-Xms)
#   Decrease number of Java threads
#   Decrease Java thread stack sizes (-Xss)
#   Set larger code cache with -XX:ReservedCodeCacheSize=
#   JVM is running with Unscaled Compressed Oops mode in which the Java heap is
#     placed in the first 4GB address space. The Java Heap base address is the
#     maximum limit for the native heap growth. Please use -XX:HeapBaseMinAddress
#     to set the Java Heap base and to place the Java Heap above 4GB virtual address.
# This output file may be truncated or incomplete.
#
#  Out of Memory Error (os_linux.cpp:2757), pid=23275, tid=0x00007fb6347f7700
#
# JRE version: OpenJDK Runtime Environment (8.0_222-b10) (build 1.8.0_222-8u222-b10-1ubuntu1~18.04.1-b10)
# Java VM: OpenJDK 64-Bit Server VM (25.222-b10 mixed mode linux-amd64 compressed oops)
# Failed to write core dump. Core dumps have been disabled. To enable core dumping, try "ulimit -c unlimited" before starting Java again
#

---------------  T H R E A D  ---------------

Current thread (0x00007fb644075000):  VMThread [stack: 0x00007fb6346f8000,0x00007fb6347f8000] [id=23311]

Stack: [0x00007fb6346f8000,0x00007fb6347f8000],  sp=0x00007fb6347f64a0,  free space=1017k
Native frames: (J=compiled Java code, j=interpreted, Vv=VM code, C=native code)
V  [libjvm.so+0xab8992]
V  [libjvm.so+0x4dbfd7]
V  [libjvm.so+0x8f33a0]
V  [libjvm.so+0x8ea46e]
V  [libjvm.so+0x96e106]
V  [libjvm.so+0x96f478]
V  [libjvm.so+0x96ba76]
V  [libjvm.so+0x96be0c]
V  [libjvm.so+0x91a5a8]
V  [libjvm.so+0xaba662]
V  [libjvm.so+0xabf1d6]
V  [libjvm.so+0xabd4d5]
V  [libjvm.so+0xabddad]
V  [libjvm.so+0xabe1b8]
V  [libjvm.so+0x8f0732]

VM_Operation (0x00007fb64d3936e0): ParallelGCFailedAllocation, mode: safepoint, requested by thread 0x00007fb64400b000


---------------  P R O C E S S  ---------------

Java Threads: ( => current thread )
  0x00007fb6440cc000 JavaThread "Service Thread" daemon [_thread_blocked, id=23340, stack(0x00007fb6340f1000,0x00007fb6341f2000)]
  0x00007fb6440b7800 JavaThread "C1 CompilerThread1" daemon [_thread_blocked, id=23337, stack(0x00007fb6341f3000,0x00007fb6342f3000)]
  0x00007fb6440b4800 JavaThread "C2 CompilerThread0" daemon [_thread_blocked, id=23333, stack(0x00007fb6342f4000,0x00007fb6343f4000)]
  0x00007fb6440b3000 JavaThread "Signal Dispatcher" daemon [_thread_blocked, id=23331, stack(0x00007fb6343f4000,0x00007fb6344f5000)]
  0x00007fb644081000 JavaThread "Finalizer" daemon [_thread_blocked, id=23320, stack(0x00007fb6344f5000,0x00007fb6345f6000)]
  0x00007fb64407e800 JavaThread "Reference Handler" daemon [_thread_blocked, id=23317, stack(0x00007fb6345f6000,0x00007fb6346f7000)]
  0x00007fb64400b000 JavaThread "main" [_thread_blocked, id=23284, stack(0x00007fb64d295000,0x00007fb64d395000)]

Other Threads:
=>0x00007fb644075000 VMThread [stack: 0x00007fb6346f8000,0x00007fb6347f8000] [id=23311]
  0x00007fb6440cf000 WatcherThread [stack: 0x00007fb62c420000,0x00007fb62c520000] [id=23342]

VM state:at safepoint (normal execution)

VM Mutex/Monitor currently owned by a thread:  ([mutex/lock_event])
[0x00007fb644007bd0] Threads_lock - owner thread: 0x00007fb644075000
[0x00007fb6440080d0] Heap_lock - owner thread: 0x00007fb64400b000

heap address: 0x000000008a400000, size: 1884 MB, Compressed Oops mode: 32-bit
Narrow klass base: 0x0000000000000000, Narrow klass shift: 3
Compressed class space size: 1073741824 Address: 0x0000000100000000

Heap:
 PSYoungGen      total 574976K, used 850K [0x00000000d8c00000, 0x00000000fbf00000, 0x0000000100000000)
  eden space 573440K, 0% used [0x00000000d8c00000,0x00000000d8c00000,0x00000000fbc00000)
  from space 1536K, 55% used [0x00000000fbc00000,0x00000000fbcd4a48,0x00000000fbd80000)
  to   space 1536K, 0% used [0x00000000fbd80000,0x00000000fbd80000,0x00000000fbf00000)
 ParOldGen       total 80896K, used 32283K [0x000000008a400000, 0x000000008f300000, 0x00000000d8c00000)
  object space 80896K, 39% used [0x000000008a400000,0x000000008c386f20,0x000000008f300000)
 Metaspace       used 3297K, capacity 4486K, committed 4864K, reserved 1056768K
  class space    used 362K, capacity 386K, committed 512K, reserved 1048576K

Card table byte_map: [0x00007fb64947d000,0x00007fb64982c000] byte_map_base: 0x00007fb64902b000

Marking Bits: (ParMarkBitMap*) 0x00007fb64c52b360
 Begin Bits: [0x00007fb62c520000, 0x00007fb62e290000)
 End Bits:   [0x00007fb62e290000, 0x00007fb630000000)

Polling page: 0x00007fb64d3ac000

CodeCache: size=245760Kb used=1189Kb max_used=1204Kb free=244570Kb
 bounds [0x00007fb635000000, 0x00007fb635270000, 0x00007fb644000000]
 total_blobs=297 nmethods=57 adapters=156
 compilation: enabled

Compilation events (10 events):
Event: 2.527 Thread 0x00007fb6440b4800   53       4       java.lang.String::valueOf (14 bytes)
Event: 2.528 Thread 0x00007fb6440b4800 nmethod 53 0x00007fb635120490 code [0x00007fb6351205e0, 0x00007fb635120658]
Event: 2.532 Thread 0x00007fb6440b4800   54       4       java.lang.StringBuilder::<init> (18 bytes)
Event: 2.549 Thread 0x00007fb6440b4800 nmethod 54 0x00007fb635121510 code [0x00007fb635121680, 0x00007fb635121b08]
Event: 136.009 Thread 0x00007fb6440b7800   55 %     3       com.bridgelabz.alg.BinaryFileIo::main @ 50 (135 bytes)
Event: 136.013 Thread 0x00007fb6440b7800 nmethod 55% 0x00007fb635127350 code [0x00007fb635127680, 0x00007fb635128bc8]
Event: 138.240 Thread 0x00007fb6440b7800   56       3       com.bridgelabz.alg.BinaryFileIo::main (135 bytes)
Event: 138.242 Thread 0x00007fb6440b7800 nmethod 56 0x00007fb635129750 code [0x00007fb635129a60, 0x00007fb63512aec8]
Event: 264.858 Thread 0x00007fb6440b4800   57 %     4       com.bridgelabz.alg.BinaryFileIo::main @ 50 (135 bytes)
Event: 265.197 Thread 0x00007fb6440b4800 nmethod 57% 0x00007fb63512de90 code [0x00007fb63512e0a0, 0x00007fb63512ee18]

GC Heap History (10 events):
Event: 283.075 GC heap after
Heap after GC invocations=560 (full 0):
 PSYoungGen      total 398336K, used 32K [0x00000000d8c00000, 0x00000000f3a80000, 0x0000000100000000)
  eden space 397824K, 0% used [0x00000000d8c00000,0x00000000d8c00000,0x00000000f1080000)
  from space 512K, 6% used [0x00000000f3a00000,0x00000000f3a08000,0x00000000f3a80000)
  to   space 1536K, 0% used [0x00000000f3780000,0x00000000f3780000,0x00000000f3900000)
 ParOldGen       total 80896K, used 32283K [0x000000008a400000, 0x000000008f300000, 0x00000000d8c00000)
  object space 80896K, 39% used [0x000000008a400000,0x000000008c386f20,0x000000008f300000)
 Metaspace       used 3297K, capacity 4486K, committed 4864K, reserved 1056768K
  class space    used 362K, capacity 386K, committed 512K, reserved 1048576K
}
Event: 283.732 GC heap before
{Heap before GC invocations=561 (full 0):
 PSYoungGen      total 398336K, used 397498K [0x00000000d8c00000, 0x00000000f3a80000, 0x0000000100000000)
  eden space 397824K, 99% used [0x00000000d8c00000,0x00000000f1026920,0x00000000f1080000)
  from space 512K, 6% used [0x00000000f3a00000,0x00000000f3a08000,0x00000000f3a80000)
  to   space 1536K, 0% used [0x00000000f3780000,0x00000000f3780000,0x00000000f3900000)
 ParOldGen       total 80896K, used 32283K [0x000000008a400000, 0x000000008f300000, 0x00000000d8c00000)
  object space 80896K, 39% used [0x000000008a400000,0x000000008c386f20,0x000000008f300000)
 Metaspace       used 3297K, capacity 4486K, committed 4864K, reserved 1056768K
  class space    used 362K, capacity 386K, committed 512K, reserved 1048576K
Event: 283.734 GC heap after
Heap after GC invocations=561 (full 0):
 PSYoungGen      total 439296K, used 841K [0x00000000d8c00000, 0x00000000f6180000, 0x0000000100000000)
  eden space 437760K, 0% used [0x00000000d8c00000,0x00000000d8c00000,0x00000000f3780000)
  from space 1536K, 54% used [0x00000000f3780000,0x00000000f3852480,0x00000000f3900000)
  to   space 1536K, 0% used [0x00000000f6000000,0x00000000f6000000,0x00000000f6180000)
 ParOldGen       total 80896K, used 32283K [0x000000008a400000, 0x000000008f300000, 0x00000000d8c00000)
  object space 80896K, 39% used [0x000000008a400000,0x000000008c386f20,0x000000008f300000)
 Metaspace       used 3297K, capacity 4486K, committed 4864K, reserved 1056768K
  class space    used 362K, capacity 386K, committed 512K, reserved 1048576K
}
Event: 284.642 GC heap before
{Heap before GC invocations=562 (full 0):
 PSYoungGen      total 439296K, used 438157K [0x00000000d8c00000, 0x00000000f6180000, 0x0000000100000000)
  eden space 437760K, 99% used [0x00000000d8c00000,0x00000000f3711188,0x00000000f3780000)
  from space 1536K, 54% used [0x00000000f3780000,0x00000000f3852480,0x00000000f3900000)
  to   space 1536K, 0% used [0x00000000f6000000,0x00000000f6000000,0x00000000f6180000)
 ParOldGen       total 80896K, used 32283K [0x000000008a400000, 0x000000008f300000, 0x00000000d8c00000)
  object space 80896K, 39% used [0x000000008a400000,0x000000008c386f20,0x000000008f300000)
 Metaspace       used 3297K, capacity 4486K, committed 4864K, reserved 1056768K
  class space    used 362K, capacity 386K, committed 512K, reserved 1048576K
Event: 284.645 GC heap after
Heap after GC invocations=562 (full 0):
 PSYoungGen      total 479232K, used 843K [0x00000000d8c00000, 0x00000000f9000000, 0x0000000100000000)
  eden space 477696K, 0% used [0x00000000d8c00000,0x00000000d8c00000,0x00000000f5e80000)
  from space 1536K, 54% used [0x00000000f6000000,0x00000000f60d2d08,0x00000000f6180000)
  to   space 1536K, 0% used [0x00000000f5e80000,0x00000000f5e80000,0x00000000f6000000)
 ParOldGen       total 80896K, used 32283K [0x000000008a400000, 0x000000008f300000, 0x00000000d8c00000)
  object space 80896K, 39% used [0x000000008a400000,0x000000008c386f20,0x000000008f300000)
 Metaspace       used 3297K, capacity 4486K, committed 4864K, reserved 1056768K
  class space    used 362K, capacity 386K, committed 512K, reserved 1048576K
}
Event: 286.203 GC heap before
{Heap before GC invocations=563 (full 0):
 PSYoungGen      total 479232K, used 478307K [0x00000000d8c00000, 0x00000000f9000000, 0x0000000100000000)
  eden space 477696K, 99% used [0x00000000d8c00000,0x00000000f5e45ff8,0x00000000f5e80000)
  from space 1536K, 54% used [0x00000000f6000000,0x00000000f60d2d08,0x00000000f6180000)
  to   space 1536K, 0% used [0x00000000f5e80000,0x00000000f5e80000,0x00000000f6000000)
 ParOldGen       total 80896K, used 32283K [0x000000008a400000, 0x000000008f300000, 0x00000000d8c00000)
  object space 80896K, 39% used [0x000000008a400000,0x000000008c386f20,0x000000008f300000)
 Metaspace       used 3297K, capacity 4486K, committed 4864K, reserved 1056768K
  class space    used 362K, capacity 386K, committed 512K, reserved 1048576K
Event: 286.207 GC heap after
Heap after GC invocations=563 (full 0):
 PSYoungGen      total 479232K, used 845K [0x00000000d8c00000, 0x00000000fbf00000, 0x0000000100000000)
  eden space 477696K, 0% used [0x00000000d8c00000,0x00000000d8c00000,0x00000000f5e80000)
  from space 1536K, 55% used [0x00000000f5e80000,0x00000000f5f53618,0x00000000f6000000)
  to   space 1536K, 0% used [0x00000000fbd80000,0x00000000fbd80000,0x00000000fbf00000)
 ParOldGen       total 80896K, used 32283K [0x000000008a400000, 0x000000008f300000, 0x00000000d8c00000)
  object space 80896K, 39% used [0x000000008a400000,0x000000008c386f20,0x000000008f300000)
 Metaspace       used 3297K, capacity 4486K, committed 4864K, reserved 1056768K
  class space    used 362K, capacity 386K, committed 512K, reserved 1048576K
}
Event: 286.788 GC heap before
{Heap before GC invocations=564 (full 0):
 PSYoungGen      total 479232K, used 478002K [0x00000000d8c00000, 0x00000000fbf00000, 0x0000000100000000)
  eden space 477696K, 99% used [0x00000000d8c00000,0x00000000f5df9590,0x00000000f5e80000)
  from space 1536K, 55% used [0x00000000f5e80000,0x00000000f5f53618,0x00000000f6000000)
  to   space 1536K, 0% used [0x00000000fbd80000,0x00000000fbd80000,0x00000000fbf00000)
 ParOldGen       total 80896K, used 32283K [0x000000008a400000, 0x000000008f300000, 0x00000000d8c00000)
  object space 80896K, 39% used [0x000000008a400000,0x000000008c386f20,0x000000008f300000)
 Metaspace       used 3297K, capacity 4486K, committed 4864K, reserved 1056768K
  class space    used 362K, capacity 386K, committed 512K, reserved 1048576K
Event: 287.934 GC heap after
Heap after GC invocations=564 (full 0):
 PSYoungGen      total 574976K, used 847K [0x00000000d8c00000, 0x00000000fbf00000, 0x0000000100000000)
  eden space 573440K, 0% used [0x00000000d8c00000,0x00000000d8c00000,0x00000000fbc00000)
  from space 1536K, 55% used [0x00000000fbd80000,0x00000000fbe53f58,0x00000000fbf00000)
  to   space 1536K, 0% used [0x00000000fbc00000,0x00000000fbc00000,0x00000000fbd80000)
 ParOldGen       total 80896K, used 32283K [0x000000008a400000, 0x000000008f300000, 0x00000000d8c00000)
  object space 80896K, 39% used [0x000000008a400000,0x000000008c386f20,0x000000008f300000)
 Metaspace       used 3297K, capacity 4486K, committed 4864K, reserved 1056768K
  class space    used 362K, capacity 386K, committed 512K, reserved 1048576K
}
Event: 299.943 GC heap before
{Heap before GC invocations=565 (full 0):
 PSYoungGen      total 574976K, used 573829K [0x00000000d8c00000, 0x00000000fbf00000, 0x0000000100000000)
  eden space 573440K, 99% used [0x00000000d8c00000,0x00000000fbb8d670,0x00000000fbc00000)
  from space 1536K, 55% used [0x00000000fbd80000,0x00000000fbe53f58,0x00000000fbf00000)
  to   space 1536K, 0% used [0x00000000fbc00000,0x00000000fbc00000,0x00000000fbd80000)
 ParOldGen       total 80896K, used 32283K [0x000000008a400000, 0x000000008f300000, 0x00000000d8c00000)
  object space 80896K, 39% used [0x000000008a400000,0x000000008c386f20,0x000000008f300000)
 Metaspace       used 3297K, capacity 4486K, committed 4864K, reserved 1056768K
  class space    used 362K, capacity 386K, committed 512K, reserved 1048576K

Deoptimization events (0 events):
No events

Classes redefined (0 events):
No events

Internal exceptions (10 events):
Event: 0.273 Thread 0x00007fb64400b000 Exception <a 'java/lang/NoSuchMethodError': Method sun.misc.Unsafe.prefetchRead(Ljava/lang/Object;J)V name or signature does not match> (0x00000000d8c07fa0) thrown at [/build/openjdk-8-OqY7zN/openjdk-8-8u222-b10/src/hotspot/src/share/vm/prims/jni.cpp, lin
Event: 0.723 Thread 0x00007fb64400b000 Exception <a 'java/util/zip/ZipException'> (0x00000000d8c59a08) thrown at [/build/openjdk-8-OqY7zN/openjdk-8-8u222-b10/src/hotspot/src/share/vm/prims/jni.cpp, line 710]
Event: 0.723 Thread 0x00007fb64400b000 Exception <a 'java/security/PrivilegedActionException'> (0x00000000d8c59ca8) thrown at [/build/openjdk-8-OqY7zN/openjdk-8-8u222-b10/src/hotspot/src/share/vm/prims/jvm.cpp, line 1502]
Event: 0.723 Thread 0x00007fb64400b000 Exception <a 'java/security/PrivilegedActionException'> (0x00000000d8c59eb8) thrown at [/build/openjdk-8-OqY7zN/openjdk-8-8u222-b10/src/hotspot/src/share/vm/prims/jvm.cpp, line 1502]
Event: 0.982 Thread 0x00007fb64400b000 Exception <a 'java/security/PrivilegedActionException'> (0x00000000d8c87678) thrown at [/build/openjdk-8-OqY7zN/openjdk-8-8u222-b10/src/hotspot/src/share/vm/prims/jvm.cpp, line 1502]
Event: 0.982 Thread 0x00007fb64400b000 Exception <a 'java/security/PrivilegedActionException'> (0x00000000d8c87a70) thrown at [/build/openjdk-8-OqY7zN/openjdk-8-8u222-b10/src/hotspot/src/share/vm/prims/jvm.cpp, line 1502]
Event: 0.982 Thread 0x00007fb64400b000 Exception <a 'java/security/PrivilegedActionException'> (0x00000000d8c89ce0) thrown at [/build/openjdk-8-OqY7zN/openjdk-8-8u222-b10/src/hotspot/src/share/vm/prims/jvm.cpp, line 1502]
Event: 0.982 Thread 0x00007fb64400b000 Exception <a 'java/security/PrivilegedActionException'> (0x00000000d8c8a0d8) thrown at [/build/openjdk-8-OqY7zN/openjdk-8-8u222-b10/src/hotspot/src/share/vm/prims/jvm.cpp, line 1502]
Event: 0.983 Thread 0x00007fb64400b000 Exception <a 'java/security/PrivilegedActionException'> (0x00000000d8c8ad98) thrown at [/build/openjdk-8-OqY7zN/openjdk-8-8u222-b10/src/hotspot/src/share/vm/prims/jvm.cpp, line 1502]
Event: 0.983 Thread 0x00007fb64400b000 Exception <a 'java/security/PrivilegedActionException'> (0x00000000d8c8b190) thrown at [/build/openjdk-8-OqY7zN/openjdk-8-8u222-b10/src/hotspot/src/share/vm/prims/jvm.cpp, line 1502]

Events (10 events):
Event: 283.075 Executing VM operation: ParallelGCFailedAllocation done
Event: 283.732 Executing VM operation: ParallelGCFailedAllocation
Event: 283.735 Executing VM operation: ParallelGCFailedAllocation done
Event: 284.641 Executing VM operation: ParallelGCFailedAllocation
Event: 284.645 Executing VM operation: ParallelGCFailedAllocation done
Event: 286.203 Executing VM operation: ParallelGCFailedAllocation
Event: 286.208 Executing VM operation: ParallelGCFailedAllocation done
Event: 286.787 Executing VM operation: ParallelGCFailedAllocation
Event: 287.934 Executing VM operation: ParallelGCFailedAllocation done
Event: 299.942 Executing VM operation: ParallelGCFailedAllocation


Dynamic libraries:
8a400000-8f300000 rw-p 00000000 00:00 0 
8f300000-d8c00000 ---p 00000000 00:00 0 
d8c00000-fbf00000 rw-p 00000000 00:00 0 
100000000-100080000 rw-p 00000000 00:00 0 
100080000-140000000 ---p 00000000 00:00 0 
555dc7292000-555dc7293000 r-xp 00000000 b3:02 394207                     /usr/lib/jvm/java-8-openjdk-amd64/jre/bin/java
555dc7492000-555dc7493000 r--p 00000000 b3:02 394207                     /usr/lib/jvm/java-8-openjdk-amd64/jre/bin/java
555dc7493000-555dc7494000 rw-p 00001000 b3:02 394207                     /usr/lib/jvm/java-8-openjdk-amd64/jre/bin/java
555dc8301000-555dc8322000 rw-p 00000000 00:00 0                          [heap]
7fb600000000-7fb600021000 rw-p 00000000 00:00 0 
7fb600021000-7fb604000000 ---p 00000000 00:00 0 
7fb608000000-7fb608060000 rw-p 00000000 00:00 0 
7fb608060000-7fb60c000000 ---p 00000000 00:00 0 
7fb60c000000-7fb60c021000 rw-p 00000000 00:00 0 
7fb60c021000-7fb610000000 ---p 00000000 00:00 0 
7fb610000000-7fb610021000 rw-p 00000000 00:00 0 
7fb610021000-7fb614000000 ---p 00000000 00:00 0 
7fb614000000-7fb614224000 rw-p 00000000 00:00 0 
7fb614224000-7fb618000000 ---p 00000000 00:00 0 
7fb618000000-7fb618021000 rw-p 00000000 00:00 0 
7fb618021000-7fb61c000000 ---p 00000000 00:00 0 
7fb61f631000-7fb620000000 r--p 00000000 b3:02 399303                     /usr/lib/locale/locale-archive
7fb620000000-7fb620021000 rw-p 00000000 00:00 0 
7fb620021000-7fb624000000 ---p 00000000 00:00 0 
7fb624000000-7fb624021000 rw-p 00000000 00:00 0 
7fb624021000-7fb628000000 ---p 00000000 00:00 0 
7fb628000000-7fb628021000 rw-p 00000000 00:00 0 
7fb628021000-7fb62c000000 ---p 00000000 00:00 0 
7fb62c41f000-7fb62c420000 ---p 00000000 00:00 0 
7fb62c420000-7fb630000000 rw-p 00000000 00:00 0 
7fb630000000-7fb630021000 rw-p 00000000 00:00 0 
7fb630021000-7fb634000000 ---p 00000000 00:00 0 
7fb6340f1000-7fb6340f4000 ---p 00000000 00:00 0 
7fb6340f4000-7fb6341f2000 rw-p 00000000 00:00 0 
7fb6341f2000-7fb6341f3000 ---p 00000000 00:00 0 
7fb6341f3000-7fb6341f6000 ---p 00000000 00:00 0 
7fb6341f6000-7fb6342f3000 rw-p 00000000 00:00 0 
7fb6342f3000-7fb6342f4000 ---p 00000000 00:00 0 
7fb6342f4000-7fb6342f7000 ---p 00000000 00:00 0 
7fb6342f7000-7fb6343f4000 rw-p 00000000 00:00 0 
7fb6343f4000-7fb6343f7000 ---p 00000000 00:00 0 
7fb6343f7000-7fb6344f5000 rw-p 00000000 00:00 0 
7fb6344f5000-7fb6344f8000 ---p 00000000 00:00 0 
7fb6344f8000-7fb6345f6000 rw-p 00000000 00:00 0 
7fb6345f6000-7fb6345f9000 ---p 00000000 00:00 0 
7fb6345f9000-7fb6346f7000 rw-p 00000000 00:00 0 
7fb6346f7000-7fb6346f8000 ---p 00000000 00:00 0 
7fb6346f8000-7fb635000000 rw-p 00000000 00:00 0 
7fb635000000-7fb635270000 rwxp 00000000 00:00 0 
7fb635270000-7fb644000000 ---p 00000000 00:00 0 
7fb644000000-7fb64415d000 rw-p 00000000 00:00 0 
7fb64415d000-7fb648000000 ---p 00000000 00:00 0 
7fb64804c000-7fb648067000 r--s 001d6000 b3:02 396003                     /usr/lib/jvm/java-8-openjdk-amd64/jre/lib/ext/nashorn.jar
7fb648067000-7fb648082000 r--s 00394000 b3:02 395760                     /usr/lib/jvm/java-8-openjdk-amd64/jre/lib/ext/cldrdata.jar
7fb648082000-7fb648213000 rw-p 00000000 00:00 0 
7fb648213000-7fb6483e3000 r--s 03c5c000 b3:02 397558                     /usr/lib/jvm/java-8-openjdk-amd64/jre/lib/rt.jar
7fb6483e3000-7fb648899000 rw-p 00000000 00:00 0 
7fb648899000-7fb648c59000 ---p 00000000 00:00 0 
7fb648c59000-7fb649007000 rw-p 00000000 00:00 0 
7fb649007000-7fb649008000 ---p 00000000 00:00 0 
7fb649008000-7fb649108000 rw-p 00000000 00:00 0 
7fb649108000-7fb649109000 ---p 00000000 00:00 0 
7fb649109000-7fb649231000 rw-p 00000000 00:00 0 
7fb649231000-7fb64947d000 ---p 00000000 00:00 0 
7fb64947d000-7fb6494a5000 rw-p 00000000 00:00 0 
7fb6494a5000-7fb6496f1000 ---p 00000000 00:00 0 
7fb6496f1000-7fb64980b000 rw-p 00000000 00:00 0 
7fb64980b000-7fb64982b000 ---p 00000000 00:00 0 
7fb64982b000-7fb649836000 rw-p 00000000 00:00 0 
7fb649836000-7fb649bec000 ---p 00000000 00:00 0 
7fb649bec000-7fb649bf4000 r-xp 00000000 b3:02 395584                     /usr/lib/jvm/java-8-openjdk-amd64/jre/lib/amd64/libzip.so
7fb649bf4000-7fb649df3000 ---p 00008000 b3:02 395584                     /usr/lib/jvm/java-8-openjdk-amd64/jre/lib/amd64/libzip.so
7fb649df3000-7fb649df4000 r--p 00007000 b3:02 395584                     /usr/lib/jvm/java-8-openjdk-amd64/jre/lib/amd64/libzip.so
7fb649df4000-7fb649df5000 rw-p 00008000 b3:02 395584                     /usr/lib/jvm/java-8-openjdk-amd64/jre/lib/amd64/libzip.so
7fb649df5000-7fb649e00000 r-xp 00000000 b3:02 1706491                    /lib/x86_64-linux-gnu/libnss_files-2.27.so
7fb649e00000-7fb649fff000 ---p 0000b000 b3:02 1706491                    /lib/x86_64-linux-gnu/libnss_files-2.27.so
7fb649fff000-7fb64a000000 r--p 0000a000 b3:02 1706491                    /lib/x86_64-linux-gnu/libnss_files-2.27.so
7fb64a000000-7fb64a001000 rw-p 0000b000 b3:02 1706491                    /lib/x86_64-linux-gnu/libnss_files-2.27.so
7fb64a001000-7fb64a007000 rw-p 00000000 00:00 0 
7fb64a007000-7fb64a01e000 r-xp 00000000 b3:02 1706485                    /lib/x86_64-linux-gnu/libnsl-2.27.so
7fb64a01e000-7fb64a21d000 ---p 00017000 b3:02 1706485                    /lib/x86_64-linux-gnu/libnsl-2.27.so
7fb64a21d000-7fb64a21e000 r--p 00016000 b3:02 1706485                    /lib/x86_64-linux-gnu/libnsl-2.27.so
7fb64a21e000-7fb64a21f000 rw-p 00017000 b3:02 1706485                    /lib/x86_64-linux-gnu/libnsl-2.27.so
7fb64a21f000-7fb64a221000 rw-p 00000000 00:00 0 
7fb64a221000-7fb64a22c000 r-xp 00000000 b3:02 1706502                    /lib/x86_64-linux-gnu/libnss_nis-2.27.so
7fb64a22c000-7fb64a42b000 ---p 0000b000 b3:02 1706502                    /lib/x86_64-linux-gnu/libnss_nis-2.27.so
7fb64a42b000-7fb64a42c000 r--p 0000a000 b3:02 1706502                    /lib/x86_64-linux-gnu/libnss_nis-2.27.so
7fb64a42c000-7fb64a42d000 rw-p 0000b000 b3:02 1706502                    /lib/x86_64-linux-gnu/libnss_nis-2.27.so
7fb64a42d000-7fb64a435000 r-xp 00000000 b3:02 1706487                    /lib/x86_64-linux-gnu/libnss_compat-2.27.so
7fb64a435000-7fb64a635000 ---p 00008000 b3:02 1706487                    /lib/x86_64-linux-gnu/libnss_compat-2.27.so
7fb64a635000-7fb64a636000 r--p 00008000 b3:02 1706487                    /lib/x86_64-linux-gnu/libnss_compat-2.27.so
7fb64a636000-7fb64a637000 rw-p 00009000 b3:02 1706487                    /lib/x86_64-linux-gnu/libnss_compat-2.27.so
7fb64a637000-7fb64a661000 r-xp 00000000 b3:02 395206                     /usr/lib/jvm/java-8-openjdk-amd64/jre/lib/amd64/libjava.so
7fb64a661000-7fb64a860000 ---p 0002a000 b3:02 395206                     /usr/lib/jvm/java-8-openjdk-amd64/jre/lib/amd64/libjava.so
7fb64a860000-7fb64a861000 r--p 00029000 b3:02 395206                     /usr/lib/jvm/java-8-openjdk-amd64/jre/lib/amd64/libjava.so
7fb64a861000-7fb64a863000 rw-p 0002a000 b3:02 395206                     /usr/lib/jvm/java-8-openjdk-amd64/jre/lib/amd64/libjava.so
7fb64a863000-7fb64a873000 r-xp 00000000 b3:02 395550                     /usr/lib/jvm/java-8-openjdk-amd64/jre/lib/amd64/libverify.so
7fb64a873000-7fb64aa72000 ---p 00010000 b3:02 395550                     /usr/lib/jvm/java-8-openjdk-amd64/jre/lib/amd64/libverify.so
7fb64aa72000-7fb64aa74000 r--p 0000f000 b3:02 395550                     /usr/lib/jvm/java-8-openjdk-amd64/jre/lib/amd64/libverify.so
7fb64aa74000-7fb64aa75000 rw-p 00011000 b3:02 395550                     /usr/lib/jvm/java-8-openjdk-amd64/jre/lib/amd64/libverify.so
7fb64aa75000-7fb64aa7c000 r-xp 00000000 b3:02 1706542                    /lib/x86_64-linux-gnu/librt-2.27.so
7fb64aa7c000-7fb64ac7b000 ---p 00007000 b3:02 1706542                    /lib/x86_64-linux-gnu/librt-2.27.so
7fb64ac7b000-7fb64ac7c000 r--p 00006000 b3:02 1706542                    /lib/x86_64-linux-gnu/librt-2.27.so
7fb64ac7c000-7fb64ac7d000 rw-p 00007000 b3:02 1706542                    /lib/x86_64-linux-gnu/librt-2.27.so
7fb64ac7d000-7fb64ac94000 r-xp 00000000 b3:02 1701708                    /lib/x86_64-linux-gnu/libgcc_s.so.1
7fb64ac94000-7fb64ae93000 ---p 00017000 b3:02 1701708                    /lib/x86_64-linux-gnu/libgcc_s.so.1
7fb64ae93000-7fb64ae94000 r--p 00016000 b3:02 1701708                    /lib/x86_64-linux-gnu/libgcc_s.so.1
7fb64ae94000-7fb64ae95000 rw-p 00017000 b3:02 1701708                    /lib/x86_64-linux-gnu/libgcc_s.so.1
7fb64ae95000-7fb64b032000 r-xp 00000000 b3:02 1706464                    /lib/x86_64-linux-gnu/libm-2.27.so
7fb64b032000-7fb64b231000 ---p 0019d000 b3:02 1706464                    /lib/x86_64-linux-gnu/libm-2.27.so
7fb64b231000-7fb64b232000 r--p 0019c000 b3:02 1706464                    /lib/x86_64-linux-gnu/libm-2.27.so
7fb64b232000-7fb64b233000 rw-p 0019d000 b3:02 1706464                    /lib/x86_64-linux-gnu/libm-2.27.so
7fb64b233000-7fb64b3ac000 r-xp 00000000 b3:02 392630                     /usr/lib/x86_64-linux-gnu/libstdc++.so.6.0.25
7fb64b3ac000-7fb64b5ac000 ---p 00179000 b3:02 392630                     /usr/lib/x86_64-linux-gnu/libstdc++.so.6.0.25
7fb64b5ac000-7fb64b5b6000 r--p 00179000 b3:02 392630                     /usr/lib/x86_64-linux-gnu/libstdc++.so.6.0.25
7fb64b5b6000-7fb64b5b8000 rw-p 00183000 b3:02 392630                     /usr/lib/x86_64-linux-gnu/libstdc++.so.6.0.25
7fb64b5b8000-7fb64b5bc000 rw-p 00000000 00:00 0 
7fb64b5bc000-7fb64c25b000 r-xp 00000000 b3:02 395653                     /usr/lib/jvm/java-8-openjdk-amd64/jre/lib/amd64/server/libjvm.so
7fb64c25b000-7fb64c45b000 ---p 00c9f000 b3:02 395653                     /usr/lib/jvm/java-8-openjdk-amd64/jre/lib/amd64/server/libjvm.so
7fb64c45b000-7fb64c4ef000 r--p 00c9f000 b3:02 395653                     /usr/lib/jvm/java-8-openjdk-amd64/jre/lib/amd64/server/libjvm.so
7fb64c4ef000-7fb64c518000 rw-p 00d33000 b3:02 395653                     /usr/lib/jvm/java-8-openjdk-amd64/jre/lib/amd64/server/libjvm.so
7fb64c518000-7fb64c548000 rw-p 00000000 00:00 0 
7fb64c548000-7fb64c562000 r-xp 00000000 b3:02 1706534                    /lib/x86_64-linux-gnu/libpthread-2.27.so
7fb64c562000-7fb64c761000 ---p 0001a000 b3:02 1706534                    /lib/x86_64-linux-gnu/libpthread-2.27.so
7fb64c761000-7fb64c762000 r--p 00019000 b3:02 1706534                    /lib/x86_64-linux-gnu/libpthread-2.27.so
7fb64c762000-7fb64c763000 rw-p 0001a000 b3:02 1706534                    /lib/x86_64-linux-gnu/libpthread-2.27.so
7fb64c763000-7fb64c767000 rw-p 00000000 00:00 0 
7fb64c767000-7fb64c76a000 r-xp 00000000 b3:02 1706424                    /lib/x86_64-linux-gnu/libdl-2.27.so
7fb64c76a000-7fb64c969000 ---p 00003000 b3:02 1706424                    /lib/x86_64-linux-gnu/libdl-2.27.so
7fb64c969000-7fb64c96a000 r--p 00002000 b3:02 1706424                    /lib/x86_64-linux-gnu/libdl-2.27.so
7fb64c96a000-7fb64c96b000 rw-p 00003000 b3:02 1706424                    /lib/x86_64-linux-gnu/libdl-2.27.so
7fb64c96b000-7fb64c987000 r-xp 00000000 b3:02 1706573                    /lib/x86_64-linux-gnu/libz.so.1.2.11
7fb64c987000-7fb64cb86000 ---p 0001c000 b3:02 1706573                    /lib/x86_64-linux-gnu/libz.so.1.2.11
7fb64cb86000-7fb64cb87000 r--p 0001b000 b3:02 1706573                    /lib/x86_64-linux-gnu/libz.so.1.2.11
7fb64cb87000-7fb64cb88000 rw-p 0001c000 b3:02 1706573                    /lib/x86_64-linux-gnu/libz.so.1.2.11
7fb64cb88000-7fb64cd6f000 r-xp 00000000 b3:02 1706401                    /lib/x86_64-linux-gnu/libc-2.27.so
7fb64cd6f000-7fb64cf6f000 ---p 001e7000 b3:02 1706401                    /lib/x86_64-linux-gnu/libc-2.27.so
7fb64cf6f000-7fb64cf73000 r--p 001e7000 b3:02 1706401                    /lib/x86_64-linux-gnu/libc-2.27.so
7fb64cf73000-7fb64cf75000 rw-p 001eb000 b3:02 1706401                    /lib/x86_64-linux-gnu/libc-2.27.so
7fb64cf75000-7fb64cf79000 rw-p 00000000 00:00 0 
7fb64cf79000-7fb64cf87000 r-xp 00000000 b3:02 395106                     /usr/lib/jvm/java-8-openjdk-amd64/jre/lib/amd64/jli/libjli.so
7fb64cf87000-7fb64d186000 ---p 0000e000 b3:02 395106                     /usr/lib/jvm/java-8-openjdk-amd64/jre/lib/amd64/jli/libjli.so
7fb64d186000-7fb64d187000 r--p 0000d000 b3:02 395106                     /usr/lib/jvm/java-8-openjdk-amd64/jre/lib/amd64/jli/libjli.so
7fb64d187000-7fb64d188000 rw-p 0000e000 b3:02 395106                     /usr/lib/jvm/java-8-openjdk-amd64/jre/lib/amd64/jli/libjli.so
7fb64d188000-7fb64d1af000 r-xp 00000000 b3:02 1706373                    /lib/x86_64-linux-gnu/ld-2.27.so
7fb64d1bb000-7fb64d1be000 r--s 0000f000 b3:02 395791                     /usr/lib/jvm/java-8-openjdk-amd64/jre/lib/ext/icedtea-sound.jar
7fb64d1be000-7fb64d1c0000 r--s 00007000 b3:02 785030                     /usr/share/java/java-atk-wrapper.jar
7fb64d1c0000-7fb64d1c1000 r--s 00010000 b3:02 396007                     /usr/lib/jvm/java-8-openjdk-amd64/jre/lib/ext/zipfs.jar
7fb64d1c1000-7fb64d1cb000 r--s 00116000 b3:02 396001                     /usr/lib/jvm/java-8-openjdk-amd64/jre/lib/ext/localedata.jar
7fb64d1cb000-7fb64d294000 rw-p 00000000 00:00 0 
7fb64d294000-7fb64d295000 ---p 00000000 00:00 0 
7fb64d295000-7fb64d298000 ---p 00000000 00:00 0 
7fb64d298000-7fb64d397000 rw-p 00000000 00:00 0 
7fb64d397000-7fb64d39c000 r--s 0003c000 b3:02 396005                     /usr/lib/jvm/java-8-openjdk-amd64/jre/lib/ext/sunjce_provider.jar
7fb64d39c000-7fb64d39d000 r--s 0000d000 b3:02 396004                     /usr/lib/jvm/java-8-openjdk-amd64/jre/lib/ext/sunec.jar
7fb64d39d000-7fb64d3a0000 r--s 00039000 b3:02 396006                     /usr/lib/jvm/java-8-openjdk-amd64/jre/lib/ext/sunpkcs11.jar
7fb64d3a0000-7fb64d3a2000 r--s 00001000 b3:02 395767                     /usr/lib/jvm/java-8-openjdk-amd64/jre/lib/ext/dnsns.jar
7fb64d3a2000-7fb64d3a3000 r--s 0000a000 b3:02 395796                     /usr/lib/jvm/java-8-openjdk-amd64/jre/lib/ext/jaccess.jar
7fb64d3a3000-7fb64d3ab000 rw-s 00000000 b3:02 269253                     /tmp/hsperfdata_admin1/23275
7fb64d3ab000-7fb64d3ac000 rw-p 00000000 00:00 0 
7fb64d3ac000-7fb64d3ad000 ---p 00000000 00:00 0 
7fb64d3ad000-7fb64d3af000 rw-p 00000000 00:00 0 
7fb64d3af000-7fb64d3b0000 r--p 00027000 b3:02 1706373                    /lib/x86_64-linux-gnu/ld-2.27.so
7fb64d3b0000-7fb64d3b1000 rw-p 00028000 b3:02 1706373                    /lib/x86_64-linux-gnu/ld-2.27.so
7fb64d3b1000-7fb64d3b2000 rw-p 00000000 00:00 0 
7fff2fb4f000-7fff2fb70000 rw-p 00000000 00:00 0                          [stack]
7fff2fbf9000-7fff2fbfc000 r--p 00000000 00:00 0                          [vvar]
7fff2fbfc000-7fff2fbfe000 r-xp 00000000 00:00 0                          [vdso]
ffffffffff600000-ffffffffff601000 r-xp 00000000 00:00 0                  [vsyscall]

VM Arguments:
jvm_args: -Dfile.encoding=UTF-8 
java_command: com.bridgelabz.alg.BinaryFileIo
java_class_path (initial): /home/admin1/Desktop/eclipse-inst-linux64/AlgorithmProblems/bin
Launcher Type: SUN_STANDARD

Environment Variables:
PATH=/usr/local/sbin:/usr/local/bin:/usr/sbin:/usr/bin:/sbin:/bin:/usr/games:/usr/local/games:/snap/bin
USERNAME=admin1
SHELL=/bin/bash
DISPLAY=:0

Signal Handlers:
SIGSEGV: [libjvm.so+0xab92f0], sa_mask[0]=11111111011111111101111111111110, sa_flags=SA_RESTART|SA_SIGINFO
SIGBUS: [libjvm.so+0xab92f0], sa_mask[0]=11111111011111111101111111111110, sa_flags=SA_RESTART|SA_SIGINFO
SIGFPE: [libjvm.so+0x8ee560], sa_mask[0]=11111111011111111101111111111110, sa_flags=SA_RESTART|SA_SIGINFO
SIGPIPE: [libjvm.so+0x8ee560], sa_mask[0]=11111111011111111101111111111110, sa_flags=SA_RESTART|SA_SIGINFO
SIGXFSZ: [libjvm.so+0x8ee560], sa_mask[0]=11111111011111111101111111111110, sa_flags=SA_RESTART|SA_SIGINFO
SIGILL: [libjvm.so+0x8ee560], sa_mask[0]=11111111011111111101111111111110, sa_flags=SA_RESTART|SA_SIGINFO
SIGUSR1: SIG_DFL, sa_mask[0]=00000000000000000000000000000000, sa_flags=none
SIGUSR2: [libjvm.so+0x8ee410], sa_mask[0]=00100000000000000000000000000000, sa_flags=SA_RESTART|SA_SIGINFO
SIGHUP: [libjvm.so+0x8eea80], sa_mask[0]=11111111011111111101111111111110, sa_flags=SA_RESTART|SA_SIGINFO
SIGINT: [libjvm.so+0x8eea80], sa_mask[0]=11111111011111111101111111111110, sa_flags=SA_RESTART|SA_SIGINFO
SIGTERM: [libjvm.so+0x8eea80], sa_mask[0]=11111111011111111101111111111110, sa_flags=SA_RESTART|SA_SIGINFO
SIGQUIT: [libjvm.so+0x8eea80], sa_mask[0]=11111111011111111101111111111110, sa_flags=SA_RESTART|SA_SIGINFO


---------------  S Y S T E M  ---------------

OS:DISTRIB_ID=Ubuntu
DISTRIB_RELEASE=18.04
DISTRIB_CODENAME=bionic
DISTRIB_DESCRIPTION="Ubuntu 18.04.3 LTS"

uname:Linux 4.15.0-66-generic #75-Ubuntu SMP Tue Oct 1 05:24:09 UTC 2019 x86_64
libc:glibc 2.27 NPTL 2.27 
rlimit: STACK 8192k, CORE 0k, NPROC 29831, NOFILE 4096, AS infinity
load average:20.69 18.77 13.03

/proc/meminfo:
MemTotal:        7711852 kB
MemFree:          109512 kB
MemAvailable:          0 kB
Buffers:             304 kB
Cached:            46924 kB
SwapCached:          512 kB
Active:          6424132 kB
Inactive:         926336 kB
Active(anon):    6415376 kB
Inactive(anon):   916032 kB
Active(file):       8756 kB
Inactive(file):    10304 kB
Unevictable:          80 kB
Mlocked:              80 kB
SwapTotal:       1393948 kB
SwapFree:              0 kB
Dirty:               220 kB
Writeback:           284 kB
AnonPages:       7303900 kB
Mapped:            17984 kB
Shmem:             28068 kB
Slab:             103120 kB
SReclaimable:      41084 kB
SUnreclaim:        62036 kB
KernelStack:       16384 kB
PageTables:        67980 kB
NFS_Unstable:          0 kB
Bounce:                0 kB
WritebackTmp:          0 kB
CommitLimit:     5249872 kB
Committed_AS:   15693400 kB
VmallocTotal:   34359738367 kB
VmallocUsed:           0 kB
VmallocChunk:          0 kB
HardwareCorrupted:     0 kB
AnonHugePages:         0 kB
ShmemHugePages:        0 kB
ShmemPmdMapped:        0 kB
CmaTotal:              0 kB
CmaFree:               0 kB
HugePages_Total:       0
HugePages_Free:        0
HugePages_Rsvd:        0
HugePages_Surp:        0
Hugepagesize:       2048 kB
DirectMap4k:      299412 kB
DirectMap2M:     6580224 kB
DirectMap1G:     3145728 kB

container (cgroup) information:
container_type: cgroupv1
cpu_cpuset_cpus: 0-1
cpu_memory_nodes: 0
active_processor_count: 2
cpu_quota: -1
cpu_period: 100000
cpu_shares: -1
memory_limit_in_bytes: -1
memory_and_swap_limit_in_bytes: -2
memory_soft_limit_in_bytes: -1
memory_usage_in_bytes: 7529254912
memory_max_usage_in_bytes: 0


CPU:total 2 (initial active 2) (2 cores per cpu, 1 threads per core) family 6 model 122 stepping 1, cmov, cx8, fxsr, mmx, sse, sse2, sse3, ssse3, sse4.1, sse4.2, popcnt, aes, clmul, erms, 3dnowpref, tsc, tscinvbit

/proc/cpuinfo:
processor	: 0
vendor_id	: GenuineIntel
cpu family	: 6
model		: 122
model name	: Intel(R) Celeron(R) N4000 CPU @ 1.10GHz
stepping	: 1
microcode	: 0x2e
cpu MHz		: 2171.754
cache size	: 4096 KB
physical id	: 0
siblings	: 2
core id		: 0
cpu cores	: 2
apicid		: 0
initial apicid	: 0
fpu		: yes
fpu_exception	: yes
cpuid level	: 24
wp		: yes
flags		: fpu vme de pse tsc msr pae mce cx8 apic sep mtrr pge mca cmov pat pse36 clflush dts acpi mmx fxsr sse sse2 ss ht tm pbe syscall nx pdpe1gb rdtscp lm constant_tsc art arch_perfmon pebs bts rep_good nopl xtopology nonstop_tsc cpuid aperfmperf tsc_known_freq pni pclmulqdq dtes64 monitor ds_cpl vmx est tm2 ssse3 sdbg cx16 xtpr pdcm sse4_1 sse4_2 x2apic movbe popcnt tsc_deadline_timer aes xsave rdrand lahf_lm 3dnowprefetch cpuid_fault cat_l2 pti cdp_l2 ssbd ibrs ibpb stibp ibrs_enhanced tpr_shadow vnmi flexpriority ept vpid fsgsbase tsc_adjust smep erms mpx rdt_a rdseed smap clflushopt intel_pt sha_ni xsaveopt xsavec xgetbv1 xsaves dtherm ida arat pln pts umip rdpid md_clear arch_capabilities
bugs		: cpu_meltdown spectre_v1 spectre_v2 spec_store_bypass
bogomips	: 2188.80
clflush size	: 64
cache_alignment	: 64
address sizes	: 39 bits physical, 48 bits virtual
power management:

processor	: 1
vendor_id	: GenuineIntel
cpu family	: 6
model		: 122
model name	: Intel(R) Celeron(R) N4000 CPU @ 1.10GHz
stepping	: 1
microcode	: 0x2e
cpu MHz		: 2170.146
cache size	: 4096 KB
physical id	: 0
siblings	: 2
core id		: 1
cpu cores	: 2
apicid		: 2
initial apicid	: 2
fpu		: yes
fpu_exception	: yes
cpuid level	: 24
wp		: yes
flags		: fpu vme de pse tsc msr pae mce cx8 apic sep mtrr pge mca cmov pat pse36 clflush dts acpi mmx fxsr sse sse2 ss ht tm pbe syscall nx pdpe1gb rdtscp lm constant_tsc art arch_perfmon pebs bts rep_good nopl xtopology nonstop_tsc cpuid aperfmperf tsc_known_freq pni pclmulqdq dtes64 monitor ds_cpl vmx est tm2 ssse3 sdbg cx16 xtpr pdcm sse4_1 sse4_2 x2apic movbe popcnt tsc_deadline_timer aes xsave rdrand lahf_lm 3dnowprefetch cpuid_fault cat_l2 pti cdp_l2 ssbd ibrs ibpb stibp ibrs_enhanced tpr_shadow vnmi flexpriority ept vpid fsgsbase tsc_adjust smep erms mpx rdt_a rdseed smap clflushopt intel_pt sha_ni xsaveopt xsavec xgetbv1 xsaves dtherm ida arat pln pts umip rdpid md_clear arch_capabilities
bugs		: cpu_meltdown spectre_v1 spectre_v2 spec_store_bypass
bogomips	: 2188.80
clflush size	: 64
cache_alignment	: 64
address sizes	: 39 bits physical, 48 bits virtual
power management:



Memory: 4k page, physical 7711852k(107884k free), swap 1393948k(0k free)

vm_info: OpenJDK 64-Bit Server VM (25.222-b10) for linux-amd64 JRE (1.8.0_222-8u222-b10-1ubuntu1~18.04.1-b10), built on Jul 18 2019 18:52:48 by "buildd" with gcc 7.4.0

time: Mon Nov 11 18:53:41 2019
timezone: IST
elapsed time: 303 seconds (0d 0h 5m 3s)

