#
# There is insufficient memory for the Java Runtime Environment to continue.
# Native memory allocation (mmap) failed to map 241696768 bytes for committing reserved memory.
# Possible reasons:
#   The system is out of physical RAM or swap space
#   The process is running with CompressedOops enabled, and the Java Heap may be blocking the growth of the native heap
# Possible solutions:
#   Reduce memory load on the system
#   Increase physical memory or swap space
#   Check if swap backing store is full
#   Decrease Java heap size (-Xmx/-Xms)
#   Decrease number of Java threads
#   Decrease Java thread stack sizes (-Xss)
#   Set larger code cache with -XX:ReservedCodeCacheSize=
#   JVM is running with Unscaled Compressed Oops mode in which the Java heap is
#     placed in the first 4GB address space. The Java Heap base address is the
#     maximum limit for the native heap growth. Please use -XX:HeapBaseMinAddress
#     to set the Java Heap base and to place the Java Heap above 4GB virtual address.
# This output file may be truncated or incomplete.
#
#  Out of Memory Error (os_linux.cpp:2757), pid=22714, tid=0x00007faa3ca46700
#
# JRE version: OpenJDK Runtime Environment (8.0_222-b10) (build 1.8.0_222-8u222-b10-1ubuntu1~18.04.1-b10)
# Java VM: OpenJDK 64-Bit Server VM (25.222-b10 mixed mode linux-amd64 compressed oops)
# Failed to write core dump. Core dumps have been disabled. To enable core dumping, try "ulimit -c unlimited" before starting Java again
#

---------------  T H R E A D  ---------------

Current thread (0x00007faa50075000):  VMThread [stack: 0x00007faa3c947000,0x00007faa3ca47000] [id=22731]

Stack: [0x00007faa3c947000,0x00007faa3ca47000],  sp=0x00007faa3ca454a0,  free space=1017k
Native frames: (J=compiled Java code, j=interpreted, Vv=VM code, C=native code)
V  [libjvm.so+0xab8992]
V  [libjvm.so+0x4dbfd7]
V  [libjvm.so+0x8f33a0]
V  [libjvm.so+0x8ea46e]
V  [libjvm.so+0x96e106]
V  [libjvm.so+0x96f478]
V  [libjvm.so+0x96ba76]
V  [libjvm.so+0x96be0c]
V  [libjvm.so+0x91a5a8]
V  [libjvm.so+0xaba662]
V  [libjvm.so+0xabf1d6]
V  [libjvm.so+0xabd4d5]
V  [libjvm.so+0xabddad]
V  [libjvm.so+0xabe1b8]
V  [libjvm.so+0x8f0732]

VM_Operation (0x00007faa59099760): ParallelGCFailedAllocation, mode: safepoint, requested by thread 0x00007faa5000b000


---------------  P R O C E S S  ---------------

Java Threads: ( => current thread )
  0x00007faa500c4800 JavaThread "Service Thread" daemon [_thread_blocked, id=22744, stack(0x00007faa3c340000,0x00007faa3c441000)]
  0x00007faa500b7800 JavaThread "C1 CompilerThread1" daemon [_thread_blocked, id=22741, stack(0x00007faa3c442000,0x00007faa3c542000)]
  0x00007faa500b4800 JavaThread "C2 CompilerThread0" daemon [_thread_blocked, id=22739, stack(0x00007faa3c543000,0x00007faa3c643000)]
  0x00007faa500b3000 JavaThread "Signal Dispatcher" daemon [_thread_blocked, id=22738, stack(0x00007faa3c643000,0x00007faa3c744000)]
  0x00007faa50081000 JavaThread "Finalizer" daemon [_thread_blocked, id=22736, stack(0x00007faa3c744000,0x00007faa3c845000)]
  0x00007faa5007e800 JavaThread "Reference Handler" daemon [_thread_blocked, id=22734, stack(0x00007faa3c845000,0x00007faa3c946000)]
  0x00007faa5000b000 JavaThread "main" [_thread_blocked, id=22722, stack(0x00007faa58f9b000,0x00007faa5909b000)]

Other Threads:
=>0x00007faa50075000 VMThread [stack: 0x00007faa3c947000,0x00007faa3ca47000] [id=22731]
  0x00007faa500c7000 WatcherThread [stack: 0x00007faa3c240000,0x00007faa3c340000] [id=22746]

VM state:at safepoint (normal execution)

VM Mutex/Monitor currently owned by a thread:  ([mutex/lock_event])
[0x00007faa50007bd0] Threads_lock - owner thread: 0x00007faa50075000
[0x00007faa500080d0] Heap_lock - owner thread: 0x00007faa5000b000

heap address: 0x000000008a400000, size: 1884 MB, Compressed Oops mode: 32-bit
Narrow klass base: 0x0000000000000000, Narrow klass shift: 3
Compressed class space size: 1073741824 Address: 0x0000000100000000

Heap:
 PSYoungGen      total 394240K, used 238K [0x00000000d8c00000, 0x00000000f0e00000, 0x0000000100000000)
  eden space 393216K, 0% used [0x00000000d8c00000,0x00000000d8c00000,0x00000000f0c00000)
  from space 1024K, 23% used [0x00000000f0c00000,0x00000000f0c3ba30,0x00000000f0d00000)
  to   space 1024K, 0% used [0x00000000f0d00000,0x00000000f0d00000,0x00000000f0e00000)
 ParOldGen       total 80896K, used 448K [0x000000008a400000, 0x000000008f300000, 0x00000000d8c00000)
  object space 80896K, 0% used [0x000000008a400000,0x000000008a470080,0x000000008f300000)
 Metaspace       used 3290K, capacity 4486K, committed 4864K, reserved 1056768K
  class space    used 362K, capacity 386K, committed 512K, reserved 1048576K

Card table byte_map: [0x00007faa55183000,0x00007faa55532000] byte_map_base: 0x00007faa54d31000

Marking Bits: (ParMarkBitMap*) 0x00007faa58231360
 Begin Bits: [0x00007faa3d520000, 0x00007faa3f290000)
 End Bits:   [0x00007faa3f290000, 0x00007faa41000000)

Polling page: 0x00007faa590b2000

CodeCache: size=245760Kb used=1166Kb max_used=1178Kb free=244593Kb
 bounds [0x00007faa41000000, 0x00007faa41270000, 0x00007faa50000000]
 total_blobs=295 nmethods=55 adapters=156
 compilation: enabled

Compilation events (10 events):
Event: 1.848 Thread 0x00007faa500b4800   51       4       java.util.Arrays::copyOfRange (63 bytes)
Event: 1.852 Thread 0x00007faa500b4800 nmethod 51 0x00007faa41120790 code [0x00007faa411208e0, 0x00007faa41120af8]
Event: 1.858 Thread 0x00007faa500b4800   52       4       java.lang.String::<init> (82 bytes)
Event: 1.888 Thread 0x00007faa500b4800 nmethod 52 0x00007faa41125210 code [0x00007faa41125380, 0x00007faa41125698]
Event: 1.996 Thread 0x00007faa500b4800   53       4       java.lang.StringBuilder::toString (17 bytes)
Event: 2.002 Thread 0x00007faa500b4800 nmethod 53 0x00007faa41125890 code [0x00007faa41125a00, 0x00007faa41125d98]
Event: 2.045 Thread 0x00007faa500b4800   54       4       java.lang.String::valueOf (14 bytes)
Event: 2.046 Thread 0x00007faa500b4800 nmethod 54 0x00007faa41123810 code [0x00007faa41123960, 0x00007faa411239d8]
Event: 2.048 Thread 0x00007faa500b4800   55       4       java.lang.StringBuilder::<init> (18 bytes)
Event: 2.077 Thread 0x00007faa500b4800 nmethod 55 0x00007faa41124890 code [0x00007faa41124a00, 0x00007faa41124e88]

GC Heap History (10 events):
Event: 2.133 GC heap after
Heap after GC invocations=6 (full 0):
 PSYoungGen      total 123904K, used 567K [0x00000000d8c00000, 0x00000000e0600000, 0x0000000100000000)
  eden space 122880K, 0% used [0x00000000d8c00000,0x00000000d8c00000,0x00000000e0400000)
  from space 1024K, 55% used [0x00000000e0500000,0x00000000e058dc00,0x00000000e0600000)
  to   space 1024K, 0% used [0x00000000e0400000,0x00000000e0400000,0x00000000e0500000)
 ParOldGen       total 80896K, used 8K [0x000000008a400000, 0x000000008f300000, 0x00000000d8c00000)
  object space 80896K, 0% used [0x000000008a400000,0x000000008a402000,0x000000008f300000)
 Metaspace       used 3290K, capacity 4486K, committed 4864K, reserved 1056768K
  class space    used 362K, capacity 386K, committed 512K, reserved 1048576K
}
Event: 2.595 GC heap before
{Heap before GC invocations=7 (full 0):
 PSYoungGen      total 123904K, used 123418K [0x00000000d8c00000, 0x00000000e0600000, 0x0000000100000000)
  eden space 122880K, 99% used [0x00000000d8c00000,0x00000000e03f8c98,0x00000000e0400000)
  from space 1024K, 55% used [0x00000000e0500000,0x00000000e058dc00,0x00000000e0600000)
  to   space 1024K, 0% used [0x00000000e0400000,0x00000000e0400000,0x00000000e0500000)
 ParOldGen       total 80896K, used 8K [0x000000008a400000, 0x000000008f300000, 0x00000000d8c00000)
  object space 80896K, 0% used [0x000000008a400000,0x000000008a402000,0x000000008f300000)
 Metaspace       used 3290K, capacity 4486K, committed 4864K, reserved 1056768K
  class space    used 362K, capacity 386K, committed 512K, reserved 1048576K
Event: 2.599 GC heap after
Heap after GC invocations=7 (full 0):
 PSYoungGen      total 123904K, used 85K [0x00000000d8c00000, 0x00000000e7e00000, 0x0000000100000000)
  eden space 122880K, 0% used [0x00000000d8c00000,0x00000000d8c00000,0x00000000e0400000)
  from space 1024K, 8% used [0x00000000e0400000,0x00000000e0415558,0x00000000e0500000)
  to   space 1024K, 0% used [0x00000000e7d00000,0x00000000e7d00000,0x00000000e7e00000)
 ParOldGen       total 80896K, used 440K [0x000000008a400000, 0x000000008f300000, 0x00000000d8c00000)
  object space 80896K, 0% used [0x000000008a400000,0x000000008a46e080,0x000000008f300000)
 Metaspace       used 3290K, capacity 4486K, committed 4864K, reserved 1056768K
  class space    used 362K, capacity 386K, committed 512K, reserved 1048576K
}
Event: 2.799 GC heap before
{Heap before GC invocations=8 (full 0):
 PSYoungGen      total 123904K, used 122907K [0x00000000d8c00000, 0x00000000e7e00000, 0x0000000100000000)
  eden space 122880K, 99% used [0x00000000d8c00000,0x00000000e03f1770,0x00000000e0400000)
  from space 1024K, 8% used [0x00000000e0400000,0x00000000e0415558,0x00000000e0500000)
  to   space 1024K, 0% used [0x00000000e7d00000,0x00000000e7d00000,0x00000000e7e00000)
 ParOldGen       total 80896K, used 440K [0x000000008a400000, 0x000000008f300000, 0x00000000d8c00000)
  object space 80896K, 0% used [0x000000008a400000,0x000000008a46e080,0x000000008f300000)
 Metaspace       used 3290K, capacity 4486K, committed 4864K, reserved 1056768K
  class space    used 362K, capacity 386K, committed 512K, reserved 1048576K
Event: 2.801 GC heap after
Heap after GC invocations=8 (full 0):
 PSYoungGen      total 246784K, used 155K [0x00000000d8c00000, 0x00000000e7e00000, 0x0000000100000000)
  eden space 245760K, 0% used [0x00000000d8c00000,0x00000000d8c00000,0x00000000e7c00000)
  from space 1024K, 15% used [0x00000000e7d00000,0x00000000e7d26d50,0x00000000e7e00000)
  to   space 1024K, 0% used [0x00000000e7c00000,0x00000000e7c00000,0x00000000e7d00000)
 ParOldGen       total 80896K, used 440K [0x000000008a400000, 0x000000008f300000, 0x00000000d8c00000)
  object space 80896K, 0% used [0x000000008a400000,0x000000008a46e080,0x000000008f300000)
 Metaspace       used 3290K, capacity 4486K, committed 4864K, reserved 1056768K
  class space    used 362K, capacity 386K, committed 512K, reserved 1048576K
}
Event: 4.112 GC heap before
{Heap before GC invocations=9 (full 0):
 PSYoungGen      total 246784K, used 245915K [0x00000000d8c00000, 0x00000000e7e00000, 0x0000000100000000)
  eden space 245760K, 100% used [0x00000000d8c00000,0x00000000e7c00000,0x00000000e7c00000)
  from space 1024K, 15% used [0x00000000e7d00000,0x00000000e7d26d50,0x00000000e7e00000)
  to   space 1024K, 0% used [0x00000000e7c00000,0x00000000e7c00000,0x00000000e7d00000)
 ParOldGen       total 80896K, used 440K [0x000000008a400000, 0x000000008f300000, 0x00000000d8c00000)
  object space 80896K, 0% used [0x000000008a400000,0x000000008a46e080,0x000000008f300000)
 Metaspace       used 3290K, capacity 4486K, committed 4864K, reserved 1056768K
  class space    used 362K, capacity 386K, committed 512K, reserved 1048576K
Event: 4.114 GC heap after
Heap after GC invocations=9 (full 0):
 PSYoungGen      total 246784K, used 107K [0x00000000d8c00000, 0x00000000f0e00000, 0x0000000100000000)
  eden space 245760K, 0% used [0x00000000d8c00000,0x00000000d8c00000,0x00000000e7c00000)
  from space 1024K, 10% used [0x00000000e7c00000,0x00000000e7c1ae30,0x00000000e7d00000)
  to   space 1024K, 0% used [0x00000000f0d00000,0x00000000f0d00000,0x00000000f0e00000)
 ParOldGen       total 80896K, used 448K [0x000000008a400000, 0x000000008f300000, 0x00000000d8c00000)
  object space 80896K, 0% used [0x000000008a400000,0x000000008a470080,0x000000008f300000)
 Metaspace       used 3290K, capacity 4486K, committed 4864K, reserved 1056768K
  class space    used 362K, capacity 386K, committed 512K, reserved 1048576K
}
Event: 4.532 GC heap before
{Heap before GC invocations=10 (full 0):
 PSYoungGen      total 246784K, used 245867K [0x00000000d8c00000, 0x00000000f0e00000, 0x0000000100000000)
  eden space 245760K, 100% used [0x00000000d8c00000,0x00000000e7c00000,0x00000000e7c00000)
  from space 1024K, 10% used [0x00000000e7c00000,0x00000000e7c1ae30,0x00000000e7d00000)
  to   space 1024K, 0% used [0x00000000f0d00000,0x00000000f0d00000,0x00000000f0e00000)
 ParOldGen       total 80896K, used 448K [0x000000008a400000, 0x000000008f300000, 0x00000000d8c00000)
  object space 80896K, 0% used [0x000000008a400000,0x000000008a470080,0x000000008f300000)
 Metaspace       used 3290K, capacity 4486K, committed 4864K, reserved 1056768K
  class space    used 362K, capacity 386K, committed 512K, reserved 1048576K
Event: 4.534 GC heap after
Heap after GC invocations=10 (full 0):
 PSYoungGen      total 394240K, used 119K [0x00000000d8c00000, 0x00000000f0e00000, 0x0000000100000000)
  eden space 393216K, 0% used [0x00000000d8c00000,0x00000000d8c00000,0x00000000f0c00000)
  from space 1024K, 11% used [0x00000000f0d00000,0x00000000f0d1dd00,0x00000000f0e00000)
  to   space 1024K, 0% used [0x00000000f0c00000,0x00000000f0c00000,0x00000000f0d00000)
 ParOldGen       total 80896K, used 448K [0x000000008a400000, 0x000000008f300000, 0x00000000d8c00000)
  object space 80896K, 0% used [0x000000008a400000,0x000000008a470080,0x000000008f300000)
 Metaspace       used 3290K, capacity 4486K, committed 4864K, reserved 1056768K
  class space    used 362K, capacity 386K, committed 512K, reserved 1048576K
}
Event: 9.525 GC heap before
{Heap before GC invocations=11 (full 0):
 PSYoungGen      total 394240K, used 393335K [0x00000000d8c00000, 0x00000000f0e00000, 0x0000000100000000)
  eden space 393216K, 100% used [0x00000000d8c00000,0x00000000f0c00000,0x00000000f0c00000)
  from space 1024K, 11% used [0x00000000f0d00000,0x00000000f0d1dd00,0x00000000f0e00000)
  to   space 1024K, 0% used [0x00000000f0c00000,0x00000000f0c00000,0x00000000f0d00000)
 ParOldGen       total 80896K, used 448K [0x000000008a400000, 0x000000008f300000, 0x00000000d8c00000)
  object space 80896K, 0% used [0x000000008a400000,0x000000008a470080,0x000000008f300000)
 Metaspace       used 3290K, capacity 4486K, committed 4864K, reserved 1056768K
  class space    used 362K, capacity 386K, committed 512K, reserved 1048576K

Deoptimization events (0 events):
No events

Classes redefined (0 events):
No events

Internal exceptions (10 events):
Event: 0.301 Thread 0x00007faa5000b000 Exception <a 'java/lang/NoSuchMethodError': Method sun.misc.Unsafe.prefetchRead(Ljava/lang/Object;J)V name or signature does not match> (0x00000000d8c07fa0) thrown at [/build/openjdk-8-OqY7zN/openjdk-8-8u222-b10/src/hotspot/src/share/vm/prims/jni.cpp, lin
Event: 0.820 Thread 0x00007faa5000b000 Exception <a 'java/util/zip/ZipException'> (0x00000000d8c59a08) thrown at [/build/openjdk-8-OqY7zN/openjdk-8-8u222-b10/src/hotspot/src/share/vm/prims/jni.cpp, line 710]
Event: 0.820 Thread 0x00007faa5000b000 Exception <a 'java/security/PrivilegedActionException'> (0x00000000d8c59ca8) thrown at [/build/openjdk-8-OqY7zN/openjdk-8-8u222-b10/src/hotspot/src/share/vm/prims/jvm.cpp, line 1502]
Event: 0.820 Thread 0x00007faa5000b000 Exception <a 'java/security/PrivilegedActionException'> (0x00000000d8c59eb8) thrown at [/build/openjdk-8-OqY7zN/openjdk-8-8u222-b10/src/hotspot/src/share/vm/prims/jvm.cpp, line 1502]
Event: 1.034 Thread 0x00007faa5000b000 Exception <a 'java/security/PrivilegedActionException'> (0x00000000d8c87698) thrown at [/build/openjdk-8-OqY7zN/openjdk-8-8u222-b10/src/hotspot/src/share/vm/prims/jvm.cpp, line 1502]
Event: 1.034 Thread 0x00007faa5000b000 Exception <a 'java/security/PrivilegedActionException'> (0x00000000d8c87a90) thrown at [/build/openjdk-8-OqY7zN/openjdk-8-8u222-b10/src/hotspot/src/share/vm/prims/jvm.cpp, line 1502]
Event: 1.038 Thread 0x00007faa5000b000 Exception <a 'java/security/PrivilegedActionException'> (0x00000000d8c89d00) thrown at [/build/openjdk-8-OqY7zN/openjdk-8-8u222-b10/src/hotspot/src/share/vm/prims/jvm.cpp, line 1502]
Event: 1.038 Thread 0x00007faa5000b000 Exception <a 'java/security/PrivilegedActionException'> (0x00000000d8c8a0f8) thrown at [/build/openjdk-8-OqY7zN/openjdk-8-8u222-b10/src/hotspot/src/share/vm/prims/jvm.cpp, line 1502]
Event: 1.038 Thread 0x00007faa5000b000 Exception <a 'java/security/PrivilegedActionException'> (0x00000000d8c8adb8) thrown at [/build/openjdk-8-OqY7zN/openjdk-8-8u222-b10/src/hotspot/src/share/vm/prims/jvm.cpp, line 1502]
Event: 1.038 Thread 0x00007faa5000b000 Exception <a 'java/security/PrivilegedActionException'> (0x00000000d8c8b1b0) thrown at [/build/openjdk-8-OqY7zN/openjdk-8-8u222-b10/src/hotspot/src/share/vm/prims/jvm.cpp, line 1502]

Events (10 events):
Event: 2.599 Executing VM operation: ParallelGCFailedAllocation done
Event: 2.799 Executing VM operation: ParallelGCFailedAllocation
Event: 2.801 Executing VM operation: ParallelGCFailedAllocation done
Event: 4.112 Executing VM operation: ParallelGCFailedAllocation
Event: 4.114 Executing VM operation: ParallelGCFailedAllocation done
Event: 4.532 Executing VM operation: ParallelGCFailedAllocation
Event: 4.534 Executing VM operation: ParallelGCFailedAllocation done
Event: 4.704 Executing VM operation: EnableBiasedLocking
Event: 4.778 Executing VM operation: EnableBiasedLocking done
Event: 8.289 Executing VM operation: ParallelGCFailedAllocation


Dynamic libraries:
8a400000-8f300000 rw-p 00000000 00:00 0 
8f300000-d8c00000 ---p 00000000 00:00 0 
d8c00000-f0e00000 rw-p 00000000 00:00 0 
ff480000-100000000 ---p 00000000 00:00 0 
100000000-100080000 rw-p 00000000 00:00 0 
100080000-140000000 ---p 00000000 00:00 0 
5654bcb7e000-5654bcb7f000 r-xp 00000000 b3:02 394207                     /usr/lib/jvm/java-8-openjdk-amd64/jre/bin/java
5654bcd7e000-5654bcd7f000 r--p 00000000 b3:02 394207                     /usr/lib/jvm/java-8-openjdk-amd64/jre/bin/java
5654bcd7f000-5654bcd80000 rw-p 00001000 b3:02 394207                     /usr/lib/jvm/java-8-openjdk-amd64/jre/bin/java
5654be8bb000-5654be8dc000 rw-p 00000000 00:00 0                          [heap]
7faa0c000000-7faa0c021000 rw-p 00000000 00:00 0 
7faa0c021000-7faa10000000 ---p 00000000 00:00 0 
7faa14000000-7faa14058000 rw-p 00000000 00:00 0 
7faa14058000-7faa18000000 ---p 00000000 00:00 0 
7faa18000000-7faa18021000 rw-p 00000000 00:00 0 
7faa18021000-7faa1c000000 ---p 00000000 00:00 0 
7faa1c000000-7faa1c021000 rw-p 00000000 00:00 0 
7faa1c021000-7faa20000000 ---p 00000000 00:00 0 
7faa20000000-7faa20092000 rw-p 00000000 00:00 0 
7faa20092000-7faa24000000 ---p 00000000 00:00 0 
7faa24000000-7faa24021000 rw-p 00000000 00:00 0 
7faa24021000-7faa28000000 ---p 00000000 00:00 0 
7faa28000000-7faa28021000 rw-p 00000000 00:00 0 
7faa28021000-7faa2c000000 ---p 00000000 00:00 0 
7faa2f631000-7faa30000000 r--p 00000000 b3:02 399303                     /usr/lib/locale/locale-archive
7faa30000000-7faa30021000 rw-p 00000000 00:00 0 
7faa30021000-7faa34000000 ---p 00000000 00:00 0 
7faa34000000-7faa34021000 rw-p 00000000 00:00 0 
7faa34021000-7faa38000000 ---p 00000000 00:00 0 
7faa38000000-7faa38021000 rw-p 00000000 00:00 0 
7faa38021000-7faa3c000000 ---p 00000000 00:00 0 
7faa3c23f000-7faa3c240000 ---p 00000000 00:00 0 
7faa3c240000-7faa3c340000 rw-p 00000000 00:00 0 
7faa3c340000-7faa3c343000 ---p 00000000 00:00 0 
7faa3c343000-7faa3c441000 rw-p 00000000 00:00 0 
7faa3c441000-7faa3c442000 ---p 00000000 00:00 0 
7faa3c442000-7faa3c445000 ---p 00000000 00:00 0 
7faa3c445000-7faa3c542000 rw-p 00000000 00:00 0 
7faa3c542000-7faa3c543000 ---p 00000000 00:00 0 
7faa3c543000-7faa3c546000 ---p 00000000 00:00 0 
7faa3c546000-7faa3c643000 rw-p 00000000 00:00 0 
7faa3c643000-7faa3c646000 ---p 00000000 00:00 0 
7faa3c646000-7faa3c744000 rw-p 00000000 00:00 0 
7faa3c744000-7faa3c747000 ---p 00000000 00:00 0 
7faa3c747000-7faa3c845000 rw-p 00000000 00:00 0 
7faa3c845000-7faa3c848000 ---p 00000000 00:00 0 
7faa3c848000-7faa3c946000 rw-p 00000000 00:00 0 
7faa3c946000-7faa3c947000 ---p 00000000 00:00 0 
7faa3c947000-7faa3d350000 rw-p 00000000 00:00 0 
7faa3d350000-7faa3d520000 r--s 03c5c000 b3:02 397558                     /usr/lib/jvm/java-8-openjdk-amd64/jre/lib/rt.jar
7faa3d520000-7faa41000000 rw-p 00000000 00:00 0 
7faa41000000-7faa41270000 rwxp 00000000 00:00 0 
7faa41270000-7faa50000000 ---p 00000000 00:00 0 
7faa50000000-7faa50156000 rw-p 00000000 00:00 0 
7faa50156000-7faa54000000 ---p 00000000 00:00 0 
7faa54023000-7faa5403e000 r--s 001d6000 b3:02 396003                     /usr/lib/jvm/java-8-openjdk-amd64/jre/lib/ext/nashorn.jar
7faa5403e000-7faa54059000 r--s 00394000 b3:02 395760                     /usr/lib/jvm/java-8-openjdk-amd64/jre/lib/ext/cldrdata.jar
7faa54059000-7faa5459f000 rw-p 00000000 00:00 0 
7faa5459f000-7faa5495f000 ---p 00000000 00:00 0 
7faa5495f000-7faa54d0d000 rw-p 00000000 00:00 0 
7faa54d0d000-7faa54d0e000 ---p 00000000 00:00 0 
7faa54d0e000-7faa54e0e000 rw-p 00000000 00:00 0 
7faa54e0e000-7faa54e0f000 ---p 00000000 00:00 0 
7faa54e0f000-7faa54f37000 rw-p 00000000 00:00 0 
7faa54f37000-7faa55183000 ---p 00000000 00:00 0 
7faa55183000-7faa551ab000 rw-p 00000000 00:00 0 
7faa551ab000-7faa553f7000 ---p 00000000 00:00 0 
7faa553f7000-7faa554b8000 rw-p 00000000 00:00 0 
7faa554b8000-7faa55531000 ---p 00000000 00:00 0 
7faa55531000-7faa5553c000 rw-p 00000000 00:00 0 
7faa5553c000-7faa558f2000 ---p 00000000 00:00 0 
7faa558f2000-7faa558fa000 r-xp 00000000 b3:02 395584                     /usr/lib/jvm/java-8-openjdk-amd64/jre/lib/amd64/libzip.so
7faa558fa000-7faa55af9000 ---p 00008000 b3:02 395584                     /usr/lib/jvm/java-8-openjdk-amd64/jre/lib/amd64/libzip.so
7faa55af9000-7faa55afa000 r--p 00007000 b3:02 395584                     /usr/lib/jvm/java-8-openjdk-amd64/jre/lib/amd64/libzip.so
7faa55afa000-7faa55afb000 rw-p 00008000 b3:02 395584                     /usr/lib/jvm/java-8-openjdk-amd64/jre/lib/amd64/libzip.so
7faa55afb000-7faa55b06000 r-xp 00000000 b3:02 1706491                    /lib/x86_64-linux-gnu/libnss_files-2.27.so
7faa55b06000-7faa55d05000 ---p 0000b000 b3:02 1706491                    /lib/x86_64-linux-gnu/libnss_files-2.27.so
7faa55d05000-7faa55d06000 r--p 0000a000 b3:02 1706491                    /lib/x86_64-linux-gnu/libnss_files-2.27.so
7faa55d06000-7faa55d07000 rw-p 0000b000 b3:02 1706491                    /lib/x86_64-linux-gnu/libnss_files-2.27.so
7faa55d07000-7faa55d0d000 rw-p 00000000 00:00 0 
7faa55d0d000-7faa55d24000 r-xp 00000000 b3:02 1706485                    /lib/x86_64-linux-gnu/libnsl-2.27.so
7faa55d24000-7faa55f23000 ---p 00017000 b3:02 1706485                    /lib/x86_64-linux-gnu/libnsl-2.27.so
7faa55f23000-7faa55f24000 r--p 00016000 b3:02 1706485                    /lib/x86_64-linux-gnu/libnsl-2.27.so
7faa55f24000-7faa55f25000 rw-p 00017000 b3:02 1706485                    /lib/x86_64-linux-gnu/libnsl-2.27.so
7faa55f25000-7faa55f27000 rw-p 00000000 00:00 0 
7faa55f27000-7faa55f32000 r-xp 00000000 b3:02 1706502                    /lib/x86_64-linux-gnu/libnss_nis-2.27.so
7faa55f32000-7faa56131000 ---p 0000b000 b3:02 1706502                    /lib/x86_64-linux-gnu/libnss_nis-2.27.so
7faa56131000-7faa56132000 r--p 0000a000 b3:02 1706502                    /lib/x86_64-linux-gnu/libnss_nis-2.27.so
7faa56132000-7faa56133000 rw-p 0000b000 b3:02 1706502                    /lib/x86_64-linux-gnu/libnss_nis-2.27.so
7faa56133000-7faa5613b000 r-xp 00000000 b3:02 1706487                    /lib/x86_64-linux-gnu/libnss_compat-2.27.so
7faa5613b000-7faa5633b000 ---p 00008000 b3:02 1706487                    /lib/x86_64-linux-gnu/libnss_compat-2.27.so
7faa5633b000-7faa5633c000 r--p 00008000 b3:02 1706487                    /lib/x86_64-linux-gnu/libnss_compat-2.27.so
7faa5633c000-7faa5633d000 rw-p 00009000 b3:02 1706487                    /lib/x86_64-linux-gnu/libnss_compat-2.27.so
7faa5633d000-7faa56367000 r-xp 00000000 b3:02 395206                     /usr/lib/jvm/java-8-openjdk-amd64/jre/lib/amd64/libjava.so
7faa56367000-7faa56566000 ---p 0002a000 b3:02 395206                     /usr/lib/jvm/java-8-openjdk-amd64/jre/lib/amd64/libjava.so
7faa56566000-7faa56567000 r--p 00029000 b3:02 395206                     /usr/lib/jvm/java-8-openjdk-amd64/jre/lib/amd64/libjava.so
7faa56567000-7faa56569000 rw-p 0002a000 b3:02 395206                     /usr/lib/jvm/java-8-openjdk-amd64/jre/lib/amd64/libjava.so
7faa56569000-7faa56579000 r-xp 00000000 b3:02 395550                     /usr/lib/jvm/java-8-openjdk-amd64/jre/lib/amd64/libverify.so
7faa56579000-7faa56778000 ---p 00010000 b3:02 395550                     /usr/lib/jvm/java-8-openjdk-amd64/jre/lib/amd64/libverify.so
7faa56778000-7faa5677a000 r--p 0000f000 b3:02 395550                     /usr/lib/jvm/java-8-openjdk-amd64/jre/lib/amd64/libverify.so
7faa5677a000-7faa5677b000 rw-p 00011000 b3:02 395550                     /usr/lib/jvm/java-8-openjdk-amd64/jre/lib/amd64/libverify.so
7faa5677b000-7faa56782000 r-xp 00000000 b3:02 1706542                    /lib/x86_64-linux-gnu/librt-2.27.so
7faa56782000-7faa56981000 ---p 00007000 b3:02 1706542                    /lib/x86_64-linux-gnu/librt-2.27.so
7faa56981000-7faa56982000 r--p 00006000 b3:02 1706542                    /lib/x86_64-linux-gnu/librt-2.27.so
7faa56982000-7faa56983000 rw-p 00007000 b3:02 1706542                    /lib/x86_64-linux-gnu/librt-2.27.so
7faa56983000-7faa5699a000 r-xp 00000000 b3:02 1701708                    /lib/x86_64-linux-gnu/libgcc_s.so.1
7faa5699a000-7faa56b99000 ---p 00017000 b3:02 1701708                    /lib/x86_64-linux-gnu/libgcc_s.so.1
7faa56b99000-7faa56b9a000 r--p 00016000 b3:02 1701708                    /lib/x86_64-linux-gnu/libgcc_s.so.1
7faa56b9a000-7faa56b9b000 rw-p 00017000 b3:02 1701708                    /lib/x86_64-linux-gnu/libgcc_s.so.1
7faa56b9b000-7faa56d38000 r-xp 00000000 b3:02 1706464                    /lib/x86_64-linux-gnu/libm-2.27.so
7faa56d38000-7faa56f37000 ---p 0019d000 b3:02 1706464                    /lib/x86_64-linux-gnu/libm-2.27.so
7faa56f37000-7faa56f38000 r--p 0019c000 b3:02 1706464                    /lib/x86_64-linux-gnu/libm-2.27.so
7faa56f38000-7faa56f39000 rw-p 0019d000 b3:02 1706464                    /lib/x86_64-linux-gnu/libm-2.27.so
7faa56f39000-7faa570b2000 r-xp 00000000 b3:02 392630                     /usr/lib/x86_64-linux-gnu/libstdc++.so.6.0.25
7faa570b2000-7faa572b2000 ---p 00179000 b3:02 392630                     /usr/lib/x86_64-linux-gnu/libstdc++.so.6.0.25
7faa572b2000-7faa572bc000 r--p 00179000 b3:02 392630                     /usr/lib/x86_64-linux-gnu/libstdc++.so.6.0.25
7faa572bc000-7faa572be000 rw-p 00183000 b3:02 392630                     /usr/lib/x86_64-linux-gnu/libstdc++.so.6.0.25
7faa572be000-7faa572c2000 rw-p 00000000 00:00 0 
7faa572c2000-7faa57f61000 r-xp 00000000 b3:02 395653                     /usr/lib/jvm/java-8-openjdk-amd64/jre/lib/amd64/server/libjvm.so
7faa57f61000-7faa58161000 ---p 00c9f000 b3:02 395653                     /usr/lib/jvm/java-8-openjdk-amd64/jre/lib/amd64/server/libjvm.so
7faa58161000-7faa581f5000 r--p 00c9f000 b3:02 395653                     /usr/lib/jvm/java-8-openjdk-amd64/jre/lib/amd64/server/libjvm.so
7faa581f5000-7faa5821e000 rw-p 00d33000 b3:02 395653                     /usr/lib/jvm/java-8-openjdk-amd64/jre/lib/amd64/server/libjvm.so
7faa5821e000-7faa5824e000 rw-p 00000000 00:00 0 
7faa5824e000-7faa58268000 r-xp 00000000 b3:02 1706534                    /lib/x86_64-linux-gnu/libpthread-2.27.so
7faa58268000-7faa58467000 ---p 0001a000 b3:02 1706534                    /lib/x86_64-linux-gnu/libpthread-2.27.so
7faa58467000-7faa58468000 r--p 00019000 b3:02 1706534                    /lib/x86_64-linux-gnu/libpthread-2.27.so
7faa58468000-7faa58469000 rw-p 0001a000 b3:02 1706534                    /lib/x86_64-linux-gnu/libpthread-2.27.so
7faa58469000-7faa5846d000 rw-p 00000000 00:00 0 
7faa5846d000-7faa58470000 r-xp 00000000 b3:02 1706424                    /lib/x86_64-linux-gnu/libdl-2.27.so
7faa58470000-7faa5866f000 ---p 00003000 b3:02 1706424                    /lib/x86_64-linux-gnu/libdl-2.27.so
7faa5866f000-7faa58670000 r--p 00002000 b3:02 1706424                    /lib/x86_64-linux-gnu/libdl-2.27.so
7faa58670000-7faa58671000 rw-p 00003000 b3:02 1706424                    /lib/x86_64-linux-gnu/libdl-2.27.so
7faa58671000-7faa5868d000 r-xp 00000000 b3:02 1706573                    /lib/x86_64-linux-gnu/libz.so.1.2.11
7faa5868d000-7faa5888c000 ---p 0001c000 b3:02 1706573                    /lib/x86_64-linux-gnu/libz.so.1.2.11
7faa5888c000-7faa5888d000 r--p 0001b000 b3:02 1706573                    /lib/x86_64-linux-gnu/libz.so.1.2.11
7faa5888d000-7faa5888e000 rw-p 0001c000 b3:02 1706573                    /lib/x86_64-linux-gnu/libz.so.1.2.11
7faa5888e000-7faa58a75000 r-xp 00000000 b3:02 1706401                    /lib/x86_64-linux-gnu/libc-2.27.so
7faa58a75000-7faa58c75000 ---p 001e7000 b3:02 1706401                    /lib/x86_64-linux-gnu/libc-2.27.so
7faa58c75000-7faa58c79000 r--p 001e7000 b3:02 1706401                    /lib/x86_64-linux-gnu/libc-2.27.so
7faa58c79000-7faa58c7b000 rw-p 001eb000 b3:02 1706401                    /lib/x86_64-linux-gnu/libc-2.27.so
7faa58c7b000-7faa58c7f000 rw-p 00000000 00:00 0 
7faa58c7f000-7faa58c8d000 r-xp 00000000 b3:02 395106                     /usr/lib/jvm/java-8-openjdk-amd64/jre/lib/amd64/jli/libjli.so
7faa58c8d000-7faa58e8c000 ---p 0000e000 b3:02 395106                     /usr/lib/jvm/java-8-openjdk-amd64/jre/lib/amd64/jli/libjli.so
7faa58e8c000-7faa58e8d000 r--p 0000d000 b3:02 395106                     /usr/lib/jvm/java-8-openjdk-amd64/jre/lib/amd64/jli/libjli.so
7faa58e8d000-7faa58e8e000 rw-p 0000e000 b3:02 395106                     /usr/lib/jvm/java-8-openjdk-amd64/jre/lib/amd64/jli/libjli.so
7faa58e8e000-7faa58eb5000 r-xp 00000000 b3:02 1706373                    /lib/x86_64-linux-gnu/ld-2.27.so
7faa58ec1000-7faa58ec4000 r--s 0000f000 b3:02 395791                     /usr/lib/jvm/java-8-openjdk-amd64/jre/lib/ext/icedtea-sound.jar
7faa58ec4000-7faa58ec6000 r--s 00007000 b3:02 785030                     /usr/share/java/java-atk-wrapper.jar
7faa58ec6000-7faa58ec7000 r--s 00010000 b3:02 396007                     /usr/lib/jvm/java-8-openjdk-amd64/jre/lib/ext/zipfs.jar
7faa58ec7000-7faa58ed1000 r--s 00116000 b3:02 396001                     /usr/lib/jvm/java-8-openjdk-amd64/jre/lib/ext/localedata.jar
7faa58ed1000-7faa58f9a000 rw-p 00000000 00:00 0 
7faa58f9a000-7faa58f9b000 ---p 00000000 00:00 0 
7faa58f9b000-7faa58f9e000 ---p 00000000 00:00 0 
7faa58f9e000-7faa5909d000 rw-p 00000000 00:00 0 
7faa5909d000-7faa590a2000 r--s 0003c000 b3:02 396005                     /usr/lib/jvm/java-8-openjdk-amd64/jre/lib/ext/sunjce_provider.jar
7faa590a2000-7faa590a3000 r--s 0000d000 b3:02 396004                     /usr/lib/jvm/java-8-openjdk-amd64/jre/lib/ext/sunec.jar
7faa590a3000-7faa590a6000 r--s 00039000 b3:02 396006                     /usr/lib/jvm/java-8-openjdk-amd64/jre/lib/ext/sunpkcs11.jar
7faa590a6000-7faa590a8000 r--s 00001000 b3:02 395767                     /usr/lib/jvm/java-8-openjdk-amd64/jre/lib/ext/dnsns.jar
7faa590a8000-7faa590a9000 r--s 0000a000 b3:02 395796                     /usr/lib/jvm/java-8-openjdk-amd64/jre/lib/ext/jaccess.jar
7faa590a9000-7faa590b1000 rw-s 00000000 b3:02 269485                     /tmp/hsperfdata_admin1/22714
7faa590b1000-7faa590b2000 rw-p 00000000 00:00 0 
7faa590b2000-7faa590b3000 ---p 00000000 00:00 0 
7faa590b3000-7faa590b5000 rw-p 00000000 00:00 0 
7faa590b5000-7faa590b6000 r--p 00027000 b3:02 1706373                    /lib/x86_64-linux-gnu/ld-2.27.so
7faa590b6000-7faa590b7000 rw-p 00028000 b3:02 1706373                    /lib/x86_64-linux-gnu/ld-2.27.so
7faa590b7000-7faa590b8000 rw-p 00000000 00:00 0 
7ffd0cf86000-7ffd0cfa7000 rw-p 00000000 00:00 0                          [stack]
7ffd0cfc4000-7ffd0cfc7000 r--p 00000000 00:00 0                          [vvar]
7ffd0cfc7000-7ffd0cfc9000 r-xp 00000000 00:00 0                          [vdso]
ffffffffff600000-ffffffffff601000 r-xp 00000000 00:00 0                  [vsyscall]

VM Arguments:
jvm_args: -Dfile.encoding=UTF-8 
java_command: com.bridgelabz.alg.BinaryFileIo
java_class_path (initial): /home/admin1/Desktop/eclipse-inst-linux64/AlgorithmProblems/bin
Launcher Type: SUN_STANDARD

Environment Variables:
PATH=/usr/local/sbin:/usr/local/bin:/usr/sbin:/usr/bin:/sbin:/bin:/usr/games:/usr/local/games:/snap/bin
USERNAME=admin1
SHELL=/bin/bash
DISPLAY=:0

Signal Handlers:
SIGSEGV: [libjvm.so+0xab92f0], sa_mask[0]=11111111011111111101111111111110, sa_flags=SA_RESTART|SA_SIGINFO
SIGBUS: [libjvm.so+0xab92f0], sa_mask[0]=11111111011111111101111111111110, sa_flags=SA_RESTART|SA_SIGINFO
SIGFPE: [libjvm.so+0x8ee560], sa_mask[0]=11111111011111111101111111111110, sa_flags=SA_RESTART|SA_SIGINFO
SIGPIPE: [libjvm.so+0x8ee560], sa_mask[0]=11111111011111111101111111111110, sa_flags=SA_RESTART|SA_SIGINFO
SIGXFSZ: [libjvm.so+0x8ee560], sa_mask[0]=11111111011111111101111111111110, sa_flags=SA_RESTART|SA_SIGINFO
SIGILL: [libjvm.so+0x8ee560], sa_mask[0]=11111111011111111101111111111110, sa_flags=SA_RESTART|SA_SIGINFO
SIGUSR1: SIG_DFL, sa_mask[0]=00000000000000000000000000000000, sa_flags=none
SIGUSR2: [libjvm.so+0x8ee410], sa_mask[0]=00100000000000000000000000000000, sa_flags=SA_RESTART|SA_SIGINFO
SIGHUP: [libjvm.so+0x8eea80], sa_mask[0]=11111111011111111101111111111110, sa_flags=SA_RESTART|SA_SIGINFO
SIGINT: [libjvm.so+0x8eea80], sa_mask[0]=11111111011111111101111111111110, sa_flags=SA_RESTART|SA_SIGINFO
SIGTERM: [libjvm.so+0x8eea80], sa_mask[0]=11111111011111111101111111111110, sa_flags=SA_RESTART|SA_SIGINFO
SIGQUIT: [libjvm.so+0x8eea80], sa_mask[0]=11111111011111111101111111111110, sa_flags=SA_RESTART|SA_SIGINFO


---------------  S Y S T E M  ---------------

OS:DISTRIB_ID=Ubuntu
DISTRIB_RELEASE=18.04
DISTRIB_CODENAME=bionic
DISTRIB_DESCRIPTION="Ubuntu 18.04.3 LTS"

uname:Linux 4.15.0-66-generic #75-Ubuntu SMP Tue Oct 1 05:24:09 UTC 2019 x86_64
libc:glibc 2.27 NPTL 2.27 
rlimit: STACK 8192k, CORE 0k, NPROC 29831, NOFILE 4096, AS infinity
load average:43.72 23.17 10.45

/proc/meminfo:
MemTotal:        7711852 kB
MemFree:          107564 kB
MemAvailable:          0 kB
Buffers:             820 kB
Cached:           118156 kB
SwapCached:          364 kB
Active:          6406756 kB
Inactive:         920252 kB
Active(anon):    6402076 kB
Inactive(anon):   914712 kB
Active(file):       4680 kB
Inactive(file):     5540 kB
Unevictable:         112 kB
Mlocked:             112 kB
SwapTotal:       1393948 kB
SwapFree:              0 kB
Dirty:                84 kB
Writeback:           416 kB
AnonPages:       7207748 kB
Mapped:             7176 kB
Shmem:            108852 kB
Slab:             113048 kB
SReclaimable:      46524 kB
SUnreclaim:        66524 kB
KernelStack:       18032 kB
PageTables:        76536 kB
NFS_Unstable:          0 kB
Bounce:                0 kB
WritebackTmp:          0 kB
CommitLimit:     5249872 kB
Committed_AS:   16346556 kB
VmallocTotal:   34359738367 kB
VmallocUsed:           0 kB
VmallocChunk:          0 kB
HardwareCorrupted:     0 kB
AnonHugePages:         0 kB
ShmemHugePages:        0 kB
ShmemPmdMapped:        0 kB
CmaTotal:              0 kB
CmaFree:               0 kB
HugePages_Total:       0
HugePages_Free:        0
HugePages_Rsvd:        0
HugePages_Surp:        0
Hugepagesize:       2048 kB
DirectMap4k:      299412 kB
DirectMap2M:     6580224 kB
DirectMap1G:     3145728 kB

container (cgroup) information:
container_type: cgroupv1
cpu_cpuset_cpus: 0-1
cpu_memory_nodes: 0
active_processor_count: 2
cpu_quota: -1
cpu_period: 100000
cpu_shares: -1
memory_limit_in_bytes: -1
memory_and_swap_limit_in_bytes: -2
memory_soft_limit_in_bytes: -1
memory_usage_in_bytes: 7504367616
memory_max_usage_in_bytes: 0


CPU:total 2 (initial active 2) (2 cores per cpu, 1 threads per core) family 6 model 122 stepping 1, cmov, cx8, fxsr, mmx, sse, sse2, sse3, ssse3, sse4.1, sse4.2, popcnt, aes, clmul, erms, 3dnowpref, tsc, tscinvbit

/proc/cpuinfo:
processor	: 0
vendor_id	: GenuineIntel
cpu family	: 6
model		: 122
model name	: Intel(R) Celeron(R) N4000 CPU @ 1.10GHz
stepping	: 1
microcode	: 0x2e
cpu MHz		: 2350.229
cache size	: 4096 KB
physical id	: 0
siblings	: 2
core id		: 0
cpu cores	: 2
apicid		: 0
initial apicid	: 0
fpu		: yes
fpu_exception	: yes
cpuid level	: 24
wp		: yes
flags		: fpu vme de pse tsc msr pae mce cx8 apic sep mtrr pge mca cmov pat pse36 clflush dts acpi mmx fxsr sse sse2 ss ht tm pbe syscall nx pdpe1gb rdtscp lm constant_tsc art arch_perfmon pebs bts rep_good nopl xtopology nonstop_tsc cpuid aperfmperf tsc_known_freq pni pclmulqdq dtes64 monitor ds_cpl vmx est tm2 ssse3 sdbg cx16 xtpr pdcm sse4_1 sse4_2 x2apic movbe popcnt tsc_deadline_timer aes xsave rdrand lahf_lm 3dnowprefetch cpuid_fault cat_l2 pti cdp_l2 ssbd ibrs ibpb stibp ibrs_enhanced tpr_shadow vnmi flexpriority ept vpid fsgsbase tsc_adjust smep erms mpx rdt_a rdseed smap clflushopt intel_pt sha_ni xsaveopt xsavec xgetbv1 xsaves dtherm ida arat pln pts umip rdpid md_clear arch_capabilities
bugs		: cpu_meltdown spectre_v1 spectre_v2 spec_store_bypass
bogomips	: 2188.80
clflush size	: 64
cache_alignment	: 64
address sizes	: 39 bits physical, 48 bits virtual
power management:

processor	: 1
vendor_id	: GenuineIntel
cpu family	: 6
model		: 122
model name	: Intel(R) Celeron(R) N4000 CPU @ 1.10GHz
stepping	: 1
microcode	: 0x2e
cpu MHz		: 2350.522
cache size	: 4096 KB
physical id	: 0
siblings	: 2
core id		: 1
cpu cores	: 2
apicid		: 2
initial apicid	: 2
fpu		: yes
fpu_exception	: yes
cpuid level	: 24
wp		: yes
flags		: fpu vme de pse tsc msr pae mce cx8 apic sep mtrr pge mca cmov pat pse36 clflush dts acpi mmx fxsr sse sse2 ss ht tm pbe syscall nx pdpe1gb rdtscp lm constant_tsc art arch_perfmon pebs bts rep_good nopl xtopology nonstop_tsc cpuid aperfmperf tsc_known_freq pni pclmulqdq dtes64 monitor ds_cpl vmx est tm2 ssse3 sdbg cx16 xtpr pdcm sse4_1 sse4_2 x2apic movbe popcnt tsc_deadline_timer aes xsave rdrand lahf_lm 3dnowprefetch cpuid_fault cat_l2 pti cdp_l2 ssbd ibrs ibpb stibp ibrs_enhanced tpr_shadow vnmi flexpriority ept vpid fsgsbase tsc_adjust smep erms mpx rdt_a rdseed smap clflushopt intel_pt sha_ni xsaveopt xsavec xgetbv1 xsaves dtherm ida arat pln pts umip rdpid md_clear arch_capabilities
bugs		: cpu_meltdown spectre_v1 spectre_v2 spec_store_bypass
bogomips	: 2188.80
clflush size	: 64
cache_alignment	: 64
address sizes	: 39 bits physical, 48 bits virtual
power management:



Memory: 4k page, physical 7711852k(107256k free), swap 1393948k(0k free)

vm_info: OpenJDK 64-Bit Server VM (25.222-b10) for linux-amd64 JRE (1.8.0_222-8u222-b10-1ubuntu1~18.04.1-b10), built on Jul 18 2019 18:52:48 by "buildd" with gcc 7.4.0

time: Mon Nov 11 18:45:42 2019
timezone: IST
elapsed time: 73 seconds (0d 0h 1m 13s)

